#
# There is insufficient memory for the Java Runtime Environment to continue.
# Native memory allocation (malloc) failed to allocate 1186736 bytes for Chunk::new
# Possible reasons:
#   The system is out of physical RAM or swap space
#   The process is running with CompressedOops enabled, and the Java Heap may be blocking the growth of the native heap
# Possible solutions:
#   Reduce memory load on the system
#   Increase physical memory or swap space
#   Check if swap backing store is full
#   Decrease Java heap size (-Xmx/-Xms)
#   Decrease number of Java threads
#   Decrease Java thread stack sizes (-Xss)
#   Set larger code cache with -XX:ReservedCodeCacheSize=
#   JVM is running with Unscaled Compressed Oops mode in which the Java heap is
#     placed in the first 4GB address space. The Java Heap base address is the
#     maximum limit for the native heap growth. Please use -XX:HeapBaseMinAddress
#     to set the Java Heap base and to place the Java Heap above 4GB virtual address.
# This output file may be truncated or incomplete.
#
#  Out of Memory Error (./src/hotspot/share/memory/arena.cpp:197), pid=14544, tid=15008
#
# JRE version: OpenJDK Runtime Environment (11.0.12+7) (build 11.0.12+7-b1504.28-7817840)
# Java VM: OpenJDK 64-Bit Server VM (11.0.12+7-b1504.28-7817840, mixed mode, tiered, compressed oops, g1 gc, windows-amd64)
# No core dump will be written. Minidumps are not enabled by default on client versions of Windows
#

---------------  S U M M A R Y ------------

Command Line: --add-opens=java.base/java.util=ALL-UNNAMED --add-opens=java.base/java.lang=ALL-UNNAMED --add-opens=java.base/java.lang.invoke=ALL-UNNAMED --add-opens=java.base/java.util=ALL-UNNAMED --add-opens=java.prefs/java.util.prefs=ALL-UNNAMED --add-opens=java.prefs/java.util.prefs=ALL-UNNAMED --add-opens=java.base/java.nio.charset=ALL-UNNAMED --add-opens=java.base/java.net=ALL-UNNAMED --add-opens=java.base/java.util.concurrent.atomic=ALL-UNNAMED -Xmx2048m -Dfile.encoding=UTF-8 -Duser.country=RU -Duser.language=ru -Duser.variant org.gradle.launcher.daemon.bootstrap.GradleDaemon 7.3.3

Host: AMD A8-7410 APU with AMD Radeon R5 Graphics    , 4 cores, 3G,  Windows 10 , 64 bit Build 19041 (10.0.19041.2364)
Time: Sun Jan 29 05:12:27 2023 RTZ 2 (зима) elapsed time: 123.954541 seconds (0d 0h 2m 3s)

---------------  T H R E A D  ---------------

Current thread (0x0000021e52370800):  JavaThread "C2 CompilerThread0" daemon [_thread_in_native, id=15008, stack(0x000000d09ae00000,0x000000d09af00000)]


Current CompileTask:
C2: 123955 9350       4       org.gradle.cache.internal.btree.CachingBlockStore::read (56 bytes)

Stack: [0x000000d09ae00000,0x000000d09af00000]
Native frames: (J=compiled Java code, j=interpreted, Vv=VM code, C=native code)
V  [jvm.dll+0x5fbcea]
V  [jvm.dll+0x731905]
V  [jvm.dll+0x732f1d]
V  [jvm.dll+0x7335d3]
V  [jvm.dll+0x247bf8]
V  [jvm.dll+0xc018c]
V  [jvm.dll+0xc06cc]
V  [jvm.dll+0x35b2db]
V  [jvm.dll+0x328803]
V  [jvm.dll+0x327cfa]
V  [jvm.dll+0x200602]
V  [jvm.dll+0x1ff794]
V  [jvm.dll+0x18868c]
V  [jvm.dll+0x20e0d7]
V  [jvm.dll+0x20c901]
V  [jvm.dll+0x6f9b7f]
V  [jvm.dll+0x6f26a5]
V  [jvm.dll+0x5fabf6]
C  [ucrtbase.dll+0x21bb2]
C  [KERNEL32.DLL+0x17614]
C  [ntdll.dll+0x526a1]


---------------  P R O C E S S  ---------------

Threads class SMR info:
_java_thread_list=0x0000021e58dd1130, length=82, elements={
0x0000021e377da800, 0x0000021e52304800, 0x0000021e52310800, 0x0000021e52326000,
0x0000021e52327000, 0x0000021e52329000, 0x0000021e52370800, 0x0000021e52371000,
0x0000021e5239e000, 0x0000021e525dc000, 0x0000021e54480800, 0x0000021e53f9a800,
0x0000021e53c99800, 0x0000021e52edf800, 0x0000021e524c7800, 0x0000021e533a3000,
0x0000021e5351a000, 0x0000021e5347e000, 0x0000021e5282a000, 0x0000021e5282b800,
0x0000021e52825800, 0x0000021e5282c000, 0x0000021e52829000, 0x0000021e52826800,
0x0000021e5282a800, 0x0000021e52827800, 0x0000021e52828000, 0x0000021e53160800,
0x0000021e53164000, 0x0000021e53165000, 0x0000021e53165800, 0x0000021e53168000,
0x0000021e53162800, 0x0000021e53169000, 0x0000021e53163000, 0x0000021e5316e800,
0x0000021e5316b800, 0x0000021e5316f800, 0x0000021e5316c000, 0x0000021e5316d800,
0x0000021e53169800, 0x0000021e5316d000, 0x0000021e5316a800, 0x0000021e54701000,
0x0000021e546fd800, 0x0000021e546fd000, 0x0000021e54703800, 0x0000021e54704000,
0x0000021e546fe800, 0x0000021e54705000, 0x0000021e546ff800, 0x0000021e54706000,
0x0000021e54700000, 0x0000021e54702000, 0x0000021e54707800, 0x0000021e54706800,
0x0000021e54708800, 0x0000021e54702800, 0x0000021e54709000, 0x0000021e5470a800,
0x0000021e5470a000, 0x0000021e5470b800, 0x0000021e530eb000, 0x0000021e530ec000,
0x0000021e530ed000, 0x0000021e530e9800, 0x0000021e530ed800, 0x0000021e530ea800,
0x0000021e530ee800, 0x0000021e530e9000, 0x0000021e530f2800, 0x0000021e530f3800,
0x0000021e530f4000, 0x0000021e530f5000, 0x0000021e530f1800, 0x0000021e530ef800,
0x0000021e530f0000, 0x0000021e530f6800, 0x0000021e530f1000, 0x0000021e530f7800,
0x0000021e5a224000, 0x0000021e5a21f000
}

Java Threads: ( => current thread )
  0x0000021e377da800 JavaThread "main" [_thread_blocked, id=5340, stack(0x000000d09a200000,0x000000d09a300000)]
  0x0000021e52304800 JavaThread "Reference Handler" daemon [_thread_blocked, id=13344, stack(0x000000d09a900000,0x000000d09aa00000)]
  0x0000021e52310800 JavaThread "Finalizer" daemon [_thread_blocked, id=2824, stack(0x000000d09aa00000,0x000000d09ab00000)]
  0x0000021e52326000 JavaThread "Signal Dispatcher" daemon [_thread_blocked, id=9288, stack(0x000000d09ab00000,0x000000d09ac00000)]
  0x0000021e52327000 JavaThread "Attach Listener" daemon [_thread_blocked, id=7752, stack(0x000000d09ac00000,0x000000d09ad00000)]
  0x0000021e52329000 JavaThread "Service Thread" daemon [_thread_blocked, id=9300, stack(0x000000d09ad00000,0x000000d09ae00000)]
=>0x0000021e52370800 JavaThread "C2 CompilerThread0" daemon [_thread_in_native, id=15008, stack(0x000000d09ae00000,0x000000d09af00000)]
  0x0000021e52371000 JavaThread "C1 CompilerThread0" daemon [_thread_blocked, id=16836, stack(0x000000d09af00000,0x000000d09b000000)]
  0x0000021e5239e000 JavaThread "Sweeper thread" daemon [_thread_blocked, id=6940, stack(0x000000d09b000000,0x000000d09b100000)]
  0x0000021e525dc000 JavaThread "Common-Cleaner" daemon [_thread_blocked, id=10548, stack(0x000000d09b100000,0x000000d09b200000)]
  0x0000021e54480800 JavaThread "Daemon health stats" [_thread_blocked, id=16860, stack(0x000000d09b400000,0x000000d09b500000)]
  0x0000021e53f9a800 JavaThread "Incoming local TCP Connector on port 64716" [_thread_in_native, id=4112, stack(0x000000d09b500000,0x000000d09b600000)]
  0x0000021e53c99800 JavaThread "Daemon periodic checks" [_thread_blocked, id=5876, stack(0x000000d09b600000,0x000000d09b700000)]
  0x0000021e52edf800 JavaThread "Daemon" [_thread_blocked, id=10060, stack(0x000000d09b700000,0x000000d09b800000)]
  0x0000021e524c7800 JavaThread "Handler for socket connection from /127.0.0.1:64716 to /127.0.0.1:64717" [_thread_in_native, id=14444, stack(0x000000d09b800000,0x000000d09b900000)]
  0x0000021e533a3000 JavaThread "Cancel handler" [_thread_blocked, id=2548, stack(0x000000d09bb00000,0x000000d09bc00000)]
  0x0000021e5351a000 JavaThread "Daemon worker" [_thread_blocked, id=1816, stack(0x000000d09bc00000,0x000000d09bd00000)]
  0x0000021e5347e000 JavaThread "Asynchronous log dispatcher for DefaultDaemonConnection: socket connection from /127.0.0.1:64716 to /127.0.0.1:64717" [_thread_blocked, id=7016, stack(0x000000d09bd00000,0x000000d09be00000)]
  0x0000021e5282a000 JavaThread "Daemon client event forwarder" [_thread_blocked, id=16420, stack(0x000000d09bf00000,0x000000d09c000000)]
  0x0000021e5282b800 JavaThread "Cache worker for journal cache (C:\Users\Elena\.gradle\caches\journal-1)" [_thread_blocked, id=16580, stack(0x000000d09c000000,0x000000d09c100000)]
  0x0000021e52825800 JavaThread "File lock request listener" [_thread_in_native, id=9112, stack(0x000000d09c100000,0x000000d09c200000)]
  0x0000021e5282c000 JavaThread "Cache worker for file hash cache (C:\Users\Elena\.gradle\caches\7.3.3\fileHashes)" [_thread_blocked, id=9708, stack(0x000000d09c200000,0x000000d09c300000)]
  0x0000021e52829000 JavaThread "Cache worker for file hash cache (C:\Users\Elena\AndroidStudioProjects\new\.gradle\7.3.3\fileHashes)" [_thread_blocked, id=892, stack(0x000000d09c300000,0x000000d09c400000)]
  0x0000021e52826800 JavaThread "File watcher server" daemon [_thread_in_native, id=15300, stack(0x000000d09c400000,0x000000d09c500000)]
  0x0000021e5282a800 JavaThread "File watcher consumer" daemon [_thread_blocked, id=4740, stack(0x000000d09c500000,0x000000d09c600000)]
  0x0000021e52827800 JavaThread "Cache worker for checksums cache (C:\Users\Elena\AndroidStudioProjects\new\.gradle\7.3.3\checksums)" [_thread_blocked, id=16184, stack(0x000000d09c600000,0x000000d09c700000)]
  0x0000021e52828000 JavaThread "Cache worker for cache directory md-supplier (C:\Users\Elena\.gradle\caches\7.3.3\md-supplier)" [_thread_blocked, id=8200, stack(0x000000d09c700000,0x000000d09c800000)]
  0x0000021e53160800 JavaThread "Cache worker for cache directory md-rule (C:\Users\Elena\.gradle\caches\7.3.3\md-rule)" [_thread_blocked, id=11740, stack(0x000000d09c800000,0x000000d09c900000)]
  0x0000021e53164000 JavaThread "Cache worker for execution history cache (C:\Users\Elena\.gradle\caches\7.3.3\executionHistory)" [_thread_blocked, id=13628, stack(0x000000d09c900000,0x000000d09ca00000)]
  0x0000021e53165000 JavaThread "jar transforms" [_thread_blocked, id=5816, stack(0x000000d09ca00000,0x000000d09cb00000)]
  0x0000021e53165800 JavaThread "Cache worker for file content cache (C:\Users\Elena\.gradle\caches\7.3.3\fileContent)" [_thread_blocked, id=9152, stack(0x000000d09cb00000,0x000000d09cc00000)]
  0x0000021e53168000 JavaThread "jar transforms Thread 2" [_thread_blocked, id=11672, stack(0x000000d09cc00000,0x000000d09cd00000)]
  0x0000021e53162800 JavaThread "Cache worker for dependencies-accessors (C:\Users\Elena\AndroidStudioProjects\new\.gradle\7.3.3\dependencies-accessors)" [_thread_blocked, id=17204, stack(0x000000d09cd00000,0x000000d09ce00000)]
  0x0000021e53169000 JavaThread "jar transforms Thread 3" [_thread_blocked, id=12524, stack(0x000000d09ce00000,0x000000d09cf00000)]
  0x0000021e53163000 JavaThread "Cache worker for Build Output Cleanup Cache (C:\Users\Elena\AndroidStudioProjects\new\.gradle\buildOutputCleanup)" [_thread_blocked, id=11296, stack(0x000000d09d100000,0x000000d09d200000)]
  0x0000021e5316e800 JavaThread "Unconstrained build operations" [_thread_blocked, id=3460, stack(0x000000d099f00000,0x000000d09a000000)]
  0x0000021e5316b800 JavaThread "Unconstrained build operations Thread 2" [_thread_blocked, id=11720, stack(0x000000d09a000000,0x000000d09a100000)]
  0x0000021e5316f800 JavaThread "Unconstrained build operations Thread 3" [_thread_blocked, id=7104, stack(0x000000d09a100000,0x000000d09a200000)]
  0x0000021e5316c000 JavaThread "Unconstrained build operations Thread 4" [_thread_blocked, id=13892, stack(0x000000d09d200000,0x000000d09d300000)]
  0x0000021e5316d800 JavaThread "Unconstrained build operations Thread 5" [_thread_blocked, id=17288, stack(0x000000d09d300000,0x000000d09d400000)]
  0x0000021e53169800 JavaThread "Unconstrained build operations Thread 6" [_thread_in_native, id=1336, stack(0x000000d09d400000,0x000000d09d500000)]
  0x0000021e5316d000 JavaThread "Unconstrained build operations Thread 7" [_thread_blocked, id=11368, stack(0x000000d09d500000,0x000000d09d600000)]
  0x0000021e5316a800 JavaThread "Unconstrained build operations Thread 8" [_thread_blocked, id=2192, stack(0x000000d09d600000,0x000000d09d700000)]
  0x0000021e54701000 JavaThread "Unconstrained build operations Thread 9" [_thread_blocked, id=16864, stack(0x000000d09d700000,0x000000d09d800000)]
  0x0000021e546fd800 JavaThread "Unconstrained build operations Thread 10" [_thread_blocked, id=10424, stack(0x000000d09d800000,0x000000d09d900000)]
  0x0000021e546fd000 JavaThread "Unconstrained build operations Thread 11" [_thread_blocked, id=9596, stack(0x000000d09d900000,0x000000d09da00000)]
  0x0000021e54703800 JavaThread "Unconstrained build operations Thread 12" [_thread_blocked, id=12488, stack(0x000000d09da00000,0x000000d09db00000)]
  0x0000021e54704000 JavaThread "Unconstrained build operations Thread 13" [_thread_blocked, id=14532, stack(0x000000d09db00000,0x000000d09dc00000)]
  0x0000021e546fe800 JavaThread "Unconstrained build operations Thread 14" [_thread_blocked, id=10052, stack(0x000000d09dc00000,0x000000d09dd00000)]
  0x0000021e54705000 JavaThread "Unconstrained build operations Thread 15" [_thread_blocked, id=13316, stack(0x000000d09dd00000,0x000000d09de00000)]
  0x0000021e546ff800 JavaThread "Unconstrained build operations Thread 16" [_thread_blocked, id=16244, stack(0x000000d09de00000,0x000000d09df00000)]
  0x0000021e54706000 JavaThread "Unconstrained build operations Thread 17" [_thread_blocked, id=15284, stack(0x000000d09df00000,0x000000d09e000000)]
  0x0000021e54700000 JavaThread "Unconstrained build operations Thread 18" [_thread_blocked, id=10944, stack(0x000000d09e000000,0x000000d09e100000)]
  0x0000021e54702000 JavaThread "Unconstrained build operations Thread 19" [_thread_blocked, id=12552, stack(0x000000d09e100000,0x000000d09e200000)]
  0x0000021e54707800 JavaThread "Unconstrained build operations Thread 20" [_thread_blocked, id=16448, stack(0x000000d09e200000,0x000000d09e300000)]
  0x0000021e54706800 JavaThread "Unconstrained build operations Thread 21" [_thread_blocked, id=9520, stack(0x000000d09e300000,0x000000d09e400000)]
  0x0000021e54708800 JavaThread "Unconstrained build operations Thread 22" [_thread_blocked, id=4540, stack(0x000000d09e400000,0x000000d09e500000)]
  0x0000021e54702800 JavaThread "Unconstrained build operations Thread 23" [_thread_blocked, id=3812, stack(0x000000d09e500000,0x000000d09e600000)]
  0x0000021e54709000 JavaThread "Unconstrained build operations Thread 24" [_thread_blocked, id=9284, stack(0x000000d09e600000,0x000000d09e700000)]
  0x0000021e5470a800 JavaThread "Unconstrained build operations Thread 25" [_thread_blocked, id=1940, stack(0x000000d09e700000,0x000000d09e800000)]
  0x0000021e5470a000 JavaThread "Unconstrained build operations Thread 26" [_thread_blocked, id=17000, stack(0x000000d09e800000,0x000000d09e900000)]
  0x0000021e5470b800 JavaThread "Unconstrained build operations Thread 27" [_thread_blocked, id=15792, stack(0x000000d09e900000,0x000000d09ea00000)]
  0x0000021e530eb000 JavaThread "Unconstrained build operations Thread 28" [_thread_blocked, id=12196, stack(0x000000d09ea00000,0x000000d09eb00000)]
  0x0000021e530ec000 JavaThread "Unconstrained build operations Thread 29" [_thread_blocked, id=16900, stack(0x000000d09eb00000,0x000000d09ec00000)]
  0x0000021e530ed000 JavaThread "Unconstrained build operations Thread 30" [_thread_blocked, id=8296, stack(0x000000d09ec00000,0x000000d09ed00000)]
  0x0000021e530e9800 JavaThread "Unconstrained build operations Thread 31" [_thread_blocked, id=13384, stack(0x000000d09ed00000,0x000000d09ee00000)]
  0x0000021e530ed800 JavaThread "Unconstrained build operations Thread 32" [_thread_blocked, id=11692, stack(0x000000d09ee00000,0x000000d09ef00000)]
  0x0000021e530ea800 JavaThread "Unconstrained build operations Thread 33" [_thread_blocked, id=4104, stack(0x000000d09ef00000,0x000000d09f000000)]
  0x0000021e530ee800 JavaThread "Unconstrained build operations Thread 34" [_thread_blocked, id=6016, stack(0x000000d09f000000,0x000000d09f100000)]
  0x0000021e530e9000 JavaThread "Unconstrained build operations Thread 35" [_thread_blocked, id=1288, stack(0x000000d09f100000,0x000000d09f200000)]
  0x0000021e530f2800 JavaThread "Unconstrained build operations Thread 36" [_thread_blocked, id=16592, stack(0x000000d09f200000,0x000000d09f300000)]
  0x0000021e530f3800 JavaThread "Unconstrained build operations Thread 37" [_thread_blocked, id=16468, stack(0x000000d09f300000,0x000000d09f400000)]
  0x0000021e530f4000 JavaThread "Unconstrained build operations Thread 38" [_thread_blocked, id=2580, stack(0x000000d09f400000,0x000000d09f500000)]
  0x0000021e530f5000 JavaThread "Unconstrained build operations Thread 39" [_thread_blocked, id=13440, stack(0x000000d09f500000,0x000000d09f600000)]
  0x0000021e530f1800 JavaThread "Unconstrained build operations Thread 40" [_thread_blocked, id=6500, stack(0x000000d09f600000,0x000000d09f700000)]
  0x0000021e530ef800 JavaThread "jar transforms Thread 4" [_thread_blocked, id=11904, stack(0x000000d09f700000,0x000000d09f800000)]
  0x0000021e530f0000 JavaThread "Memory manager" [_thread_blocked, id=10804, stack(0x000000d09f800000,0x000000d09f900000)]
  0x0000021e530f6800 JavaThread "build event listener" [_thread_blocked, id=11116, stack(0x000000d09be00000,0x000000d09bf00000)]
  0x0000021e530f1000 JavaThread "Execution worker for ':'" [_thread_blocked, id=10840, stack(0x000000d09f900000,0x000000d09fa00000)]
  0x0000021e530f7800 JavaThread "Execution worker for ':' Thread 2" [_thread_blocked, id=10364, stack(0x000000d09fa00000,0x000000d09fb00000)]
  0x0000021e5a224000 JavaThread "Execution worker for ':' Thread 3" [_thread_blocked, id=9784, stack(0x000000d09fb00000,0x000000d09fc00000)]
  0x0000021e5a21f000 JavaThread "Cache worker for execution history cache (C:\Users\Elena\AndroidStudioProjects\new\.gradle\7.3.3\executionHistory)" [_thread_blocked, id=8848, stack(0x000000d09fc00000,0x000000d09fd00000)]

Other Threads:
  0x0000021e52300800 VMThread "VM Thread" [stack: 0x000000d09a800000,0x000000d09a900000] [id=15724]
  0x0000021e52605000 WatcherThread [stack: 0x000000d09b200000,0x000000d09b300000] [id=8908]
  0x0000021e377f3000 GCTaskThread "GC Thread#0" [stack: 0x000000d09a300000,0x000000d09a400000] [id=16852]
  0x0000021e52911000 GCTaskThread "GC Thread#1" [stack: 0x000000d09b300000,0x000000d09b400000] [id=14836]
  0x0000021e52e8d800 GCTaskThread "GC Thread#2" [stack: 0x000000d09b900000,0x000000d09ba00000] [id=16500]
  0x0000021e52e8e800 GCTaskThread "GC Thread#3" [stack: 0x000000d09ba00000,0x000000d09bb00000] [id=2068]
  0x0000021e37826800 ConcurrentGCThread "G1 Main Marker" [stack: 0x000000d09a400000,0x000000d09a500000] [id=14192]
  0x0000021e37827800 ConcurrentGCThread "G1 Conc#0" [stack: 0x000000d09a500000,0x000000d09a600000] [id=3420]
  0x0000021e3786e800 ConcurrentGCThread "G1 Refine#0" [stack: 0x000000d09a600000,0x000000d09a700000] [id=15000]
  0x0000021e37870000 ConcurrentGCThread "G1 Young RemSet Sampling" [stack: 0x000000d09a700000,0x000000d09a800000] [id=10268]

Threads with active compile tasks:
C2 CompilerThread0 124036 9350       4       org.gradle.cache.internal.btree.CachingBlockStore::read (56 bytes)

VM state:not at safepoint (normal execution)

VM Mutex/Monitor currently owned by a thread: None

Heap address: 0x0000000080000000, size: 2048 MB, Compressed Oops mode: 32-bit
Narrow klass base: 0x0000000000000000, Narrow klass shift: 3
Compressed class space size: 1073741824 Address: 0x0000000100000000

Heap:
 garbage-first heap   total 145408K, used 84422K [0x0000000080000000, 0x0000000100000000)
  region size 1024K, 11 young (11264K), 2 survivors (2048K)
 Metaspace       used 85728K, capacity 87902K, committed 88060K, reserved 1126400K
  class space    used 11233K, capacity 12074K, committed 12108K, reserved 1048576K
Heap Regions: E=young(eden), S=young(survivor), O=old, HS=humongous(starts), HC=humongous(continues), CS=collection set, F=free, A=archive, TAMS=top-at-mark-start (previous, next)
|   0|0x0000000080000000, 0x0000000080100000, 0x0000000080100000|100%| O|  |TAMS 0x0000000080100000, 0x0000000080000000| Untracked 
|   1|0x0000000080100000, 0x0000000080200000, 0x0000000080200000|100%| O|  |TAMS 0x0000000080200000, 0x0000000080100000| Untracked 
|   2|0x0000000080200000, 0x0000000080300000, 0x0000000080300000|100%| O|  |TAMS 0x0000000080300000, 0x0000000080200000| Untracked 
|   3|0x0000000080300000, 0x0000000080400000, 0x0000000080400000|100%|HS|  |TAMS 0x0000000080400000, 0x0000000080300000| Complete 
|   4|0x0000000080400000, 0x0000000080500000, 0x0000000080500000|100%|HC|  |TAMS 0x0000000080500000, 0x0000000080400000| Complete 
|   5|0x0000000080500000, 0x0000000080600000, 0x0000000080600000|100%|HC|  |TAMS 0x0000000080600000, 0x0000000080500000| Complete 
|   6|0x0000000080600000, 0x0000000080700000, 0x0000000080700000|100%| O|  |TAMS 0x0000000080700000, 0x0000000080600000| Untracked 
|   7|0x0000000080700000, 0x0000000080800000, 0x0000000080800000|100%| O|  |TAMS 0x0000000080800000, 0x0000000080700000| Untracked 
|   8|0x0000000080800000, 0x0000000080900000, 0x0000000080900000|100%| O|  |TAMS 0x0000000080900000, 0x0000000080800000| Untracked 
|   9|0x0000000080900000, 0x0000000080a00000, 0x0000000080a00000|100%| O|  |TAMS 0x0000000080a00000, 0x0000000080900000| Untracked 
|  10|0x0000000080a00000, 0x0000000080b00000, 0x0000000080b00000|100%| O|  |TAMS 0x0000000080b00000, 0x0000000080a00000| Untracked 
|  11|0x0000000080b00000, 0x0000000080c00000, 0x0000000080c00000|100%| O|  |TAMS 0x0000000080c00000, 0x0000000080b00000| Untracked 
|  12|0x0000000080c00000, 0x0000000080d00000, 0x0000000080d00000|100%| O|  |TAMS 0x0000000080d00000, 0x0000000080c00000| Untracked 
|  13|0x0000000080d00000, 0x0000000080e00000, 0x0000000080e00000|100%| O|  |TAMS 0x0000000080e00000, 0x0000000080d00000| Untracked 
|  14|0x0000000080e00000, 0x0000000080f00000, 0x0000000080f00000|100%| O|  |TAMS 0x0000000080f00000, 0x0000000080e00000| Untracked 
|  15|0x0000000080f00000, 0x0000000081000000, 0x0000000081000000|100%| O|  |TAMS 0x0000000081000000, 0x0000000080f00000| Untracked 
|  16|0x0000000081000000, 0x0000000081100000, 0x0000000081100000|100%| O|  |TAMS 0x0000000081100000, 0x0000000081000000| Untracked 
|  17|0x0000000081100000, 0x0000000081200000, 0x0000000081200000|100%| O|  |TAMS 0x0000000081200000, 0x0000000081100000| Untracked 
|  18|0x0000000081200000, 0x0000000081300000, 0x0000000081300000|100%| O|  |TAMS 0x0000000081300000, 0x0000000081200000| Untracked 
|  19|0x0000000081300000, 0x0000000081400000, 0x0000000081400000|100%| O|  |TAMS 0x0000000081400000, 0x0000000081300000| Untracked 
|  20|0x0000000081400000, 0x0000000081500000, 0x0000000081500000|100%| O|  |TAMS 0x0000000081500000, 0x0000000081400000| Untracked 
|  21|0x0000000081500000, 0x0000000081600000, 0x0000000081600000|100%| O|  |TAMS 0x0000000081600000, 0x0000000081500000| Untracked 
|  22|0x0000000081600000, 0x0000000081700000, 0x0000000081700000|100%| O|  |TAMS 0x0000000081700000, 0x0000000081600000| Untracked 
|  23|0x0000000081700000, 0x0000000081800000, 0x0000000081800000|100%| O|  |TAMS 0x0000000081800000, 0x0000000081700000| Untracked 
|  24|0x0000000081800000, 0x0000000081900000, 0x0000000081900000|100%| O|  |TAMS 0x0000000081900000, 0x0000000081800000| Untracked 
|  25|0x0000000081900000, 0x0000000081a00000, 0x0000000081a00000|100%| O|  |TAMS 0x0000000081a00000, 0x0000000081900000| Untracked 
|  26|0x0000000081a00000, 0x0000000081b00000, 0x0000000081b00000|100%| O|  |TAMS 0x0000000081b00000, 0x0000000081a00000| Untracked 
|  27|0x0000000081b00000, 0x0000000081c00000, 0x0000000081c00000|100%| O|  |TAMS 0x0000000081c00000, 0x0000000081b00000| Untracked 
|  28|0x0000000081c00000, 0x0000000081d00000, 0x0000000081d00000|100%| O|  |TAMS 0x0000000081d00000, 0x0000000081c00000| Untracked 
|  29|0x0000000081d00000, 0x0000000081e00000, 0x0000000081e00000|100%| O|  |TAMS 0x0000000081e00000, 0x0000000081d00000| Untracked 
|  30|0x0000000081e00000, 0x0000000081f00000, 0x0000000081f00000|100%| O|  |TAMS 0x0000000081f00000, 0x0000000081e00000| Untracked 
|  31|0x0000000081f00000, 0x0000000082000000, 0x0000000082000000|100%| O|  |TAMS 0x0000000082000000, 0x0000000081f00000| Untracked 
|  32|0x0000000082000000, 0x0000000082100000, 0x0000000082100000|100%| O|  |TAMS 0x0000000082100000, 0x0000000082000000| Untracked 
|  33|0x0000000082100000, 0x0000000082200000, 0x0000000082200000|100%|HS|  |TAMS 0x0000000082200000, 0x0000000082100000| Complete 
|  34|0x0000000082200000, 0x0000000082300000, 0x0000000082300000|100%|HS|  |TAMS 0x0000000082300000, 0x0000000082200000| Complete 
|  35|0x0000000082300000, 0x0000000082400000, 0x0000000082400000|100%| O|  |TAMS 0x0000000082400000, 0x0000000082300000| Untracked 
|  36|0x0000000082400000, 0x0000000082500000, 0x0000000082500000|100%|HS|  |TAMS 0x0000000082500000, 0x0000000082400000| Complete 
|  37|0x0000000082500000, 0x0000000082600000, 0x0000000082600000|100%| O|  |TAMS 0x0000000082600000, 0x0000000082500000| Untracked 
|  38|0x0000000082600000, 0x0000000082700000, 0x0000000082700000|100%|HS|  |TAMS 0x0000000082700000, 0x0000000082600000| Complete 
|  39|0x0000000082700000, 0x0000000082800000, 0x0000000082800000|100%|HC|  |TAMS 0x0000000082800000, 0x0000000082700000| Complete 
|  40|0x0000000082800000, 0x0000000082900000, 0x0000000082900000|100%|HC|  |TAMS 0x0000000082900000, 0x0000000082800000| Complete 
|  41|0x0000000082900000, 0x0000000082a00000, 0x0000000082a00000|100%| O|  |TAMS 0x0000000082a00000, 0x0000000082900000| Untracked 
|  42|0x0000000082a00000, 0x0000000082b00000, 0x0000000082b00000|100%| O|  |TAMS 0x0000000082b00000, 0x0000000082a00000| Untracked 
|  43|0x0000000082b00000, 0x0000000082c00000, 0x0000000082c00000|100%| O|  |TAMS 0x0000000082c00000, 0x0000000082b00000| Untracked 
|  44|0x0000000082c00000, 0x0000000082d00000, 0x0000000082d00000|100%| O|  |TAMS 0x0000000082d00000, 0x0000000082c00000| Untracked 
|  45|0x0000000082d00000, 0x0000000082e00000, 0x0000000082e00000|100%|HS|  |TAMS 0x0000000082e00000, 0x0000000082d00000| Complete 
|  46|0x0000000082e00000, 0x0000000082f00000, 0x0000000082f00000|100%|HC|  |TAMS 0x0000000082f00000, 0x0000000082e00000| Complete 
|  47|0x0000000082f00000, 0x0000000083000000, 0x0000000083000000|100%| O|  |TAMS 0x0000000083000000, 0x0000000082f00000| Untracked 
|  48|0x0000000083000000, 0x0000000083100000, 0x0000000083100000|100%| O|  |TAMS 0x0000000083100000, 0x0000000083000000| Untracked 
|  49|0x0000000083100000, 0x0000000083200000, 0x0000000083200000|100%| O|  |TAMS 0x0000000083200000, 0x0000000083100000| Untracked 
|  50|0x0000000083200000, 0x0000000083300000, 0x0000000083300000|100%| O|  |TAMS 0x0000000083300000, 0x0000000083200000| Untracked 
|  51|0x0000000083300000, 0x0000000083400000, 0x0000000083400000|100%| O|  |TAMS 0x0000000083400000, 0x0000000083300000| Untracked 
|  52|0x0000000083400000, 0x0000000083500000, 0x0000000083500000|100%| O|  |TAMS 0x0000000083500000, 0x0000000083400000| Untracked 
|  53|0x0000000083500000, 0x0000000083600000, 0x0000000083600000|100%| O|  |TAMS 0x0000000083600000, 0x0000000083500000| Untracked 
|  54|0x0000000083600000, 0x0000000083700000, 0x0000000083700000|100%| O|  |TAMS 0x0000000083700000, 0x0000000083600000| Untracked 
|  55|0x0000000083700000, 0x0000000083800000, 0x0000000083800000|100%| O|  |TAMS 0x0000000083800000, 0x0000000083700000| Untracked 
|  56|0x0000000083800000, 0x0000000083900000, 0x0000000083900000|100%| O|  |TAMS 0x0000000083900000, 0x0000000083800000| Untracked 
|  57|0x0000000083900000, 0x0000000083a00000, 0x0000000083a00000|100%| O|  |TAMS 0x0000000083a00000, 0x0000000083900000| Untracked 
|  58|0x0000000083a00000, 0x0000000083b00000, 0x0000000083b00000|100%| O|  |TAMS 0x0000000083b00000, 0x0000000083a00000| Untracked 
|  59|0x0000000083b00000, 0x0000000083c00000, 0x0000000083c00000|100%| O|  |TAMS 0x0000000083c00000, 0x0000000083b00000| Untracked 
|  60|0x0000000083c00000, 0x0000000083d00000, 0x0000000083d00000|100%| O|  |TAMS 0x0000000083d00000, 0x0000000083c00000| Untracked 
|  61|0x0000000083d00000, 0x0000000083e00000, 0x0000000083e00000|100%| O|  |TAMS 0x0000000083e00000, 0x0000000083d00000| Untracked 
|  62|0x0000000083e00000, 0x0000000083f00000, 0x0000000083f00000|100%| O|  |TAMS 0x0000000083f00000, 0x0000000083e00000| Untracked 
|  63|0x0000000083f00000, 0x0000000084000000, 0x0000000084000000|100%| O|  |TAMS 0x0000000084000000, 0x0000000083f00000| Untracked 
|  64|0x0000000084000000, 0x0000000084100000, 0x0000000084100000|100%| O|  |TAMS 0x0000000084100000, 0x0000000084000000| Untracked 
|  65|0x0000000084100000, 0x0000000084200000, 0x0000000084200000|100%| O|  |TAMS 0x0000000084200000, 0x0000000084100000| Untracked 
|  66|0x0000000084200000, 0x0000000084300000, 0x0000000084300000|100%| O|  |TAMS 0x0000000084300000, 0x0000000084200000| Untracked 
|  67|0x0000000084300000, 0x0000000084400000, 0x0000000084400000|100%| O|  |TAMS 0x0000000084400000, 0x0000000084300000| Untracked 
|  68|0x0000000084400000, 0x0000000084500000, 0x0000000084500000|100%| O|  |TAMS 0x0000000084500000, 0x0000000084400000| Untracked 
|  69|0x0000000084500000, 0x0000000084600000, 0x0000000084600000|100%| O|  |TAMS 0x0000000084600000, 0x0000000084500000| Untracked 
|  70|0x0000000084600000, 0x0000000084700000, 0x0000000084700000|100%| O|  |TAMS 0x000000008462e200, 0x0000000084600000| Untracked 
|  71|0x0000000084700000, 0x0000000084800000, 0x0000000084800000|100%| O|  |TAMS 0x0000000084700000, 0x0000000084700000| Untracked 
|  72|0x0000000084800000, 0x0000000084892400, 0x0000000084900000| 57%| O|  |TAMS 0x0000000084800000, 0x0000000084800000| Untracked 
|  73|0x0000000084900000, 0x0000000084900000, 0x0000000084a00000|  0%| F|  |TAMS 0x0000000084900000, 0x0000000084900000| Untracked 
|  74|0x0000000084a00000, 0x0000000084a00000, 0x0000000084b00000|  0%| F|  |TAMS 0x0000000084a00000, 0x0000000084a00000| Untracked 
|  75|0x0000000084b00000, 0x0000000084b00000, 0x0000000084c00000|  0%| F|  |TAMS 0x0000000084b00000, 0x0000000084b00000| Untracked 
|  76|0x0000000084c00000, 0x0000000084c00000, 0x0000000084d00000|  0%| F|  |TAMS 0x0000000084c00000, 0x0000000084c00000| Untracked 
|  77|0x0000000084d00000, 0x0000000084d00000, 0x0000000084e00000|  0%| F|  |TAMS 0x0000000084d00000, 0x0000000084d00000| Untracked 
|  78|0x0000000084e00000, 0x0000000084e00000, 0x0000000084f00000|  0%| F|  |TAMS 0x0000000084e00000, 0x0000000084e00000| Untracked 
|  79|0x0000000084f00000, 0x0000000084f00000, 0x0000000085000000|  0%| F|  |TAMS 0x0000000084f00000, 0x0000000084f00000| Untracked 
|  80|0x0000000085000000, 0x0000000085000000, 0x0000000085100000|  0%| F|  |TAMS 0x0000000085000000, 0x0000000085000000| Untracked 
|  81|0x0000000085100000, 0x0000000085100000, 0x0000000085200000|  0%| F|  |TAMS 0x0000000085100000, 0x0000000085100000| Untracked 
|  82|0x0000000085200000, 0x0000000085200000, 0x0000000085300000|  0%| F|  |TAMS 0x0000000085200000, 0x0000000085200000| Untracked 
|  83|0x0000000085300000, 0x0000000085300000, 0x0000000085400000|  0%| F|  |TAMS 0x0000000085300000, 0x0000000085300000| Untracked 
|  84|0x0000000085400000, 0x0000000085400000, 0x0000000085500000|  0%| F|  |TAMS 0x0000000085400000, 0x0000000085400000| Untracked 
|  85|0x0000000085500000, 0x0000000085500000, 0x0000000085600000|  0%| F|  |TAMS 0x0000000085500000, 0x0000000085500000| Untracked 
|  86|0x0000000085600000, 0x0000000085600000, 0x0000000085700000|  0%| F|  |TAMS 0x0000000085600000, 0x0000000085600000| Untracked 
|  87|0x0000000085700000, 0x0000000085700000, 0x0000000085800000|  0%| F|  |TAMS 0x0000000085700000, 0x0000000085700000| Untracked 
|  88|0x0000000085800000, 0x0000000085800000, 0x0000000085900000|  0%| F|  |TAMS 0x0000000085800000, 0x0000000085800000| Untracked 
|  89|0x0000000085900000, 0x0000000085900000, 0x0000000085a00000|  0%| F|  |TAMS 0x0000000085900000, 0x0000000085900000| Untracked 
|  90|0x0000000085a00000, 0x0000000085a00000, 0x0000000085b00000|  0%| F|  |TAMS 0x0000000085a00000, 0x0000000085a00000| Untracked 
|  91|0x0000000085b00000, 0x0000000085bdf440, 0x0000000085c00000| 87%| S|CS|TAMS 0x0000000085b00000, 0x0000000085b00000| Complete 
|  92|0x0000000085c00000, 0x0000000085d00000, 0x0000000085d00000|100%| S|CS|TAMS 0x0000000085c00000, 0x0000000085c00000| Complete 
|  93|0x0000000085d00000, 0x0000000085d00000, 0x0000000085e00000|  0%| F|  |TAMS 0x0000000085d00000, 0x0000000085d00000| Untracked 
|  94|0x0000000085e00000, 0x0000000085e00000, 0x0000000085f00000|  0%| F|  |TAMS 0x0000000085e00000, 0x0000000085e00000| Untracked 
|  95|0x0000000085f00000, 0x0000000085f00000, 0x0000000086000000|  0%| F|  |TAMS 0x0000000085f00000, 0x0000000085f00000| Untracked 
|  96|0x0000000086000000, 0x0000000086000000, 0x0000000086100000|  0%| F|  |TAMS 0x0000000086000000, 0x0000000086000000| Untracked 
|  97|0x0000000086100000, 0x0000000086100000, 0x0000000086200000|  0%| F|  |TAMS 0x0000000086100000, 0x0000000086100000| Untracked 
|  98|0x0000000086200000, 0x0000000086200000, 0x0000000086300000|  0%| F|  |TAMS 0x0000000086200000, 0x0000000086200000| Untracked 
|  99|0x0000000086300000, 0x0000000086300000, 0x0000000086400000|  0%| F|  |TAMS 0x0000000086300000, 0x0000000086300000| Untracked 
| 100|0x0000000086400000, 0x0000000086400000, 0x0000000086500000|  0%| F|  |TAMS 0x0000000086400000, 0x0000000086400000| Untracked 
| 101|0x0000000086500000, 0x0000000086500000, 0x0000000086600000|  0%| F|  |TAMS 0x0000000086500000, 0x0000000086500000| Untracked 
| 102|0x0000000086600000, 0x0000000086600000, 0x0000000086700000|  0%| F|  |TAMS 0x0000000086600000, 0x0000000086600000| Untracked 
| 103|0x0000000086700000, 0x0000000086700000, 0x0000000086800000|  0%| F|  |TAMS 0x0000000086700000, 0x0000000086700000| Untracked 
| 104|0x0000000086800000, 0x0000000086800000, 0x0000000086900000|  0%| F|  |TAMS 0x0000000086800000, 0x0000000086800000| Untracked 
| 105|0x0000000086900000, 0x0000000086900000, 0x0000000086a00000|  0%| F|  |TAMS 0x0000000086900000, 0x0000000086900000| Untracked 
| 106|0x0000000086a00000, 0x0000000086a00000, 0x0000000086b00000|  0%| F|  |TAMS 0x0000000086a00000, 0x0000000086a00000| Untracked 
| 107|0x0000000086b00000, 0x0000000086b00000, 0x0000000086c00000|  0%| F|  |TAMS 0x0000000086b00000, 0x0000000086b00000| Untracked 
| 108|0x0000000086c00000, 0x0000000086c00000, 0x0000000086d00000|  0%| F|  |TAMS 0x0000000086c00000, 0x0000000086c00000| Untracked 
| 109|0x0000000086d00000, 0x0000000086d00000, 0x0000000086e00000|  0%| F|  |TAMS 0x0000000086d00000, 0x0000000086d00000| Untracked 
| 110|0x0000000086e00000, 0x0000000086e00000, 0x0000000086f00000|  0%| F|  |TAMS 0x0000000086e00000, 0x0000000086e00000| Untracked 
| 111|0x0000000086f00000, 0x0000000086f00000, 0x0000000087000000|  0%| F|  |TAMS 0x0000000086f00000, 0x0000000086f00000| Untracked 
| 112|0x0000000087000000, 0x0000000087000000, 0x0000000087100000|  0%| F|  |TAMS 0x0000000087000000, 0x0000000087000000| Untracked 
| 113|0x0000000087100000, 0x0000000087100000, 0x0000000087200000|  0%| F|  |TAMS 0x0000000087100000, 0x0000000087100000| Untracked 
| 114|0x0000000087200000, 0x0000000087200000, 0x0000000087300000|  0%| F|  |TAMS 0x0000000087200000, 0x0000000087200000| Untracked 
| 115|0x0000000087300000, 0x0000000087300000, 0x0000000087400000|  0%| F|  |TAMS 0x0000000087300000, 0x0000000087300000| Untracked 
| 116|0x0000000087400000, 0x0000000087400000, 0x0000000087500000|  0%| F|  |TAMS 0x0000000087400000, 0x0000000087400000| Untracked 
| 117|0x0000000087500000, 0x0000000087500000, 0x0000000087600000|  0%| F|  |TAMS 0x0000000087500000, 0x0000000087500000| Untracked 
| 118|0x0000000087600000, 0x0000000087600000, 0x0000000087700000|  0%| F|  |TAMS 0x0000000087600000, 0x0000000087600000| Untracked 
| 119|0x0000000087700000, 0x0000000087700000, 0x0000000087800000|  0%| F|  |TAMS 0x0000000087700000, 0x0000000087700000| Untracked 
| 120|0x0000000087800000, 0x0000000087800000, 0x0000000087900000|  0%| F|  |TAMS 0x0000000087800000, 0x0000000087800000| Untracked 
| 121|0x0000000087900000, 0x0000000087900000, 0x0000000087a00000|  0%| F|  |TAMS 0x0000000087900000, 0x0000000087900000| Untracked 
| 122|0x0000000087a00000, 0x0000000087a00000, 0x0000000087b00000|  0%| F|  |TAMS 0x0000000087a00000, 0x0000000087a00000| Untracked 
| 123|0x0000000087b00000, 0x0000000087b00000, 0x0000000087c00000|  0%| F|  |TAMS 0x0000000087b00000, 0x0000000087b00000| Untracked 
| 124|0x0000000087c00000, 0x0000000087c00000, 0x0000000087d00000|  0%| F|  |TAMS 0x0000000087c00000, 0x0000000087c00000| Untracked 
| 125|0x0000000087d00000, 0x0000000087d00000, 0x0000000087e00000|  0%| F|  |TAMS 0x0000000087d00000, 0x0000000087d00000| Untracked 
| 126|0x0000000087e00000, 0x0000000087e00000, 0x0000000087f00000|  0%| F|  |TAMS 0x0000000087e00000, 0x0000000087e00000| Untracked 
| 127|0x0000000087f00000, 0x0000000087f00000, 0x0000000088000000|  0%| F|  |TAMS 0x0000000087f00000, 0x0000000087f00000| Untracked 
| 128|0x0000000088000000, 0x0000000088000000, 0x0000000088100000|  0%| F|  |TAMS 0x0000000088000000, 0x0000000088000000| Untracked 
| 129|0x0000000088100000, 0x0000000088100000, 0x0000000088200000|  0%| F|  |TAMS 0x0000000088100000, 0x0000000088100000| Untracked 
| 130|0x0000000088200000, 0x0000000088200000, 0x0000000088300000|  0%| F|  |TAMS 0x0000000088200000, 0x0000000088200000| Untracked 
| 131|0x0000000088300000, 0x0000000088300000, 0x0000000088400000|  0%| F|  |TAMS 0x0000000088300000, 0x0000000088300000| Untracked 
| 132|0x0000000088400000, 0x0000000088400000, 0x0000000088500000|  0%| F|  |TAMS 0x0000000088400000, 0x0000000088400000| Untracked 
| 133|0x0000000088500000, 0x00000000885a1338, 0x0000000088600000| 62%| E|  |TAMS 0x0000000088500000, 0x0000000088500000| Complete 
| 134|0x0000000088600000, 0x0000000088700000, 0x0000000088700000|100%| E|CS|TAMS 0x0000000088600000, 0x0000000088600000| Complete 
| 135|0x0000000088700000, 0x0000000088800000, 0x0000000088800000|100%| E|CS|TAMS 0x0000000088700000, 0x0000000088700000| Complete 
| 136|0x0000000088800000, 0x0000000088900000, 0x0000000088900000|100%| E|CS|TAMS 0x0000000088800000, 0x0000000088800000| Complete 
| 137|0x0000000088900000, 0x0000000088a00000, 0x0000000088a00000|100%| E|CS|TAMS 0x0000000088900000, 0x0000000088900000| Complete 
| 138|0x0000000088a00000, 0x0000000088b00000, 0x0000000088b00000|100%| E|CS|TAMS 0x0000000088a00000, 0x0000000088a00000| Complete 
| 139|0x0000000088b00000, 0x0000000088c00000, 0x0000000088c00000|100%| E|CS|TAMS 0x0000000088b00000, 0x0000000088b00000| Complete 
| 140|0x0000000088c00000, 0x0000000088d00000, 0x0000000088d00000|100%| E|CS|TAMS 0x0000000088c00000, 0x0000000088c00000| Complete 
| 141|0x0000000088d00000, 0x0000000088e00000, 0x0000000088e00000|100%| E|CS|TAMS 0x0000000088d00000, 0x0000000088d00000| Complete 

Card table byte_map: [0x0000021e4ad10000,0x0000021e4b110000] _byte_map_base: 0x0000021e4a910000

Marking Bits (Prev, Next): (CMBitMap*) 0x0000021e3781db88, (CMBitMap*) 0x0000021e3781dbc0
 Prev Bits: [0x0000021e4b510000, 0x0000021e4d510000)
 Next Bits: [0x0000021e4d510000, 0x0000021e4f510000)

Polling page: 0x0000021e35de0000

Metaspace:

Usage:
  Non-class:     74.05 MB capacity,    72.75 MB ( 98%) used,     1.06 MB (  1%) free+waste,   246.94 KB ( <1%) overhead. 
      Class:     11.79 MB capacity,    10.97 MB ( 93%) used,   727.44 KB (  6%) free+waste,   113.44 KB ( <1%) overhead. 
       Both:     85.84 MB capacity,    83.72 MB ( 98%) used,     1.77 MB (  2%) free+waste,   360.38 KB ( <1%) overhead. 

Virtual space:
  Non-class space:       76.00 MB reserved,      74.17 MB ( 98%) committed 
      Class space:        1.00 GB reserved,      11.82 MB (  1%) committed 
             Both:        1.07 GB reserved,      86.00 MB (  8%) committed 

Chunk freelists:
   Non-Class:  0 bytes
       Class:  0 bytes
        Both:  0 bytes

MaxMetaspaceSize: 17179869184.00 GB
CompressedClassSpaceSize: 1.00 GB
Initial GC threshold: 20.80 MB
Current GC threshold: 140.83 MB
CDS: off

CodeHeap 'non-profiled nmethods': size=120064Kb used=4809Kb max_used=4809Kb free=115254Kb
 bounds [0x0000021e42db0000, 0x0000021e43270000, 0x0000021e4a2f0000]
CodeHeap 'profiled nmethods': size=120000Kb used=20447Kb max_used=20447Kb free=99552Kb
 bounds [0x0000021e3b880000, 0x0000021e3cc80000, 0x0000021e42db0000]
CodeHeap 'non-nmethods': size=5696Kb used=2366Kb max_used=2416Kb free=3329Kb
 bounds [0x0000021e3b2f0000, 0x0000021e3b560000, 0x0000021e3b880000]
 total_blobs=10253 nmethods=9374 adapters=792
 compilation: enabled
              stopped_count=0, restarted_count=0
 full_count=0

Compilation events (20 events):
Event: 123.891 Thread 0x0000021e52371000 nmethod 9454 0x0000021e3cc5eb10 code [0x0000021e3cc5ecc0, 0x0000021e3cc5edf8]
Event: 123.891 Thread 0x0000021e52371000 9455       3       org.gradle.internal.model.CalculatedValueContainer::access$102 (7 bytes)
Event: 123.891 Thread 0x0000021e52371000 nmethod 9455 0x0000021e3cc5ef10 code [0x0000021e3cc5f0c0, 0x0000021e3cc5f1f8]
Event: 123.893 Thread 0x0000021e52371000 9456       1       org.gradle.internal.MutableReference::get (5 bytes)
Event: 123.894 Thread 0x0000021e52371000 nmethod 9456 0x0000021e43261710 code [0x0000021e432618c0, 0x0000021e43261978]
Event: 123.897 Thread 0x0000021e52371000 9457       3       com.google.common.cache.LocalCache$Segment::copyEntry (81 bytes)
Event: 123.898 Thread 0x0000021e52371000 nmethod 9457 0x0000021e3cc5f310 code [0x0000021e3cc5f540, 0x0000021e3cc5fca8]
Event: 123.901 Thread 0x0000021e52371000 9458       3       java.util.IdentityHashMap::put (137 bytes)
Event: 123.903 Thread 0x0000021e52371000 nmethod 9458 0x0000021e3cc5ff10 code [0x0000021e3cc60160, 0x0000021e3cc60bd8]
Event: 123.903 Thread 0x0000021e52371000 9459       3       org.gradle.internal.snapshot.FileSystemLocationSnapshot$$Lambda$342/0x0000000100504c40::compare (12 bytes)
Event: 123.904 Thread 0x0000021e52371000 nmethod 9459 0x0000021e3cc60f10 code [0x0000021e3cc61100, 0x0000021e3cc615f8]
Event: 123.904 Thread 0x0000021e52371000 9460       3       org.gradle.internal.snapshot.PathUtil::compareFileNames (20 bytes)
Event: 123.905 Thread 0x0000021e52371000 nmethod 9460 0x0000021e3cc61810 code [0x0000021e3cc619e0, 0x0000021e3cc61c78]
Event: 123.911 Thread 0x0000021e52371000 9462       1       org.gradle.internal.MutableReference::set (6 bytes)
Event: 123.911 Thread 0x0000021e52371000 nmethod 9462 0x0000021e43261a10 code [0x0000021e43261bc0, 0x0000021e43261cb8]
Event: 123.914 Thread 0x0000021e52371000 9463       3       org.gradle.internal.execution.history.impl.DefaultPreviousExecutionStateSerializer::readValueSnapshot (14 bytes)
Event: 123.914 Thread 0x0000021e52371000 nmethod 9463 0x0000021e3cc61e10 code [0x0000021e3cc61fe0, 0x0000021e3cc622a8]
Event: 123.915 Thread 0x0000021e52371000 9464       3       org.gradle.internal.snapshot.impl.SnapshotSerializer::read (6 bytes)
Event: 123.915 Thread 0x0000021e52371000 nmethod 9464 0x0000021e3cc62390 code [0x0000021e3cc62540, 0x0000021e3cc62688]
Event: 123.915 Thread 0x0000021e52371000 9465       3       org.gradle.internal.snapshot.impl.SnapshotSerializer::read (537 bytes)

GC Heap History (20 events):
Event: 103.563 GC heap before
{Heap before GC invocations=63 (full 0):
 garbage-first heap   total 120832K, used 65789K [0x0000000080000000, 0x0000000100000000)
  region size 1024K, 13 young (13312K), 4 survivors (4096K)
 Metaspace       used 64865K, capacity 66284K, committed 66428K, reserved 1107968K
  class space    used 8235K, capacity 8792K, committed 8908K, reserved 1048576K
}
Event: 103.584 GC heap after
{Heap after GC invocations=64 (full 0):
 garbage-first heap   total 120832K, used 58336K [0x0000000080000000, 0x0000000100000000)
  region size 1024K, 3 young (3072K), 3 survivors (3072K)
 Metaspace       used 64865K, capacity 66284K, committed 66428K, reserved 1107968K
  class space    used 8235K, capacity 8792K, committed 8908K, reserved 1048576K
}
Event: 105.405 GC heap before
{Heap before GC invocations=65 (full 0):
 garbage-first heap   total 120832K, used 88032K [0x0000000080000000, 0x0000000100000000)
  region size 1024K, 31 young (31744K), 3 survivors (3072K)
 Metaspace       used 67754K, capacity 69223K, committed 69244K, reserved 1110016K
  class space    used 8598K, capacity 9145K, committed 9164K, reserved 1048576K
}
Event: 105.423 GC heap after
{Heap after GC invocations=66 (full 0):
 garbage-first heap   total 120832K, used 59387K [0x0000000080000000, 0x0000000100000000)
  region size 1024K, 2 young (2048K), 2 survivors (2048K)
 Metaspace       used 67754K, capacity 69223K, committed 69244K, reserved 1110016K
  class space    used 8598K, capacity 9145K, committed 9164K, reserved 1048576K
}
Event: 106.027 GC heap before
{Heap before GC invocations=66 (full 0):
 garbage-first heap   total 120832K, used 89083K [0x0000000080000000, 0x0000000100000000)
  region size 1024K, 31 young (31744K), 2 survivors (2048K)
 Metaspace       used 68006K, capacity 69599K, committed 69884K, reserved 1110016K
  class space    used 8649K, capacity 9249K, committed 9292K, reserved 1048576K
}
Event: 106.044 GC heap after
{Heap after GC invocations=67 (full 0):
 garbage-first heap   total 120832K, used 62014K [0x0000000080000000, 0x0000000100000000)
  region size 1024K, 4 young (4096K), 4 survivors (4096K)
 Metaspace       used 68006K, capacity 69599K, committed 69884K, reserved 1110016K
  class space    used 8649K, capacity 9249K, committed 9292K, reserved 1048576K
}
Event: 107.452 GC heap before
{Heap before GC invocations=68 (full 0):
 garbage-first heap   total 120832K, used 91710K [0x0000000080000000, 0x0000000100000000)
  region size 1024K, 33 young (33792K), 4 survivors (4096K)
 Metaspace       used 70363K, capacity 71887K, committed 72060K, reserved 1112064K
  class space    used 8984K, capacity 9541K, committed 9676K, reserved 1048576K
}
Event: 107.474 GC heap after
{Heap after GC invocations=69 (full 0):
 garbage-first heap   total 120832K, used 64391K [0x0000000080000000, 0x0000000100000000)
  region size 1024K, 5 young (5120K), 5 survivors (5120K)
 Metaspace       used 70363K, capacity 71887K, committed 72060K, reserved 1112064K
  class space    used 8984K, capacity 9541K, committed 9676K, reserved 1048576K
}
Event: 109.132 GC heap before
{Heap before GC invocations=69 (full 0):
 garbage-first heap   total 120832K, used 94087K [0x0000000080000000, 0x0000000100000000)
  region size 1024K, 34 young (34816K), 5 survivors (5120K)
 Metaspace       used 73845K, capacity 75359K, committed 75644K, reserved 1114112K
  class space    used 9573K, capacity 10139K, committed 10188K, reserved 1048576K
}
Event: 109.155 GC heap after
{Heap after GC invocations=70 (full 0):
 garbage-first heap   total 120832K, used 66153K [0x0000000080000000, 0x0000000100000000)
  region size 1024K, 4 young (4096K), 4 survivors (4096K)
 Metaspace       used 73845K, capacity 75359K, committed 75644K, reserved 1114112K
  class space    used 9573K, capacity 10139K, committed 10188K, reserved 1048576K
}
Event: 112.547 GC heap before
{Heap before GC invocations=71 (full 0):
 garbage-first heap   total 120832K, used 95849K [0x0000000080000000, 0x0000000100000000)
  region size 1024K, 33 young (33792K), 4 survivors (4096K)
 Metaspace       used 76222K, capacity 77967K, committed 78076K, reserved 1116160K
  class space    used 9911K, capacity 10548K, committed 10572K, reserved 1048576K
}
Event: 112.602 GC heap after
{Heap after GC invocations=72 (full 0):
 garbage-first heap   total 120832K, used 68245K [0x0000000080000000, 0x0000000100000000)
  region size 1024K, 4 young (4096K), 4 survivors (4096K)
 Metaspace       used 76222K, capacity 77967K, committed 78076K, reserved 1116160K
  class space    used 9911K, capacity 10548K, committed 10572K, reserved 1048576K
}
Event: 114.481 GC heap before
{Heap before GC invocations=72 (full 0):
 garbage-first heap   total 120832K, used 97941K [0x0000000080000000, 0x0000000100000000)
  region size 1024K, 33 young (33792K), 4 survivors (4096K)
 Metaspace       used 79169K, capacity 80892K, committed 81148K, reserved 1120256K
  class space    used 10363K, capacity 11020K, committed 11084K, reserved 1048576K
}
Event: 114.511 GC heap after
{Heap after GC invocations=73 (full 0):
 garbage-first heap   total 120832K, used 69805K [0x0000000080000000, 0x0000000100000000)
  region size 1024K, 4 young (4096K), 4 survivors (4096K)
 Metaspace       used 79169K, capacity 80892K, committed 81148K, reserved 1120256K
  class space    used 10363K, capacity 11020K, committed 11084K, reserved 1048576K
}
Event: 116.556 GC heap before
{Heap before GC invocations=74 (full 0):
 garbage-first heap   total 120832K, used 98477K [0x0000000080000000, 0x0000000100000000)
  region size 1024K, 32 young (32768K), 4 survivors (4096K)
 Metaspace       used 82334K, capacity 84116K, committed 84348K, reserved 1122304K
  class space    used 10732K, capacity 11405K, committed 11468K, reserved 1048576K
}
Event: 116.589 GC heap after
{Heap after GC invocations=75 (full 0):
 garbage-first heap   total 120832K, used 72046K [0x0000000080000000, 0x0000000100000000)
  region size 1024K, 4 young (4096K), 4 survivors (4096K)
 Metaspace       used 82334K, capacity 84116K, committed 84348K, reserved 1122304K
  class space    used 10732K, capacity 11405K, committed 11468K, reserved 1048576K
}
Event: 120.664 GC heap before
{Heap before GC invocations=75 (full 0):
 garbage-first heap   total 120832K, used 100718K [0x0000000080000000, 0x0000000100000000)
  region size 1024K, 32 young (32768K), 4 survivors (4096K)
 Metaspace       used 84404K, capacity 86305K, committed 86524K, reserved 1124352K
  class space    used 11051K, capacity 11786K, committed 11852K, reserved 1048576K
}
Event: 120.722 GC heap after
{Heap after GC invocations=76 (full 0):
 garbage-first heap   total 120832K, used 75102K [0x0000000080000000, 0x0000000100000000)
  region size 1024K, 4 young (4096K), 4 survivors (4096K)
 Metaspace       used 84404K, capacity 86305K, committed 86524K, reserved 1124352K
  class space    used 11051K, capacity 11786K, committed 11852K, reserved 1048576K
}
Event: 123.579 GC heap before
{Heap before GC invocations=77 (full 0):
 garbage-first heap   total 120832K, used 99678K [0x0000000080000000, 0x0000000100000000)
  region size 1024K, 29 young (29696K), 4 survivors (4096K)
 Metaspace       used 85637K, capacity 87833K, committed 88060K, reserved 1126400K
  class space    used 11233K, capacity 12074K, committed 12108K, reserved 1048576K
}
Event: 123.611 GC heap after
{Heap after GC invocations=78 (full 0):
 garbage-first heap   total 145408K, used 76230K [0x0000000080000000, 0x0000000100000000)
  region size 1024K, 2 young (2048K), 2 survivors (2048K)
 Metaspace       used 85637K, capacity 87833K, committed 88060K, reserved 1126400K
  class space    used 11233K, capacity 12074K, committed 12108K, reserved 1048576K
}

Deoptimization events (20 events):
Event: 123.004 Thread 0x0000021e5316d800 DEOPT PACKING pc=0x0000021e43205500 sp=0x000000d09d3fddd0
Event: 123.004 Thread 0x0000021e5316d800 DEOPT UNPACKING pc=0x0000021e3b33a1af sp=0x000000d09d3fdd50 mode 2
Event: 123.004 Thread 0x0000021e5351a000 Uncommon trap: trap_request=0xffffffc6 fr.pc=0x0000021e43205500 relative=0x0000000000001a60
Event: 123.004 Thread 0x0000021e5351a000 Uncommon trap: reason=bimorphic_or_optimized_type_check action=maybe_recompile pc=0x0000021e43205500 method=java.util.concurrent.ConcurrentHashMap.putVal(Ljava/lang/Object;Ljava/lang/Object;Z)Ljava/lang/Object; @ 242 c2
Event: 123.004 Thread 0x0000021e5351a000 DEOPT PACKING pc=0x0000021e43205500 sp=0x000000d09bcf71d0
Event: 123.004 Thread 0x0000021e5351a000 DEOPT UNPACKING pc=0x0000021e3b33a1af sp=0x000000d09bcf7150 mode 2
Event: 123.007 Thread 0x0000021e5316e800 Uncommon trap: trap_request=0xffffffc6 fr.pc=0x0000021e43205500 relative=0x0000000000001a60
Event: 123.007 Thread 0x0000021e5316e800 Uncommon trap: reason=bimorphic_or_optimized_type_check action=maybe_recompile pc=0x0000021e43205500 method=java.util.concurrent.ConcurrentHashMap.putVal(Ljava/lang/Object;Ljava/lang/Object;Z)Ljava/lang/Object; @ 242 c2
Event: 123.007 Thread 0x0000021e5316e800 DEOPT PACKING pc=0x0000021e43205500 sp=0x000000d099ffdb80
Event: 123.007 Thread 0x0000021e5316e800 DEOPT UNPACKING pc=0x0000021e3b33a1af sp=0x000000d099ffdb00 mode 2
Event: 123.009 Thread 0x0000021e53164000 Uncommon trap: trap_request=0xffffff4d fr.pc=0x0000021e42ff3d40 relative=0x00000000000001e0
Event: 123.009 Thread 0x0000021e53164000 Uncommon trap: reason=unstable_if action=reinterpret pc=0x0000021e42ff3d40 method=com.esotericsoftware.kryo.io.Input.readVarInt(Z)I @ 42 c2
Event: 123.009 Thread 0x0000021e53164000 DEOPT PACKING pc=0x0000021e42ff3d40 sp=0x000000d09c9fe350
Event: 123.009 Thread 0x0000021e53164000 DEOPT UNPACKING pc=0x0000021e3b33a1af sp=0x000000d09c9fe240 mode 2
Event: 123.038 Thread 0x0000021e5316d800 DEOPT PACKING pc=0x0000021e3c910d44 sp=0x000000d09d3fd750
Event: 123.038 Thread 0x0000021e5316d800 DEOPT UNPACKING pc=0x0000021e3b33a95e sp=0x000000d09d3fccf0 mode 0
Event: 123.517 Thread 0x0000021e5351a000 DEOPT PACKING pc=0x0000021e3c910d44 sp=0x000000d09bcf63c0
Event: 123.517 Thread 0x0000021e5351a000 DEOPT UNPACKING pc=0x0000021e3b33a95e sp=0x000000d09bcf5960 mode 0
Event: 123.741 Thread 0x0000021e5316f800 DEOPT PACKING pc=0x0000021e3c910d44 sp=0x000000d09a1fc800
Event: 123.741 Thread 0x0000021e5316f800 DEOPT UNPACKING pc=0x0000021e3b33a95e sp=0x000000d09a1fbda0 mode 0

Classes redefined (0 events):
No events

Internal exceptions (20 events):
Event: 117.738 Thread 0x0000021e5282a000 Exception <a 'java/lang/NoSuchMethodError'{0x0000000086514bc8}: <clinit>> (0x0000000086514bc8) thrown at [./src/hotspot/share/prims/jni.cpp, line 1365]
Event: 117.747 Thread 0x0000021e5282a000 Exception <a 'java/lang/NoSuchMethodError'{0x00000000865328d0}: <clinit>> (0x00000000865328d0) thrown at [./src/hotspot/share/prims/jni.cpp, line 1365]
Event: 117.753 Thread 0x0000021e5282a000 Exception <a 'java/lang/NoSuchMethodError'{0x00000000865463a0}: <clinit>> (0x00000000865463a0) thrown at [./src/hotspot/share/prims/jni.cpp, line 1365]
Event: 117.753 Thread 0x0000021e5282a000 Exception <a 'java/lang/NoSuchMethodError'{0x0000000086564640}: <clinit>> (0x0000000086564640) thrown at [./src/hotspot/share/prims/jni.cpp, line 1365]
Event: 118.492 Thread 0x0000021e530f6800 Exception <a 'java/lang/NoSuchMethodError'{0x00000000863fea40}: <clinit>> (0x00000000863fea40) thrown at [./src/hotspot/share/prims/jni.cpp, line 1365]
Event: 118.654 Thread 0x0000021e530f6800 Exception <a 'java/lang/NoSuchMethodError'{0x0000000086214180}: <clinit>> (0x0000000086214180) thrown at [./src/hotspot/share/prims/jni.cpp, line 1365]
Event: 118.675 Thread 0x0000021e530f6800 Exception <a 'java/lang/NoSuchMethodError'{0x0000000086239cf8}: <clinit>> (0x0000000086239cf8) thrown at [./src/hotspot/share/prims/jni.cpp, line 1365]
Event: 118.687 Thread 0x0000021e530f6800 Exception <a 'java/lang/NoSuchMethodError'{0x0000000086244618}: 'void java.lang.invoke.DirectMethodHandle$Holder.invokeSpecial(java.lang.Object, java.lang.Object, java.lang.Object, int)'> (0x0000000086244618) thrown at [./src/hotspot/share/interpreter/linkResolver.cpp, line 773]
Event: 118.833 Thread 0x0000021e5351a000 Exception <a 'java/lang/IncompatibleClassChangeError'{0x00000000864b0e68}: Found class java.lang.Object, but interface was expected> (0x00000000864b0e68) thrown at [./src/hotspot/share/interpreter/linkResolver.cpp, line 839]
Event: 118.987 Thread 0x0000021e5351a000 Exception <a 'java/lang/NoSuchMethodError'{0x00000000861da028}: 'java.lang.Object java.lang.invoke.DirectMethodHandle$Holder.invokeInterface(java.lang.Object, java.lang.Object, int)'> (0x00000000861da028) thrown at [./src/hotspot/share/interpreter/linkResolver.cpp, line 773]
Event: 119.005 Thread 0x0000021e5351a000 Exception <a 'java/lang/NoSuchMethodError'{0x00000000861efc10}: 'void java.lang.invoke.DirectMethodHandle$Holder.invokeStatic(java.lang.Object, java.lang.Object, java.lang.Object, int)'> (0x00000000861efc10) thrown at [./src/hotspot/share/interpreter/linkResolver.cpp, line 773]
Event: 119.044 Thread 0x0000021e5282a000 Exception <a 'java/lang/NoSuchMethodError'{0x0000000086027930}: <clinit>> (0x0000000086027930) thrown at [./src/hotspot/share/prims/jni.cpp, line 1365]
Event: 119.457 Thread 0x0000021e5351a000 Implicit null exception at 0x0000021e4309c5f7 to 0x0000021e4309c790
Event: 119.521 Thread 0x0000021e5351a000 Exception <a 'java/lang/IncompatibleClassChangeError'{0x0000000085f86970}: Found class java.lang.Object, but interface was expected> (0x0000000085f86970) thrown at [./src/hotspot/share/interpreter/linkResolver.cpp, line 839]
Event: 122.062 Thread 0x0000021e5351a000 Exception <a 'java/lang/NoSuchMethodError'{0x00000000870f23a0}: 'void java.lang.invoke.DirectMethodHandle$Holder.invokeStatic(java.lang.Object, java.lang.Object, java.lang.Object, java.lang.Object, int, java.lang.Object, java.lang.Object)'> (0x00000000870f23a0) thrown at [./src/hotspot/share/interpreter/linkResolver.cpp, line 773]
Event: 122.197 Thread 0x0000021e5316e800 Exception <a 'java/lang/NoSuchMethodError'{0x0000000086b1ca78}: 'java.lang.Object java.lang.invoke.DirectMethodHandle$Holder.invokeSpecialIFC(java.lang.Object, java.lang.Object, java.lang.Object)'> (0x0000000086b1ca78) thrown at [./src/hotspot/share/interpreter/linkResolver.cpp, line 773]
Event: 122.197 Thread 0x0000021e5351a000 Exception <a 'java/lang/NoSuchMethodError'{0x0000000086cd2e00}: 'java.lang.Object java.lang.invoke.DirectMethodHandle$Holder.invokeSpecialIFC(java.lang.Object, java.lang.Object, java.lang.Object)'> (0x0000000086cd2e00) thrown at [./src/hotspot/share/interpreter/linkResolver.cpp, line 773]
Event: 122.198 Thread 0x0000021e5316b800 Exception <a 'java/lang/NoSuchMethodError'{0x0000000086b43e58}: 'java.lang.Object java.lang.invoke.DirectMethodHandle$Holder.invokeSpecialIFC(java.lang.Object, java.lang.Object, java.lang.Object)'> (0x0000000086b43e58) thrown at [./src/hotspot/share/interpreter/linkResolver.cpp, line 773]
Event: 122.455 Thread 0x0000021e5351a000 Exception <a 'java/lang/NoSuchMethodError'{0x0000000086868098}: 'int java.lang.invoke.DirectMethodHandle$Holder.invokeStaticInit(java.lang.Object, java.lang.Object, java.lang.Object, java.lang.Object, java.lang.Object)'> (0x0000000086868098) thrown at [./src/hotspot/share/interpreter/linkResolver.cpp, line 773]
Event: 122.633 Thread 0x0000021e5351a000 Exception <a 'java/lang/NoSuchMethodError'{0x000000008659f710}: 'void java.lang.invoke.DirectMethodHandle$Holder.invokeVirtual(java.lang.Object, java.lang.Object)'> (0x000000008659f710) thrown at [./src/hotspot/share/interpreter/linkResolver.cpp, line 773]

Events (20 events):
Event: 123.470 Executing VM operation: RevokeBias
Event: 123.471 Executing VM operation: RevokeBias done
Event: 123.518 Executing VM operation: RevokeBias
Event: 123.519 Executing VM operation: RevokeBias done
Event: 123.524 Executing VM operation: RevokeBias
Event: 123.525 Executing VM operation: RevokeBias done
Event: 123.531 Executing VM operation: RevokeBias
Event: 123.532 Executing VM operation: RevokeBias done
Event: 123.533 Executing VM operation: RevokeBias
Event: 123.534 Executing VM operation: RevokeBias done
Event: 123.577 Executing VM operation: G1CollectForAllocation
Event: 123.611 Executing VM operation: G1CollectForAllocation done
Event: 123.632 Executing VM operation: RevokeBias
Event: 123.633 Executing VM operation: RevokeBias done
Event: 123.639 Executing VM operation: RevokeBias
Event: 123.640 Executing VM operation: RevokeBias done
Event: 123.649 Executing VM operation: BulkRevokeBias
Event: 123.660 Executing VM operation: BulkRevokeBias done
Event: 123.764 Executing VM operation: RevokeBias
Event: 123.765 Executing VM operation: RevokeBias done


Dynamic libraries:
0x00007ff7bca40000 - 0x00007ff7bca4a000 	C:\Users\Elena\AppData\Local\JetBrains\Toolbox\apps\AndroidStudio\ch-0\212.5712.43.2112.8815526\jre\bin\java.exe
0x00007ffc65510000 - 0x00007ffc65708000 	C:\WINDOWS\SYSTEM32\ntdll.dll
0x00007ffc65020000 - 0x00007ffc650df000 	C:\WINDOWS\System32\KERNEL32.DLL
0x00007ffc62d50000 - 0x00007ffc63022000 	C:\WINDOWS\System32\KERNELBASE.dll
0x00007ffc63450000 - 0x00007ffc63550000 	C:\WINDOWS\System32\ucrtbase.dll
0x00007ffc5d3e0000 - 0x00007ffc5d3f7000 	C:\Users\Elena\AppData\Local\JetBrains\Toolbox\apps\AndroidStudio\ch-0\212.5712.43.2112.8815526\jre\bin\VCRUNTIME140.dll
0x00007ffc59450000 - 0x00007ffc59469000 	C:\Users\Elena\AppData\Local\JetBrains\Toolbox\apps\AndroidStudio\ch-0\212.5712.43.2112.8815526\jre\bin\jli.dll
0x00007ffc63550000 - 0x00007ffc636f1000 	C:\WINDOWS\System32\USER32.dll
0x00007ffc63030000 - 0x00007ffc63052000 	C:\WINDOWS\System32\win32u.dll
0x00007ffc64ff0000 - 0x00007ffc6501b000 	C:\WINDOWS\System32\GDI32.dll
0x00007ffc632a0000 - 0x00007ffc633af000 	C:\WINDOWS\System32\gdi32full.dll
0x00007ffc4e670000 - 0x00007ffc4e90a000 	C:\WINDOWS\WinSxS\amd64_microsoft.windows.common-controls_6595b64144ccf1df_6.0.19041.1110_none_60b5254171f9507e\COMCTL32.dll
0x00007ffc633b0000 - 0x00007ffc6344d000 	C:\WINDOWS\System32\msvcp_win.dll
0x00007ffc637b0000 - 0x00007ffc6384e000 	C:\WINDOWS\System32\msvcrt.dll
0x00007ffc64500000 - 0x00007ffc64532000 	C:\WINDOWS\System32\IMM32.DLL
0x00007ffc26fc0000 - 0x00007ffc2705d000 	C:\Users\Elena\AppData\Local\JetBrains\Toolbox\apps\AndroidStudio\ch-0\212.5712.43.2112.8815526\jre\bin\msvcp140.dll
0x00007ffc0f590000 - 0x00007ffc10075000 	C:\Users\Elena\AppData\Local\JetBrains\Toolbox\apps\AndroidStudio\ch-0\212.5712.43.2112.8815526\jre\bin\server\jvm.dll
0x00007ffc65420000 - 0x00007ffc654ce000 	C:\WINDOWS\System32\ADVAPI32.dll
0x00007ffc63700000 - 0x00007ffc6379c000 	C:\WINDOWS\System32\sechost.dll
0x00007ffc64010000 - 0x00007ffc64135000 	C:\WINDOWS\System32\RPCRT4.dll
0x00007ffc63850000 - 0x00007ffc63858000 	C:\WINDOWS\System32\PSAPI.DLL
0x00007ffc4bcd0000 - 0x00007ffc4bcd9000 	C:\WINDOWS\SYSTEM32\WSOCK32.dll
0x00007ffc64540000 - 0x00007ffc645ab000 	C:\WINDOWS\System32\WS2_32.dll
0x00007ffc5c890000 - 0x00007ffc5c89a000 	C:\WINDOWS\SYSTEM32\VERSION.dll
0x00007ffc546f0000 - 0x00007ffc54717000 	C:\WINDOWS\SYSTEM32\WINMM.dll
0x00007ffc61450000 - 0x00007ffc61462000 	C:\WINDOWS\SYSTEM32\kernel.appcore.dll
0x00007ffc59490000 - 0x00007ffc594a1000 	C:\Users\Elena\AppData\Local\JetBrains\Toolbox\apps\AndroidStudio\ch-0\212.5712.43.2112.8815526\jre\bin\verify.dll
0x00007ffc61230000 - 0x00007ffc61414000 	C:\WINDOWS\SYSTEM32\DBGHELP.DLL
0x00007ffc59c60000 - 0x00007ffc59c95000 	C:\WINDOWS\SYSTEM32\dbgcore.DLL
0x00007ffc62c50000 - 0x00007ffc62cd2000 	C:\WINDOWS\System32\bcryptPrimitives.dll
0x00007ffc59330000 - 0x00007ffc59359000 	C:\Users\Elena\AppData\Local\JetBrains\Toolbox\apps\AndroidStudio\ch-0\212.5712.43.2112.8815526\jre\bin\java.dll
0x00007ffc5b7f0000 - 0x00007ffc5b7fb000 	C:\Users\Elena\AppData\Local\JetBrains\Toolbox\apps\AndroidStudio\ch-0\212.5712.43.2112.8815526\jre\bin\jimage.dll
0x00007ffc591b0000 - 0x00007ffc591c8000 	C:\Users\Elena\AppData\Local\JetBrains\Toolbox\apps\AndroidStudio\ch-0\212.5712.43.2112.8815526\jre\bin\zip.dll
0x00007ffc64840000 - 0x00007ffc64f84000 	C:\WINDOWS\System32\SHELL32.dll
0x00007ffc609d0000 - 0x00007ffc61162000 	C:\WINDOWS\SYSTEM32\windows.storage.dll
0x00007ffc641a0000 - 0x00007ffc644f5000 	C:\WINDOWS\System32\combase.dll
0x00007ffc62660000 - 0x00007ffc62690000 	C:\WINDOWS\SYSTEM32\Wldp.dll
0x00007ffc65310000 - 0x00007ffc653bd000 	C:\WINDOWS\System32\SHCORE.dll
0x00007ffc64f90000 - 0x00007ffc64fe5000 	C:\WINDOWS\System32\shlwapi.dll
0x00007ffc62b40000 - 0x00007ffc62b5f000 	C:\WINDOWS\SYSTEM32\profapi.dll
0x00007ffc57d10000 - 0x00007ffc57d2a000 	C:\Users\Elena\AppData\Local\JetBrains\Toolbox\apps\AndroidStudio\ch-0\212.5712.43.2112.8815526\jre\bin\net.dll
0x00007ffc59f00000 - 0x00007ffc5a00c000 	C:\WINDOWS\SYSTEM32\WINHTTP.dll
0x00007ffc62350000 - 0x00007ffc623ba000 	C:\WINDOWS\system32\mswsock.dll
0x00007ffc56fb0000 - 0x00007ffc56fc4000 	C:\Users\Elena\AppData\Local\JetBrains\Toolbox\apps\AndroidStudio\ch-0\212.5712.43.2112.8815526\jre\bin\nio.dll
0x00007ffc42e00000 - 0x00007ffc42e27000 	C:\Users\Elena\.gradle\native\e1d6ef7f7dcc3fd88c89a11ec53ec762bb8ba0a96d01ffa2cd45eb1d1d8dd5c5\windows-amd64\native-platform.dll
0x00007ffc175e0000 - 0x00007ffc17724000 	C:\Users\Elena\.gradle\native\5664cfc778a61ccfe75a443a1ab52a65af34e5dc3c78e0209fed803814484fcb\windows-amd64\native-platform-file-events.dll
0x00007ffc5a200000 - 0x00007ffc5a20a000 	C:\Users\Elena\AppData\Local\JetBrains\Toolbox\apps\AndroidStudio\ch-0\212.5712.43.2112.8815526\jre\bin\management.dll
0x00007ffc5a1e0000 - 0x00007ffc5a1ed000 	C:\Users\Elena\AppData\Local\JetBrains\Toolbox\apps\AndroidStudio\ch-0\212.5712.43.2112.8815526\jre\bin\management_ext.dll
0x00007ffc62540000 - 0x00007ffc62558000 	C:\WINDOWS\SYSTEM32\CRYPTSP.dll
0x00007ffc61c00000 - 0x00007ffc61c34000 	C:\WINDOWS\system32\rsaenh.dll
0x00007ffc63060000 - 0x00007ffc63087000 	C:\WINDOWS\System32\bcrypt.dll
0x00007ffc62b00000 - 0x00007ffc62b2e000 	C:\WINDOWS\SYSTEM32\USERENV.dll
0x00007ffc62560000 - 0x00007ffc6256c000 	C:\WINDOWS\SYSTEM32\CRYPTBASE.dll
0x00007ffc62040000 - 0x00007ffc6207b000 	C:\WINDOWS\SYSTEM32\IPHLPAPI.DLL
0x00007ffc63980000 - 0x00007ffc63988000 	C:\WINDOWS\System32\NSI.dll
0x00007ffc5a1a0000 - 0x00007ffc5a1b7000 	C:\WINDOWS\SYSTEM32\dhcpcsvc6.DLL
0x00007ffc5a540000 - 0x00007ffc5a55d000 	C:\WINDOWS\SYSTEM32\dhcpcsvc.DLL
0x00007ffc62080000 - 0x00007ffc6214a000 	C:\WINDOWS\SYSTEM32\DNSAPI.dll

dbghelp: loaded successfully - version: 4.0.5 - missing functions: none
symbol engine: initialized successfully - sym options: 0x614 - pdb path: .;C:\Users\Elena\AppData\Local\JetBrains\Toolbox\apps\AndroidStudio\ch-0\212.5712.43.2112.8815526\jre\bin;C:\WINDOWS\SYSTEM32;C:\WINDOWS\WinSxS\amd64_microsoft.windows.common-controls_6595b64144ccf1df_6.0.19041.1110_none_60b5254171f9507e;C:\Users\Elena\AppData\Local\JetBrains\Toolbox\apps\AndroidStudio\ch-0\212.5712.43.2112.8815526\jre\bin\server;C:\Users\Elena\.gradle\native\e1d6ef7f7dcc3fd88c89a11ec53ec762bb8ba0a96d01ffa2cd45eb1d1d8dd5c5\windows-amd64;C:\Users\Elena\.gradle\native\5664cfc778a61ccfe75a443a1ab52a65af34e5dc3c78e0209fed803814484fcb\windows-amd64

VM Arguments:
jvm_args: --add-opens=java.base/java.util=ALL-UNNAMED --add-opens=java.base/java.lang=ALL-UNNAMED --add-opens=java.base/java.lang.invoke=ALL-UNNAMED --add-opens=java.base/java.util=ALL-UNNAMED --add-opens=java.prefs/java.util.prefs=ALL-UNNAMED --add-opens=java.prefs/java.util.prefs=ALL-UNNAMED --add-opens=java.base/java.nio.charset=ALL-UNNAMED --add-opens=java.base/java.net=ALL-UNNAMED --add-opens=java.base/java.util.concurrent.atomic=ALL-UNNAMED -Xmx2048m -Dfile.encoding=UTF-8 -Duser.country=RU -Duser.language=ru -Duser.variant 
java_command: org.gradle.launcher.daemon.bootstrap.GradleDaemon 7.3.3
java_class_path (initial): C:\Users\Elena\.gradle\wrapper\dists\gradle-7.3.3-bin\6a41zxkdtcxs8rphpq6y0069z\gradle-7.3.3\lib\gradle-launcher-7.3.3.jar
Launcher Type: SUN_STANDARD

[Global flags]
     intx CICompilerCount                          = 3                                         {product} {ergonomic}
     uint ConcGCThreads                            = 1                                         {product} {ergonomic}
     uint G1ConcRefinementThreads                  = 4                                         {product} {ergonomic}
   size_t G1HeapRegionSize                         = 1048576                                   {product} {ergonomic}
    uintx GCDrainStackTargetSize                   = 64                                        {product} {ergonomic}
   size_t InitialHeapSize                          = 58720256                                  {product} {ergonomic}
   size_t MarkStackSize                            = 4194304                                   {product} {ergonomic}
   size_t MaxHeapSize                              = 2147483648                                {product} {command line}
   size_t MaxNewSize                               = 1287651328                                {product} {ergonomic}
   size_t MinHeapDeltaBytes                        = 1048576                                   {product} {ergonomic}
    uintx NonNMethodCodeHeapSize                   = 5830732                                {pd product} {ergonomic}
    uintx NonProfiledCodeHeapSize                  = 122913754                              {pd product} {ergonomic}
    uintx ProfiledCodeHeapSize                     = 122913754                              {pd product} {ergonomic}
    uintx ReservedCodeCacheSize                    = 251658240                              {pd product} {ergonomic}
     bool SegmentedCodeCache                       = true                                      {product} {ergonomic}
     bool UseCompressedClassPointers               = true                                 {lp64_product} {ergonomic}
     bool UseCompressedOops                        = true                                 {lp64_product} {ergonomic}
     bool UseG1GC                                  = true                                      {product} {ergonomic}
     bool UseLargePagesIndividualAllocation        = false                                  {pd product} {ergonomic}

Logging:
Log output configuration:
 #0: stdout all=warning uptime,level,tags
 #1: stderr all=off uptime,level,tags

Environment Variables:
PATH=C:\WINDOWS\system32;C:\WINDOWS;C:\WINDOWS\System32\Wbem;C:\WINDOWS\System32\WindowsPowerShell\v1.0\;C:\WINDOWS\System32\OpenSSH\;C:\Program Files\Git\cmd;C:\Users\Elena\AppData\Local\Microsoft\WindowsApps;;C:\Users\Elena\AppData\Local\JetBrains\Toolbox\scripts
USERNAME=Elena
OS=Windows_NT
PROCESSOR_IDENTIFIER=AMD64 Family 22 Model 48 Stepping 1, AuthenticAMD



---------------  S Y S T E M  ---------------

OS: Windows 10 , 64 bit Build 19041 (10.0.19041.2364)
OS uptime: 12 days 8:54 hours

CPU:total 4 (initial active 4) (4 cores per cpu, 1 threads per core) family 22 model 48 stepping 1 microcode 0x0, cmov, cx8, fxsr, mmx, sse, sse2, sse3, ssse3, sse4.1, sse4.2, popcnt, avx, aes, clmul, mmxext, 3dnowpref, lzcnt, sse4a, tsc, tscinvbit, tscinv, bmi1

Memory: 4k page, system-wide physical 3530M (140M free)
TotalPageFile size 14282M (AvailPageFile size 4M)
current process WorkingSet (physical memory assigned to process): 197M, peak: 227M
current process commit charge ("private bytes"): 396M, peak: 397M

vm_info: OpenJDK 64-Bit Server VM (11.0.12+7-b1504.28-7817840) for windows-amd64 JRE (11.0.12+7-b1504.28-7817840), built on Oct 13 2021 22:12:33 by "builder" with MS VC++ 14.0 (VS2015)

END.
