#
# There is insufficient memory for the Java Runtime Environment to continue.
# Native memory allocation (malloc) failed to allocate 65552 bytes for Chunk::new
# Possible reasons:
#   The system is out of physical RAM or swap space
#   The process is running with CompressedOops enabled, and the Java Heap may be blocking the growth of the native heap
# Possible solutions:
#   Reduce memory load on the system
#   Increase physical memory or swap space
#   Check if swap backing store is full
#   Decrease Java heap size (-Xmx/-Xms)
#   Decrease number of Java threads
#   Decrease Java thread stack sizes (-Xss)
#   Set larger code cache with -XX:ReservedCodeCacheSize=
#   JVM is running with Unscaled Compressed Oops mode in which the Java heap is
#     placed in the first 4GB address space. The Java Heap base address is the
#     maximum limit for the native heap growth. Please use -XX:HeapBaseMinAddress
#     to set the Java Heap base and to place the Java Heap above 4GB virtual address.
# This output file may be truncated or incomplete.
#
#  Out of Memory Error (./src/hotspot/share/memory/arena.cpp:197), pid=15136, tid=2436
#
# JRE version: OpenJDK Runtime Environment (11.0.12+7) (build 11.0.12+7-b1504.28-7817840)
# Java VM: OpenJDK 64-Bit Server VM (11.0.12+7-b1504.28-7817840, mixed mode, tiered, compressed oops, g1 gc, windows-amd64)
# No core dump will be written. Minidumps are not enabled by default on client versions of Windows
#

---------------  S U M M A R Y ------------

Command Line: --add-opens=java.base/java.util=ALL-UNNAMED --add-opens=java.base/java.lang=ALL-UNNAMED --add-opens=java.base/java.lang.invoke=ALL-UNNAMED --add-opens=java.base/java.util=ALL-UNNAMED --add-opens=java.prefs/java.util.prefs=ALL-UNNAMED --add-opens=java.prefs/java.util.prefs=ALL-UNNAMED --add-opens=java.base/java.nio.charset=ALL-UNNAMED --add-opens=java.base/java.net=ALL-UNNAMED --add-opens=java.base/java.util.concurrent.atomic=ALL-UNNAMED -Xmx2048m -Dfile.encoding=UTF-8 -Duser.country=RU -Duser.language=ru -Duser.variant org.gradle.launcher.daemon.bootstrap.GradleDaemon 7.3.3

Host: AMD A8-7410 APU with AMD Radeon R5 Graphics    , 4 cores, 3G,  Windows 10 , 64 bit Build 19041 (10.0.19041.2364)
Time: Tue Jan 31 03:26:06 2023 RTZ 2 (зима) elapsed time: 88.678669 seconds (0d 0h 1m 28s)

---------------  T H R E A D  ---------------

Current thread (0x000002004ece1800):  JavaThread "C2 CompilerThread0" daemon [_thread_in_native, id=2436, stack(0x0000002e3b700000,0x0000002e3b800000)]


Current CompileTask:
C2:  88678 3309       4       jdk.internal.jimage.BasicImageReader::getString (48 bytes)

Stack: [0x0000002e3b700000,0x0000002e3b800000]
Native frames: (J=compiled Java code, j=interpreted, Vv=VM code, C=native code)
V  [jvm.dll+0x5fbcea]
V  [jvm.dll+0x731905]
V  [jvm.dll+0x732f1d]
V  [jvm.dll+0x7335d3]
V  [jvm.dll+0x247bf8]
V  [jvm.dll+0xc018c]
V  [jvm.dll+0xc06cc]
V  [jvm.dll+0x6281bc]
V  [jvm.dll+0x6285c2]
V  [jvm.dll+0x629dd4]
V  [jvm.dll+0x628a8d]
V  [jvm.dll+0x2021de]
V  [jvm.dll+0x1ff71f]
V  [jvm.dll+0x18868c]
V  [jvm.dll+0x20e0d7]
V  [jvm.dll+0x20c901]
V  [jvm.dll+0x6f9b7f]
V  [jvm.dll+0x6f26a5]
V  [jvm.dll+0x5fabf6]
C  [ucrtbase.dll+0x21bb2]
C  [KERNEL32.DLL+0x17614]
C  [ntdll.dll+0x526a1]


---------------  P R O C E S S  ---------------

Threads class SMR info:
_java_thread_list=0x0000020052d546a0, length=30, elements={
0x0000020034138800, 0x000002004ec79000, 0x000002004ec83800, 0x000002004ec96800,
0x000002004ec98800, 0x000002004ec99800, 0x000002004ece1800, 0x000002004ece3000,
0x000002004ee50800, 0x000002004ef67000, 0x0000020050300800, 0x0000020050551800,
0x0000020050001800, 0x000002004ffad800, 0x000002005054f800, 0x000002004fd9a000,
0x000002004ffe5800, 0x00000200512af000, 0x0000020050f11800, 0x000002004f7ee800,
0x000002004f7f0800, 0x000002004f7f2800, 0x000002004f7ed800, 0x000002004f7ec800,
0x000002004f7ef000, 0x000002004f7f3000, 0x000002004f7f0000, 0x000002004f7f1800,
0x0000020051015800, 0x0000020051014000
}

Java Threads: ( => current thread )
  0x0000020034138800 JavaThread "main" [_thread_blocked, id=11752, stack(0x0000002e3ab00000,0x0000002e3ac00000)]
  0x000002004ec79000 JavaThread "Reference Handler" daemon [_thread_blocked, id=6900, stack(0x0000002e3b200000,0x0000002e3b300000)]
  0x000002004ec83800 JavaThread "Finalizer" daemon [_thread_blocked, id=14724, stack(0x0000002e3b300000,0x0000002e3b400000)]
  0x000002004ec96800 JavaThread "Signal Dispatcher" daemon [_thread_blocked, id=5240, stack(0x0000002e3b400000,0x0000002e3b500000)]
  0x000002004ec98800 JavaThread "Attach Listener" daemon [_thread_blocked, id=11808, stack(0x0000002e3b500000,0x0000002e3b600000)]
  0x000002004ec99800 JavaThread "Service Thread" daemon [_thread_blocked, id=14664, stack(0x0000002e3b600000,0x0000002e3b700000)]
=>0x000002004ece1800 JavaThread "C2 CompilerThread0" daemon [_thread_in_native, id=2436, stack(0x0000002e3b700000,0x0000002e3b800000)]
  0x000002004ece3000 JavaThread "C1 CompilerThread0" daemon [_thread_blocked, id=15644, stack(0x0000002e3b800000,0x0000002e3b900000)]
  0x000002004ee50800 JavaThread "Sweeper thread" daemon [_thread_blocked, id=12032, stack(0x0000002e3b900000,0x0000002e3ba00000)]
  0x000002004ef67000 JavaThread "Common-Cleaner" daemon [_thread_blocked, id=8152, stack(0x0000002e3ba00000,0x0000002e3bb00000)]
  0x0000020050300800 JavaThread "Daemon health stats" [_thread_blocked, id=15564, stack(0x0000002e3a900000,0x0000002e3aa00000)]
  0x0000020050551800 JavaThread "Incoming local TCP Connector on port 63443" [_thread_in_native, id=1304, stack(0x0000002e3bd00000,0x0000002e3be00000)]
  0x0000020050001800 JavaThread "Daemon periodic checks" [_thread_blocked, id=15060, stack(0x0000002e3be00000,0x0000002e3bf00000)]
  0x000002004ffad800 JavaThread "Daemon" [_thread_blocked, id=14056, stack(0x0000002e3bf00000,0x0000002e3c000000)]
  0x000002005054f800 JavaThread "Handler for socket connection from /127.0.0.1:63443 to /127.0.0.1:63445" [_thread_in_native, id=8684, stack(0x0000002e3c000000,0x0000002e3c100000)]
  0x000002004fd9a000 JavaThread "Cancel handler" [_thread_blocked, id=15548, stack(0x0000002e3c300000,0x0000002e3c400000)]
  0x000002004ffe5800 JavaThread "Daemon worker" [_thread_in_Java, id=12272, stack(0x0000002e3c400000,0x0000002e3c500000)]
  0x00000200512af000 JavaThread "Asynchronous log dispatcher for DefaultDaemonConnection: socket connection from /127.0.0.1:63443 to /127.0.0.1:63445" [_thread_blocked, id=14656, stack(0x0000002e3c500000,0x0000002e3c600000)]
  0x0000020050f11800 JavaThread "Stdin handler" [_thread_blocked, id=14692, stack(0x0000002e3c600000,0x0000002e3c700000)]
  0x000002004f7ee800 JavaThread "Daemon client event forwarder" [_thread_blocked, id=14628, stack(0x0000002e3c700000,0x0000002e3c800000)]
  0x000002004f7f0800 JavaThread "Cache worker for journal cache (C:\Users\Elena\.gradle\caches\journal-1)" [_thread_blocked, id=14472, stack(0x0000002e3c800000,0x0000002e3c900000)]
  0x000002004f7f2800 JavaThread "File lock request listener" [_thread_in_native, id=1988, stack(0x0000002e3c900000,0x0000002e3ca00000)]
  0x000002004f7ed800 JavaThread "Cache worker for file hash cache (C:\Users\Elena\.gradle\caches\7.3.3\fileHashes)" [_thread_blocked, id=7508, stack(0x0000002e3ca00000,0x0000002e3cb00000)]
  0x000002004f7ec800 JavaThread "Cache worker for file hash cache (C:\Users\Elena\AndroidStudioProjects\new\.gradle\7.3.3\fileHashes)" [_thread_blocked, id=7496, stack(0x0000002e3cb00000,0x0000002e3cc00000)]
  0x000002004f7ef000 JavaThread "File watcher server" daemon [_thread_in_native, id=8364, stack(0x0000002e3cc00000,0x0000002e3cd00000)]
  0x000002004f7f3000 JavaThread "File watcher consumer" daemon [_thread_blocked, id=5132, stack(0x0000002e3cd00000,0x0000002e3ce00000)]
  0x000002004f7f0000 JavaThread "Cache worker for checksums cache (C:\Users\Elena\AndroidStudioProjects\new\.gradle\7.3.3\checksums)" [_thread_blocked, id=9304, stack(0x0000002e3ce00000,0x0000002e3cf00000)]
  0x000002004f7f1800 JavaThread "Cache worker for cache directory md-supplier (C:\Users\Elena\.gradle\caches\7.3.3\md-supplier)" [_thread_blocked, id=16172, stack(0x0000002e3cf00000,0x0000002e3d000000)]
  0x0000020051015800 JavaThread "Cache worker for cache directory md-rule (C:\Users\Elena\.gradle\caches\7.3.3\md-rule)" [_thread_blocked, id=11008, stack(0x0000002e3d000000,0x0000002e3d100000)]
  0x0000020051014000 JavaThread "Cache worker for execution history cache (C:\Users\Elena\.gradle\caches\7.3.3\executionHistory)" [_thread_blocked, id=16144, stack(0x0000002e3d100000,0x0000002e3d200000)]

Other Threads:
  0x000002004ec74000 VMThread "VM Thread" [stack: 0x0000002e3b100000,0x0000002e3b200000] [id=12308]
  0x000002004ef97000 WatcherThread [stack: 0x0000002e3bb00000,0x0000002e3bc00000] [id=11920]
  0x0000020034152800 GCTaskThread "GC Thread#0" [stack: 0x0000002e3ac00000,0x0000002e3ad00000] [id=8896]
  0x000002004f143800 GCTaskThread "GC Thread#1" [stack: 0x0000002e3a800000,0x0000002e3a900000] [id=368]
  0x000002005147e000 GCTaskThread "GC Thread#2" [stack: 0x0000002e3c100000,0x0000002e3c200000] [id=14220]
  0x00000200508e1800 GCTaskThread "GC Thread#3" [stack: 0x0000002e3c200000,0x0000002e3c300000] [id=664]
  0x0000020034185000 ConcurrentGCThread "G1 Main Marker" [stack: 0x0000002e3ad00000,0x0000002e3ae00000] [id=2736]
  0x0000020034186800 ConcurrentGCThread "G1 Conc#0" [stack: 0x0000002e3ae00000,0x0000002e3af00000] [id=1704]
  0x00000200341cd800 ConcurrentGCThread "G1 Refine#0" [stack: 0x0000002e3af00000,0x0000002e3b000000] [id=4196]
  0x00000200341cf000 ConcurrentGCThread "G1 Young RemSet Sampling" [stack: 0x0000002e3b000000,0x0000002e3b100000] [id=15420]

Threads with active compile tasks:
C2 CompilerThread0  88787 3309       4       jdk.internal.jimage.BasicImageReader::getString (48 bytes)

VM state:not at safepoint (normal execution)

VM Mutex/Monitor currently owned by a thread: None

Heap address: 0x0000000080000000, size: 2048 MB, Compressed Oops mode: 32-bit
Narrow klass base: 0x0000000000000000, Narrow klass shift: 3
Compressed class space size: 1073741824 Address: 0x0000000100000000

Heap:
 garbage-first heap   total 57344K, used 40279K [0x0000000080000000, 0x0000000100000000)
  region size 1024K, 22 young (22528K), 3 survivors (3072K)
 Metaspace       used 37207K, capacity 38097K, committed 38344K, reserved 1083392K
  class space    used 4778K, capacity 5115K, committed 5196K, reserved 1048576K
Heap Regions: E=young(eden), S=young(survivor), O=old, HS=humongous(starts), HC=humongous(continues), CS=collection set, F=free, A=archive, TAMS=top-at-mark-start (previous, next)
|   0|0x0000000080000000, 0x0000000080100000, 0x0000000080100000|100%| O|  |TAMS 0x0000000080100000, 0x0000000080000000| Untracked 
|   1|0x0000000080100000, 0x0000000080200000, 0x0000000080200000|100%| O|  |TAMS 0x0000000080200000, 0x0000000080100000| Untracked 
|   2|0x0000000080200000, 0x0000000080300000, 0x0000000080300000|100%| O|  |TAMS 0x0000000080300000, 0x0000000080200000| Untracked 
|   3|0x0000000080300000, 0x0000000080400000, 0x0000000080400000|100%|HS|  |TAMS 0x0000000080400000, 0x0000000080300000| Complete 
|   4|0x0000000080400000, 0x0000000080500000, 0x0000000080500000|100%|HC|  |TAMS 0x0000000080500000, 0x0000000080400000| Complete 
|   5|0x0000000080500000, 0x0000000080600000, 0x0000000080600000|100%|HC|  |TAMS 0x0000000080600000, 0x0000000080500000| Complete 
|   6|0x0000000080600000, 0x0000000080700000, 0x0000000080700000|100%| O|  |TAMS 0x0000000080700000, 0x0000000080600000| Untracked 
|   7|0x0000000080700000, 0x0000000080800000, 0x0000000080800000|100%| O|  |TAMS 0x0000000080800000, 0x0000000080700000| Untracked 
|   8|0x0000000080800000, 0x0000000080900000, 0x0000000080900000|100%| O|  |TAMS 0x0000000080900000, 0x0000000080800000| Untracked 
|   9|0x0000000080900000, 0x0000000080a00000, 0x0000000080a00000|100%| O|  |TAMS 0x0000000080a00000, 0x0000000080900000| Untracked 
|  10|0x0000000080a00000, 0x0000000080b00000, 0x0000000080b00000|100%| O|  |TAMS 0x0000000080b00000, 0x0000000080a00000| Untracked 
|  11|0x0000000080b00000, 0x0000000080c00000, 0x0000000080c00000|100%| O|  |TAMS 0x0000000080c00000, 0x0000000080b00000| Untracked 
|  12|0x0000000080c00000, 0x0000000080d00000, 0x0000000080d00000|100%| O|  |TAMS 0x0000000080d00000, 0x0000000080c00000| Untracked 
|  13|0x0000000080d00000, 0x0000000080e00000, 0x0000000080e00000|100%| O|  |TAMS 0x0000000080e00000, 0x0000000080d00000| Untracked 
|  14|0x0000000080e00000, 0x0000000080f00000, 0x0000000080f00000|100%| O|  |TAMS 0x0000000080f00000, 0x0000000080e00000| Untracked 
|  15|0x0000000080f00000, 0x0000000081000000, 0x0000000081000000|100%| O|  |TAMS 0x0000000081000000, 0x0000000080f00000| Untracked 
|  16|0x0000000081000000, 0x0000000081100000, 0x0000000081100000|100%| O|  |TAMS 0x0000000081100000, 0x0000000081000000| Untracked 
|  17|0x0000000081100000, 0x0000000081200000, 0x0000000081200000|100%| O|  |TAMS 0x0000000081200000, 0x0000000081100000| Untracked 
|  18|0x0000000081200000, 0x0000000081300000, 0x0000000081300000|100%| O|  |TAMS 0x0000000081300000, 0x0000000081200000| Untracked 
|  19|0x0000000081300000, 0x0000000081388e00, 0x0000000081400000| 53%| O|  |TAMS 0x0000000081388e00, 0x0000000081300000| Untracked 
|  20|0x0000000081400000, 0x0000000081400000, 0x0000000081500000|  0%| F|  |TAMS 0x0000000081400000, 0x0000000081400000| Untracked 
|  21|0x0000000081500000, 0x0000000081500000, 0x0000000081600000|  0%| F|  |TAMS 0x0000000081500000, 0x0000000081500000| Untracked 
|  22|0x0000000081600000, 0x0000000081600000, 0x0000000081700000|  0%| F|  |TAMS 0x0000000081600000, 0x0000000081600000| Untracked 
|  23|0x0000000081700000, 0x0000000081700000, 0x0000000081800000|  0%| F|  |TAMS 0x0000000081700000, 0x0000000081700000| Untracked 
|  24|0x0000000081800000, 0x0000000081800000, 0x0000000081900000|  0%| F|  |TAMS 0x0000000081800000, 0x0000000081800000| Untracked 
|  25|0x0000000081900000, 0x0000000081900000, 0x0000000081a00000|  0%| F|  |TAMS 0x0000000081900000, 0x0000000081900000| Untracked 
|  26|0x0000000081a00000, 0x0000000081a00000, 0x0000000081b00000|  0%| F|  |TAMS 0x0000000081a00000, 0x0000000081a00000| Untracked 
|  27|0x0000000081b00000, 0x0000000081b00000, 0x0000000081c00000|  0%| F|  |TAMS 0x0000000081b00000, 0x0000000081b00000| Untracked 
|  28|0x0000000081c00000, 0x0000000081c00000, 0x0000000081d00000|  0%| F|  |TAMS 0x0000000081c00000, 0x0000000081c00000| Untracked 
|  29|0x0000000081d00000, 0x0000000081d00000, 0x0000000081e00000|  0%| F|  |TAMS 0x0000000081d00000, 0x0000000081d00000| Untracked 
|  30|0x0000000081e00000, 0x0000000081e00000, 0x0000000081f00000|  0%| F|  |TAMS 0x0000000081e00000, 0x0000000081e00000| Untracked 
|  31|0x0000000081f00000, 0x0000000081f00000, 0x0000000082000000|  0%| F|  |TAMS 0x0000000081f00000, 0x0000000081f00000| Untracked 
|  32|0x0000000082000000, 0x0000000082000000, 0x0000000082100000|  0%| F|  |TAMS 0x0000000082000000, 0x0000000082000000| Untracked 
|  33|0x0000000082100000, 0x0000000082100000, 0x0000000082200000|  0%| F|  |TAMS 0x0000000082100000, 0x0000000082100000| Untracked 
|  34|0x0000000082200000, 0x00000000822ba848, 0x0000000082300000| 72%| E|  |TAMS 0x0000000082200000, 0x0000000082200000| Complete 
|  35|0x0000000082300000, 0x0000000082400000, 0x0000000082400000|100%| E|CS|TAMS 0x0000000082300000, 0x0000000082300000| Complete 
|  36|0x0000000082400000, 0x0000000082500000, 0x0000000082500000|100%| E|CS|TAMS 0x0000000082400000, 0x0000000082400000| Complete 
|  37|0x0000000082500000, 0x0000000082600000, 0x0000000082600000|100%| E|CS|TAMS 0x0000000082500000, 0x0000000082500000| Complete 
|  38|0x0000000082600000, 0x0000000082700000, 0x0000000082700000|100%| E|CS|TAMS 0x0000000082600000, 0x0000000082600000| Complete 
|  39|0x0000000082700000, 0x0000000082800000, 0x0000000082800000|100%| E|CS|TAMS 0x0000000082700000, 0x0000000082700000| Complete 
|  40|0x0000000082800000, 0x0000000082900000, 0x0000000082900000|100%| E|CS|TAMS 0x0000000082800000, 0x0000000082800000| Complete 
|  41|0x0000000082900000, 0x0000000082a00000, 0x0000000082a00000|100%| E|CS|TAMS 0x0000000082900000, 0x0000000082900000| Complete 
|  42|0x0000000082a00000, 0x0000000082b00000, 0x0000000082b00000|100%| E|CS|TAMS 0x0000000082a00000, 0x0000000082a00000| Complete 
|  43|0x0000000082b00000, 0x0000000082c00000, 0x0000000082c00000|100%| E|CS|TAMS 0x0000000082b00000, 0x0000000082b00000| Complete 
|  44|0x0000000082c00000, 0x0000000082d00000, 0x0000000082d00000|100%| E|CS|TAMS 0x0000000082c00000, 0x0000000082c00000| Complete 
|  45|0x0000000082d00000, 0x0000000082dcceb0, 0x0000000082e00000| 80%| S|CS|TAMS 0x0000000082d00000, 0x0000000082d00000| Complete 
|  46|0x0000000082e00000, 0x0000000082f00000, 0x0000000082f00000|100%| S|CS|TAMS 0x0000000082e00000, 0x0000000082e00000| Complete 
|  47|0x0000000082f00000, 0x0000000083000000, 0x0000000083000000|100%| S|CS|TAMS 0x0000000082f00000, 0x0000000082f00000| Complete 
|  48|0x0000000083000000, 0x0000000083100000, 0x0000000083100000|100%| E|CS|TAMS 0x0000000083000000, 0x0000000083000000| Complete 
|  49|0x0000000083100000, 0x0000000083200000, 0x0000000083200000|100%| E|CS|TAMS 0x0000000083100000, 0x0000000083100000| Complete 
|  50|0x0000000083200000, 0x0000000083300000, 0x0000000083300000|100%| E|  |TAMS 0x0000000083200000, 0x0000000083200000| Complete 
|  51|0x0000000083300000, 0x0000000083400000, 0x0000000083400000|100%| E|CS|TAMS 0x0000000083300000, 0x0000000083300000| Complete 
|  52|0x0000000083400000, 0x0000000083500000, 0x0000000083500000|100%| E|CS|TAMS 0x0000000083400000, 0x0000000083400000| Complete 
|  53|0x0000000083500000, 0x0000000083600000, 0x0000000083600000|100%| E|CS|TAMS 0x0000000083500000, 0x0000000083500000| Complete 
|  54|0x0000000083600000, 0x0000000083700000, 0x0000000083700000|100%| E|CS|TAMS 0x0000000083600000, 0x0000000083600000| Complete 
|  55|0x0000000083700000, 0x0000000083800000, 0x0000000083800000|100%| E|CS|TAMS 0x0000000083700000, 0x0000000083700000| Complete 

Card table byte_map: [0x0000020047670000,0x0000020047a70000] _byte_map_base: 0x0000020047270000

Marking Bits (Prev, Next): (CMBitMap*) 0x000002003417c4c8, (CMBitMap*) 0x000002003417c500
 Prev Bits: [0x0000020047e70000, 0x0000020049e70000)
 Next Bits: [0x0000020049e70000, 0x000002004be70000)

Polling page: 0x0000020032940000

Metaspace:

Usage:
  Non-class:     32.21 MB capacity,    31.67 MB ( 98%) used,   472.77 KB (  1%) free+waste,    80.06 KB ( <1%) overhead. 
      Class:      5.00 MB capacity,     4.67 MB ( 93%) used,   298.02 KB (  6%) free+waste,    38.50 KB ( <1%) overhead. 
       Both:     37.20 MB capacity,    36.34 MB ( 98%) used,   770.79 KB (  2%) free+waste,   118.56 KB ( <1%) overhead. 

Virtual space:
  Non-class space:       34.00 MB reserved,      32.37 MB ( 95%) committed 
      Class space:        1.00 GB reserved,       5.07 MB ( <1%) committed 
             Both:        1.03 GB reserved,      37.45 MB (  4%) committed 

Chunk freelists:
   Non-Class:  38.00 KB
       Class:  5.00 KB
        Both:  43.00 KB

MaxMetaspaceSize: 17179869184.00 GB
CompressedClassSpaceSize: 1.00 GB
Initial GC threshold: 20.80 MB
Current GC threshold: 58.66 MB
CDS: off

CodeHeap 'non-profiled nmethods': size=120064Kb used=1483Kb max_used=1483Kb free=118580Kb
 bounds [0x000002003f710000, 0x000002003f980000, 0x0000020046c50000]
CodeHeap 'profiled nmethods': size=120000Kb used=7168Kb max_used=7168Kb free=112831Kb
 bounds [0x00000200381e0000, 0x00000200388f0000, 0x000002003f710000]
CodeHeap 'non-nmethods': size=5696Kb used=1587Kb max_used=1600Kb free=4108Kb
 bounds [0x0000020037c50000, 0x0000020037ec0000, 0x00000200381e0000]
 total_blobs=3927 nmethods=3307 adapters=533
 compilation: enabled
              stopped_count=0, restarted_count=0
 full_count=0

Compilation events (20 events):
Event: 88.572 Thread 0x000002004ece3000 3300       3       java.util.stream.SpinedBuffer::get (123 bytes)
Event: 88.573 Thread 0x000002004ece3000 nmethod 3300 0x00000200388d8490 code [0x00000200388d86e0, 0x00000200388d8ed8]
Event: 88.573 Thread 0x000002004ece3000 3301       3       jdk.internal.jrtfs.JrtPath::resolve (125 bytes)
Event: 88.578 Thread 0x000002004ece3000 nmethod 3301 0x00000200388d9290 code [0x00000200388d9660, 0x00000200388db048]
Event: 88.578 Thread 0x000002004ece3000 3302       3       jdk.internal.jrtfs.JrtPath::checkPath (47 bytes)
Event: 88.580 Thread 0x000002004ece3000 nmethod 3302 0x00000200388db990 code [0x00000200388dbc60, 0x00000200388dc9f8]
Event: 88.580 Thread 0x000002004ece3000 3303       3       jdk.internal.jrtfs.JrtFileSystem$$Lambda$319/0x00000001004ca040::test (12 bytes)
Event: 88.581 Thread 0x000002004ece3000 nmethod 3303 0x00000200388dce90 code [0x00000200388dd080, 0x00000200388dd518]
Event: 88.581 Thread 0x000002004ece3000 3304   !   3       jdk.internal.jrtfs.JrtFileSystem::lambda$iteratorOf$3 (11 bytes)
Event: 88.582 Thread 0x000002004ece3000 nmethod 3304 0x00000200388dd710 code [0x00000200388dd8e0, 0x00000200388ddbf8]
Event: 88.582 Thread 0x000002004ece3000 3305       3       java.util.stream.StreamSpliterators$WrappingSpliterator$$Lambda$320/0x00000001004ca440::accept (9 bytes)
Event: 88.586 Thread 0x000002004ece3000 nmethod 3305 0x00000200388ddd90 code [0x00000200388ddf40, 0x00000200388de108]
Event: 88.586 Thread 0x000002004ece3000 3306       3       jdk.internal.jrtfs.JrtDirectoryStream$1::next (5 bytes)
Event: 88.586 Thread 0x000002004ece3000 nmethod 3306 0x00000200388de210 code [0x00000200388de3c0, 0x00000200388de4e8]
Event: 88.586 Thread 0x000002004ece3000 3307   !   3       jdk.internal.jrtfs.JrtDirectoryStream$1::next (48 bytes)
Event: 88.587 Thread 0x000002004ece3000 nmethod 3307 0x00000200388de590 code [0x00000200388de780, 0x00000200388decf8]
Event: 88.605 Thread 0x000002004ece1800 nmethod 3298 0x000002003f881f90 code [0x000002003f8821a0, 0x000002003f882808]
Event: 88.605 Thread 0x000002004ece1800 3309       4       jdk.internal.jimage.BasicImageReader::getString (48 bytes)
Event: 88.655 Thread 0x000002004ece3000 3312       3       java.lang.String::regionMatches (187 bytes)
Event: 88.657 Thread 0x000002004ece3000 nmethod 3312 0x00000200388def90 code [0x00000200388df1e0, 0x00000200388dfeb8]

GC Heap History (20 events):
Event: 60.789 GC heap before
{Heap before GC invocations=3 (full 0):
 garbage-first heap   total 57344K, used 31574K [0x0000000080000000, 0x0000000100000000)
  region size 1024K, 22 young (22528K), 1 survivors (1024K)
 Metaspace       used 11415K, capacity 11768K, committed 11904K, reserved 1060864K
  class space    used 1191K, capacity 1284K, committed 1408K, reserved 1048576K
}
Event: 60.798 GC heap after
{Heap after GC invocations=4 (full 0):
 garbage-first heap   total 57344K, used 13842K [0x0000000080000000, 0x0000000100000000)
  region size 1024K, 3 young (3072K), 3 survivors (3072K)
 Metaspace       used 11415K, capacity 11768K, committed 11904K, reserved 1060864K
  class space    used 1191K, capacity 1284K, committed 1408K, reserved 1048576K
}
Event: 68.073 GC heap before
{Heap before GC invocations=4 (full 0):
 garbage-first heap   total 57344K, used 35346K [0x0000000080000000, 0x0000000100000000)
  region size 1024K, 24 young (24576K), 3 survivors (3072K)
 Metaspace       used 16630K, capacity 17018K, committed 17152K, reserved 1064960K
  class space    used 1911K, capacity 2036K, committed 2048K, reserved 1048576K
}
Event: 68.163 GC heap after
{Heap after GC invocations=5 (full 0):
 garbage-first heap   total 57344K, used 16404K [0x0000000080000000, 0x0000000100000000)
  region size 1024K, 2 young (2048K), 2 survivors (2048K)
 Metaspace       used 16630K, capacity 17018K, committed 17152K, reserved 1064960K
  class space    used 1911K, capacity 2036K, committed 2048K, reserved 1048576K
}
Event: 71.014 GC heap before
{Heap before GC invocations=5 (full 0):
 garbage-first heap   total 57344K, used 37908K [0x0000000080000000, 0x0000000100000000)
  region size 1024K, 23 young (23552K), 2 survivors (2048K)
 Metaspace       used 19110K, capacity 19474K, committed 19584K, reserved 1067008K
  class space    used 2310K, capacity 2409K, committed 2432K, reserved 1048576K
}
Event: 71.027 GC heap after
{Heap after GC invocations=6 (full 0):
 garbage-first heap   total 57344K, used 17251K [0x0000000080000000, 0x0000000100000000)
  region size 1024K, 1 young (1024K), 1 survivors (1024K)
 Metaspace       used 19110K, capacity 19474K, committed 19584K, reserved 1067008K
  class space    used 2310K, capacity 2409K, committed 2432K, reserved 1048576K
}
Event: 73.543 GC heap before
{Heap before GC invocations=6 (full 0):
 garbage-first heap   total 57344K, used 29539K [0x0000000080000000, 0x0000000100000000)
  region size 1024K, 15 young (15360K), 1 survivors (1024K)
 Metaspace       used 20710K, capacity 21181K, committed 21296K, reserved 1069056K
  class space    used 2538K, capacity 2680K, committed 2688K, reserved 1048576K
}
Event: 73.551 GC heap after
{Heap after GC invocations=7 (full 0):
 garbage-first heap   total 57344K, used 17675K [0x0000000080000000, 0x0000000100000000)
  region size 1024K, 2 young (2048K), 2 survivors (2048K)
 Metaspace       used 20710K, capacity 21181K, committed 21296K, reserved 1069056K
  class space    used 2538K, capacity 2680K, committed 2688K, reserved 1048576K
}
Event: 75.115 GC heap before
{Heap before GC invocations=8 (full 0):
 garbage-first heap   total 57344K, used 38155K [0x0000000080000000, 0x0000000100000000)
  region size 1024K, 22 young (22528K), 2 survivors (2048K)
 Metaspace       used 22871K, capacity 23376K, committed 23472K, reserved 1069056K
  class space    used 2876K, capacity 3034K, committed 3072K, reserved 1048576K
}
Event: 75.120 GC heap after
{Heap after GC invocations=9 (full 0):
 garbage-first heap   total 57344K, used 18261K [0x0000000080000000, 0x0000000100000000)
  region size 1024K, 2 young (2048K), 2 survivors (2048K)
 Metaspace       used 22871K, capacity 23376K, committed 23472K, reserved 1069056K
  class space    used 2876K, capacity 3034K, committed 3072K, reserved 1048576K
}
Event: 77.857 GC heap before
{Heap before GC invocations=9 (full 0):
 garbage-first heap   total 57344K, used 38741K [0x0000000080000000, 0x0000000100000000)
  region size 1024K, 22 young (22528K), 2 survivors (2048K)
 Metaspace       used 24891K, capacity 25526K, committed 25648K, reserved 1071104K
  class space    used 3175K, capacity 3388K, committed 3456K, reserved 1048576K
}
Event: 77.864 GC heap after
{Heap after GC invocations=10 (full 0):
 garbage-first heap   total 57344K, used 19020K [0x0000000080000000, 0x0000000100000000)
  region size 1024K, 2 young (2048K), 2 survivors (2048K)
 Metaspace       used 24891K, capacity 25526K, committed 25648K, reserved 1071104K
  class space    used 3175K, capacity 3388K, committed 3456K, reserved 1048576K
}
Event: 80.237 GC heap before
{Heap before GC invocations=10 (full 0):
 garbage-first heap   total 57344K, used 39500K [0x0000000080000000, 0x0000000100000000)
  region size 1024K, 22 young (22528K), 2 survivors (2048K)
 Metaspace       used 27191K, capacity 27802K, committed 28080K, reserved 1073152K
  class space    used 3544K, capacity 3769K, committed 3840K, reserved 1048576K
}
Event: 80.246 GC heap after
{Heap after GC invocations=11 (full 0):
 garbage-first heap   total 57344K, used 20033K [0x0000000080000000, 0x0000000100000000)
  region size 1024K, 3 young (3072K), 3 survivors (3072K)
 Metaspace       used 27191K, capacity 27802K, committed 28080K, reserved 1073152K
  class space    used 3544K, capacity 3769K, committed 3840K, reserved 1048576K
}
Event: 82.720 GC heap before
{Heap before GC invocations=11 (full 0):
 garbage-first heap   total 57344K, used 40513K [0x0000000080000000, 0x0000000100000000)
  region size 1024K, 23 young (23552K), 3 survivors (3072K)
 Metaspace       used 29085K, capacity 29764K, committed 29872K, reserved 1075200K
  class space    used 3836K, capacity 4063K, committed 4096K, reserved 1048576K
}
Event: 82.730 GC heap after
{Heap after GC invocations=12 (full 0):
 garbage-first heap   total 57344K, used 20626K [0x0000000080000000, 0x0000000100000000)
  region size 1024K, 2 young (2048K), 2 survivors (2048K)
 Metaspace       used 29085K, capacity 29764K, committed 29872K, reserved 1075200K
  class space    used 3836K, capacity 4063K, committed 4096K, reserved 1048576K
}
Event: 85.021 GC heap before
{Heap before GC invocations=12 (full 0):
 garbage-first heap   total 57344K, used 42130K [0x0000000080000000, 0x0000000100000000)
  region size 1024K, 23 young (23552K), 2 survivors (2048K)
 Metaspace       used 31720K, capacity 32503K, committed 32688K, reserved 1077248K
  class space    used 4234K, capacity 4507K, committed 4608K, reserved 1048576K
}
Event: 85.029 GC heap after
{Heap after GC invocations=13 (full 0):
 garbage-first heap   total 57344K, used 21638K [0x0000000080000000, 0x0000000100000000)
  region size 1024K, 2 young (2048K), 2 survivors (2048K)
 Metaspace       used 31720K, capacity 32503K, committed 32688K, reserved 1077248K
  class space    used 4234K, capacity 4507K, committed 4608K, reserved 1048576K
}
Event: 86.751 GC heap before
{Heap before GC invocations=13 (full 0):
 garbage-first heap   total 57344K, used 27782K [0x0000000080000000, 0x0000000100000000)
  region size 1024K, 10 young (10240K), 2 survivors (2048K)
 Metaspace       used 34897K, capacity 35665K, committed 35708K, reserved 1081344K
  class space    used 4513K, capacity 4839K, committed 4864K, reserved 1048576K
}
Event: 86.765 GC heap after
{Heap after GC invocations=14 (full 0):
 garbage-first heap   total 57344K, used 22871K [0x0000000080000000, 0x0000000100000000)
  region size 1024K, 3 young (3072K), 3 survivors (3072K)
 Metaspace       used 34897K, capacity 35665K, committed 35708K, reserved 1081344K
  class space    used 4513K, capacity 4839K, committed 4864K, reserved 1048576K
}

Deoptimization events (20 events):
Event: 87.893 Thread 0x000002004ffe5800 Uncommon trap: trap_request=0xffffff4d fr.pc=0x000002003f72b45c relative=0x000000000000003c
Event: 87.893 Thread 0x000002004ffe5800 Uncommon trap: reason=unstable_if action=reinterpret pc=0x000002003f72b45c method=sun.nio.fs.WindowsPathParser.isSlash(C)Z @ 9 c2
Event: 87.893 Thread 0x000002004ffe5800 DEOPT PACKING pc=0x000002003f72b45c sp=0x0000002e3c4f96a0
Event: 87.893 Thread 0x000002004ffe5800 DEOPT UNPACKING pc=0x0000020037c9a1af sp=0x0000002e3c4f9628 mode 2
Event: 87.913 Thread 0x000002004ffe5800 Uncommon trap: trap_request=0xffffff4d fr.pc=0x000002003f856be0 relative=0x00000000000003a0
Event: 87.913 Thread 0x000002004ffe5800 Uncommon trap: reason=unstable_if action=reinterpret pc=0x000002003f856be0 method=java.lang.String.equalsIgnoreCase(Ljava/lang/String;)Z @ 36 c2
Event: 87.913 Thread 0x000002004ffe5800 DEOPT PACKING pc=0x000002003f856be0 sp=0x0000002e3c4f7ee0
Event: 87.913 Thread 0x000002004ffe5800 DEOPT UNPACKING pc=0x0000020037c9a1af sp=0x0000002e3c4f7ea0 mode 2
Event: 87.915 Thread 0x000002004ffe5800 Uncommon trap: trap_request=0xffffffc6 fr.pc=0x000002003f82d3f8 relative=0x0000000000004978
Event: 87.915 Thread 0x000002004ffe5800 Uncommon trap: reason=bimorphic_or_optimized_type_check action=maybe_recompile pc=0x000002003f82d3f8 method=java.net.URL.<init>(Ljava/net/URL;Ljava/lang/String;Ljava/net/URLStreamHandler;)V @ 504 c2
Event: 87.915 Thread 0x000002004ffe5800 DEOPT PACKING pc=0x000002003f82d3f8 sp=0x0000002e3c4f7950
Event: 87.915 Thread 0x000002004ffe5800 DEOPT UNPACKING pc=0x0000020037c9a1af sp=0x0000002e3c4f78e0 mode 2
Event: 88.303 Thread 0x000002004ffe5800 Uncommon trap: trap_request=0xffffff7e fr.pc=0x000002003f85782c relative=0x000000000000032c
Event: 88.303 Thread 0x000002004ffe5800 Uncommon trap: reason=predicate action=maybe_recompile pc=0x000002003f85782c method=java.util.stream.ReferencePipeline.forEachWithCancel(Ljava/util/Spliterator;Ljava/util/stream/Sink;)Z @ 8 c2
Event: 88.303 Thread 0x000002004ffe5800 DEOPT PACKING pc=0x000002003f85782c sp=0x0000002e3c4f93f0
Event: 88.303 Thread 0x000002004ffe5800 DEOPT UNPACKING pc=0x0000020037c9a1af sp=0x0000002e3c4f9390 mode 2
Event: 88.484 Thread 0x0000020050300800 Uncommon trap: trap_request=0xffffffbe fr.pc=0x000002003f879f78 relative=0x00000000000004f8
Event: 88.484 Thread 0x0000020050300800 Uncommon trap: reason=profile_predicate action=maybe_recompile pc=0x000002003f879f78 method=java.util.stream.ReferencePipeline.forEachWithCancel(Ljava/util/Spliterator;Ljava/util/stream/Sink;)Z @ 8 c2
Event: 88.484 Thread 0x0000020050300800 DEOPT PACKING pc=0x000002003f879f78 sp=0x0000002e3a9fed90
Event: 88.484 Thread 0x0000020050300800 DEOPT UNPACKING pc=0x0000020037c9a1af sp=0x0000002e3a9fed30 mode 2

Classes redefined (0 events):
No events

Internal exceptions (20 events):
Event: 80.819 Thread 0x000002004ffe5800 Exception <a 'java/lang/NoSuchMethodError'{0x00000000832095d0}: 'java.lang.Object java.lang.invoke.Invokers$Holder.linkToTargetMethod(java.lang.Object, java.lang.Object, java.lang.Object, java.lang.Object, java.lang.Object, java.lang.Object, java.lang.Object, java.lang.Object, java.lang.Object, java.lang.Object, java.lang.Object, java.lang.Object)'> (0x00000000832095d0) thrown at [./src/hotspot/share/interpreter/linkResolver.cpp, line 773]
Event: 80.939 Thread 0x000002004ffe5800 Exception <a 'java/lang/NoSuchMethodError'{0x00000000832f2390}: 'java.lang.Object java.lang.invoke.DirectMethodHandle$Holder.invokeStaticInit(java.lang.Object, java.lang.Object, java.lang.Object, java.lang.Object)'> (0x00000000832f2390) thrown at [./src/hotspot/share/interpreter/linkResolver.cpp, line 773]
Event: 81.856 Thread 0x000002004ffe5800 Implicit null exception at 0x000002003f7dc775 to 0x000002003f7dc924
Event: 82.998 Thread 0x000002004ffe5800 Exception <a 'java/lang/NoSuchMethodError'{0x00000000835c32d0}: 'java.lang.Object java.lang.invoke.Invokers$Holder.linkToTargetMethod(java.lang.Object, java.lang.Object, java.lang.Object, java.lang.Object, java.lang.Object, java.lang.Object, java.lang.Object, java.lang.Object)'> (0x00000000835c32d0) thrown at [./src/hotspot/share/interpreter/linkResolver.cpp, line 773]
Event: 83.026 Thread 0x000002004ffe5800 Exception <a 'java/lang/NoSuchMethodError'{0x0000000083410180}: 'java.lang.Object java.lang.invoke.Invokers$Holder.linkToTargetMethod(java.lang.Object, java.lang.Object, java.lang.Object, java.lang.Object, java.lang.Object, java.lang.Object, java.lang.Object)'> (0x0000000083410180) thrown at [./src/hotspot/share/interpreter/linkResolver.cpp, line 773]
Event: 83.042 Thread 0x000002004ffe5800 Exception <a 'java/lang/IncompatibleClassChangeError'{0x000000008344ea18}: Found class java.lang.Object, but interface was expected> (0x000000008344ea18) thrown at [./src/hotspot/share/interpreter/linkResolver.cpp, line 839]
Event: 85.309 Thread 0x000002004ffe5800 Exception <a 'java/lang/NoSuchMethodError'{0x00000000836dee60}: 'void java.lang.invoke.DirectMethodHandle$Holder.invokeStaticInit(java.lang.Object, java.lang.Object, java.lang.Object)'> (0x00000000836dee60) thrown at [./src/hotspot/share/interpreter/linkResolver.cpp, line 773]
Event: 85.318 Thread 0x000002004ffe5800 Exception <a 'java/lang/NoSuchMethodError'{0x00000000836e60b8}: 'void java.lang.invoke.DirectMethodHandle$Holder.invokeStaticInit(java.lang.Object, java.lang.Object, java.lang.Object, java.lang.Object)'> (0x00000000836e60b8) thrown at [./src/hotspot/share/interpreter/linkResolver.cpp, line 773]
Event: 85.358 Thread 0x000002004ffe5800 Exception <a 'java/lang/NoSuchMethodError'{0x0000000083508bc8}: 'void java.lang.invoke.DirectMethodHandle$Holder.invokeStaticInit(java.lang.Object, java.lang.Object, java.lang.Object, java.lang.Object, java.lang.Object)'> (0x0000000083508bc8) thrown at [./src/hotspot/share/interpreter/linkResolver.cpp, line 773]
Event: 85.899 Thread 0x000002004ffe5800 Exception <a 'java/lang/NoSuchMethodError'{0x000000008357c350}: 'int java.lang.invoke.DirectMethodHandle$Holder.invokeStaticInit(java.lang.Object, java.lang.Object, java.lang.Object, java.lang.Object)'> (0x000000008357c350) thrown at [./src/hotspot/share/interpreter/linkResolver.cpp, line 773]
Event: 87.250 Thread 0x000002004ffe5800 Exception <a 'java/lang/NoSuchMethodError'{0x000000008354a020}: 'java.lang.Object java.lang.invoke.DirectMethodHandle$Holder.invokeStatic(java.lang.Object, java.lang.Object, java.lang.Object, java.lang.Object, java.lang.Object, java.lang.Object, java.lang.Object, java.lang.Object, java.lang.Object, java.lang.Object, java.lang.Object, int)'> (0x000000008354a020) thrown at [./src/hotspot/share/interpreter/linkResolver.cpp, line 773]
Event: 87.341 Thread 0x000002004ffe5800 Exception <a 'java/lang/NoSuchMethodError'{0x0000000083569660}: 'java.lang.Object java.lang.invoke.DirectMethodHandle$Holder.invokeStatic(java.lang.Object, java.lang.Object, java.lang.Object, java.lang.Object, java.lang.Object, java.lang.Object, java.lang.Object, java.lang.Object, java.lang.Object, java.lang.Object, java.lang.Object, int, int)'> (0x0000000083569660) thrown at [./src/hotspot/share/interpreter/linkResolver.cpp, line 773]
Event: 87.359 Thread 0x000002004ffe5800 Exception <a 'java/lang/NoSuchMethodError'{0x0000000083588e90}: 'java.lang.Object java.lang.invoke.DirectMethodHandle$Holder.invokeStatic(java.lang.Object, java.lang.Object, java.lang.Object, java.lang.Object, java.lang.Object, java.lang.Object, java.lang.Object, java.lang.Object, java.lang.Object, java.lang.Object, java.lang.Object, int, int, java.lang.Object)'> (0x0000000083588e90) thrown at [./src/hotspot/share/interpreter/linkResolver.cpp, line 773]
Event: 87.377 Thread 0x000002004ffe5800 Exception <a 'java/lang/NoSuchMethodError'{0x00000000835a9f88}: 'java.lang.Object java.lang.invoke.DirectMethodHandle$Holder.invokeStatic(java.lang.Object, java.lang.Object, java.lang.Object, java.lang.Object, java.lang.Object, java.lang.Object, java.lang.Object, java.lang.Object, java.lang.Object, java.lang.Object, java.lang.Object, int, int, java.lang.Object, java.lang.Object)'> (0x00000000835a9f88) thrown at [./src/hotspot/share/interpreter/linkResolver.cpp, line 773]
Event: 87.456 Thread 0x000002004ffe5800 Exception <a 'java/lang/ClassNotFoundException'{0x00000000835d9d00}: groovy/lang/ExpandoMetaClassBeanInfo> (0x00000000835d9d00) thrown at [./src/hotspot/share/classfile/systemDictionary.cpp, line 231]
Event: 87.473 Thread 0x000002004ffe5800 Exception <a 'java/lang/ClassNotFoundException'{0x00000000835f9d70}: groovy/lang/MetaClassImplBeanInfo> (0x00000000835f9d70) thrown at [./src/hotspot/share/classfile/systemDictionary.cpp, line 231]
Event: 87.474 Thread 0x000002004ffe5800 Exception <a 'java/lang/ClassNotFoundException'{0x0000000083406538}: java/lang/ObjectBeanInfo> (0x0000000083406538) thrown at [./src/hotspot/share/classfile/systemDictionary.cpp, line 231]
Event: 87.479 Thread 0x000002004ffe5800 Exception <a 'java/lang/ClassNotFoundException'{0x0000000083411c30}: java/lang/ObjectCustomizer> (0x0000000083411c30) thrown at [./src/hotspot/share/classfile/systemDictionary.cpp, line 231]
Event: 87.499 Thread 0x000002004ffe5800 Exception <a 'java/lang/ClassNotFoundException'{0x0000000083438d18}: groovy/lang/MetaClassImplCustomizer> (0x0000000083438d18) thrown at [./src/hotspot/share/classfile/systemDictionary.cpp, line 231]
Event: 87.529 Thread 0x000002004ffe5800 Exception <a 'java/lang/ClassNotFoundException'{0x00000000834779c0}: groovy/lang/ExpandoMetaClassCustomizer> (0x00000000834779c0) thrown at [./src/hotspot/share/classfile/systemDictionary.cpp, line 231]

Events (20 events):
Event: 88.389 loading class jdk/internal/jimage/ImageReader$Node done
Event: 88.389 loading class jdk/internal/jimage/ImageReader$Directory done
Event: 88.389 loading class jdk/internal/jrtfs/SystemImage$1
Event: 88.389 loading class jdk/internal/jrtfs/SystemImage$1 done
Event: 88.390 loading class jdk/internal/jrtfs/JrtFileAttributeView
Event: 88.390 loading class jdk/internal/jrtfs/JrtFileAttributeView done
Event: 88.391 loading class jdk/internal/jimage/ImageReader$SharedImageReader$LocationVisitor
Event: 88.391 loading class jdk/internal/jimage/ImageReader$SharedImageReader$LocationVisitor done
Event: 88.392 loading class java/nio/ByteBufferAsIntBufferL
Event: 88.397 loading class java/nio/ByteBufferAsIntBufferL done
Event: 88.398 loading class jdk/internal/jrtfs/JrtFileAttributes
Event: 88.399 loading class jdk/internal/jrtfs/JrtFileAttributes done
Event: 88.399 loading class jdk/internal/jrtfs/JrtDirectoryStream
Event: 88.399 loading class jdk/internal/jrtfs/JrtDirectoryStream done
Event: 88.402 loading class jdk/internal/jrtfs/JrtDirectoryStream$1
Event: 88.402 loading class jdk/internal/jrtfs/JrtDirectoryStream$1 done
Event: 88.403 loading class java/util/function/BooleanSupplier
Event: 88.403 loading class java/util/function/BooleanSupplier done
Event: 88.405 loading class jdk/internal/jimage/ImageReader$Resource
Event: 88.405 loading class jdk/internal/jimage/ImageReader$Resource done


Dynamic libraries:
0x00007ff7bb290000 - 0x00007ff7bb29a000 	C:\Users\Elena\AppData\Local\JetBrains\Toolbox\apps\AndroidStudio\ch-0\212.5712.43.2112.8815526\jre\bin\java.exe
0x00007fff141d0000 - 0x00007fff143c8000 	C:\WINDOWS\SYSTEM32\ntdll.dll
0x00007fff12d40000 - 0x00007fff12dff000 	C:\WINDOWS\System32\KERNEL32.DLL
0x00007fff11c30000 - 0x00007fff11f02000 	C:\WINDOWS\System32\KERNELBASE.dll
0x00007fff12110000 - 0x00007fff12210000 	C:\WINDOWS\System32\ucrtbase.dll
0x00007fff00d20000 - 0x00007fff00d39000 	C:\Users\Elena\AppData\Local\JetBrains\Toolbox\apps\AndroidStudio\ch-0\212.5712.43.2112.8815526\jre\bin\jli.dll
0x00007ffef6f70000 - 0x00007ffef6f87000 	C:\Users\Elena\AppData\Local\JetBrains\Toolbox\apps\AndroidStudio\ch-0\212.5712.43.2112.8815526\jre\bin\VCRUNTIME140.dll
0x00007fff13ae0000 - 0x00007fff13c81000 	C:\WINDOWS\System32\USER32.dll
0x00007fff11f10000 - 0x00007fff11f32000 	C:\WINDOWS\System32\win32u.dll
0x00007fff12270000 - 0x00007fff1229b000 	C:\WINDOWS\System32\GDI32.dll
0x00007fff11b20000 - 0x00007fff11c2f000 	C:\WINDOWS\System32\gdi32full.dll
0x00007fff11a80000 - 0x00007fff11b1d000 	C:\WINDOWS\System32\msvcp_win.dll
0x00007fff01740000 - 0x00007fff019da000 	C:\WINDOWS\WinSxS\amd64_microsoft.windows.common-controls_6595b64144ccf1df_6.0.19041.1110_none_60b5254171f9507e\COMCTL32.dll
0x00007fff136c0000 - 0x00007fff1375e000 	C:\WINDOWS\System32\msvcrt.dll
0x00007fff122a0000 - 0x00007fff122d2000 	C:\WINDOWS\System32\IMM32.DLL
0x00007ffedbee0000 - 0x00007ffedbf7d000 	C:\Users\Elena\AppData\Local\JetBrains\Toolbox\apps\AndroidStudio\ch-0\212.5712.43.2112.8815526\jre\bin\msvcp140.dll
0x00007ffedf750000 - 0x00007ffee0235000 	C:\Users\Elena\AppData\Local\JetBrains\Toolbox\apps\AndroidStudio\ch-0\212.5712.43.2112.8815526\jre\bin\server\jvm.dll
0x00007fff13910000 - 0x00007fff139be000 	C:\WINDOWS\System32\ADVAPI32.dll
0x00007fff12b10000 - 0x00007fff12bac000 	C:\WINDOWS\System32\sechost.dll
0x00007fff12bb0000 - 0x00007fff12cd5000 	C:\WINDOWS\System32\RPCRT4.dll
0x00007fff14180000 - 0x00007fff14188000 	C:\WINDOWS\System32\PSAPI.DLL
0x00007fff08880000 - 0x00007fff088a7000 	C:\WINDOWS\SYSTEM32\WINMM.dll
0x00007fff088b0000 - 0x00007fff088ba000 	C:\WINDOWS\SYSTEM32\VERSION.dll
0x00007ffefe9b0000 - 0x00007ffefe9b9000 	C:\WINDOWS\SYSTEM32\WSOCK32.dll
0x00007fff128d0000 - 0x00007fff1293b000 	C:\WINDOWS\System32\WS2_32.dll
0x00007fff10160000 - 0x00007fff10172000 	C:\WINDOWS\SYSTEM32\kernel.appcore.dll
0x00007fff05c80000 - 0x00007fff05c91000 	C:\Users\Elena\AppData\Local\JetBrains\Toolbox\apps\AndroidStudio\ch-0\212.5712.43.2112.8815526\jre\bin\verify.dll
0x00007fff0fef0000 - 0x00007fff100d4000 	C:\WINDOWS\SYSTEM32\DBGHELP.DLL
0x00007ffefcd90000 - 0x00007ffefcdc5000 	C:\WINDOWS\SYSTEM32\dbgcore.DLL
0x00007fff118c0000 - 0x00007fff11942000 	C:\WINDOWS\System32\bcryptPrimitives.dll
0x00007ffef0fc0000 - 0x00007ffef0fe9000 	C:\Users\Elena\AppData\Local\JetBrains\Toolbox\apps\AndroidStudio\ch-0\212.5712.43.2112.8815526\jre\bin\java.dll
0x00007fff0a5d0000 - 0x00007fff0a5db000 	C:\Users\Elena\AppData\Local\JetBrains\Toolbox\apps\AndroidStudio\ch-0\212.5712.43.2112.8815526\jre\bin\jimage.dll
0x00007fff04e40000 - 0x00007fff04e58000 	C:\Users\Elena\AppData\Local\JetBrains\Toolbox\apps\AndroidStudio\ch-0\212.5712.43.2112.8815526\jre\bin\zip.dll
0x00007fff12f60000 - 0x00007fff136a4000 	C:\WINDOWS\System32\SHELL32.dll
0x00007fff0f690000 - 0x00007fff0fe22000 	C:\WINDOWS\SYSTEM32\windows.storage.dll
0x00007fff13dc0000 - 0x00007fff14115000 	C:\WINDOWS\System32\combase.dll
0x00007fff112b0000 - 0x00007fff112e0000 	C:\WINDOWS\SYSTEM32\Wldp.dll
0x00007fff12eb0000 - 0x00007fff12f5d000 	C:\WINDOWS\System32\SHCORE.dll
0x00007fff14120000 - 0x00007fff14175000 	C:\WINDOWS\System32\shlwapi.dll
0x00007fff11800000 - 0x00007fff1181f000 	C:\WINDOWS\SYSTEM32\profapi.dll
0x00007fff04670000 - 0x00007fff0468a000 	C:\Users\Elena\AppData\Local\JetBrains\Toolbox\apps\AndroidStudio\ch-0\212.5712.43.2112.8815526\jre\bin\net.dll
0x00007fff04ee0000 - 0x00007fff04fec000 	C:\WINDOWS\SYSTEM32\WINHTTP.dll
0x00007fff11010000 - 0x00007fff1107a000 	C:\WINDOWS\system32\mswsock.dll
0x00007ffef0fa0000 - 0x00007ffef0fb4000 	C:\Users\Elena\AppData\Local\JetBrains\Toolbox\apps\AndroidStudio\ch-0\212.5712.43.2112.8815526\jre\bin\nio.dll
0x00007fff00e20000 - 0x00007fff00e47000 	C:\Users\Elena\.gradle\native\e1d6ef7f7dcc3fd88c89a11ec53ec762bb8ba0a96d01ffa2cd45eb1d1d8dd5c5\windows-amd64\native-platform.dll
0x00007ffee8a90000 - 0x00007ffee8bd4000 	C:\Users\Elena\.gradle\native\5664cfc778a61ccfe75a443a1ab52a65af34e5dc3c78e0209fed803814484fcb\windows-amd64\native-platform-file-events.dll
0x00007ffef0f90000 - 0x00007ffef0f9a000 	C:\Users\Elena\AppData\Local\JetBrains\Toolbox\apps\AndroidStudio\ch-0\212.5712.43.2112.8815526\jre\bin\management.dll
0x00007ffef0f80000 - 0x00007ffef0f8d000 	C:\Users\Elena\AppData\Local\JetBrains\Toolbox\apps\AndroidStudio\ch-0\212.5712.43.2112.8815526\jre\bin\management_ext.dll
0x00007fff11200000 - 0x00007fff11218000 	C:\WINDOWS\SYSTEM32\CRYPTSP.dll
0x00007fff108c0000 - 0x00007fff108f4000 	C:\WINDOWS\system32\rsaenh.dll
0x00007fff11a50000 - 0x00007fff11a77000 	C:\WINDOWS\System32\bcrypt.dll
0x00007fff117c0000 - 0x00007fff117ee000 	C:\WINDOWS\SYSTEM32\USERENV.dll
0x00007fff11220000 - 0x00007fff1122c000 	C:\WINDOWS\SYSTEM32\CRYPTBASE.dll
0x00007fff10c90000 - 0x00007fff10ccb000 	C:\WINDOWS\SYSTEM32\IPHLPAPI.DLL
0x00007fff136b0000 - 0x00007fff136b8000 	C:\WINDOWS\System32\NSI.dll
0x00007fff05170000 - 0x00007fff05187000 	C:\WINDOWS\SYSTEM32\dhcpcsvc6.DLL
0x00007fff059d0000 - 0x00007fff059ed000 	C:\WINDOWS\SYSTEM32\dhcpcsvc.DLL
0x00007fff10d40000 - 0x00007fff10e0a000 	C:\WINDOWS\SYSTEM32\DNSAPI.dll

dbghelp: loaded successfully - version: 4.0.5 - missing functions: none
symbol engine: initialized successfully - sym options: 0x614 - pdb path: .;C:\Users\Elena\AppData\Local\JetBrains\Toolbox\apps\AndroidStudio\ch-0\212.5712.43.2112.8815526\jre\bin;C:\WINDOWS\SYSTEM32;C:\WINDOWS\WinSxS\amd64_microsoft.windows.common-controls_6595b64144ccf1df_6.0.19041.1110_none_60b5254171f9507e;C:\Users\Elena\AppData\Local\JetBrains\Toolbox\apps\AndroidStudio\ch-0\212.5712.43.2112.8815526\jre\bin\server;C:\Users\Elena\.gradle\native\e1d6ef7f7dcc3fd88c89a11ec53ec762bb8ba0a96d01ffa2cd45eb1d1d8dd5c5\windows-amd64;C:\Users\Elena\.gradle\native\5664cfc778a61ccfe75a443a1ab52a65af34e5dc3c78e0209fed803814484fcb\windows-amd64

VM Arguments:
jvm_args: --add-opens=java.base/java.util=ALL-UNNAMED --add-opens=java.base/java.lang=ALL-UNNAMED --add-opens=java.base/java.lang.invoke=ALL-UNNAMED --add-opens=java.base/java.util=ALL-UNNAMED --add-opens=java.prefs/java.util.prefs=ALL-UNNAMED --add-opens=java.prefs/java.util.prefs=ALL-UNNAMED --add-opens=java.base/java.nio.charset=ALL-UNNAMED --add-opens=java.base/java.net=ALL-UNNAMED --add-opens=java.base/java.util.concurrent.atomic=ALL-UNNAMED -Xmx2048m -Dfile.encoding=UTF-8 -Duser.country=RU -Duser.language=ru -Duser.variant 
java_command: org.gradle.launcher.daemon.bootstrap.GradleDaemon 7.3.3
java_class_path (initial): C:\Users\Elena\.gradle\wrapper\dists\gradle-7.3.3-bin\6a41zxkdtcxs8rphpq6y0069z\gradle-7.3.3\lib\gradle-launcher-7.3.3.jar
Launcher Type: SUN_STANDARD

[Global flags]
     intx CICompilerCount                          = 3                                         {product} {ergonomic}
     uint ConcGCThreads                            = 1                                         {product} {ergonomic}
     uint G1ConcRefinementThreads                  = 4                                         {product} {ergonomic}
   size_t G1HeapRegionSize                         = 1048576                                   {product} {ergonomic}
    uintx GCDrainStackTargetSize                   = 64                                        {product} {ergonomic}
   size_t InitialHeapSize                          = 58720256                                  {product} {ergonomic}
   size_t MarkStackSize                            = 4194304                                   {product} {ergonomic}
   size_t MaxHeapSize                              = 2147483648                                {product} {command line}
   size_t MaxNewSize                               = 1287651328                                {product} {ergonomic}
   size_t MinHeapDeltaBytes                        = 1048576                                   {product} {ergonomic}
    uintx NonNMethodCodeHeapSize                   = 5830732                                {pd product} {ergonomic}
    uintx NonProfiledCodeHeapSize                  = 122913754                              {pd product} {ergonomic}
    uintx ProfiledCodeHeapSize                     = 122913754                              {pd product} {ergonomic}
    uintx ReservedCodeCacheSize                    = 251658240                              {pd product} {ergonomic}
     bool SegmentedCodeCache                       = true                                      {product} {ergonomic}
     bool UseCompressedClassPointers               = true                                 {lp64_product} {ergonomic}
     bool UseCompressedOops                        = true                                 {lp64_product} {ergonomic}
     bool UseG1GC                                  = true                                      {product} {ergonomic}
     bool UseLargePagesIndividualAllocation        = false                                  {pd product} {ergonomic}

Logging:
Log output configuration:
 #0: stdout all=warning uptime,level,tags
 #1: stderr all=off uptime,level,tags

Environment Variables:
PATH=C:\WINDOWS\system32;C:\WINDOWS;C:\WINDOWS\System32\Wbem;C:\WINDOWS\System32\WindowsPowerShell\v1.0\;C:\WINDOWS\System32\OpenSSH\;C:\Program Files\Git\cmd;C:\Users\Elena\AppData\Local\Microsoft\WindowsApps;;C:\Users\Elena\AppData\Local\JetBrains\Toolbox\scripts
USERNAME=Elena
OS=Windows_NT
PROCESSOR_IDENTIFIER=AMD64 Family 22 Model 48 Stepping 1, AuthenticAMD



---------------  S Y S T E M  ---------------

OS: Windows 10 , 64 bit Build 19041 (10.0.19041.2364)
OS uptime: 1 days 22:08 hours

CPU:total 4 (initial active 4) (4 cores per cpu, 1 threads per core) family 22 model 48 stepping 1 microcode 0x0, cmov, cx8, fxsr, mmx, sse, sse2, sse3, ssse3, sse4.1, sse4.2, popcnt, avx, aes, clmul, mmxext, 3dnowpref, lzcnt, sse4a, tsc, tscinvbit, tscinv, bmi1

Memory: 4k page, system-wide physical 3530M (85M free)
TotalPageFile size 14282M (AvailPageFile size 0M)
current process WorkingSet (physical memory assigned to process): 154M, peak: 162M
current process commit charge ("private bytes"): 196M, peak: 204M

vm_info: OpenJDK 64-Bit Server VM (11.0.12+7-b1504.28-7817840) for windows-amd64 JRE (11.0.12+7-b1504.28-7817840), built on Oct 13 2021 22:12:33 by "builder" with MS VC++ 14.0 (VS2015)

END.
