#
# There is insufficient memory for the Java Runtime Environment to continue.
# Native memory allocation (malloc) failed to allocate 131088 bytes for Chunk::new
# Possible reasons:
#   The system is out of physical RAM or swap space
#   The process is running with CompressedOops enabled, and the Java Heap may be blocking the growth of the native heap
# Possible solutions:
#   Reduce memory load on the system
#   Increase physical memory or swap space
#   Check if swap backing store is full
#   Decrease Java heap size (-Xmx/-Xms)
#   Decrease number of Java threads
#   Decrease Java thread stack sizes (-Xss)
#   Set larger code cache with -XX:ReservedCodeCacheSize=
#   JVM is running with Unscaled Compressed Oops mode in which the Java heap is
#     placed in the first 4GB address space. The Java Heap base address is the
#     maximum limit for the native heap growth. Please use -XX:HeapBaseMinAddress
#     to set the Java Heap base and to place the Java Heap above 4GB virtual address.
# This output file may be truncated or incomplete.
#
#  Out of Memory Error (./src/hotspot/share/memory/arena.cpp:197), pid=6400, tid=17260
#
# JRE version: OpenJDK Runtime Environment (11.0.12+7) (build 11.0.12+7-b1504.28-7817840)
# Java VM: OpenJDK 64-Bit Server VM (11.0.12+7-b1504.28-7817840, mixed mode, tiered, compressed oops, g1 gc, windows-amd64)
# No core dump will be written. Minidumps are not enabled by default on client versions of Windows
#

---------------  S U M M A R Y ------------

Command Line: --add-opens=java.base/java.util=ALL-UNNAMED --add-opens=java.base/java.lang=ALL-UNNAMED --add-opens=java.base/java.lang.invoke=ALL-UNNAMED --add-opens=java.base/java.util=ALL-UNNAMED --add-opens=java.prefs/java.util.prefs=ALL-UNNAMED --add-opens=java.prefs/java.util.prefs=ALL-UNNAMED --add-opens=java.base/java.nio.charset=ALL-UNNAMED --add-opens=java.base/java.net=ALL-UNNAMED --add-opens=java.base/java.util.concurrent.atomic=ALL-UNNAMED -Xmx2048m -Dfile.encoding=UTF-8 -Duser.country=RU -Duser.language=ru -Duser.variant org.gradle.launcher.daemon.bootstrap.GradleDaemon 7.3.3

Host: AMD A8-7410 APU with AMD Radeon R5 Graphics    , 4 cores, 3G,  Windows 10 , 64 bit Build 19041 (10.0.19041.2364)
Time: Sun Jan 29 05:09:48 2023 RTZ 2 (зима) elapsed time: 185.560058 seconds (0d 0h 3m 5s)

---------------  T H R E A D  ---------------

Current thread (0x00000219c961f000):  JavaThread "C2 CompilerThread0" daemon [_thread_in_native, id=17260, stack(0x000000e1a0d00000,0x000000e1a0e00000)]


Current CompileTask:
C2: 185560 12192   !   4       java.nio.file.FileTreeWalker::next (144 bytes)

Stack: [0x000000e1a0d00000,0x000000e1a0e00000]
Native frames: (J=compiled Java code, j=interpreted, Vv=VM code, C=native code)
V  [jvm.dll+0x5fbcea]
V  [jvm.dll+0x731905]
V  [jvm.dll+0x732f1d]
V  [jvm.dll+0x7335d3]
V  [jvm.dll+0x247bf8]
V  [jvm.dll+0xc018c]
V  [jvm.dll+0xc06cc]
V  [jvm.dll+0xc02cc]
V  [jvm.dll+0x6282e0]
V  [jvm.dll+0x6267b4]
V  [jvm.dll+0x20174f]
V  [jvm.dll+0x1ff71f]
V  [jvm.dll+0x18868c]
V  [jvm.dll+0x20e0d7]
V  [jvm.dll+0x20c901]
V  [jvm.dll+0x6f9b7f]
V  [jvm.dll+0x6f26a5]
V  [jvm.dll+0x5fabf6]
C  [ucrtbase.dll+0x21bb2]
C  [KERNEL32.DLL+0x17614]
C  [ntdll.dll+0x526a1]


---------------  P R O C E S S  ---------------

Threads class SMR info:
_java_thread_list=0x00000219cf5b4af0, length=82, elements={
0x00000219aeadc800, 0x00000219c95b3000, 0x00000219c95c1000, 0x00000219c95d8000,
0x00000219c95d9000, 0x00000219c961d800, 0x00000219c961f000, 0x00000219c9621000,
0x00000219c9628000, 0x00000219c98c6800, 0x00000219cac81800, 0x00000219cadf0800,
0x00000219cab30800, 0x00000219cabf5800, 0x00000219cb0cd000, 0x00000219cb0db000,
0x00000219cb0de000, 0x00000219cb8c1800, 0x00000219ca507800, 0x00000219ca504000,
0x00000219ca505000, 0x00000219ca506000, 0x00000219ca503800, 0x00000219ca506800,
0x00000219ca502800, 0x00000219ca502000, 0x00000219ca508800, 0x00000219cc089000,
0x00000219cc084000, 0x00000219cc085800, 0x00000219cc086800, 0x00000219cc083800,
0x00000219cc08e000, 0x00000219cc08c800, 0x00000219cc08a000, 0x00000219cc08a800,
0x00000219cc08d000, 0x00000219cc08b800, 0x00000219cc090800, 0x00000219cc091000,
0x00000219cc08e800, 0x00000219cc092000, 0x00000219cc08f800, 0x00000219ca746000,
0x00000219ca744800, 0x00000219ca743800, 0x00000219ca745000, 0x00000219ca742800,
0x00000219ca740000, 0x00000219ca746800, 0x00000219ca741000, 0x00000219ca747800,
0x00000219ca742000, 0x00000219ca74d800, 0x00000219ca748800, 0x00000219ca74a000,
0x00000219ca74e000, 0x00000219ca749000, 0x00000219ca74b800, 0x00000219ca74b000,
0x00000219ca74f000, 0x00000219ca74c800, 0x00000219cb797000, 0x00000219cb79a000,
0x00000219cb798800, 0x00000219cb79b000, 0x00000219cb799800, 0x00000219cb795800,
0x00000219cb796000, 0x00000219cb79c000, 0x00000219cb79d800, 0x00000219cb797800,
0x00000219cb79e800, 0x00000219cb79f000, 0x00000219cb7a0000, 0x00000219cb7a0800,
0x00000219cb7a2800, 0x00000219cb7a3000, 0x00000219cb7a4000, 0x00000219d0391000,
0x00000219d0393000, 0x00000219d0392000
}

Java Threads: ( => current thread )
  0x00000219aeadc800 JavaThread "main" [_thread_blocked, id=6028, stack(0x000000e1a0100000,0x000000e1a0200000)]
  0x00000219c95b3000 JavaThread "Reference Handler" daemon [_thread_blocked, id=7388, stack(0x000000e1a0800000,0x000000e1a0900000)]
  0x00000219c95c1000 JavaThread "Finalizer" daemon [_thread_blocked, id=12928, stack(0x000000e1a0900000,0x000000e1a0a00000)]
  0x00000219c95d8000 JavaThread "Signal Dispatcher" daemon [_thread_blocked, id=17076, stack(0x000000e1a0a00000,0x000000e1a0b00000)]
  0x00000219c95d9000 JavaThread "Attach Listener" daemon [_thread_blocked, id=11528, stack(0x000000e1a0b00000,0x000000e1a0c00000)]
  0x00000219c961d800 JavaThread "Service Thread" daemon [_thread_blocked, id=15004, stack(0x000000e1a0c00000,0x000000e1a0d00000)]
=>0x00000219c961f000 JavaThread "C2 CompilerThread0" daemon [_thread_in_native, id=17260, stack(0x000000e1a0d00000,0x000000e1a0e00000)]
  0x00000219c9621000 JavaThread "C1 CompilerThread0" daemon [_thread_blocked, id=16564, stack(0x000000e1a0e00000,0x000000e1a0f00000)]
  0x00000219c9628000 JavaThread "Sweeper thread" daemon [_thread_blocked, id=5916, stack(0x000000e1a0f00000,0x000000e1a1000000)]
  0x00000219c98c6800 JavaThread "Common-Cleaner" daemon [_thread_blocked, id=12992, stack(0x000000e1a1000000,0x000000e1a1100000)]
  0x00000219cac81800 JavaThread "Daemon health stats" [_thread_blocked, id=7860, stack(0x000000e1a1300000,0x000000e1a1400000)]
  0x00000219cadf0800 JavaThread "Incoming local TCP Connector on port 64599" [_thread_in_native, id=16784, stack(0x000000e1a1400000,0x000000e1a1500000)]
  0x00000219cab30800 JavaThread "Daemon periodic checks" [_thread_blocked, id=9264, stack(0x000000e1a1500000,0x000000e1a1600000)]
  0x00000219cabf5800 JavaThread "Daemon" [_thread_blocked, id=10032, stack(0x000000e1a1600000,0x000000e1a1700000)]
  0x00000219cb0cd000 JavaThread "Handler for socket connection from /127.0.0.1:64599 to /127.0.0.1:64600" [_thread_in_native, id=9244, stack(0x000000e1a1700000,0x000000e1a1800000)]
  0x00000219cb0db000 JavaThread "Cancel handler" [_thread_blocked, id=5032, stack(0x000000e1a1a00000,0x000000e1a1b00000)]
  0x00000219cb0de000 JavaThread "Daemon worker" [_thread_blocked, id=13044, stack(0x000000e1a1b00000,0x000000e1a1c00000)]
  0x00000219cb8c1800 JavaThread "Asynchronous log dispatcher for DefaultDaemonConnection: socket connection from /127.0.0.1:64599 to /127.0.0.1:64600" [_thread_blocked, id=16496, stack(0x000000e1a1c00000,0x000000e1a1d00000)]
  0x00000219ca507800 JavaThread "Daemon client event forwarder" [_thread_blocked, id=8896, stack(0x000000e1a1e00000,0x000000e1a1f00000)]
  0x00000219ca504000 JavaThread "Cache worker for journal cache (C:\Users\Elena\.gradle\caches\journal-1)" [_thread_blocked, id=4080, stack(0x000000e1a1f00000,0x000000e1a2000000)]
  0x00000219ca505000 JavaThread "File lock request listener" [_thread_in_native, id=5100, stack(0x000000e1a2000000,0x000000e1a2100000)]
  0x00000219ca506000 JavaThread "Cache worker for file hash cache (C:\Users\Elena\.gradle\caches\7.3.3\fileHashes)" [_thread_blocked, id=12684, stack(0x000000e1a2100000,0x000000e1a2200000)]
  0x00000219ca503800 JavaThread "Cache worker for file hash cache (C:\Users\Elena\AndroidStudioProjects\new\.gradle\7.3.3\fileHashes)" [_thread_blocked, id=14608, stack(0x000000e1a2200000,0x000000e1a2300000)]
  0x00000219ca506800 JavaThread "File watcher server" daemon [_thread_in_native, id=2400, stack(0x000000e1a2300000,0x000000e1a2400000)]
  0x00000219ca502800 JavaThread "File watcher consumer" daemon [_thread_blocked, id=17048, stack(0x000000e1a2400000,0x000000e1a2500000)]
  0x00000219ca502000 JavaThread "Cache worker for checksums cache (C:\Users\Elena\AndroidStudioProjects\new\.gradle\7.3.3\checksums)" [_thread_blocked, id=1516, stack(0x000000e1a2500000,0x000000e1a2600000)]
  0x00000219ca508800 JavaThread "Cache worker for cache directory md-supplier (C:\Users\Elena\.gradle\caches\7.3.3\md-supplier)" [_thread_blocked, id=16944, stack(0x000000e1a2600000,0x000000e1a2700000)]
  0x00000219cc089000 JavaThread "Cache worker for cache directory md-rule (C:\Users\Elena\.gradle\caches\7.3.3\md-rule)" [_thread_blocked, id=13556, stack(0x000000e1a2700000,0x000000e1a2800000)]
  0x00000219cc084000 JavaThread "Cache worker for execution history cache (C:\Users\Elena\.gradle\caches\7.3.3\executionHistory)" [_thread_blocked, id=3796, stack(0x000000e1a2800000,0x000000e1a2900000)]
  0x00000219cc085800 JavaThread "jar transforms" [_thread_blocked, id=15028, stack(0x000000e1a2900000,0x000000e1a2a00000)]
  0x00000219cc086800 JavaThread "Cache worker for file content cache (C:\Users\Elena\.gradle\caches\7.3.3\fileContent)" [_thread_blocked, id=2744, stack(0x000000e1a2a00000,0x000000e1a2b00000)]
  0x00000219cc083800 JavaThread "jar transforms Thread 2" [_thread_blocked, id=16132, stack(0x000000e1a2b00000,0x000000e1a2c00000)]
  0x00000219cc08e000 JavaThread "Cache worker for dependencies-accessors (C:\Users\Elena\AndroidStudioProjects\new\.gradle\7.3.3\dependencies-accessors)" [_thread_blocked, id=10616, stack(0x000000e1a2c00000,0x000000e1a2d00000)]
  0x00000219cc08c800 JavaThread "jar transforms Thread 3" [_thread_blocked, id=4596, stack(0x000000e1a2d00000,0x000000e1a2e00000)]
  0x00000219cc08a000 JavaThread "Cache worker for Build Output Cleanup Cache (C:\Users\Elena\AndroidStudioProjects\new\.gradle\buildOutputCleanup)" [_thread_blocked, id=16200, stack(0x000000e1a3000000,0x000000e1a3100000)]
  0x00000219cc08a800 JavaThread "Unconstrained build operations" [_thread_blocked, id=17192, stack(0x000000e1a3100000,0x000000e1a3200000)]
  0x00000219cc08d000 JavaThread "Unconstrained build operations Thread 2" [_thread_blocked, id=13600, stack(0x000000e1a3200000,0x000000e1a3300000)]
  0x00000219cc08b800 JavaThread "Unconstrained build operations Thread 3" [_thread_blocked, id=15468, stack(0x000000e1a3300000,0x000000e1a3400000)]
  0x00000219cc090800 JavaThread "Unconstrained build operations Thread 4" [_thread_blocked, id=17332, stack(0x000000e1a3400000,0x000000e1a3500000)]
  0x00000219cc091000 JavaThread "Unconstrained build operations Thread 5" [_thread_blocked, id=16684, stack(0x000000e1a3500000,0x000000e1a3600000)]
  0x00000219cc08e800 JavaThread "Unconstrained build operations Thread 6" [_thread_blocked, id=10576, stack(0x000000e1a3600000,0x000000e1a3700000)]
  0x00000219cc092000 JavaThread "Unconstrained build operations Thread 7" [_thread_blocked, id=11304, stack(0x000000e1a3700000,0x000000e1a3800000)]
  0x00000219cc08f800 JavaThread "Unconstrained build operations Thread 8" [_thread_in_native, id=15536, stack(0x000000e1a3800000,0x000000e1a3900000)]
  0x00000219ca746000 JavaThread "Unconstrained build operations Thread 9" [_thread_blocked, id=16092, stack(0x000000e1a3900000,0x000000e1a3a00000)]
  0x00000219ca744800 JavaThread "Unconstrained build operations Thread 10" [_thread_blocked, id=13336, stack(0x000000e1a3a00000,0x000000e1a3b00000)]
  0x00000219ca743800 JavaThread "Unconstrained build operations Thread 11" [_thread_blocked, id=8400, stack(0x000000e1a3b00000,0x000000e1a3c00000)]
  0x00000219ca745000 JavaThread "Unconstrained build operations Thread 12" [_thread_blocked, id=10596, stack(0x000000e1a3c00000,0x000000e1a3d00000)]
  0x00000219ca742800 JavaThread "Unconstrained build operations Thread 13" [_thread_blocked, id=2160, stack(0x000000e1a3d00000,0x000000e1a3e00000)]
  0x00000219ca740000 JavaThread "Unconstrained build operations Thread 14" [_thread_blocked, id=8440, stack(0x000000e1a3e00000,0x000000e1a3f00000)]
  0x00000219ca746800 JavaThread "Unconstrained build operations Thread 15" [_thread_blocked, id=2612, stack(0x000000e1a3f00000,0x000000e1a4000000)]
  0x00000219ca741000 JavaThread "Unconstrained build operations Thread 16" [_thread_blocked, id=14964, stack(0x000000e1a4000000,0x000000e1a4100000)]
  0x00000219ca747800 JavaThread "Unconstrained build operations Thread 17" [_thread_blocked, id=2016, stack(0x000000e1a4100000,0x000000e1a4200000)]
  0x00000219ca742000 JavaThread "Unconstrained build operations Thread 18" [_thread_blocked, id=11452, stack(0x000000e1a4200000,0x000000e1a4300000)]
  0x00000219ca74d800 JavaThread "Unconstrained build operations Thread 19" [_thread_blocked, id=2632, stack(0x000000e1a4300000,0x000000e1a4400000)]
  0x00000219ca748800 JavaThread "Unconstrained build operations Thread 20" [_thread_blocked, id=13436, stack(0x000000e1a4400000,0x000000e1a4500000)]
  0x00000219ca74a000 JavaThread "Unconstrained build operations Thread 21" [_thread_blocked, id=10432, stack(0x000000e1a4500000,0x000000e1a4600000)]
  0x00000219ca74e000 JavaThread "Unconstrained build operations Thread 22" [_thread_blocked, id=6348, stack(0x000000e1a4600000,0x000000e1a4700000)]
  0x00000219ca749000 JavaThread "Unconstrained build operations Thread 23" [_thread_blocked, id=7068, stack(0x000000e1a4700000,0x000000e1a4800000)]
  0x00000219ca74b800 JavaThread "Unconstrained build operations Thread 24" [_thread_blocked, id=4264, stack(0x000000e1a4800000,0x000000e1a4900000)]
  0x00000219ca74b000 JavaThread "Unconstrained build operations Thread 25" [_thread_blocked, id=7688, stack(0x000000e1a4900000,0x000000e1a4a00000)]
  0x00000219ca74f000 JavaThread "Unconstrained build operations Thread 26" [_thread_blocked, id=15544, stack(0x000000e1a4a00000,0x000000e1a4b00000)]
  0x00000219ca74c800 JavaThread "Unconstrained build operations Thread 27" [_thread_blocked, id=14200, stack(0x000000e1a4b00000,0x000000e1a4c00000)]
  0x00000219cb797000 JavaThread "Unconstrained build operations Thread 28" [_thread_in_native, id=2592, stack(0x000000e1a4c00000,0x000000e1a4d00000)]
  0x00000219cb79a000 JavaThread "Unconstrained build operations Thread 29" [_thread_blocked, id=12424, stack(0x000000e1a4d00000,0x000000e1a4e00000)]
  0x00000219cb798800 JavaThread "Unconstrained build operations Thread 30" [_thread_blocked, id=6320, stack(0x000000e1a4e00000,0x000000e1a4f00000)]
  0x00000219cb79b000 JavaThread "Unconstrained build operations Thread 31" [_thread_blocked, id=14548, stack(0x000000e1a4f00000,0x000000e1a5000000)]
  0x00000219cb799800 JavaThread "Unconstrained build operations Thread 32" [_thread_blocked, id=15644, stack(0x000000e1a5000000,0x000000e1a5100000)]
  0x00000219cb795800 JavaThread "Unconstrained build operations Thread 33" [_thread_blocked, id=5972, stack(0x000000e1a5100000,0x000000e1a5200000)]
  0x00000219cb796000 JavaThread "Unconstrained build operations Thread 34" [_thread_blocked, id=4236, stack(0x000000e1a5200000,0x000000e1a5300000)]
  0x00000219cb79c000 JavaThread "Unconstrained build operations Thread 35" [_thread_blocked, id=14252, stack(0x000000e1a5300000,0x000000e1a5400000)]
  0x00000219cb79d800 JavaThread "Unconstrained build operations Thread 36" [_thread_blocked, id=16984, stack(0x000000e1a5400000,0x000000e1a5500000)]
  0x00000219cb797800 JavaThread "Unconstrained build operations Thread 37" [_thread_blocked, id=15636, stack(0x000000e1a5500000,0x000000e1a5600000)]
  0x00000219cb79e800 JavaThread "Unconstrained build operations Thread 38" [_thread_blocked, id=3188, stack(0x000000e1a5600000,0x000000e1a5700000)]
  0x00000219cb79f000 JavaThread "Unconstrained build operations Thread 39" [_thread_blocked, id=15884, stack(0x000000e1a5700000,0x000000e1a5800000)]
  0x00000219cb7a0000 JavaThread "Unconstrained build operations Thread 40" [_thread_blocked, id=13720, stack(0x000000e1a5800000,0x000000e1a5900000)]
  0x00000219cb7a0800 JavaThread "jar transforms Thread 4" [_thread_blocked, id=3860, stack(0x000000e1a5900000,0x000000e1a5a00000)]
  0x00000219cb7a2800 JavaThread "Memory manager" [_thread_blocked, id=12128, stack(0x000000e19fe00000,0x000000e19ff00000)]
  0x00000219cb7a3000 JavaThread "build event listener" [_thread_blocked, id=204, stack(0x000000e19ff00000,0x000000e1a0000000)]
  0x00000219cb7a4000 JavaThread "Execution worker for ':'" [_thread_blocked, id=17400, stack(0x000000e1a0000000,0x000000e1a0100000)]
  0x00000219d0391000 JavaThread "Execution worker for ':' Thread 2" [_thread_blocked, id=15740, stack(0x000000e1a1d00000,0x000000e1a1e00000)]
  0x00000219d0393000 JavaThread "Execution worker for ':' Thread 3" [_thread_blocked, id=8468, stack(0x000000e1a5a00000,0x000000e1a5b00000)]
  0x00000219d0392000 JavaThread "Cache worker for execution history cache (C:\Users\Elena\AndroidStudioProjects\new\.gradle\7.3.3\executionHistory)" [_thread_blocked, id=11132, stack(0x000000e1a5b00000,0x000000e1a5c00000)]

Other Threads:
  0x00000219c95af000 VMThread "VM Thread" [stack: 0x000000e1a0700000,0x000000e1a0800000] [id=8188]
  0x00000219c98d8800 WatcherThread [stack: 0x000000e1a1100000,0x000000e1a1200000] [id=12700]
  0x00000219aeaf4800 GCTaskThread "GC Thread#0" [stack: 0x000000e1a0200000,0x000000e1a0300000] [id=16652]
  0x00000219c9c99000 GCTaskThread "GC Thread#1" [stack: 0x000000e1a1200000,0x000000e1a1300000] [id=6760]
  0x00000219caaf0000 GCTaskThread "GC Thread#2" [stack: 0x000000e1a1800000,0x000000e1a1900000] [id=14584]
  0x00000219cb0cd800 GCTaskThread "GC Thread#3" [stack: 0x000000e1a1900000,0x000000e1a1a00000] [id=5684]
  0x00000219aeb26800 ConcurrentGCThread "G1 Main Marker" [stack: 0x000000e1a0300000,0x000000e1a0400000] [id=8384]
  0x00000219aeb28800 ConcurrentGCThread "G1 Conc#0" [stack: 0x000000e1a0400000,0x000000e1a0500000] [id=8676]
  0x00000219aeb6c800 ConcurrentGCThread "G1 Refine#0" [stack: 0x000000e1a0500000,0x000000e1a0600000] [id=14724]
  0x00000219aeb6d800 ConcurrentGCThread "G1 Young RemSet Sampling" [stack: 0x000000e1a0600000,0x000000e1a0700000] [id=12152]

Threads with active compile tasks:
C2 CompilerThread0 185642 12192   !   4       java.nio.file.FileTreeWalker::next (144 bytes)

VM state:not at safepoint (normal execution)

VM Mutex/Monitor currently owned by a thread: None

Heap address: 0x0000000080000000, size: 2048 MB, Compressed Oops mode: 32-bit
Narrow klass base: 0x0000000000000000, Narrow klass shift: 3
Compressed class space size: 1073741824 Address: 0x0000000100000000

Heap:
 garbage-first heap   total 146432K, used 97907K [0x0000000080000000, 0x0000000100000000)
  region size 1024K, 15 young (15360K), 2 survivors (2048K)
 Metaspace       used 98658K, capacity 100915K, committed 101064K, reserved 1136640K
  class space    used 12775K, capacity 13616K, committed 13644K, reserved 1048576K
Heap Regions: E=young(eden), S=young(survivor), O=old, HS=humongous(starts), HC=humongous(continues), CS=collection set, F=free, A=archive, TAMS=top-at-mark-start (previous, next)
|   0|0x0000000080000000, 0x0000000080100000, 0x0000000080100000|100%| O|  |TAMS 0x0000000080100000, 0x0000000080000000| Untracked 
|   1|0x0000000080100000, 0x0000000080200000, 0x0000000080200000|100%| O|  |TAMS 0x0000000080200000, 0x0000000080100000| Untracked 
|   2|0x0000000080200000, 0x0000000080300000, 0x0000000080300000|100%| O|  |TAMS 0x0000000080300000, 0x0000000080200000| Untracked 
|   3|0x0000000080300000, 0x0000000080400000, 0x0000000080400000|100%|HS|  |TAMS 0x0000000080400000, 0x0000000080300000| Complete 
|   4|0x0000000080400000, 0x0000000080500000, 0x0000000080500000|100%|HC|  |TAMS 0x0000000080500000, 0x0000000080400000| Complete 
|   5|0x0000000080500000, 0x0000000080600000, 0x0000000080600000|100%|HC|  |TAMS 0x0000000080600000, 0x0000000080500000| Complete 
|   6|0x0000000080600000, 0x0000000080700000, 0x0000000080700000|100%| O|  |TAMS 0x0000000080700000, 0x0000000080600000| Untracked 
|   7|0x0000000080700000, 0x0000000080800000, 0x0000000080800000|100%| O|  |TAMS 0x0000000080800000, 0x0000000080700000| Untracked 
|   8|0x0000000080800000, 0x0000000080900000, 0x0000000080900000|100%| O|  |TAMS 0x0000000080900000, 0x0000000080800000| Untracked 
|   9|0x0000000080900000, 0x0000000080a00000, 0x0000000080a00000|100%| O|  |TAMS 0x0000000080a00000, 0x0000000080900000| Untracked 
|  10|0x0000000080a00000, 0x0000000080b00000, 0x0000000080b00000|100%| O|  |TAMS 0x0000000080b00000, 0x0000000080a00000| Untracked 
|  11|0x0000000080b00000, 0x0000000080c00000, 0x0000000080c00000|100%| O|  |TAMS 0x0000000080c00000, 0x0000000080b00000| Untracked 
|  12|0x0000000080c00000, 0x0000000080d00000, 0x0000000080d00000|100%| O|  |TAMS 0x0000000080d00000, 0x0000000080c00000| Untracked 
|  13|0x0000000080d00000, 0x0000000080e00000, 0x0000000080e00000|100%| O|  |TAMS 0x0000000080e00000, 0x0000000080d00000| Untracked 
|  14|0x0000000080e00000, 0x0000000080f00000, 0x0000000080f00000|100%| O|  |TAMS 0x0000000080f00000, 0x0000000080e00000| Untracked 
|  15|0x0000000080f00000, 0x0000000081000000, 0x0000000081000000|100%| O|  |TAMS 0x0000000081000000, 0x0000000080f00000| Untracked 
|  16|0x0000000081000000, 0x0000000081100000, 0x0000000081100000|100%| O|  |TAMS 0x0000000081100000, 0x0000000081000000| Untracked 
|  17|0x0000000081100000, 0x0000000081200000, 0x0000000081200000|100%| O|  |TAMS 0x0000000081200000, 0x0000000081100000| Untracked 
|  18|0x0000000081200000, 0x0000000081300000, 0x0000000081300000|100%| O|  |TAMS 0x0000000081300000, 0x0000000081200000| Untracked 
|  19|0x0000000081300000, 0x0000000081400000, 0x0000000081400000|100%| O|  |TAMS 0x0000000081400000, 0x0000000081300000| Untracked 
|  20|0x0000000081400000, 0x0000000081500000, 0x0000000081500000|100%| O|  |TAMS 0x0000000081500000, 0x0000000081400000| Untracked 
|  21|0x0000000081500000, 0x0000000081600000, 0x0000000081600000|100%| O|  |TAMS 0x0000000081600000, 0x0000000081500000| Untracked 
|  22|0x0000000081600000, 0x0000000081700000, 0x0000000081700000|100%| O|  |TAMS 0x0000000081700000, 0x0000000081600000| Untracked 
|  23|0x0000000081700000, 0x0000000081800000, 0x0000000081800000|100%| O|  |TAMS 0x0000000081800000, 0x0000000081700000| Untracked 
|  24|0x0000000081800000, 0x0000000081900000, 0x0000000081900000|100%| O|  |TAMS 0x0000000081900000, 0x0000000081800000| Untracked 
|  25|0x0000000081900000, 0x0000000081a00000, 0x0000000081a00000|100%| O|  |TAMS 0x0000000081a00000, 0x0000000081900000| Untracked 
|  26|0x0000000081a00000, 0x0000000081b00000, 0x0000000081b00000|100%| O|  |TAMS 0x0000000081b00000, 0x0000000081a00000| Untracked 
|  27|0x0000000081b00000, 0x0000000081c00000, 0x0000000081c00000|100%| O|  |TAMS 0x0000000081c00000, 0x0000000081b00000| Untracked 
|  28|0x0000000081c00000, 0x0000000081d00000, 0x0000000081d00000|100%| O|  |TAMS 0x0000000081d00000, 0x0000000081c00000| Untracked 
|  29|0x0000000081d00000, 0x0000000081e00000, 0x0000000081e00000|100%| O|  |TAMS 0x0000000081e00000, 0x0000000081d00000| Untracked 
|  30|0x0000000081e00000, 0x0000000081f00000, 0x0000000081f00000|100%| O|  |TAMS 0x0000000081f00000, 0x0000000081e00000| Untracked 
|  31|0x0000000081f00000, 0x0000000082000000, 0x0000000082000000|100%| O|  |TAMS 0x0000000082000000, 0x0000000081f00000| Untracked 
|  32|0x0000000082000000, 0x0000000082100000, 0x0000000082100000|100%|HS|  |TAMS 0x0000000082100000, 0x0000000082000000| Complete 
|  33|0x0000000082100000, 0x0000000082200000, 0x0000000082200000|100%|HS|  |TAMS 0x0000000082200000, 0x0000000082100000| Complete 
|  34|0x0000000082200000, 0x0000000082300000, 0x0000000082300000|100%|HS|  |TAMS 0x0000000082300000, 0x0000000082200000| Complete 
|  35|0x0000000082300000, 0x0000000082400000, 0x0000000082400000|100%| O|  |TAMS 0x0000000082400000, 0x0000000082300000| Untracked 
|  36|0x0000000082400000, 0x0000000082500000, 0x0000000082500000|100%| O|  |TAMS 0x0000000082500000, 0x0000000082400000| Untracked 
|  37|0x0000000082500000, 0x0000000082600000, 0x0000000082600000|100%| O|  |TAMS 0x0000000082600000, 0x0000000082500000| Untracked 
|  38|0x0000000082600000, 0x0000000082700000, 0x0000000082700000|100%|HS|  |TAMS 0x0000000082700000, 0x0000000082600000| Complete 
|  39|0x0000000082700000, 0x0000000082800000, 0x0000000082800000|100%|HC|  |TAMS 0x0000000082800000, 0x0000000082700000| Complete 
|  40|0x0000000082800000, 0x0000000082900000, 0x0000000082900000|100%|HC|  |TAMS 0x0000000082900000, 0x0000000082800000| Complete 
|  41|0x0000000082900000, 0x0000000082a00000, 0x0000000082a00000|100%| O|  |TAMS 0x0000000082a00000, 0x0000000082900000| Untracked 
|  42|0x0000000082a00000, 0x0000000082b00000, 0x0000000082b00000|100%| O|  |TAMS 0x0000000082b00000, 0x0000000082a00000| Untracked 
|  43|0x0000000082b00000, 0x0000000082c00000, 0x0000000082c00000|100%| O|  |TAMS 0x0000000082c00000, 0x0000000082b00000| Untracked 
|  44|0x0000000082c00000, 0x0000000082d00000, 0x0000000082d00000|100%|HS|  |TAMS 0x0000000082d00000, 0x0000000082c00000| Complete 
|  45|0x0000000082d00000, 0x0000000082e00000, 0x0000000082e00000|100%|HC|  |TAMS 0x0000000082e00000, 0x0000000082d00000| Complete 
|  46|0x0000000082e00000, 0x0000000082f00000, 0x0000000082f00000|100%| O|  |TAMS 0x0000000082f00000, 0x0000000082e00000| Untracked 
|  47|0x0000000082f00000, 0x0000000083000000, 0x0000000083000000|100%| O|  |TAMS 0x0000000083000000, 0x0000000082f00000| Untracked 
|  48|0x0000000083000000, 0x0000000083100000, 0x0000000083100000|100%| O|  |TAMS 0x0000000083100000, 0x0000000083000000| Untracked 
|  49|0x0000000083100000, 0x0000000083200000, 0x0000000083200000|100%| O|  |TAMS 0x0000000083200000, 0x0000000083100000| Untracked 
|  50|0x0000000083200000, 0x0000000083300000, 0x0000000083300000|100%| O|  |TAMS 0x0000000083300000, 0x0000000083200000| Untracked 
|  51|0x0000000083300000, 0x0000000083400000, 0x0000000083400000|100%| O|  |TAMS 0x0000000083400000, 0x0000000083300000| Untracked 
|  52|0x0000000083400000, 0x0000000083500000, 0x0000000083500000|100%| O|  |TAMS 0x0000000083500000, 0x0000000083400000| Untracked 
|  53|0x0000000083500000, 0x0000000083600000, 0x0000000083600000|100%| O|  |TAMS 0x0000000083600000, 0x0000000083500000| Untracked 
|  54|0x0000000083600000, 0x0000000083700000, 0x0000000083700000|100%| O|  |TAMS 0x0000000083700000, 0x0000000083600000| Untracked 
|  55|0x0000000083700000, 0x0000000083800000, 0x0000000083800000|100%| O|  |TAMS 0x0000000083800000, 0x0000000083700000| Untracked 
|  56|0x0000000083800000, 0x0000000083900000, 0x0000000083900000|100%| O|  |TAMS 0x0000000083900000, 0x0000000083800000| Untracked 
|  57|0x0000000083900000, 0x0000000083a00000, 0x0000000083a00000|100%| O|  |TAMS 0x0000000083a00000, 0x0000000083900000| Untracked 
|  58|0x0000000083a00000, 0x0000000083b00000, 0x0000000083b00000|100%| O|  |TAMS 0x0000000083b00000, 0x0000000083a00000| Untracked 
|  59|0x0000000083b00000, 0x0000000083c00000, 0x0000000083c00000|100%| O|  |TAMS 0x0000000083c00000, 0x0000000083b00000| Untracked 
|  60|0x0000000083c00000, 0x0000000083d00000, 0x0000000083d00000|100%| O|  |TAMS 0x0000000083d00000, 0x0000000083c00000| Untracked 
|  61|0x0000000083d00000, 0x0000000083e00000, 0x0000000083e00000|100%| O|  |TAMS 0x0000000083e00000, 0x0000000083d00000| Untracked 
|  62|0x0000000083e00000, 0x0000000083f00000, 0x0000000083f00000|100%| O|  |TAMS 0x0000000083f00000, 0x0000000083e00000| Untracked 
|  63|0x0000000083f00000, 0x0000000084000000, 0x0000000084000000|100%| O|  |TAMS 0x0000000084000000, 0x0000000083f00000| Untracked 
|  64|0x0000000084000000, 0x0000000084100000, 0x0000000084100000|100%| O|  |TAMS 0x0000000084100000, 0x0000000084000000| Untracked 
|  65|0x0000000084100000, 0x0000000084200000, 0x0000000084200000|100%| O|  |TAMS 0x0000000084200000, 0x0000000084100000| Untracked 
|  66|0x0000000084200000, 0x0000000084300000, 0x0000000084300000|100%| O|  |TAMS 0x0000000084300000, 0x0000000084200000| Untracked 
|  67|0x0000000084300000, 0x0000000084400000, 0x0000000084400000|100%| O|  |TAMS 0x0000000084400000, 0x0000000084300000| Untracked 
|  68|0x0000000084400000, 0x0000000084500000, 0x0000000084500000|100%| O|  |TAMS 0x0000000084500000, 0x0000000084400000| Untracked 
|  69|0x0000000084500000, 0x0000000084600000, 0x0000000084600000|100%| O|  |TAMS 0x0000000084600000, 0x0000000084500000| Untracked 
|  70|0x0000000084600000, 0x0000000084700000, 0x0000000084700000|100%| O|  |TAMS 0x0000000084700000, 0x0000000084600000| Untracked 
|  71|0x0000000084700000, 0x0000000084800000, 0x0000000084800000|100%| O|  |TAMS 0x0000000084800000, 0x0000000084700000| Untracked 
|  72|0x0000000084800000, 0x0000000084900000, 0x0000000084900000|100%| O|  |TAMS 0x0000000084900000, 0x0000000084800000| Untracked 
|  73|0x0000000084900000, 0x0000000084a00000, 0x0000000084a00000|100%| O|  |TAMS 0x0000000084a00000, 0x0000000084900000| Untracked 
|  74|0x0000000084a00000, 0x0000000084b00000, 0x0000000084b00000|100%| O|  |TAMS 0x0000000084b00000, 0x0000000084a00000| Untracked 
|  75|0x0000000084b00000, 0x0000000084c00000, 0x0000000084c00000|100%| O|  |TAMS 0x0000000084c00000, 0x0000000084b00000| Untracked 
|  76|0x0000000084c00000, 0x0000000084d00000, 0x0000000084d00000|100%| O|  |TAMS 0x0000000084d00000, 0x0000000084c00000| Untracked 
|  77|0x0000000084d00000, 0x0000000084e00000, 0x0000000084e00000|100%| O|  |TAMS 0x0000000084e00000, 0x0000000084d00000| Untracked 
|  78|0x0000000084e00000, 0x0000000084f00000, 0x0000000084f00000|100%| O|  |TAMS 0x0000000084f00000, 0x0000000084e00000| Untracked 
|  79|0x0000000084f00000, 0x0000000085000000, 0x0000000085000000|100%| O|  |TAMS 0x0000000085000000, 0x0000000084f00000| Untracked 
|  80|0x0000000085000000, 0x0000000085100000, 0x0000000085100000|100%| O|  |TAMS 0x0000000085100000, 0x0000000085000000| Untracked 
|  81|0x0000000085100000, 0x00000000851f8600, 0x0000000085200000| 97%| O|  |TAMS 0x00000000851f8600, 0x0000000085100000| Untracked 
|  82|0x0000000085200000, 0x0000000085200000, 0x0000000085300000|  0%| F|  |TAMS 0x0000000085200000, 0x0000000085200000| Untracked 
|  83|0x0000000085300000, 0x0000000085300000, 0x0000000085400000|  0%| F|  |TAMS 0x0000000085300000, 0x0000000085300000| Untracked 
|  84|0x0000000085400000, 0x0000000085400000, 0x0000000085500000|  0%| F|  |TAMS 0x0000000085400000, 0x0000000085400000| Untracked 
|  85|0x0000000085500000, 0x0000000085500000, 0x0000000085600000|  0%| F|  |TAMS 0x0000000085500000, 0x0000000085500000| Untracked 
|  86|0x0000000085600000, 0x0000000085600000, 0x0000000085700000|  0%| F|  |TAMS 0x0000000085600000, 0x0000000085600000| Untracked 
|  87|0x0000000085700000, 0x0000000085700000, 0x0000000085800000|  0%| F|  |TAMS 0x0000000085700000, 0x0000000085700000| Untracked 
|  88|0x0000000085800000, 0x0000000085800000, 0x0000000085900000|  0%| F|  |TAMS 0x0000000085800000, 0x0000000085800000| Untracked 
|  89|0x0000000085900000, 0x0000000085900000, 0x0000000085a00000|  0%| F|  |TAMS 0x0000000085900000, 0x0000000085900000| Untracked 
|  90|0x0000000085a00000, 0x0000000085a00000, 0x0000000085b00000|  0%| F|  |TAMS 0x0000000085a00000, 0x0000000085a00000| Untracked 
|  91|0x0000000085b00000, 0x0000000085b00000, 0x0000000085c00000|  0%| F|  |TAMS 0x0000000085b00000, 0x0000000085b00000| Untracked 
|  92|0x0000000085c00000, 0x0000000085c00000, 0x0000000085d00000|  0%| F|  |TAMS 0x0000000085c00000, 0x0000000085c00000| Untracked 
|  93|0x0000000085d00000, 0x0000000085d00000, 0x0000000085e00000|  0%| F|  |TAMS 0x0000000085d00000, 0x0000000085d00000| Untracked 
|  94|0x0000000085e00000, 0x0000000085e00000, 0x0000000085f00000|  0%| F|  |TAMS 0x0000000085e00000, 0x0000000085e00000| Untracked 
|  95|0x0000000085f00000, 0x0000000085f00000, 0x0000000086000000|  0%| F|  |TAMS 0x0000000085f00000, 0x0000000085f00000| Untracked 
|  96|0x0000000086000000, 0x0000000086000000, 0x0000000086100000|  0%| F|  |TAMS 0x0000000086000000, 0x0000000086000000| Untracked 
|  97|0x0000000086100000, 0x0000000086100000, 0x0000000086200000|  0%| F|  |TAMS 0x0000000086100000, 0x0000000086100000| Untracked 
|  98|0x0000000086200000, 0x0000000086200000, 0x0000000086300000|  0%| F|  |TAMS 0x0000000086200000, 0x0000000086200000| Untracked 
|  99|0x0000000086300000, 0x0000000086300000, 0x0000000086400000|  0%| F|  |TAMS 0x0000000086300000, 0x0000000086300000| Untracked 
| 100|0x0000000086400000, 0x0000000086400000, 0x0000000086500000|  0%| F|  |TAMS 0x0000000086400000, 0x0000000086400000| Untracked 
| 101|0x0000000086500000, 0x00000000865a46b8, 0x0000000086600000| 64%| S|CS|TAMS 0x0000000086500000, 0x0000000086500000| Complete 
| 102|0x0000000086600000, 0x0000000086600000, 0x0000000086700000|  0%| F|  |TAMS 0x0000000086600000, 0x0000000086600000| Untracked 
| 103|0x0000000086700000, 0x0000000086700000, 0x0000000086800000|  0%| F|  |TAMS 0x0000000086700000, 0x0000000086700000| Untracked 
| 104|0x0000000086800000, 0x0000000086800000, 0x0000000086900000|  0%| F|  |TAMS 0x0000000086800000, 0x0000000086800000| Untracked 
| 105|0x0000000086900000, 0x0000000086900000, 0x0000000086a00000|  0%| F|  |TAMS 0x0000000086900000, 0x0000000086900000| Untracked 
| 106|0x0000000086a00000, 0x0000000086a00000, 0x0000000086b00000|  0%| F|  |TAMS 0x0000000086a00000, 0x0000000086a00000| Untracked 
| 107|0x0000000086b00000, 0x0000000086c00000, 0x0000000086c00000|100%| S|CS|TAMS 0x0000000086b00000, 0x0000000086b00000| Complete 
| 108|0x0000000086c00000, 0x0000000086c00000, 0x0000000086d00000|  0%| F|  |TAMS 0x0000000086c00000, 0x0000000086c00000| Untracked 
| 109|0x0000000086d00000, 0x0000000086d00000, 0x0000000086e00000|  0%| F|  |TAMS 0x0000000086d00000, 0x0000000086d00000| Untracked 
| 110|0x0000000086e00000, 0x0000000086e00000, 0x0000000086f00000|  0%| F|  |TAMS 0x0000000086e00000, 0x0000000086e00000| Untracked 
| 111|0x0000000086f00000, 0x0000000086f00000, 0x0000000087000000|  0%| F|  |TAMS 0x0000000086f00000, 0x0000000086f00000| Untracked 
| 112|0x0000000087000000, 0x0000000087000000, 0x0000000087100000|  0%| F|  |TAMS 0x0000000087000000, 0x0000000087000000| Untracked 
| 113|0x0000000087100000, 0x0000000087100000, 0x0000000087200000|  0%| F|  |TAMS 0x0000000087100000, 0x0000000087100000| Untracked 
| 114|0x0000000087200000, 0x0000000087200000, 0x0000000087300000|  0%| F|  |TAMS 0x0000000087200000, 0x0000000087200000| Untracked 
| 115|0x0000000087300000, 0x0000000087300000, 0x0000000087400000|  0%| F|  |TAMS 0x0000000087300000, 0x0000000087300000| Untracked 
| 116|0x0000000087400000, 0x0000000087400000, 0x0000000087500000|  0%| F|  |TAMS 0x0000000087400000, 0x0000000087400000| Untracked 
| 117|0x0000000087500000, 0x0000000087500000, 0x0000000087600000|  0%| F|  |TAMS 0x0000000087500000, 0x0000000087500000| Untracked 
| 118|0x0000000087600000, 0x0000000087600000, 0x0000000087700000|  0%| F|  |TAMS 0x0000000087600000, 0x0000000087600000| Untracked 
| 119|0x0000000087700000, 0x0000000087700000, 0x0000000087800000|  0%| F|  |TAMS 0x0000000087700000, 0x0000000087700000| Untracked 
| 120|0x0000000087800000, 0x0000000087800000, 0x0000000087900000|  0%| F|  |TAMS 0x0000000087800000, 0x0000000087800000| Untracked 
| 121|0x0000000087900000, 0x0000000087900000, 0x0000000087a00000|  0%| F|  |TAMS 0x0000000087900000, 0x0000000087900000| Untracked 
| 122|0x0000000087a00000, 0x0000000087a00000, 0x0000000087b00000|  0%| F|  |TAMS 0x0000000087a00000, 0x0000000087a00000| Untracked 
| 123|0x0000000087b00000, 0x0000000087b00000, 0x0000000087c00000|  0%| F|  |TAMS 0x0000000087b00000, 0x0000000087b00000| Untracked 
| 124|0x0000000087c00000, 0x0000000087c00000, 0x0000000087d00000|  0%| F|  |TAMS 0x0000000087c00000, 0x0000000087c00000| Untracked 
| 125|0x0000000087d00000, 0x0000000087d00000, 0x0000000087e00000|  0%| F|  |TAMS 0x0000000087d00000, 0x0000000087d00000| Untracked 
| 126|0x0000000087e00000, 0x0000000087e00000, 0x0000000087f00000|  0%| F|  |TAMS 0x0000000087e00000, 0x0000000087e00000| Untracked 
| 127|0x0000000087f00000, 0x0000000087f00000, 0x0000000088000000|  0%| F|  |TAMS 0x0000000087f00000, 0x0000000087f00000| Untracked 
| 128|0x0000000088000000, 0x0000000088000000, 0x0000000088100000|  0%| F|  |TAMS 0x0000000088000000, 0x0000000088000000| Untracked 
| 129|0x0000000088100000, 0x0000000088100000, 0x0000000088200000|  0%| F|  |TAMS 0x0000000088100000, 0x0000000088100000| Untracked 
| 130|0x0000000088200000, 0x00000000882f8dc8, 0x0000000088300000| 97%| E|  |TAMS 0x0000000088200000, 0x0000000088200000| Complete 
| 131|0x0000000088300000, 0x0000000088400000, 0x0000000088400000|100%| E|CS|TAMS 0x0000000088300000, 0x0000000088300000| Complete 
| 132|0x0000000088400000, 0x0000000088500000, 0x0000000088500000|100%| E|CS|TAMS 0x0000000088400000, 0x0000000088400000| Complete 
| 133|0x0000000088500000, 0x0000000088600000, 0x0000000088600000|100%| E|CS|TAMS 0x0000000088500000, 0x0000000088500000| Complete 
| 134|0x0000000088600000, 0x0000000088700000, 0x0000000088700000|100%| E|CS|TAMS 0x0000000088600000, 0x0000000088600000| Complete 
| 135|0x0000000088700000, 0x0000000088800000, 0x0000000088800000|100%| E|CS|TAMS 0x0000000088700000, 0x0000000088700000| Complete 
| 136|0x0000000088800000, 0x0000000088900000, 0x0000000088900000|100%| E|CS|TAMS 0x0000000088800000, 0x0000000088800000| Complete 
| 137|0x0000000088900000, 0x0000000088a00000, 0x0000000088a00000|100%| E|CS|TAMS 0x0000000088900000, 0x0000000088900000| Complete 
| 138|0x0000000088a00000, 0x0000000088b00000, 0x0000000088b00000|100%| E|CS|TAMS 0x0000000088a00000, 0x0000000088a00000| Complete 
| 139|0x0000000088b00000, 0x0000000088c00000, 0x0000000088c00000|100%| E|CS|TAMS 0x0000000088b00000, 0x0000000088b00000| Complete 
| 140|0x0000000088c00000, 0x0000000088d00000, 0x0000000088d00000|100%| E|CS|TAMS 0x0000000088c00000, 0x0000000088c00000| Complete 
| 141|0x0000000088d00000, 0x0000000088e00000, 0x0000000088e00000|100%| E|CS|TAMS 0x0000000088d00000, 0x0000000088d00000| Complete 
| 142|0x0000000088e00000, 0x0000000088f00000, 0x0000000088f00000|100%| E|CS|TAMS 0x0000000088e00000, 0x0000000088e00000| Complete 

Card table byte_map: [0x00000219c2010000,0x00000219c2410000] _byte_map_base: 0x00000219c1c10000

Marking Bits (Prev, Next): (CMBitMap*) 0x00000219aeb1d948, (CMBitMap*) 0x00000219aeb1d980
 Prev Bits: [0x00000219c2810000, 0x00000219c4810000)
 Next Bits: [0x00000219c4810000, 0x00000219c6810000)

Polling page: 0x00000219ad140000

Metaspace:

Usage:
  Non-class:     85.25 MB capacity,    83.87 MB ( 98%) used,     1.12 MB (  1%) free+waste,   271.06 KB ( <1%) overhead. 
      Class:     13.30 MB capacity,    12.48 MB ( 94%) used,   717.66 KB (  5%) free+waste,   122.63 KB ( <1%) overhead. 
       Both:     98.55 MB capacity,    96.35 MB ( 98%) used,     1.82 MB (  2%) free+waste,   393.69 KB ( <1%) overhead. 

Virtual space:
  Non-class space:       86.00 MB reserved,      85.37 MB (>99%) committed 
      Class space:        1.00 GB reserved,      13.32 MB (  1%) committed 
             Both:        1.08 GB reserved,      98.70 MB (  9%) committed 

Chunk freelists:
   Non-Class:  57.00 KB
       Class:  12.00 KB
        Both:  69.00 KB

MaxMetaspaceSize: 17179869184.00 GB
CompressedClassSpaceSize: 1.00 GB
Initial GC threshold: 20.80 MB
Current GC threshold: 164.49 MB
CDS: off

CodeHeap 'non-profiled nmethods': size=120064Kb used=7336Kb max_used=7336Kb free=112727Kb
 bounds [0x00000219ba0b0000, 0x00000219ba7e0000, 0x00000219c15f0000]
CodeHeap 'profiled nmethods': size=120000Kb used=26973Kb max_used=26973Kb free=93027Kb
 bounds [0x00000219b2b80000, 0x00000219b45e0000, 0x00000219ba0b0000]
CodeHeap 'non-nmethods': size=5696Kb used=2402Kb max_used=2443Kb free=3293Kb
 bounds [0x00000219b25f0000, 0x00000219b2870000, 0x00000219b2b80000]
 total_blobs=12962 nmethods=12036 adapters=839
 compilation: enabled
              stopped_count=0, restarted_count=0
 full_count=0

Compilation events (20 events):
Event: 184.135 Thread 0x00000219c961f000 nmethod 12182 0x00000219ba7d7390 code [0x00000219ba7d7540, 0x00000219ba7d7738]
Event: 184.227 Thread 0x00000219c961f000 12183   !   4       java.util.concurrent.LinkedBlockingQueue::poll (128 bytes)
Event: 184.426 Thread 0x00000219c961f000 nmethod 12183 0x00000219ba7d7990 code [0x00000219ba7d7be0, 0x00000219ba7d9110]
Event: 184.426 Thread 0x00000219c961f000 12184       4       org.gradle.launcher.daemon.server.exec.DaemonConnectionBackedEventConsumer$ForwardEvents::moreMessagesToSend (35 bytes)
Event: 184.429 Thread 0x00000219c961f000 nmethod 12184 0x00000219ba7d9d10 code [0x00000219ba7d9ea0, 0x00000219ba7d9f38]
Event: 184.529 Thread 0x00000219c9621000 12185   !   3       java.util.zip.Inflater::needsDictionary (19 bytes)
Event: 184.529 Thread 0x00000219c9621000 nmethod 12185 0x00000219b45d1290 code [0x00000219b45d1440, 0x00000219b45d16d8]
Event: 184.777 Thread 0x00000219c961f000 12186       4       com.google.common.cache.LocalCache$StrongValueReference::notifyNewValue (1 bytes)
Event: 184.778 Thread 0x00000219c961f000 nmethod 12186 0x00000219ba7da010 code [0x00000219ba7da1a0, 0x00000219ba7da1f8]
Event: 185.029 Thread 0x00000219c9621000 12187       3       java.util.concurrent.locks.ReentrantLock$NonfairSync::tryAcquire (6 bytes)
Event: 185.029 Thread 0x00000219c9621000 nmethod 12187 0x00000219b45d1790 code [0x00000219b45d1940, 0x00000219b45d1a68]
Event: 185.061 Thread 0x00000219c9621000 12188       3       java.util.concurrent.locks.AbstractQueuedSynchronizer$Node::<init> (20 bytes)
Event: 185.064 Thread 0x00000219c9621000 nmethod 12188 0x00000219b45d1b10 code [0x00000219b45d1d80, 0x00000219b45d2658]
Event: 185.079 Thread 0x00000219c9621000 12189       3       java.util.concurrent.locks.AbstractQueuedSynchronizer::addWaiter (46 bytes)
Event: 185.084 Thread 0x00000219c9621000 nmethod 12189 0x00000219b45d2990 code [0x00000219b45d2e00, 0x00000219b45d4d18]
Event: 185.191 Thread 0x00000219c9621000 12190 %     3       java.util.HashMap$ValueSpliterator::forEachRemaining @ 122 (186 bytes)
Event: 185.200 Thread 0x00000219c9621000 nmethod 12190% 0x00000219b45d5810 code [0x00000219b45d5a40, 0x00000219b45d6348]
Event: 185.355 Thread 0x00000219c9621000 12191       3       java.util.concurrent.locks.ReentrantLock$Sync::nonfairTryAcquire (67 bytes)
Event: 185.358 Thread 0x00000219c9621000 nmethod 12191 0x00000219b45d6610 code [0x00000219b45d6860, 0x00000219b45d70e8]
Event: 185.363 Thread 0x00000219c961f000 12192   !   4       java.nio.file.FileTreeWalker::next (144 bytes)

GC Heap History (20 events):
Event: 101.330 GC heap before
{Heap before GC invocations=80 (full 0):
 garbage-first heap   total 121856K, used 91711K [0x0000000080000000, 0x0000000100000000)
  region size 1024K, 31 young (31744K), 4 survivors (4096K)
 Metaspace       used 73733K, capacity 75496K, committed 75848K, reserved 1116160K
  class space    used 9404K, capacity 10062K, committed 10188K, reserved 1048576K
}
Event: 101.366 GC heap after
{Heap after GC invocations=81 (full 0):
 garbage-first heap   total 121856K, used 66199K [0x0000000080000000, 0x0000000100000000)
  region size 1024K, 4 young (4096K), 4 survivors (4096K)
 Metaspace       used 73733K, capacity 75496K, committed 75848K, reserved 1116160K
  class space    used 9404K, capacity 10062K, committed 10188K, reserved 1048576K
}
Event: 105.213 GC heap before
{Heap before GC invocations=81 (full 0):
 garbage-first heap   total 121856K, used 93847K [0x0000000080000000, 0x0000000100000000)
  region size 1024K, 31 young (31744K), 4 survivors (4096K)
 Metaspace       used 76917K, capacity 78632K, committed 78792K, reserved 1118208K
  class space    used 9897K, capacity 10554K, committed 10572K, reserved 1048576K
}
Event: 105.241 GC heap after
{Heap after GC invocations=82 (full 0):
 garbage-first heap   total 121856K, used 68214K [0x0000000080000000, 0x0000000100000000)
  region size 1024K, 2 young (2048K), 2 survivors (2048K)
 Metaspace       used 76917K, capacity 78632K, committed 78792K, reserved 1118208K
  class space    used 9897K, capacity 10554K, committed 10572K, reserved 1048576K
}
Event: 110.743 GC heap before
{Heap before GC invocations=83 (full 0):
 garbage-first heap   total 121856K, used 95862K [0x0000000080000000, 0x0000000100000000)
  region size 1024K, 29 young (29696K), 2 survivors (2048K)
 Metaspace       used 79915K, capacity 81754K, committed 81864K, reserved 1120256K
  class space    used 10375K, capacity 11051K, committed 11084K, reserved 1048576K
}
Event: 110.760 GC heap after
{Heap after GC invocations=84 (full 0):
 garbage-first heap   total 121856K, used 69742K [0x0000000080000000, 0x0000000100000000)
  region size 1024K, 4 young (4096K), 4 survivors (4096K)
 Metaspace       used 79915K, capacity 81754K, committed 81864K, reserved 1120256K
  class space    used 10375K, capacity 11051K, committed 11084K, reserved 1048576K
}
Event: 116.830 GC heap before
{Heap before GC invocations=84 (full 0):
 garbage-first heap   total 121856K, used 97390K [0x0000000080000000, 0x0000000100000000)
  region size 1024K, 31 young (31744K), 4 survivors (4096K)
 Metaspace       used 82088K, capacity 83998K, committed 84296K, reserved 1122304K
  class space    used 10684K, capacity 11399K, committed 11468K, reserved 1048576K
}
Event: 116.904 GC heap after
{Heap after GC invocations=85 (full 0):
 garbage-first heap   total 121856K, used 71529K [0x0000000080000000, 0x0000000100000000)
  region size 1024K, 4 young (4096K), 4 survivors (4096K)
 Metaspace       used 82088K, capacity 83998K, committed 84296K, reserved 1122304K
  class space    used 10684K, capacity 11399K, committed 11468K, reserved 1048576K
}
Event: 126.393 GC heap before
{Heap before GC invocations=86 (full 0):
 garbage-first heap   total 121856K, used 99177K [0x0000000080000000, 0x0000000100000000)
  region size 1024K, 31 young (31744K), 4 survivors (4096K)
 Metaspace       used 84416K, capacity 86277K, committed 86344K, reserved 1124352K
  class space    used 10988K, capacity 11707K, committed 11724K, reserved 1048576K
}
Event: 126.455 GC heap after
{Heap after GC invocations=87 (full 0):
 garbage-first heap   total 121856K, used 73575K [0x0000000080000000, 0x0000000100000000)
  region size 1024K, 4 young (4096K), 4 survivors (4096K)
 Metaspace       used 84416K, capacity 86277K, committed 86344K, reserved 1124352K
  class space    used 10988K, capacity 11707K, committed 11724K, reserved 1048576K
}
Event: 130.573 GC heap before
{Heap before GC invocations=87 (full 0):
 garbage-first heap   total 121856K, used 101223K [0x0000000080000000, 0x0000000100000000)
  region size 1024K, 31 young (31744K), 4 survivors (4096K)
 Metaspace       used 87913K, capacity 89739K, committed 89928K, reserved 1126400K
  class space    used 11464K, capacity 12146K, committed 12236K, reserved 1048576K
}
Event: 130.617 GC heap after
{Heap after GC invocations=88 (full 0):
 garbage-first heap   total 146432K, used 75281K [0x0000000080000000, 0x0000000100000000)
  region size 1024K, 4 young (4096K), 4 survivors (4096K)
 Metaspace       used 87913K, capacity 89739K, committed 89928K, reserved 1126400K
  class space    used 11464K, capacity 12146K, committed 12236K, reserved 1048576K
}
Event: 138.936 GC heap before
{Heap before GC invocations=89 (full 0):
 garbage-first heap   total 146432K, used 112145K [0x0000000080000000, 0x0000000100000000)
  region size 1024K, 40 young (40960K), 4 survivors (4096K)
 Metaspace       used 91197K, capacity 93327K, committed 93512K, reserved 1130496K
  class space    used 11941K, capacity 12742K, committed 12748K, reserved 1048576K
}
Event: 139.018 GC heap after
{Heap after GC invocations=90 (full 0):
 garbage-first heap   total 146432K, used 78645K [0x0000000080000000, 0x0000000100000000)
  region size 1024K, 5 young (5120K), 5 survivors (5120K)
 Metaspace       used 91197K, capacity 93327K, committed 93512K, reserved 1130496K
  class space    used 11941K, capacity 12742K, committed 12748K, reserved 1048576K
}
Event: 144.895 GC heap before
{Heap before GC invocations=90 (full 0):
 garbage-first heap   total 146432K, used 115509K [0x0000000080000000, 0x0000000100000000)
  region size 1024K, 42 young (43008K), 5 survivors (5120K)
 Metaspace       used 96331K, capacity 98378K, committed 98504K, reserved 1134592K
  class space    used 12569K, capacity 13351K, committed 13388K, reserved 1048576K
}
Event: 144.961 GC heap after
{Heap after GC invocations=91 (full 0):
 garbage-first heap   total 146432K, used 81601K [0x0000000080000000, 0x0000000100000000)
  region size 1024K, 3 young (3072K), 3 survivors (3072K)
 Metaspace       used 96331K, capacity 98378K, committed 98504K, reserved 1134592K
  class space    used 12569K, capacity 13351K, committed 13388K, reserved 1048576K
}
Event: 160.454 GC heap before
{Heap before GC invocations=92 (full 0):
 garbage-first heap   total 146432K, used 117441K [0x0000000080000000, 0x0000000100000000)
  region size 1024K, 39 young (39936K), 3 survivors (3072K)
 Metaspace       used 98197K, capacity 100413K, committed 100552K, reserved 1136640K
  class space    used 12781K, capacity 13627K, committed 13644K, reserved 1048576K
}
Event: 160.530 GC heap after
{Heap after GC invocations=93 (full 0):
 garbage-first heap   total 146432K, used 84168K [0x0000000080000000, 0x0000000100000000)
  region size 1024K, 5 young (5120K), 5 survivors (5120K)
 Metaspace       used 98197K, capacity 100413K, committed 100552K, reserved 1136640K
  class space    used 12781K, capacity 13627K, committed 13644K, reserved 1048576K
}
Event: 175.929 GC heap before
{Heap before GC invocations=93 (full 0):
 garbage-first heap   total 146432K, used 118984K [0x0000000080000000, 0x0000000100000000)
  region size 1024K, 40 young (40960K), 5 survivors (5120K)
 Metaspace       used 98628K, capacity 100875K, committed 101064K, reserved 1136640K
  class space    used 12781K, capacity 13628K, committed 13644K, reserved 1048576K
}
Event: 176.172 GC heap after
{Heap after GC invocations=94 (full 0):
 garbage-first heap   total 146432K, used 85619K [0x0000000080000000, 0x0000000100000000)
  region size 1024K, 2 young (2048K), 2 survivors (2048K)
 Metaspace       used 98628K, capacity 100875K, committed 101064K, reserved 1136640K
  class space    used 12781K, capacity 13628K, committed 13644K, reserved 1048576K
}

Deoptimization events (20 events):
Event: 184.388 Thread 0x00000219cb797000 Uncommon trap: trap_request=0xffffff6e fr.pc=0x00000219ba74dec8 relative=0x00000000000006c8
Event: 184.388 Thread 0x00000219cb797000 Uncommon trap: reason=speculate_class_check action=maybe_recompile pc=0x00000219ba74dec8 method=java.util.zip.InflaterInputStream.read([BII)I @ 100 c2
Event: 184.388 Thread 0x00000219cb797000 DEOPT PACKING pc=0x00000219ba74dec8 sp=0x000000e1a4cf48c0
Event: 184.388 Thread 0x00000219cb797000 DEOPT UNPACKING pc=0x00000219b263a1af sp=0x000000e1a4cf4870 mode 2
Event: 184.423 Thread 0x00000219cb797000 Uncommon trap: trap_request=0xffffffc6 fr.pc=0x00000219ba2b4250 relative=0x00000000000008f0
Event: 184.423 Thread 0x00000219cb797000 Uncommon trap: reason=bimorphic_or_optimized_type_check action=maybe_recompile pc=0x00000219ba2b4250 method=java.lang.Throwable.<init>(Ljava/lang/String;Ljava/lang/Throwable;)V @ 24 c2
Event: 184.423 Thread 0x00000219cb797000 DEOPT PACKING pc=0x00000219ba2b4250 sp=0x000000e1a4cfb6d0
Event: 184.423 Thread 0x00000219cb797000 DEOPT UNPACKING pc=0x00000219b263a1af sp=0x000000e1a4cfb6b0 mode 2
Event: 184.566 Thread 0x00000219cc08f800 Uncommon trap: trap_request=0xffffffc6 fr.pc=0x00000219ba2b4250 relative=0x00000000000008f0
Event: 184.566 Thread 0x00000219cc08f800 Uncommon trap: reason=bimorphic_or_optimized_type_check action=maybe_recompile pc=0x00000219ba2b4250 method=java.lang.Throwable.<init>(Ljava/lang/String;Ljava/lang/Throwable;)V @ 24 c2
Event: 184.566 Thread 0x00000219cc08f800 DEOPT PACKING pc=0x00000219ba2b4250 sp=0x000000e1a38fb2b0
Event: 184.566 Thread 0x00000219cc08f800 DEOPT UNPACKING pc=0x00000219b263a1af sp=0x000000e1a38fb290 mode 2
Event: 184.713 Thread 0x00000219cc08f800 Uncommon trap: trap_request=0xffffff4d fr.pc=0x00000219ba302e04 relative=0x0000000000000164
Event: 184.713 Thread 0x00000219cc08f800 Uncommon trap: reason=unstable_if action=reinterpret pc=0x00000219ba302e04 method=java.util.concurrent.locks.ReentrantLock$Sync.nonfairTryAcquire(I)Z @ 19 c2
Event: 184.713 Thread 0x00000219cc08f800 DEOPT PACKING pc=0x00000219ba302e04 sp=0x000000e1a38fa620
Event: 184.713 Thread 0x00000219cc08f800 DEOPT UNPACKING pc=0x00000219b263a1af sp=0x000000e1a38fa550 mode 2
Event: 185.304 Thread 0x00000219cb797000 Uncommon trap: trap_request=0xffffff4d fr.pc=0x00000219ba2fad84 relative=0x0000000000000164
Event: 185.304 Thread 0x00000219cb797000 Uncommon trap: reason=unstable_if action=reinterpret pc=0x00000219ba2fad84 method=java.util.concurrent.locks.ReentrantLock$Sync.nonfairTryAcquire(I)Z @ 19 c2
Event: 185.304 Thread 0x00000219cb797000 DEOPT PACKING pc=0x00000219ba2fad84 sp=0x000000e1a4cfaa00
Event: 185.304 Thread 0x00000219cb797000 DEOPT UNPACKING pc=0x00000219b263a1af sp=0x000000e1a4cfa998 mode 2

Classes redefined (0 events):
No events

Internal exceptions (20 events):
Event: 155.415 Thread 0x00000219d0393000 Exception <a 'java/lang/NoSuchMethodError'{0x0000000087c89b58}: 'void java.lang.invoke.DirectMethodHandle$Holder.invokeStatic(java.lang.Object, java.lang.Object, java.lang.Object, java.lang.Object, int, java.lang.Object, java.lang.Object)'> (0x0000000087c89b58) thrown at [./src/hotspot/share/interpreter/linkResolver.cpp, line 773]
Event: 155.635 Thread 0x00000219cc092000 Exception <a 'java/net/SocketTimeoutException'{0x0000000087914588}: Read timed out> (0x0000000087914588) thrown at [./src/hotspot/share/prims/jni.cpp, line 636]
Event: 155.651 Thread 0x00000219d0393000 Exception <a 'java/net/SocketTimeoutException'{0x0000000087bd76e0}: Read timed out> (0x0000000087bd76e0) thrown at [./src/hotspot/share/prims/jni.cpp, line 636]
Event: 155.923 Thread 0x00000219cb79e800 Exception <a 'java/lang/NoSuchMethodError'{0x00000000878512e8}: 'java.lang.Object java.lang.invoke.DirectMethodHandle$Holder.invokeSpecialIFC(java.lang.Object, java.lang.Object, java.lang.Object)'> (0x00000000878512e8) thrown at [./src/hotspot/share/interpreter/linkResolver.cpp, line 773]
Event: 156.894 Thread 0x00000219cb79e800 Exception <a 'java/lang/NoSuchMethodError'{0x0000000087588478}: 'int java.lang.invoke.DirectMethodHandle$Holder.invokeStaticInit(java.lang.Object, java.lang.Object, java.lang.Object, java.lang.Object, java.lang.Object)'> (0x0000000087588478) thrown at [./src/hotspot/share/interpreter/linkResolver.cpp, line 773]
Event: 157.907 Thread 0x00000219ca743800 Exception <a 'java/lang/NoSuchMethodError'{0x000000008716aef8}: 'java.lang.Object java.lang.invoke.DirectMethodHandle$Holder.newInvokeSpecial(java.lang.Object, java.lang.Object, java.lang.Object, java.lang.Object)'> (0x000000008716aef8) thrown at [./src/hotspot/share/interpreter/linkResolver.cpp, line 773]
Event: 157.908 Thread 0x00000219d0393000 Exception <a 'java/lang/NoSuchMethodError'{0x00000000871a7458}: 'java.lang.Object java.lang.invoke.DirectMethodHandle$Holder.newInvokeSpecial(java.lang.Object, java.lang.Object, java.lang.Object, java.lang.Object)'> (0x00000000871a7458) thrown at [./src/hotspot/share/interpreter/linkResolver.cpp, line 773]
Event: 157.909 Thread 0x00000219cc092000 Exception <a 'java/lang/NoSuchMethodError'{0x00000000871714c0}: 'java.lang.Object java.lang.invoke.DirectMethodHandle$Holder.newInvokeSpecial(java.lang.Object, java.lang.Object, java.lang.Object, java.lang.Object)'> (0x00000000871714c0) thrown at [./src/hotspot/share/interpreter/linkResolver.cpp, line 773]
Event: 161.685 Thread 0x00000219cb798800 Exception <a 'java/net/SocketTimeoutException'{0x0000000088516bb8}: Read timed out> (0x0000000088516bb8) thrown at [./src/hotspot/share/prims/jni.cpp, line 636]
Event: 161.878 Thread 0x00000219cb795800 Exception <a 'java/net/SocketTimeoutException'{0x00000000887e38b8}: Read timed out> (0x00000000887e38b8) thrown at [./src/hotspot/share/prims/jni.cpp, line 636]
Event: 161.882 Thread 0x00000219cb79b000 Exception <a 'java/net/SocketTimeoutException'{0x0000000088426e28}: Read timed out> (0x0000000088426e28) thrown at [./src/hotspot/share/prims/jni.cpp, line 636]
Event: 161.885 Thread 0x00000219ca740000 Exception <a 'java/net/SocketTimeoutException'{0x00000000884208d8}: Read timed out> (0x00000000884208d8) thrown at [./src/hotspot/share/prims/jni.cpp, line 636]
Event: 164.196 Thread 0x00000219ca742000 Exception <a 'java/net/SocketTimeoutException'{0x000000008817a278}: Read timed out> (0x000000008817a278) thrown at [./src/hotspot/share/prims/jni.cpp, line 636]
Event: 168.584 Thread 0x00000219cb79a000 Exception <a 'java/net/SocketTimeoutException'{0x0000000087cbb4c0}: Read timed out> (0x0000000087cbb4c0) thrown at [./src/hotspot/share/prims/jni.cpp, line 636]
Event: 168.648 Thread 0x00000219cc090800 Exception <a 'java/net/SocketTimeoutException'{0x0000000087b29d58}: Read timed out> (0x0000000087b29d58) thrown at [./src/hotspot/share/prims/jni.cpp, line 636]
Event: 175.685 Thread 0x00000219cb797000 Exception <a 'java/net/SocketTimeoutException'{0x0000000086d3e4a8}: Read timed out> (0x0000000086d3e4a8) thrown at [./src/hotspot/share/prims/jni.cpp, line 636]
Event: 180.081 Thread 0x00000219ca745000 Exception <a 'java/net/SocketTimeoutException'{0x00000000889df5b0}: Read timed out> (0x00000000889df5b0) thrown at [./src/hotspot/share/prims/jni.cpp, line 636]
Event: 184.374 Thread 0x00000219cb797000 Exception <a 'java/io/IOException'{0x00000000884f72f8}> (0x00000000884f72f8) thrown at [./src/hotspot/share/prims/jni.cpp, line 615]
Event: 184.417 Thread 0x00000219cb797000 Exception <a 'java/lang/ClassNotFoundException'{0x00000000884ff790}: sun/misc/SharedSecrets> (0x00000000884ff790) thrown at [./src/hotspot/share/classfile/systemDictionary.cpp, line 231]
Event: 184.565 Thread 0x00000219cc08f800 Exception <a 'java/io/IOException'{0x0000000088373e18}> (0x0000000088373e18) thrown at [./src/hotspot/share/prims/jni.cpp, line 615]

Events (20 events):
Event: 161.885 Executing VM operation: RevokeBias
Event: 161.886 Executing VM operation: RevokeBias done
Event: 169.397 Executing VM operation: RevokeBias
Event: 169.397 Executing VM operation: RevokeBias done
Event: 169.419 Executing VM operation: RevokeBias
Event: 169.420 Executing VM operation: RevokeBias done
Event: 170.751 Executing VM operation: RevokeBias
Event: 170.752 Executing VM operation: RevokeBias done
Event: 175.739 Executing VM operation: RevokeBias
Event: 175.744 Executing VM operation: RevokeBias done
Event: 175.927 Executing VM operation: G1CollectForAllocation
Event: 176.172 Executing VM operation: G1CollectForAllocation done
Event: 177.554 Executing VM operation: CGC_Operation
Event: 178.850 Executing VM operation: CGC_Operation done
Event: 179.729 Executing VM operation: CGC_Operation
Event: 179.730 Executing VM operation: CGC_Operation done
Event: 184.377 loading class com/google/common/base/Throwables
Event: 184.377 loading class com/google/common/base/Throwables done
Event: 184.413 loading class sun/misc/SharedSecrets
Event: 184.416 loading class sun/misc/SharedSecrets done


Dynamic libraries:
0x00007ff72a7c0000 - 0x00007ff72a7ca000 	C:\Users\Elena\AppData\Local\JetBrains\Toolbox\apps\AndroidStudio\ch-0\212.5712.43.2112.8815526\jre\bin\java.exe
0x00007ffc65510000 - 0x00007ffc65708000 	C:\WINDOWS\SYSTEM32\ntdll.dll
0x00007ffc65020000 - 0x00007ffc650df000 	C:\WINDOWS\System32\KERNEL32.DLL
0x00007ffc62d50000 - 0x00007ffc63022000 	C:\WINDOWS\System32\KERNELBASE.dll
0x00007ffc63450000 - 0x00007ffc63550000 	C:\WINDOWS\System32\ucrtbase.dll
0x00007ffc42890000 - 0x00007ffc428a9000 	C:\Users\Elena\AppData\Local\JetBrains\Toolbox\apps\AndroidStudio\ch-0\212.5712.43.2112.8815526\jre\bin\jli.dll
0x00007ffc3c160000 - 0x00007ffc3c177000 	C:\Users\Elena\AppData\Local\JetBrains\Toolbox\apps\AndroidStudio\ch-0\212.5712.43.2112.8815526\jre\bin\VCRUNTIME140.dll
0x00007ffc63550000 - 0x00007ffc636f1000 	C:\WINDOWS\System32\USER32.dll
0x00007ffc63030000 - 0x00007ffc63052000 	C:\WINDOWS\System32\win32u.dll
0x00007ffc64ff0000 - 0x00007ffc6501b000 	C:\WINDOWS\System32\GDI32.dll
0x00007ffc632a0000 - 0x00007ffc633af000 	C:\WINDOWS\System32\gdi32full.dll
0x00007ffc633b0000 - 0x00007ffc6344d000 	C:\WINDOWS\System32\msvcp_win.dll
0x00007ffc4e670000 - 0x00007ffc4e90a000 	C:\WINDOWS\WinSxS\amd64_microsoft.windows.common-controls_6595b64144ccf1df_6.0.19041.1110_none_60b5254171f9507e\COMCTL32.dll
0x00007ffc637b0000 - 0x00007ffc6384e000 	C:\WINDOWS\System32\msvcrt.dll
0x00007ffc64500000 - 0x00007ffc64532000 	C:\WINDOWS\System32\IMM32.DLL
0x00007ffc1fd30000 - 0x00007ffc1fdcd000 	C:\Users\Elena\AppData\Local\JetBrains\Toolbox\apps\AndroidStudio\ch-0\212.5712.43.2112.8815526\jre\bin\msvcp140.dll
0x00007ffc0f590000 - 0x00007ffc10075000 	C:\Users\Elena\AppData\Local\JetBrains\Toolbox\apps\AndroidStudio\ch-0\212.5712.43.2112.8815526\jre\bin\server\jvm.dll
0x00007ffc65420000 - 0x00007ffc654ce000 	C:\WINDOWS\System32\ADVAPI32.dll
0x00007ffc63700000 - 0x00007ffc6379c000 	C:\WINDOWS\System32\sechost.dll
0x00007ffc64010000 - 0x00007ffc64135000 	C:\WINDOWS\System32\RPCRT4.dll
0x00007ffc63850000 - 0x00007ffc63858000 	C:\WINDOWS\System32\PSAPI.DLL
0x00007ffc4bcd0000 - 0x00007ffc4bcd9000 	C:\WINDOWS\SYSTEM32\WSOCK32.dll
0x00007ffc64540000 - 0x00007ffc645ab000 	C:\WINDOWS\System32\WS2_32.dll
0x00007ffc546f0000 - 0x00007ffc54717000 	C:\WINDOWS\SYSTEM32\WINMM.dll
0x00007ffc5c890000 - 0x00007ffc5c89a000 	C:\WINDOWS\SYSTEM32\VERSION.dll
0x00007ffc61450000 - 0x00007ffc61462000 	C:\WINDOWS\SYSTEM32\kernel.appcore.dll
0x00007ffc59490000 - 0x00007ffc594a1000 	C:\Users\Elena\AppData\Local\JetBrains\Toolbox\apps\AndroidStudio\ch-0\212.5712.43.2112.8815526\jre\bin\verify.dll
0x00007ffc61230000 - 0x00007ffc61414000 	C:\WINDOWS\SYSTEM32\DBGHELP.DLL
0x00007ffc59c60000 - 0x00007ffc59c95000 	C:\WINDOWS\SYSTEM32\dbgcore.DLL
0x00007ffc62c50000 - 0x00007ffc62cd2000 	C:\WINDOWS\System32\bcryptPrimitives.dll
0x00007ffc59330000 - 0x00007ffc59359000 	C:\Users\Elena\AppData\Local\JetBrains\Toolbox\apps\AndroidStudio\ch-0\212.5712.43.2112.8815526\jre\bin\java.dll
0x00007ffc5b7f0000 - 0x00007ffc5b7fb000 	C:\Users\Elena\AppData\Local\JetBrains\Toolbox\apps\AndroidStudio\ch-0\212.5712.43.2112.8815526\jre\bin\jimage.dll
0x00007ffc591b0000 - 0x00007ffc591c8000 	C:\Users\Elena\AppData\Local\JetBrains\Toolbox\apps\AndroidStudio\ch-0\212.5712.43.2112.8815526\jre\bin\zip.dll
0x00007ffc64840000 - 0x00007ffc64f84000 	C:\WINDOWS\System32\SHELL32.dll
0x00007ffc609d0000 - 0x00007ffc61162000 	C:\WINDOWS\SYSTEM32\windows.storage.dll
0x00007ffc641a0000 - 0x00007ffc644f5000 	C:\WINDOWS\System32\combase.dll
0x00007ffc62660000 - 0x00007ffc62690000 	C:\WINDOWS\SYSTEM32\Wldp.dll
0x00007ffc65310000 - 0x00007ffc653bd000 	C:\WINDOWS\System32\SHCORE.dll
0x00007ffc64f90000 - 0x00007ffc64fe5000 	C:\WINDOWS\System32\shlwapi.dll
0x00007ffc62b40000 - 0x00007ffc62b5f000 	C:\WINDOWS\SYSTEM32\profapi.dll
0x00007ffc57d10000 - 0x00007ffc57d2a000 	C:\Users\Elena\AppData\Local\JetBrains\Toolbox\apps\AndroidStudio\ch-0\212.5712.43.2112.8815526\jre\bin\net.dll
0x00007ffc59f00000 - 0x00007ffc5a00c000 	C:\WINDOWS\SYSTEM32\WINHTTP.dll
0x00007ffc62350000 - 0x00007ffc623ba000 	C:\WINDOWS\system32\mswsock.dll
0x00007ffc56fb0000 - 0x00007ffc56fc4000 	C:\Users\Elena\AppData\Local\JetBrains\Toolbox\apps\AndroidStudio\ch-0\212.5712.43.2112.8815526\jre\bin\nio.dll
0x00007ffc42e00000 - 0x00007ffc42e27000 	C:\Users\Elena\.gradle\native\e1d6ef7f7dcc3fd88c89a11ec53ec762bb8ba0a96d01ffa2cd45eb1d1d8dd5c5\windows-amd64\native-platform.dll
0x00007ffc1ce80000 - 0x00007ffc1cfc4000 	C:\Users\Elena\.gradle\native\5664cfc778a61ccfe75a443a1ab52a65af34e5dc3c78e0209fed803814484fcb\windows-amd64\native-platform-file-events.dll
0x00007ffc5a200000 - 0x00007ffc5a20a000 	C:\Users\Elena\AppData\Local\JetBrains\Toolbox\apps\AndroidStudio\ch-0\212.5712.43.2112.8815526\jre\bin\management.dll
0x00007ffc5a1e0000 - 0x00007ffc5a1ed000 	C:\Users\Elena\AppData\Local\JetBrains\Toolbox\apps\AndroidStudio\ch-0\212.5712.43.2112.8815526\jre\bin\management_ext.dll
0x00007ffc62540000 - 0x00007ffc62558000 	C:\WINDOWS\SYSTEM32\CRYPTSP.dll
0x00007ffc61c00000 - 0x00007ffc61c34000 	C:\WINDOWS\system32\rsaenh.dll
0x00007ffc63060000 - 0x00007ffc63087000 	C:\WINDOWS\System32\bcrypt.dll
0x00007ffc62b00000 - 0x00007ffc62b2e000 	C:\WINDOWS\SYSTEM32\USERENV.dll
0x00007ffc62560000 - 0x00007ffc6256c000 	C:\WINDOWS\SYSTEM32\CRYPTBASE.dll
0x00007ffc62040000 - 0x00007ffc6207b000 	C:\WINDOWS\SYSTEM32\IPHLPAPI.DLL
0x00007ffc63980000 - 0x00007ffc63988000 	C:\WINDOWS\System32\NSI.dll
0x00007ffc5a1a0000 - 0x00007ffc5a1b7000 	C:\WINDOWS\SYSTEM32\dhcpcsvc6.DLL
0x00007ffc5a540000 - 0x00007ffc5a55d000 	C:\WINDOWS\SYSTEM32\dhcpcsvc.DLL
0x00007ffc62080000 - 0x00007ffc6214a000 	C:\WINDOWS\SYSTEM32\DNSAPI.dll
0x00007ffc46ab0000 - 0x00007ffc46ad7000 	C:\Users\Elena\AppData\Local\JetBrains\Toolbox\apps\AndroidStudio\ch-0\212.5712.43.2112.8815526\jre\bin\sunec.dll
0x00007ffc5af20000 - 0x00007ffc5af2a000 	C:\Windows\System32\rasadhlp.dll
0x00007ffc58910000 - 0x00007ffc58990000 	C:\WINDOWS\System32\fwpuclnt.dll

dbghelp: loaded successfully - version: 4.0.5 - missing functions: none
symbol engine: initialized successfully - sym options: 0x614 - pdb path: .;C:\Users\Elena\AppData\Local\JetBrains\Toolbox\apps\AndroidStudio\ch-0\212.5712.43.2112.8815526\jre\bin;C:\WINDOWS\SYSTEM32;C:\WINDOWS\WinSxS\amd64_microsoft.windows.common-controls_6595b64144ccf1df_6.0.19041.1110_none_60b5254171f9507e;C:\Users\Elena\AppData\Local\JetBrains\Toolbox\apps\AndroidStudio\ch-0\212.5712.43.2112.8815526\jre\bin\server;C:\Users\Elena\.gradle\native\e1d6ef7f7dcc3fd88c89a11ec53ec762bb8ba0a96d01ffa2cd45eb1d1d8dd5c5\windows-amd64;C:\Users\Elena\.gradle\native\5664cfc778a61ccfe75a443a1ab52a65af34e5dc3c78e0209fed803814484fcb\windows-amd64

VM Arguments:
jvm_args: --add-opens=java.base/java.util=ALL-UNNAMED --add-opens=java.base/java.lang=ALL-UNNAMED --add-opens=java.base/java.lang.invoke=ALL-UNNAMED --add-opens=java.base/java.util=ALL-UNNAMED --add-opens=java.prefs/java.util.prefs=ALL-UNNAMED --add-opens=java.prefs/java.util.prefs=ALL-UNNAMED --add-opens=java.base/java.nio.charset=ALL-UNNAMED --add-opens=java.base/java.net=ALL-UNNAMED --add-opens=java.base/java.util.concurrent.atomic=ALL-UNNAMED -Xmx2048m -Dfile.encoding=UTF-8 -Duser.country=RU -Duser.language=ru -Duser.variant 
java_command: org.gradle.launcher.daemon.bootstrap.GradleDaemon 7.3.3
java_class_path (initial): C:\Users\Elena\.gradle\wrapper\dists\gradle-7.3.3-bin\6a41zxkdtcxs8rphpq6y0069z\gradle-7.3.3\lib\gradle-launcher-7.3.3.jar
Launcher Type: SUN_STANDARD

[Global flags]
     intx CICompilerCount                          = 3                                         {product} {ergonomic}
     uint ConcGCThreads                            = 1                                         {product} {ergonomic}
     uint G1ConcRefinementThreads                  = 4                                         {product} {ergonomic}
   size_t G1HeapRegionSize                         = 1048576                                   {product} {ergonomic}
    uintx GCDrainStackTargetSize                   = 64                                        {product} {ergonomic}
   size_t InitialHeapSize                          = 58720256                                  {product} {ergonomic}
   size_t MarkStackSize                            = 4194304                                   {product} {ergonomic}
   size_t MaxHeapSize                              = 2147483648                                {product} {command line}
   size_t MaxNewSize                               = 1287651328                                {product} {ergonomic}
   size_t MinHeapDeltaBytes                        = 1048576                                   {product} {ergonomic}
    uintx NonNMethodCodeHeapSize                   = 5830732                                {pd product} {ergonomic}
    uintx NonProfiledCodeHeapSize                  = 122913754                              {pd product} {ergonomic}
    uintx ProfiledCodeHeapSize                     = 122913754                              {pd product} {ergonomic}
    uintx ReservedCodeCacheSize                    = 251658240                              {pd product} {ergonomic}
     bool SegmentedCodeCache                       = true                                      {product} {ergonomic}
     bool UseCompressedClassPointers               = true                                 {lp64_product} {ergonomic}
     bool UseCompressedOops                        = true                                 {lp64_product} {ergonomic}
     bool UseG1GC                                  = true                                      {product} {ergonomic}
     bool UseLargePagesIndividualAllocation        = false                                  {pd product} {ergonomic}

Logging:
Log output configuration:
 #0: stdout all=warning uptime,level,tags
 #1: stderr all=off uptime,level,tags

Environment Variables:
PATH=C:\WINDOWS\system32;C:\WINDOWS;C:\WINDOWS\System32\Wbem;C:\WINDOWS\System32\WindowsPowerShell\v1.0\;C:\WINDOWS\System32\OpenSSH\;C:\Program Files\Git\cmd;C:\Users\Elena\AppData\Local\Microsoft\WindowsApps;;C:\Users\Elena\AppData\Local\JetBrains\Toolbox\scripts
USERNAME=Elena
OS=Windows_NT
PROCESSOR_IDENTIFIER=AMD64 Family 22 Model 48 Stepping 1, AuthenticAMD



---------------  S Y S T E M  ---------------

OS: Windows 10 , 64 bit Build 19041 (10.0.19041.2364)
OS uptime: 12 days 8:51 hours

CPU:total 4 (initial active 4) (4 cores per cpu, 1 threads per core) family 22 model 48 stepping 1 microcode 0x0, cmov, cx8, fxsr, mmx, sse, sse2, sse3, ssse3, sse4.1, sse4.2, popcnt, avx, aes, clmul, mmxext, 3dnowpref, lzcnt, sse4a, tsc, tscinvbit, tscinv, bmi1

Memory: 4k page, system-wide physical 3530M (119M free)
TotalPageFile size 14282M (AvailPageFile size 0M)
current process WorkingSet (physical memory assigned to process): 210M, peak: 212M
current process commit charge ("private bytes"): 423M, peak: 426M

vm_info: OpenJDK 64-Bit Server VM (11.0.12+7-b1504.28-7817840) for windows-amd64 JRE (11.0.12+7-b1504.28-7817840), built on Oct 13 2021 22:12:33 by "builder" with MS VC++ 14.0 (VS2015)

END.
