#
# There is insufficient memory for the Java Runtime Environment to continue.
# Native memory allocation (malloc) failed to allocate 1025616 bytes for Chunk::new
# Possible reasons:
#   The system is out of physical RAM or swap space
#   The process is running with CompressedOops enabled, and the Java Heap may be blocking the growth of the native heap
# Possible solutions:
#   Reduce memory load on the system
#   Increase physical memory or swap space
#   Check if swap backing store is full
#   Decrease Java heap size (-Xmx/-Xms)
#   Decrease number of Java threads
#   Decrease Java thread stack sizes (-Xss)
#   Set larger code cache with -XX:ReservedCodeCacheSize=
#   JVM is running with Unscaled Compressed Oops mode in which the Java heap is
#     placed in the first 4GB address space. The Java Heap base address is the
#     maximum limit for the native heap growth. Please use -XX:HeapBaseMinAddress
#     to set the Java Heap base and to place the Java Heap above 4GB virtual address.
# This output file may be truncated or incomplete.
#
#  Out of Memory Error (./src/hotspot/share/memory/arena.cpp:197), pid=16112, tid=13848
#
# JRE version: OpenJDK Runtime Environment (11.0.12+7) (build 11.0.12+7-b1504.28-7817840)
# Java VM: OpenJDK 64-Bit Server VM (11.0.12+7-b1504.28-7817840, mixed mode, tiered, compressed oops, g1 gc, windows-amd64)
# No core dump will be written. Minidumps are not enabled by default on client versions of Windows
#

---------------  S U M M A R Y ------------

Command Line: --add-opens=java.base/java.util=ALL-UNNAMED --add-opens=java.base/java.lang=ALL-UNNAMED --add-opens=java.base/java.lang.invoke=ALL-UNNAMED --add-opens=java.base/java.util=ALL-UNNAMED --add-opens=java.prefs/java.util.prefs=ALL-UNNAMED --add-opens=java.prefs/java.util.prefs=ALL-UNNAMED --add-opens=java.base/java.nio.charset=ALL-UNNAMED --add-opens=java.base/java.net=ALL-UNNAMED --add-opens=java.base/java.util.concurrent.atomic=ALL-UNNAMED -Xmx2048m -Dfile.encoding=UTF-8 -Duser.country=RU -Duser.language=ru -Duser.variant org.gradle.launcher.daemon.bootstrap.GradleDaemon 7.3.3

Host: AMD A8-7410 APU with AMD Radeon R5 Graphics    , 4 cores, 3G,  Windows 10 , 64 bit Build 19041 (10.0.19041.2364)
Time: Tue Jan 31 03:31:56 2023 RTZ 2 (зима) elapsed time: 283.809487 seconds (0d 0h 4m 43s)

---------------  T H R E A D  ---------------

Current thread (0x000002b363c92000):  JavaThread "C2 CompilerThread0" daemon [_thread_in_native, id=13848, stack(0x000000eb7df00000,0x000000eb7e000000)]


Current CompileTask:
C2: 283810 12130   !   4       java.nio.file.FileTreeWalker::visit (204 bytes)

Stack: [0x000000eb7df00000,0x000000eb7e000000]
Native frames: (J=compiled Java code, j=interpreted, Vv=VM code, C=native code)
V  [jvm.dll+0x5fbcea]
V  [jvm.dll+0x731905]
V  [jvm.dll+0x732f1d]
V  [jvm.dll+0x7335d3]
V  [jvm.dll+0x247bf8]
V  [jvm.dll+0xc018c]
V  [jvm.dll+0xc06cc]
V  [jvm.dll+0x2bcc04]
V  [jvm.dll+0x5113a8]
V  [jvm.dll+0x208303]
V  [jvm.dll+0x201fe0]
V  [jvm.dll+0x1ff71f]
V  [jvm.dll+0x18868c]
V  [jvm.dll+0x20e0d7]
V  [jvm.dll+0x20c901]
V  [jvm.dll+0x6f9b7f]
V  [jvm.dll+0x6f26a5]
V  [jvm.dll+0x5fabf6]
C  [ucrtbase.dll+0x21bb2]
C  [KERNEL32.DLL+0x17614]
C  [ntdll.dll+0x526a1]


---------------  P R O C E S S  ---------------

Threads class SMR info:
_java_thread_list=0x000002b36bbee4d0, length=85, elements={
0x000002b3478fa000, 0x000002b363c25800, 0x000002b363c2f800, 0x000002b363c48800,
0x000002b363c4a800, 0x000002b363c8e800, 0x000002b363c92000, 0x000002b363c93000,
0x000002b363dfd000, 0x000002b363f0b800, 0x000002b3666f2800, 0x000002b366193800,
0x000002b3659c6800, 0x000002b3662fa800, 0x000002b365a7a000, 0x000002b364d1b800,
0x000002b364e22800, 0x000002b364c28800, 0x000002b36565d000, 0x000002b36565c000,
0x000002b36565d800, 0x000002b36565b800, 0x000002b365662000, 0x000002b36565e800,
0x000002b36565f800, 0x000002b365660000, 0x000002b367e09800, 0x000002b367e0c800,
0x000002b367e0b800, 0x000002b367e0d800, 0x000002b367e0e000, 0x000002b367e10000,
0x000002b367e0a000, 0x000002b367e13000, 0x000002b367e11800, 0x000002b367e10800,
0x000002b367e14800, 0x000002b367e15800, 0x000002b367e12000, 0x000002b367e14000,
0x000002b367e17000, 0x000002b367e16800, 0x000002b367f3a800, 0x000002b367f35800,
0x000002b367f39800, 0x000002b367f3b000, 0x000002b367f38000, 0x000002b367f3c000,
0x000002b367f36000, 0x000002b367f3d000, 0x000002b367f37000, 0x000002b367f3d800,
0x000002b367f3e800, 0x000002b367f38800, 0x000002b367f41800, 0x000002b367f42800,
0x000002b367f43800, 0x000002b367f3f000, 0x000002b367f40000, 0x000002b367f41000,
0x000002b367f44000, 0x000002b366803000, 0x000002b3667ff800, 0x000002b366802000,
0x000002b366803800, 0x000002b366804800, 0x000002b3667ff000, 0x000002b366806000,
0x000002b366800800, 0x000002b366801000, 0x000002b366808000, 0x000002b36680b000,
0x000002b366809800, 0x000002b366805800, 0x000002b36680a000, 0x000002b366807000,
0x000002b36680c000, 0x000002b36680d800, 0x000002b366808800, 0x000002b365661000,
0x000002b368ab1800, 0x000002b368ab5800, 0x000002b368ab6800, 0x000002b368ab7000,
0x000002b368ab8000
}

Java Threads: ( => current thread )
  0x000002b3478fa000 JavaThread "main" [_thread_blocked, id=12484, stack(0x000000eb7d300000,0x000000eb7d400000)]
  0x000002b363c25800 JavaThread "Reference Handler" daemon [_thread_blocked, id=12148, stack(0x000000eb7da00000,0x000000eb7db00000)]
  0x000002b363c2f800 JavaThread "Finalizer" daemon [_thread_blocked, id=15040, stack(0x000000eb7db00000,0x000000eb7dc00000)]
  0x000002b363c48800 JavaThread "Signal Dispatcher" daemon [_thread_blocked, id=15444, stack(0x000000eb7dc00000,0x000000eb7dd00000)]
  0x000002b363c4a800 JavaThread "Attach Listener" daemon [_thread_blocked, id=4556, stack(0x000000eb7dd00000,0x000000eb7de00000)]
  0x000002b363c8e800 JavaThread "Service Thread" daemon [_thread_blocked, id=14844, stack(0x000000eb7de00000,0x000000eb7df00000)]
=>0x000002b363c92000 JavaThread "C2 CompilerThread0" daemon [_thread_in_native, id=13848, stack(0x000000eb7df00000,0x000000eb7e000000)]
  0x000002b363c93000 JavaThread "C1 CompilerThread0" daemon [_thread_blocked, id=4368, stack(0x000000eb7e000000,0x000000eb7e100000)]
  0x000002b363dfd000 JavaThread "Sweeper thread" daemon [_thread_blocked, id=13824, stack(0x000000eb7e100000,0x000000eb7e200000)]
  0x000002b363f0b800 JavaThread "Common-Cleaner" daemon [_thread_blocked, id=1396, stack(0x000000eb7e200000,0x000000eb7e300000)]
  0x000002b3666f2800 JavaThread "Daemon health stats" [_thread_blocked, id=5724, stack(0x000000eb7e500000,0x000000eb7e600000)]
  0x000002b366193800 JavaThread "Incoming local TCP Connector on port 63519" [_thread_in_native, id=14356, stack(0x000000eb7e600000,0x000000eb7e700000)]
  0x000002b3659c6800 JavaThread "Daemon periodic checks" [_thread_blocked, id=11812, stack(0x000000eb7e700000,0x000000eb7e800000)]
  0x000002b3662fa800 JavaThread "Daemon" [_thread_blocked, id=3600, stack(0x000000eb7e800000,0x000000eb7e900000)]
  0x000002b365a7a000 JavaThread "Handler for socket connection from /127.0.0.1:63519 to /127.0.0.1:63520" [_thread_in_native, id=5696, stack(0x000000eb7e900000,0x000000eb7ea00000)]
  0x000002b364d1b800 JavaThread "Cancel handler" [_thread_blocked, id=4716, stack(0x000000eb7ec00000,0x000000eb7ed00000)]
  0x000002b364e22800 JavaThread "Daemon worker" [_thread_blocked, id=11312, stack(0x000000eb7ed00000,0x000000eb7ee00000)]
  0x000002b364c28800 JavaThread "Asynchronous log dispatcher for DefaultDaemonConnection: socket connection from /127.0.0.1:63519 to /127.0.0.1:63520" [_thread_blocked, id=5348, stack(0x000000eb7ee00000,0x000000eb7ef00000)]
  0x000002b36565d000 JavaThread "Daemon client event forwarder" [_thread_blocked, id=11420, stack(0x000000eb7f000000,0x000000eb7f100000)]
  0x000002b36565c000 JavaThread "Cache worker for journal cache (C:\Users\Elena\.gradle\caches\journal-1)" [_thread_blocked, id=7536, stack(0x000000eb7f100000,0x000000eb7f200000)]
  0x000002b36565d800 JavaThread "File lock request listener" [_thread_in_native, id=7964, stack(0x000000eb7f200000,0x000000eb7f300000)]
  0x000002b36565b800 JavaThread "Cache worker for file hash cache (C:\Users\Elena\.gradle\caches\7.3.3\fileHashes)" [_thread_blocked, id=1812, stack(0x000000eb7f300000,0x000000eb7f400000)]
  0x000002b365662000 JavaThread "Cache worker for file hash cache (C:\Users\Elena\AndroidStudioProjects\new\.gradle\7.3.3\fileHashes)" [_thread_blocked, id=13032, stack(0x000000eb7f400000,0x000000eb7f500000)]
  0x000002b36565e800 JavaThread "File watcher server" daemon [_thread_in_native, id=15312, stack(0x000000eb7f500000,0x000000eb7f600000)]
  0x000002b36565f800 JavaThread "File watcher consumer" daemon [_thread_blocked, id=13444, stack(0x000000eb7f600000,0x000000eb7f700000)]
  0x000002b365660000 JavaThread "Cache worker for checksums cache (C:\Users\Elena\AndroidStudioProjects\new\.gradle\7.3.3\checksums)" [_thread_blocked, id=7580, stack(0x000000eb7f700000,0x000000eb7f800000)]
  0x000002b367e09800 JavaThread "Cache worker for cache directory md-supplier (C:\Users\Elena\.gradle\caches\7.3.3\md-supplier)" [_thread_blocked, id=2104, stack(0x000000eb7f800000,0x000000eb7f900000)]
  0x000002b367e0c800 JavaThread "Cache worker for cache directory md-rule (C:\Users\Elena\.gradle\caches\7.3.3\md-rule)" [_thread_blocked, id=14704, stack(0x000000eb7f900000,0x000000eb7fa00000)]
  0x000002b367e0b800 JavaThread "Cache worker for execution history cache (C:\Users\Elena\.gradle\caches\7.3.3\executionHistory)" [_thread_in_Java, id=13576, stack(0x000000eb7fa00000,0x000000eb7fb00000)]
  0x000002b367e0d800 JavaThread "jar transforms" [_thread_blocked, id=11464, stack(0x000000eb7fb00000,0x000000eb7fc00000)]
  0x000002b367e0e000 JavaThread "Cache worker for file content cache (C:\Users\Elena\.gradle\caches\7.3.3\fileContent)" [_thread_blocked, id=14304, stack(0x000000eb7fc00000,0x000000eb7fd00000)]
  0x000002b367e10000 JavaThread "jar transforms Thread 2" [_thread_blocked, id=15016, stack(0x000000eb7fd00000,0x000000eb7fe00000)]
  0x000002b367e0a000 JavaThread "Cache worker for dependencies-accessors (C:\Users\Elena\AndroidStudioProjects\new\.gradle\7.3.3\dependencies-accessors)" [_thread_blocked, id=14484, stack(0x000000eb7fe00000,0x000000eb7ff00000)]
  0x000002b367e13000 JavaThread "jar transforms Thread 3" [_thread_blocked, id=15752, stack(0x000000eb7ff00000,0x000000eb80000000)]
  0x000002b367e11800 JavaThread "Cache worker for Build Output Cleanup Cache (C:\Users\Elena\AndroidStudioProjects\new\.gradle\buildOutputCleanup)" [_thread_blocked, id=7648, stack(0x000000eb00000000,0x000000eb00100000)]
  0x000002b367e10800 JavaThread "Unconstrained build operations" [_thread_blocked, id=9000, stack(0x000000eb00300000,0x000000eb00400000)]
  0x000002b367e14800 JavaThread "Unconstrained build operations Thread 2" [_thread_blocked, id=6668, stack(0x000000eb00400000,0x000000eb00500000)]
  0x000002b367e15800 JavaThread "Unconstrained build operations Thread 3" [_thread_blocked, id=14488, stack(0x000000eb00500000,0x000000eb00600000)]
  0x000002b367e12000 JavaThread "Unconstrained build operations Thread 4" [_thread_in_native, id=11744, stack(0x000000eb00600000,0x000000eb00700000)]
  0x000002b367e14000 JavaThread "Unconstrained build operations Thread 5" [_thread_blocked, id=12592, stack(0x000000eb00700000,0x000000eb00800000)]
  0x000002b367e17000 JavaThread "Unconstrained build operations Thread 6" [_thread_blocked, id=13268, stack(0x000000eb00800000,0x000000eb00900000)]
  0x000002b367e16800 JavaThread "Unconstrained build operations Thread 7" [_thread_blocked, id=13404, stack(0x000000eb00900000,0x000000eb00a00000)]
  0x000002b367f3a800 JavaThread "Unconstrained build operations Thread 8" [_thread_blocked, id=11856, stack(0x000000eb00a00000,0x000000eb00b00000)]
  0x000002b367f35800 JavaThread "Unconstrained build operations Thread 9" [_thread_blocked, id=9912, stack(0x000000eb00b00000,0x000000eb00c00000)]
  0x000002b367f39800 JavaThread "Unconstrained build operations Thread 10" [_thread_blocked, id=13416, stack(0x000000eb00c00000,0x000000eb00d00000)]
  0x000002b367f3b000 JavaThread "Unconstrained build operations Thread 11" [_thread_blocked, id=5840, stack(0x000000eb00d00000,0x000000eb00e00000)]
  0x000002b367f38000 JavaThread "Unconstrained build operations Thread 12" [_thread_blocked, id=11944, stack(0x000000eb00e00000,0x000000eb00f00000)]
  0x000002b367f3c000 JavaThread "Unconstrained build operations Thread 13" [_thread_blocked, id=14800, stack(0x000000eb00f00000,0x000000eb01000000)]
  0x000002b367f36000 JavaThread "Unconstrained build operations Thread 14" [_thread_blocked, id=15604, stack(0x000000eb01000000,0x000000eb01100000)]
  0x000002b367f3d000 JavaThread "Unconstrained build operations Thread 15" [_thread_blocked, id=14052, stack(0x000000eb01100000,0x000000eb01200000)]
  0x000002b367f37000 JavaThread "Unconstrained build operations Thread 16" [_thread_blocked, id=9440, stack(0x000000eb01200000,0x000000eb01300000)]
  0x000002b367f3d800 JavaThread "Unconstrained build operations Thread 17" [_thread_blocked, id=9460, stack(0x000000eb01300000,0x000000eb01400000)]
  0x000002b367f3e800 JavaThread "Unconstrained build operations Thread 18" [_thread_in_native, id=6772, stack(0x000000eb01400000,0x000000eb01500000)]
  0x000002b367f38800 JavaThread "Unconstrained build operations Thread 19" [_thread_blocked, id=15512, stack(0x000000eb01500000,0x000000eb01600000)]
  0x000002b367f41800 JavaThread "Unconstrained build operations Thread 20" [_thread_blocked, id=11252, stack(0x000000eb01600000,0x000000eb01700000)]
  0x000002b367f42800 JavaThread "Unconstrained build operations Thread 21" [_thread_blocked, id=6276, stack(0x000000eb01700000,0x000000eb01800000)]
  0x000002b367f43800 JavaThread "Unconstrained build operations Thread 22" [_thread_blocked, id=15132, stack(0x000000eb01800000,0x000000eb01900000)]
  0x000002b367f3f000 JavaThread "Unconstrained build operations Thread 23" [_thread_blocked, id=13712, stack(0x000000eb01900000,0x000000eb01a00000)]
  0x000002b367f40000 JavaThread "Unconstrained build operations Thread 24" [_thread_in_native, id=14456, stack(0x000000eb01a00000,0x000000eb01b00000)]
  0x000002b367f41000 JavaThread "Unconstrained build operations Thread 25" [_thread_blocked, id=12904, stack(0x000000eb01b00000,0x000000eb01c00000)]
  0x000002b367f44000 JavaThread "Unconstrained build operations Thread 26" [_thread_blocked, id=12320, stack(0x000000eb01c00000,0x000000eb01d00000)]
  0x000002b366803000 JavaThread "Unconstrained build operations Thread 27" [_thread_blocked, id=15156, stack(0x000000eb01d00000,0x000000eb01e00000)]
  0x000002b3667ff800 JavaThread "Unconstrained build operations Thread 28" [_thread_blocked, id=6108, stack(0x000000eb01e00000,0x000000eb01f00000)]
  0x000002b366802000 JavaThread "Unconstrained build operations Thread 29" [_thread_in_vm, id=12260, stack(0x000000eb01f00000,0x000000eb02000000)]
  0x000002b366803800 JavaThread "Unconstrained build operations Thread 30" [_thread_blocked, id=15848, stack(0x000000eb02000000,0x000000eb02100000)]
  0x000002b366804800 JavaThread "Unconstrained build operations Thread 31" [_thread_blocked, id=13452, stack(0x000000eb02100000,0x000000eb02200000)]
  0x000002b3667ff000 JavaThread "Unconstrained build operations Thread 32" [_thread_blocked, id=10040, stack(0x000000eb02200000,0x000000eb02300000)]
  0x000002b366806000 JavaThread "Unconstrained build operations Thread 33" [_thread_blocked, id=12080, stack(0x000000eb02300000,0x000000eb02400000)]
  0x000002b366800800 JavaThread "Unconstrained build operations Thread 34" [_thread_blocked, id=11968, stack(0x000000eb02400000,0x000000eb02500000)]
  0x000002b366801000 JavaThread "Unconstrained build operations Thread 35" [_thread_blocked, id=15544, stack(0x000000eb02500000,0x000000eb02600000)]
  0x000002b366808000 JavaThread "Unconstrained build operations Thread 36" [_thread_blocked, id=12900, stack(0x000000eb02600000,0x000000eb02700000)]
  0x000002b36680b000 JavaThread "Unconstrained build operations Thread 37" [_thread_blocked, id=568, stack(0x000000eb02700000,0x000000eb02800000)]
  0x000002b366809800 JavaThread "Unconstrained build operations Thread 38" [_thread_blocked, id=1220, stack(0x000000eb02800000,0x000000eb02900000)]
  0x000002b366805800 JavaThread "Unconstrained build operations Thread 39" [_thread_blocked, id=12972, stack(0x000000eb02900000,0x000000eb02a00000)]
  0x000002b36680a000 JavaThread "Unconstrained build operations Thread 40" [_thread_blocked, id=1296, stack(0x000000eb02a00000,0x000000eb02b00000)]
  0x000002b366807000 JavaThread "jar transforms Thread 4" [_thread_blocked, id=13456, stack(0x000000eb02b00000,0x000000eb02c00000)]
  0x000002b36680c000 JavaThread "Memory manager" [_thread_blocked, id=15248, stack(0x000000eb02c00000,0x000000eb02d00000)]
  0x000002b36680d800 JavaThread "build event listener" [_thread_blocked, id=15332, stack(0x000000eb00200000,0x000000eb00300000)]
  0x000002b366808800 JavaThread "Execution worker for ':'" [_thread_blocked, id=4820, stack(0x000000eb02d00000,0x000000eb02e00000)]
  0x000002b365661000 JavaThread "Execution worker for ':' Thread 2" [_thread_blocked, id=5352, stack(0x000000eb02e00000,0x000000eb02f00000)]
  0x000002b368ab1800 JavaThread "Execution worker for ':' Thread 3" [_thread_blocked, id=14660, stack(0x000000eb02f00000,0x000000eb03000000)]
  0x000002b368ab5800 JavaThread "Cache worker for execution history cache (C:\Users\Elena\AndroidStudioProjects\new\.gradle\7.3.3\executionHistory)" [_thread_blocked, id=13952, stack(0x000000eb03000000,0x000000eb03100000)]
  0x000002b368ab6800 JavaThread "WorkerExecutor Queue" [_thread_blocked, id=10816, stack(0x000000eb00100000,0x000000eb00200000)]
  0x000002b368ab7000 JavaThread "WorkerExecutor Queue Thread 2" [_thread_blocked, id=9620, stack(0x000000eb03100000,0x000000eb03200000)]
  0x000002b368ab8000 JavaThread "WorkerExecutor Queue Thread 3" [_thread_blocked, id=10344, stack(0x000000eb03300000,0x000000eb03400000)]

Other Threads:
  0x000002b363c20800 VMThread "VM Thread" [stack: 0x000000eb7d900000,0x000000eb7da00000] [id=14024]
  0x000002b363f48000 WatcherThread [stack: 0x000000eb7e300000,0x000000eb7e400000] [id=1308]
  0x000002b347912800 GCTaskThread "GC Thread#0" [stack: 0x000000eb7d400000,0x000000eb7d500000] [id=9880]
  0x000002b364349000 GCTaskThread "GC Thread#1" [stack: 0x000000eb7e400000,0x000000eb7e500000] [id=10528]
  0x000002b364e92000 GCTaskThread "GC Thread#2" [stack: 0x000000eb7ea00000,0x000000eb7eb00000] [id=13436]
  0x000002b365a7a800 GCTaskThread "GC Thread#3" [stack: 0x000000eb7eb00000,0x000000eb7ec00000] [id=16016]
  0x000002b347944000 ConcurrentGCThread "G1 Main Marker" [stack: 0x000000eb7d500000,0x000000eb7d600000] [id=15424]
  0x000002b347945800 ConcurrentGCThread "G1 Conc#0" [stack: 0x000000eb7d600000,0x000000eb7d700000] [id=3556]
  0x000002b34798c800 ConcurrentGCThread "G1 Refine#0" [stack: 0x000000eb7d700000,0x000000eb7d800000] [id=1564]
  0x000002b34798d800 ConcurrentGCThread "G1 Young RemSet Sampling" [stack: 0x000000eb7d800000,0x000000eb7d900000] [id=16124]

Threads with active compile tasks:
C2 CompilerThread0 283938 12130   !   4       java.nio.file.FileTreeWalker::visit (204 bytes)

VM state:not at safepoint (normal execution)

VM Mutex/Monitor currently owned by a thread: None

Heap address: 0x0000000080000000, size: 2048 MB, Compressed Oops mode: 32-bit
Narrow klass base: 0x0000000000000000, Narrow klass shift: 3
Compressed class space size: 1073741824 Address: 0x0000000100000000

Heap:
 garbage-first heap   total 126976K, used 99885K [0x0000000080000000, 0x0000000100000000)
  region size 1024K, 10 young (10240K), 2 survivors (2048K)
 Metaspace       used 95608K, capacity 97802K, committed 98044K, reserved 1134592K
  class space    used 12224K, capacity 13055K, committed 13132K, reserved 1048576K
Heap Regions: E=young(eden), S=young(survivor), O=old, HS=humongous(starts), HC=humongous(continues), CS=collection set, F=free, A=archive, TAMS=top-at-mark-start (previous, next)
|   0|0x0000000080000000, 0x0000000080100000, 0x0000000080100000|100%| O|  |TAMS 0x0000000080100000, 0x0000000080000000| Untracked 
|   1|0x0000000080100000, 0x0000000080200000, 0x0000000080200000|100%| O|  |TAMS 0x0000000080200000, 0x0000000080100000| Untracked 
|   2|0x0000000080200000, 0x0000000080300000, 0x0000000080300000|100%| O|  |TAMS 0x0000000080300000, 0x0000000080200000| Complete 
|   3|0x0000000080300000, 0x0000000080400000, 0x0000000080400000|100%|HS|  |TAMS 0x0000000080400000, 0x0000000080300000| Complete 
|   4|0x0000000080400000, 0x0000000080500000, 0x0000000080500000|100%|HC|  |TAMS 0x0000000080500000, 0x0000000080400000| Complete 
|   5|0x0000000080500000, 0x0000000080600000, 0x0000000080600000|100%|HC|  |TAMS 0x0000000080600000, 0x0000000080500000| Complete 
|   6|0x0000000080600000, 0x0000000080700000, 0x0000000080700000|100%| O|  |TAMS 0x0000000080700000, 0x0000000080600000| Complete 
|   7|0x0000000080700000, 0x0000000080800000, 0x0000000080800000|100%| O|  |TAMS 0x0000000080800000, 0x0000000080700000| Untracked 
|   8|0x0000000080800000, 0x0000000080900000, 0x0000000080900000|100%| O|  |TAMS 0x0000000080900000, 0x0000000080800000| Untracked 
|   9|0x0000000080900000, 0x0000000080a00000, 0x0000000080a00000|100%| O|  |TAMS 0x0000000080a00000, 0x0000000080900000| Complete 
|  10|0x0000000080a00000, 0x0000000080b00000, 0x0000000080b00000|100%| O|  |TAMS 0x0000000080b00000, 0x0000000080a00000| Untracked 
|  11|0x0000000080b00000, 0x0000000080c00000, 0x0000000080c00000|100%| O|  |TAMS 0x0000000080c00000, 0x0000000080b00000| Untracked 
|  12|0x0000000080c00000, 0x0000000080d00000, 0x0000000080d00000|100%| O|  |TAMS 0x0000000080d00000, 0x0000000080c00000| Untracked 
|  13|0x0000000080d00000, 0x0000000080e00000, 0x0000000080e00000|100%| O|  |TAMS 0x0000000080e00000, 0x0000000080d00000| Untracked 
|  14|0x0000000080e00000, 0x0000000080f00000, 0x0000000080f00000|100%| O|  |TAMS 0x0000000080f00000, 0x0000000080e00000| Untracked 
|  15|0x0000000080f00000, 0x0000000081000000, 0x0000000081000000|100%| O|  |TAMS 0x0000000081000000, 0x0000000080f00000| Untracked 
|  16|0x0000000081000000, 0x0000000081100000, 0x0000000081100000|100%| O|  |TAMS 0x0000000081100000, 0x0000000081000000| Untracked 
|  17|0x0000000081100000, 0x0000000081200000, 0x0000000081200000|100%| O|  |TAMS 0x0000000081200000, 0x0000000081100000| Untracked 
|  18|0x0000000081200000, 0x0000000081300000, 0x0000000081300000|100%| O|  |TAMS 0x0000000081300000, 0x0000000081200000| Untracked 
|  19|0x0000000081300000, 0x0000000081400000, 0x0000000081400000|100%| O|  |TAMS 0x0000000081400000, 0x0000000081300000| Untracked 
|  20|0x0000000081400000, 0x0000000081500000, 0x0000000081500000|100%| O|  |TAMS 0x0000000081500000, 0x0000000081400000| Untracked 
|  21|0x0000000081500000, 0x0000000081600000, 0x0000000081600000|100%| O|  |TAMS 0x0000000081600000, 0x0000000081500000| Complete 
|  22|0x0000000081600000, 0x0000000081700000, 0x0000000081700000|100%| O|  |TAMS 0x0000000081700000, 0x0000000081600000| Untracked 
|  23|0x0000000081700000, 0x0000000081800000, 0x0000000081800000|100%| O|  |TAMS 0x0000000081800000, 0x0000000081700000| Untracked 
|  24|0x0000000081800000, 0x0000000081900000, 0x0000000081900000|100%| O|  |TAMS 0x0000000081900000, 0x0000000081800000| Untracked 
|  25|0x0000000081900000, 0x0000000081a00000, 0x0000000081a00000|100%| O|  |TAMS 0x0000000081a00000, 0x0000000081900000| Untracked 
|  26|0x0000000081a00000, 0x0000000081b00000, 0x0000000081b00000|100%| O|  |TAMS 0x0000000081b00000, 0x0000000081a00000| Complete 
|  27|0x0000000081b00000, 0x0000000081c00000, 0x0000000081c00000|100%| O|  |TAMS 0x0000000081c00000, 0x0000000081b00000| Untracked 
|  28|0x0000000081c00000, 0x0000000081d00000, 0x0000000081d00000|100%| O|  |TAMS 0x0000000081d00000, 0x0000000081c00000| Untracked 
|  29|0x0000000081d00000, 0x0000000081e00000, 0x0000000081e00000|100%| O|  |TAMS 0x0000000081e00000, 0x0000000081d00000| Untracked 
|  30|0x0000000081e00000, 0x0000000081f00000, 0x0000000081f00000|100%| O|  |TAMS 0x0000000081f00000, 0x0000000081e00000| Untracked 
|  31|0x0000000081f00000, 0x0000000082000000, 0x0000000082000000|100%| O|  |TAMS 0x0000000082000000, 0x0000000081f00000| Untracked 
|  32|0x0000000082000000, 0x0000000082100000, 0x0000000082100000|100%| O|  |TAMS 0x0000000082100000, 0x0000000082000000| Untracked 
|  33|0x0000000082100000, 0x0000000082200000, 0x0000000082200000|100%| O|  |TAMS 0x0000000082200000, 0x0000000082100000| Untracked 
|  34|0x0000000082200000, 0x0000000082300000, 0x0000000082300000|100%|HS|  |TAMS 0x0000000082300000, 0x0000000082200000| Complete 
|  35|0x0000000082300000, 0x0000000082400000, 0x0000000082400000|100%|HS|  |TAMS 0x0000000082400000, 0x0000000082300000| Complete 
|  36|0x0000000082400000, 0x0000000082500000, 0x0000000082500000|100%|HS|  |TAMS 0x0000000082500000, 0x0000000082400000| Complete 
|  37|0x0000000082500000, 0x0000000082600000, 0x0000000082600000|100%| O|  |TAMS 0x0000000082600000, 0x0000000082500000| Untracked 
|  38|0x0000000082600000, 0x0000000082700000, 0x0000000082700000|100%|HS|  |TAMS 0x0000000082700000, 0x0000000082600000| Complete 
|  39|0x0000000082700000, 0x0000000082800000, 0x0000000082800000|100%|HC|  |TAMS 0x0000000082800000, 0x0000000082700000| Complete 
|  40|0x0000000082800000, 0x0000000082900000, 0x0000000082900000|100%|HC|  |TAMS 0x0000000082900000, 0x0000000082800000| Complete 
|  41|0x0000000082900000, 0x0000000082a00000, 0x0000000082a00000|100%| O|  |TAMS 0x0000000082a00000, 0x0000000082900000| Untracked 
|  42|0x0000000082a00000, 0x0000000082b00000, 0x0000000082b00000|100%| O|  |TAMS 0x0000000082b00000, 0x0000000082a00000| Complete 
|  43|0x0000000082b00000, 0x0000000082c00000, 0x0000000082c00000|100%| O|  |TAMS 0x0000000082c00000, 0x0000000082b00000| Untracked 
|  44|0x0000000082c00000, 0x0000000082d00000, 0x0000000082d00000|100%|HS|  |TAMS 0x0000000082d00000, 0x0000000082c00000| Complete 
|  45|0x0000000082d00000, 0x0000000082e00000, 0x0000000082e00000|100%|HC|  |TAMS 0x0000000082e00000, 0x0000000082d00000| Complete 
|  46|0x0000000082e00000, 0x0000000082f00000, 0x0000000082f00000|100%| O|  |TAMS 0x0000000082f00000, 0x0000000082e00000| Untracked 
|  47|0x0000000082f00000, 0x0000000083000000, 0x0000000083000000|100%| O|  |TAMS 0x0000000083000000, 0x0000000082f00000| Untracked 
|  48|0x0000000083000000, 0x0000000083100000, 0x0000000083100000|100%| O|  |TAMS 0x0000000083100000, 0x0000000083000000| Untracked 
|  49|0x0000000083100000, 0x0000000083200000, 0x0000000083200000|100%| O|  |TAMS 0x0000000083200000, 0x0000000083100000| Untracked 
|  50|0x0000000083200000, 0x0000000083300000, 0x0000000083300000|100%| O|  |TAMS 0x0000000083300000, 0x0000000083200000| Complete 
|  51|0x0000000083300000, 0x0000000083400000, 0x0000000083400000|100%| O|  |TAMS 0x0000000083400000, 0x0000000083300000| Untracked 
|  52|0x0000000083400000, 0x0000000083500000, 0x0000000083500000|100%| O|  |TAMS 0x0000000083500000, 0x0000000083400000| Untracked 
|  53|0x0000000083500000, 0x0000000083600000, 0x0000000083600000|100%| O|  |TAMS 0x0000000083600000, 0x0000000083500000| Untracked 
|  54|0x0000000083600000, 0x0000000083700000, 0x0000000083700000|100%| O|  |TAMS 0x0000000083700000, 0x0000000083600000| Complete 
|  55|0x0000000083700000, 0x0000000083800000, 0x0000000083800000|100%| O|  |TAMS 0x0000000083800000, 0x0000000083700000| Untracked 
|  56|0x0000000083800000, 0x0000000083900000, 0x0000000083900000|100%| O|  |TAMS 0x0000000083900000, 0x0000000083800000| Untracked 
|  57|0x0000000083900000, 0x0000000083a00000, 0x0000000083a00000|100%| O|  |TAMS 0x0000000083a00000, 0x0000000083900000| Untracked 
|  58|0x0000000083a00000, 0x0000000083b00000, 0x0000000083b00000|100%| O|  |TAMS 0x0000000083b00000, 0x0000000083a00000| Untracked 
|  59|0x0000000083b00000, 0x0000000083c00000, 0x0000000083c00000|100%| O|  |TAMS 0x0000000083c00000, 0x0000000083b00000| Untracked 
|  60|0x0000000083c00000, 0x0000000083d00000, 0x0000000083d00000|100%| O|  |TAMS 0x0000000083d00000, 0x0000000083c00000| Untracked 
|  61|0x0000000083d00000, 0x0000000083e00000, 0x0000000083e00000|100%| O|  |TAMS 0x0000000083e00000, 0x0000000083d00000| Untracked 
|  62|0x0000000083e00000, 0x0000000083f00000, 0x0000000083f00000|100%| O|  |TAMS 0x0000000083f00000, 0x0000000083e00000| Untracked 
|  63|0x0000000083f00000, 0x0000000084000000, 0x0000000084000000|100%| O|  |TAMS 0x0000000084000000, 0x0000000083f00000| Complete 
|  64|0x0000000084000000, 0x0000000084100000, 0x0000000084100000|100%| O|  |TAMS 0x0000000084100000, 0x0000000084000000| Complete 
|  65|0x0000000084100000, 0x0000000084200000, 0x0000000084200000|100%| O|  |TAMS 0x0000000084200000, 0x0000000084100000| Untracked 
|  66|0x0000000084200000, 0x0000000084300000, 0x0000000084300000|100%| O|  |TAMS 0x0000000084300000, 0x0000000084200000| Complete 
|  67|0x0000000084300000, 0x0000000084400000, 0x0000000084400000|100%| O|  |TAMS 0x0000000084400000, 0x0000000084300000| Complete 
|  68|0x0000000084400000, 0x0000000084500000, 0x0000000084500000|100%| O|  |TAMS 0x0000000084500000, 0x0000000084400000| Untracked 
|  69|0x0000000084500000, 0x0000000084600000, 0x0000000084600000|100%| O|  |TAMS 0x0000000084600000, 0x0000000084500000| Untracked 
|  70|0x0000000084600000, 0x0000000084700000, 0x0000000084700000|100%| O|  |TAMS 0x0000000084700000, 0x0000000084600000| Untracked 
|  71|0x0000000084700000, 0x0000000084800000, 0x0000000084800000|100%| O|  |TAMS 0x0000000084800000, 0x0000000084700000| Complete 
|  72|0x0000000084800000, 0x0000000084900000, 0x0000000084900000|100%| O|  |TAMS 0x0000000084900000, 0x0000000084800000| Complete 
|  73|0x0000000084900000, 0x0000000084a00000, 0x0000000084a00000|100%| O|  |TAMS 0x0000000084a00000, 0x0000000084900000| Untracked 
|  74|0x0000000084a00000, 0x0000000084b00000, 0x0000000084b00000|100%| O|  |TAMS 0x0000000084b00000, 0x0000000084a00000| Complete 
|  75|0x0000000084b00000, 0x0000000084c00000, 0x0000000084c00000|100%| O|  |TAMS 0x0000000084c00000, 0x0000000084b00000| Untracked 
|  76|0x0000000084c00000, 0x0000000084d00000, 0x0000000084d00000|100%| O|  |TAMS 0x0000000084d00000, 0x0000000084c00000| Untracked 
|  77|0x0000000084d00000, 0x0000000084e00000, 0x0000000084e00000|100%| O|  |TAMS 0x0000000084e00000, 0x0000000084d00000| Complete 
|  78|0x0000000084e00000, 0x0000000084f00000, 0x0000000084f00000|100%| O|  |TAMS 0x0000000084f00000, 0x0000000084e00000| Untracked 
|  79|0x0000000084f00000, 0x0000000085000000, 0x0000000085000000|100%| O|  |TAMS 0x0000000085000000, 0x0000000084f00000| Untracked 
|  80|0x0000000085000000, 0x0000000085100000, 0x0000000085100000|100%| O|  |TAMS 0x0000000085100000, 0x0000000085000000| Complete 
|  81|0x0000000085100000, 0x0000000085200000, 0x0000000085200000|100%| O|  |TAMS 0x0000000085200000, 0x0000000085100000| Complete 
|  82|0x0000000085200000, 0x0000000085300000, 0x0000000085300000|100%| O|  |TAMS 0x0000000085300000, 0x0000000085200000| Complete 
|  83|0x0000000085300000, 0x0000000085400000, 0x0000000085400000|100%| O|  |TAMS 0x0000000085400000, 0x0000000085300000| Complete 
|  84|0x0000000085400000, 0x0000000085500000, 0x0000000085500000|100%| O|  |TAMS 0x0000000085500000, 0x0000000085400000| Complete 
|  85|0x0000000085500000, 0x0000000085600000, 0x0000000085600000|100%| O|  |TAMS 0x0000000085600000, 0x0000000085500000| Untracked 
|  86|0x0000000085600000, 0x000000008568b600, 0x0000000085700000| 54%| O|  |TAMS 0x000000008568b600, 0x0000000085600000| Untracked 
|  87|0x0000000085700000, 0x0000000085700000, 0x0000000085800000|  0%| F|  |TAMS 0x0000000085700000, 0x0000000085700000| Untracked 
|  88|0x0000000085800000, 0x0000000085800000, 0x0000000085900000|  0%| F|  |TAMS 0x0000000085800000, 0x0000000085800000| Untracked 
|  89|0x0000000085900000, 0x0000000085900000, 0x0000000085a00000|  0%| F|  |TAMS 0x0000000085900000, 0x0000000085900000| Untracked 
|  90|0x0000000085a00000, 0x0000000085b00000, 0x0000000085b00000|100%| O|  |TAMS 0x0000000085b00000, 0x0000000085a00000| Complete 
|  91|0x0000000085b00000, 0x0000000085b00000, 0x0000000085c00000|  0%| F|  |TAMS 0x0000000085b00000, 0x0000000085b00000| Untracked 
|  92|0x0000000085c00000, 0x0000000085d00000, 0x0000000085d00000|100%| O|  |TAMS 0x0000000085d00000, 0x0000000085c00000| Untracked 
|  93|0x0000000085d00000, 0x0000000085d00000, 0x0000000085e00000|  0%| F|  |TAMS 0x0000000085d00000, 0x0000000085d00000| Untracked 
|  94|0x0000000085e00000, 0x0000000085e00000, 0x0000000085f00000|  0%| F|  |TAMS 0x0000000085e00000, 0x0000000085e00000| Untracked 
|  95|0x0000000085f00000, 0x0000000085f00000, 0x0000000086000000|  0%| F|  |TAMS 0x0000000085f00000, 0x0000000085f00000| Untracked 
|  96|0x0000000086000000, 0x0000000086100000, 0x0000000086100000|100%| O|  |TAMS 0x0000000086100000, 0x0000000086000000| Complete 
|  97|0x0000000086100000, 0x0000000086100000, 0x0000000086200000|  0%| F|  |TAMS 0x0000000086100000, 0x0000000086100000| Untracked 
|  98|0x0000000086200000, 0x0000000086200000, 0x0000000086300000|  0%| F|  |TAMS 0x0000000086200000, 0x0000000086200000| Untracked 
|  99|0x0000000086300000, 0x0000000086300000, 0x0000000086400000|  0%| F|  |TAMS 0x0000000086300000, 0x0000000086300000| Untracked 
| 100|0x0000000086400000, 0x0000000086400000, 0x0000000086500000|  0%| F|  |TAMS 0x0000000086400000, 0x0000000086400000| Untracked 
| 101|0x0000000086500000, 0x0000000086500000, 0x0000000086600000|  0%| F|  |TAMS 0x0000000086500000, 0x0000000086500000| Untracked 
| 102|0x0000000086600000, 0x0000000086600000, 0x0000000086700000|  0%| F|  |TAMS 0x0000000086600000, 0x0000000086600000| Untracked 
| 103|0x0000000086700000, 0x0000000086700000, 0x0000000086800000|  0%| F|  |TAMS 0x0000000086700000, 0x0000000086700000| Untracked 
| 104|0x0000000086800000, 0x0000000086800000, 0x0000000086900000|  0%| F|  |TAMS 0x0000000086800000, 0x0000000086800000| Untracked 
| 105|0x0000000086900000, 0x0000000086900000, 0x0000000086a00000|  0%| F|  |TAMS 0x0000000086900000, 0x0000000086900000| Untracked 
| 106|0x0000000086a00000, 0x0000000086a00000, 0x0000000086b00000|  0%| F|  |TAMS 0x0000000086a00000, 0x0000000086a00000| Untracked 
| 107|0x0000000086b00000, 0x0000000086c00000, 0x0000000086c00000|100%| S|CS|TAMS 0x0000000086b00000, 0x0000000086b00000| Complete 
| 108|0x0000000086c00000, 0x0000000086c00000, 0x0000000086d00000|  0%| F|  |TAMS 0x0000000086c00000, 0x0000000086c00000| Untracked 
| 109|0x0000000086d00000, 0x0000000086d00000, 0x0000000086e00000|  0%| F|  |TAMS 0x0000000086d00000, 0x0000000086d00000| Untracked 
| 110|0x0000000086e00000, 0x0000000086f00000, 0x0000000086f00000|100%| S|CS|TAMS 0x0000000086e00000, 0x0000000086e00000| Complete 
| 111|0x0000000086f00000, 0x0000000086f00000, 0x0000000087000000|  0%| F|  |TAMS 0x0000000086f00000, 0x0000000086f00000| Untracked 
| 112|0x0000000087000000, 0x0000000087000000, 0x0000000087100000|  0%| F|  |TAMS 0x0000000087000000, 0x0000000087000000| Untracked 
| 113|0x0000000087100000, 0x0000000087100000, 0x0000000087200000|  0%| F|  |TAMS 0x0000000087100000, 0x0000000087100000| Untracked 
| 114|0x0000000087200000, 0x0000000087200000, 0x0000000087300000|  0%| F|  |TAMS 0x0000000087200000, 0x0000000087200000| Untracked 
| 115|0x0000000087300000, 0x0000000087300000, 0x0000000087400000|  0%| F|  |TAMS 0x0000000087300000, 0x0000000087300000| Untracked 
| 116|0x0000000087400000, 0x000000008741d080, 0x0000000087500000| 11%| E|  |TAMS 0x0000000087400000, 0x0000000087400000| Complete 
| 117|0x0000000087500000, 0x0000000087600000, 0x0000000087600000|100%| E|  |TAMS 0x0000000087500000, 0x0000000087500000| Complete 
| 118|0x0000000087600000, 0x0000000087700000, 0x0000000087700000|100%| E|CS|TAMS 0x0000000087600000, 0x0000000087600000| Complete 
| 119|0x0000000087700000, 0x0000000087800000, 0x0000000087800000|100%| E|CS|TAMS 0x0000000087700000, 0x0000000087700000| Complete 
| 120|0x0000000087800000, 0x0000000087900000, 0x0000000087900000|100%| E|CS|TAMS 0x0000000087800000, 0x0000000087800000| Complete 
| 121|0x0000000087900000, 0x0000000087a00000, 0x0000000087a00000|100%| E|CS|TAMS 0x0000000087900000, 0x0000000087900000| Complete 
| 122|0x0000000087a00000, 0x0000000087b00000, 0x0000000087b00000|100%| E|CS|TAMS 0x0000000087a00000, 0x0000000087a00000| Complete 
| 123|0x0000000087b00000, 0x0000000087c00000, 0x0000000087c00000|100%| E|CS|TAMS 0x0000000087b00000, 0x0000000087b00000| Complete 

Card table byte_map: [0x000002b35c630000,0x000002b35ca30000] _byte_map_base: 0x000002b35c230000

Marking Bits (Prev, Next): (CMBitMap*) 0x000002b34793b3e0, (CMBitMap*) 0x000002b34793b3a8
 Prev Bits: [0x000002b35ee30000, 0x000002b360e30000)
 Next Bits: [0x000002b35ce30000, 0x000002b35ee30000)

Polling page: 0x000002b3479e0000

Metaspace:

Usage:
  Non-class:     82.76 MB capacity,    81.43 MB ( 98%) used,     1.07 MB (  1%) free+waste,   263.44 KB ( <1%) overhead. 
      Class:     12.75 MB capacity,    11.94 MB ( 94%) used,   714.25 KB (  5%) free+waste,   116.63 KB ( <1%) overhead. 
       Both:     95.51 MB capacity,    93.37 MB ( 98%) used,     1.77 MB (  2%) free+waste,   380.06 KB ( <1%) overhead. 

Virtual space:
  Non-class space:       84.00 MB reserved,      82.92 MB ( 99%) committed 
      Class space:        1.00 GB reserved,      12.82 MB (  1%) committed 
             Both:        1.08 GB reserved,      95.75 MB (  9%) committed 

Chunk freelists:
   Non-Class:  37.00 KB
       Class:  1.00 KB
        Both:  38.00 KB

MaxMetaspaceSize: 17179869184.00 GB
CompressedClassSpaceSize: 1.00 GB
Initial GC threshold: 20.80 MB
Current GC threshold: 159.16 MB
CDS: off

CodeHeap 'non-profiled nmethods': size=120064Kb used=7805Kb max_used=7805Kb free=112259Kb
 bounds [0x000002b3546d0000, 0x000002b354e70000, 0x000002b35bc10000]
CodeHeap 'profiled nmethods': size=120000Kb used=26391Kb max_used=26391Kb free=93608Kb
 bounds [0x000002b34d1a0000, 0x000002b34eb70000, 0x000002b3546d0000]
CodeHeap 'non-nmethods': size=5696Kb used=2393Kb max_used=2433Kb free=3302Kb
 bounds [0x000002b34cc10000, 0x000002b34ce80000, 0x000002b34d1a0000]
 total_blobs=12880 nmethods=11967 adapters=826
 compilation: enabled
              stopped_count=0, restarted_count=0
 full_count=0

Compilation events (20 events):
Event: 282.694 Thread 0x000002b363c92000 nmethod 12120 0x000002b354e6a210 code [0x000002b354e6a3a0, 0x000002b354e6a3f8]
Event: 282.694 Thread 0x000002b363c92000 12121   !   4       org.gradle.internal.execution.fingerprint.impl.DefaultInputFingerprinter$InputCollectingVisitor::visitInputProperty (115 bytes)
Event: 282.701 Thread 0x000002b363c93000 12122       1       org.gradle.internal.fingerprint.classpath.impl.ClasspathFingerprintingStrategy::normalizePath (3 bytes)
Event: 282.701 Thread 0x000002b363c93000 nmethod 12122 0x000002b354e6a510 code [0x000002b354e6a6c0, 0x000002b354e6a778]
Event: 282.895 Thread 0x000002b363c92000 nmethod 12121 0x000002b354e6a810 code [0x000002b354e6aae0, 0x000002b354e6c8d8]
Event: 282.895 Thread 0x000002b363c92000 12123       4       org.gradle.api.internal.artifacts.ivyservice.resolveengine.artifact.EndCollection::startFinalization (1 bytes)
Event: 282.896 Thread 0x000002b363c92000 nmethod 12123 0x000002b354e6dd90 code [0x000002b354e6df20, 0x000002b354e6df78]
Event: 282.962 Thread 0x000002b363c93000 12124       3       java.nio.charset.CharsetDecoder::implReset (1 bytes)
Event: 282.962 Thread 0x000002b363c93000 nmethod 12124 0x000002b34eb63d10 code [0x000002b34eb63ec0, 0x000002b34eb63fb8]
Event: 282.997 Thread 0x000002b363c93000 12125       3       org.gradle.api.internal.artifacts.transform.TransformationResult$Builder$$Lambda$980/0x0000000100ba3840::accept (12 bytes)
Event: 282.998 Thread 0x000002b363c93000 nmethod 12125 0x000002b34eb64090 code [0x000002b34eb64260, 0x000002b34eb64608]
Event: 282.998 Thread 0x000002b363c93000 12126       3       org.gradle.api.internal.artifacts.transform.TransformationResult$Builder::lambda$convertToProducedOutputLocations$0 (13 bytes)
Event: 282.999 Thread 0x000002b363c93000 nmethod 12126 0x000002b34eb64790 code [0x000002b34eb649a0, 0x000002b34eb64f38]
Event: 283.098 Thread 0x000002b363c92000 12127       4       java.security.MessageDigest$Delegate::engineUpdate (11 bytes)
Event: 283.103 Thread 0x000002b363c93000 12128       3       com.google.common.cache.LongAdder::add (108 bytes)
Event: 283.105 Thread 0x000002b363c93000 nmethod 12128 0x000002b34eb65190 code [0x000002b34eb653a0, 0x000002b34eb65ad8]
Event: 283.162 Thread 0x000002b363c92000 nmethod 12127 0x000002b354e6e090 code [0x000002b354e6e260, 0x000002b354e6e9b8]
Event: 283.249 Thread 0x000002b363c92000 12129       4       org.gradle.internal.time.DefaultTimer::getElapsedMillis (29 bytes)
Event: 283.253 Thread 0x000002b363c92000 nmethod 12129 0x000002b354e6ef90 code [0x000002b354e6f140, 0x000002b354e6f2b8]
Event: 283.314 Thread 0x000002b363c92000 12130   !   4       java.nio.file.FileTreeWalker::visit (204 bytes)

GC Heap History (20 events):
Event: 242.213 GC heap before
{Heap before GC invocations=167 (full 0):
 garbage-first heap   total 126976K, used 115144K [0x0000000080000000, 0x0000000100000000)
  region size 1024K, 6 young (6144K), 1 survivors (1024K)
 Metaspace       used 92312K, capacity 94370K, committed 94588K, reserved 1130496K
  class space    used 11882K, capacity 12694K, committed 12748K, reserved 1048576K
}
Event: 242.220 GC heap after
{Heap after GC invocations=168 (full 0):
 garbage-first heap   total 126976K, used 110233K [0x0000000080000000, 0x0000000100000000)
  region size 1024K, 1 young (1024K), 1 survivors (1024K)
 Metaspace       used 92312K, capacity 94370K, committed 94588K, reserved 1130496K
  class space    used 11882K, capacity 12694K, committed 12748K, reserved 1048576K
}
Event: 244.196 GC heap before
{Heap before GC invocations=169 (full 0):
 garbage-first heap   total 126976K, used 102041K [0x0000000080000000, 0x0000000100000000)
  region size 1024K, 6 young (6144K), 1 survivors (1024K)
 Metaspace       used 93123K, capacity 95256K, committed 95484K, reserved 1132544K
  class space    used 11965K, capacity 12795K, committed 12876K, reserved 1048576K
}
Event: 244.202 GC heap after
{Heap after GC invocations=170 (full 0):
 garbage-first heap   total 126976K, used 97852K [0x0000000080000000, 0x0000000100000000)
  region size 1024K, 1 young (1024K), 1 survivors (1024K)
 Metaspace       used 93123K, capacity 95256K, committed 95484K, reserved 1132544K
  class space    used 11965K, capacity 12795K, committed 12876K, reserved 1048576K
}
Event: 245.750 GC heap before
{Heap before GC invocations=170 (full 0):
 garbage-first heap   total 126976K, used 101948K [0x0000000080000000, 0x0000000100000000)
  region size 1024K, 6 young (6144K), 1 survivors (1024K)
 Metaspace       used 93494K, capacity 95572K, committed 95740K, reserved 1132544K
  class space    used 12011K, capacity 12809K, committed 12876K, reserved 1048576K
}
Event: 245.764 GC heap after
{Heap after GC invocations=171 (full 0):
 garbage-first heap   total 126976K, used 85692K [0x0000000080000000, 0x0000000100000000)
  region size 1024K, 1 young (1024K), 1 survivors (1024K)
 Metaspace       used 93494K, capacity 95572K, committed 95740K, reserved 1132544K
  class space    used 12011K, capacity 12809K, committed 12876K, reserved 1048576K
}
Event: 246.763 GC heap before
{Heap before GC invocations=171 (full 0):
 garbage-first heap   total 126976K, used 89788K [0x0000000080000000, 0x0000000100000000)
  region size 1024K, 6 young (6144K), 1 survivors (1024K)
 Metaspace       used 93773K, capacity 95863K, committed 95996K, reserved 1132544K
  class space    used 12042K, capacity 12842K, committed 12876K, reserved 1048576K
}
Event: 246.771 GC heap after
{Heap after GC invocations=172 (full 0):
 garbage-first heap   total 126976K, used 85593K [0x0000000080000000, 0x0000000100000000)
  region size 1024K, 1 young (1024K), 1 survivors (1024K)
 Metaspace       used 93773K, capacity 95863K, committed 95996K, reserved 1132544K
  class space    used 12042K, capacity 12842K, committed 12876K, reserved 1048576K
}
Event: 249.775 GC heap before
{Heap before GC invocations=172 (full 0):
 garbage-first heap   total 126976K, used 97881K [0x0000000080000000, 0x0000000100000000)
  region size 1024K, 14 young (14336K), 1 survivors (1024K)
 Metaspace       used 94138K, capacity 96180K, committed 96380K, reserved 1132544K
  class space    used 12084K, capacity 12878K, committed 13004K, reserved 1048576K
}
Event: 249.791 GC heap after
{Heap after GC invocations=173 (full 0):
 garbage-first heap   total 126976K, used 86426K [0x0000000080000000, 0x0000000100000000)
  region size 1024K, 2 young (2048K), 2 survivors (2048K)
 Metaspace       used 94138K, capacity 96180K, committed 96380K, reserved 1132544K
  class space    used 12084K, capacity 12878K, committed 13004K, reserved 1048576K
}
Event: 251.936 GC heap before
{Heap before GC invocations=173 (full 0):
 garbage-first heap   total 126976K, used 99738K [0x0000000080000000, 0x0000000100000000)
  region size 1024K, 16 young (16384K), 2 survivors (2048K)
 Metaspace       used 94294K, capacity 96396K, committed 96636K, reserved 1132544K
  class space    used 12089K, capacity 12879K, committed 13004K, reserved 1048576K
}
Event: 251.951 GC heap after
{Heap after GC invocations=174 (full 0):
 garbage-first heap   total 126976K, used 87391K [0x0000000080000000, 0x0000000100000000)
  region size 1024K, 2 young (2048K), 2 survivors (2048K)
 Metaspace       used 94294K, capacity 96396K, committed 96636K, reserved 1132544K
  class space    used 12089K, capacity 12879K, committed 13004K, reserved 1048576K
}
Event: 256.637 GC heap before
{Heap before GC invocations=174 (full 0):
 garbage-first heap   total 126976K, used 100703K [0x0000000080000000, 0x0000000100000000)
  region size 1024K, 16 young (16384K), 2 survivors (2048K)
 Metaspace       used 94419K, capacity 96478K, committed 96636K, reserved 1132544K
  class space    used 12093K, capacity 12879K, committed 13004K, reserved 1048576K
}
Event: 256.659 GC heap after
{Heap after GC invocations=175 (full 0):
 garbage-first heap   total 126976K, used 88199K [0x0000000080000000, 0x0000000100000000)
  region size 1024K, 2 young (2048K), 2 survivors (2048K)
 Metaspace       used 94419K, capacity 96478K, committed 96636K, reserved 1132544K
  class space    used 12093K, capacity 12879K, committed 13004K, reserved 1048576K
}
Event: 260.243 GC heap before
{Heap before GC invocations=175 (full 0):
 garbage-first heap   total 126976K, used 101511K [0x0000000080000000, 0x0000000100000000)
  region size 1024K, 16 young (16384K), 2 survivors (2048K)
 Metaspace       used 94435K, capacity 96542K, committed 96892K, reserved 1132544K
  class space    used 12093K, capacity 12879K, committed 13004K, reserved 1048576K
}
Event: 260.255 GC heap after
{Heap after GC invocations=176 (full 0):
 garbage-first heap   total 126976K, used 88759K [0x0000000080000000, 0x0000000100000000)
  region size 1024K, 2 young (2048K), 2 survivors (2048K)
 Metaspace       used 94435K, capacity 96542K, committed 96892K, reserved 1132544K
  class space    used 12093K, capacity 12879K, committed 13004K, reserved 1048576K
}
Event: 264.542 GC heap before
{Heap before GC invocations=176 (full 0):
 garbage-first heap   total 126976K, used 102071K [0x0000000080000000, 0x0000000100000000)
  region size 1024K, 16 young (16384K), 2 survivors (2048K)
 Metaspace       used 94616K, capacity 96674K, committed 96892K, reserved 1132544K
  class space    used 12114K, capacity 12943K, committed 13004K, reserved 1048576K
}
Event: 264.573 GC heap after
{Heap after GC invocations=177 (full 0):
 garbage-first heap   total 126976K, used 91656K [0x0000000080000000, 0x0000000100000000)
  region size 1024K, 2 young (2048K), 2 survivors (2048K)
 Metaspace       used 94616K, capacity 96674K, committed 96892K, reserved 1132544K
  class space    used 12114K, capacity 12943K, committed 13004K, reserved 1048576K
}
Event: 277.514 GC heap before
{Heap before GC invocations=177 (full 0):
 garbage-first heap   total 126976K, used 103944K [0x0000000080000000, 0x0000000100000000)
  region size 1024K, 15 young (15360K), 2 survivors (2048K)
 Metaspace       used 95462K, capacity 97532K, committed 97788K, reserved 1134592K
  class space    used 12206K, capacity 13015K, committed 13132K, reserved 1048576K
}
Event: 277.608 GC heap after
{Heap after GC invocations=178 (full 0):
 garbage-first heap   total 126976K, used 93741K [0x0000000080000000, 0x0000000100000000)
  region size 1024K, 2 young (2048K), 2 survivors (2048K)
 Metaspace       used 95462K, capacity 97532K, committed 97788K, reserved 1134592K
  class space    used 12206K, capacity 13015K, committed 13132K, reserved 1048576K
}

Deoptimization events (20 events):
Event: 275.310 Thread 0x000002b366808800 Uncommon trap: trap_request=0xffffff4d fr.pc=0x000002b354b801f8 relative=0x00000000000005b8
Event: 275.310 Thread 0x000002b366808800 Uncommon trap: reason=unstable_if action=reinterpret pc=0x000002b354b801f8 method=java.lang.String.regionMatches(ZILjava/lang/String;II)Z @ 1 c2
Event: 275.310 Thread 0x000002b366808800 DEOPT PACKING pc=0x000002b354b801f8 sp=0x000000eb02dfa0e0
Event: 275.310 Thread 0x000002b366808800 DEOPT UNPACKING pc=0x000002b34cc5a1af sp=0x000000eb02dfa090 mode 2
Event: 275.556 Thread 0x000002b366808800 Uncommon trap: trap_request=0xffffffde fr.pc=0x000002b354cc1b50 relative=0x00000000000009d0
Event: 275.556 Thread 0x000002b366808800 Uncommon trap: reason=class_check action=maybe_recompile pc=0x000002b354cc1b50 method=org.apache.xerces.impl.XMLNSDocumentScannerImpl.scanEndElement()I @ 164 c2
Event: 275.556 Thread 0x000002b366808800 DEOPT PACKING pc=0x000002b354cc1b50 sp=0x000000eb02dfa5d0
Event: 275.556 Thread 0x000002b366808800 DEOPT UNPACKING pc=0x000002b34cc5a1af sp=0x000000eb02dfa598 mode 2
Event: 275.556 Thread 0x000002b366808800 Uncommon trap: trap_request=0xffffffde fr.pc=0x000002b354cc1b50 relative=0x00000000000009d0
Event: 275.556 Thread 0x000002b366808800 Uncommon trap: reason=class_check action=maybe_recompile pc=0x000002b354cc1b50 method=org.apache.xerces.impl.XMLNSDocumentScannerImpl.scanEndElement()I @ 164 c2
Event: 275.556 Thread 0x000002b366808800 DEOPT PACKING pc=0x000002b354cc1b50 sp=0x000000eb02dfa5d0
Event: 275.556 Thread 0x000002b366808800 DEOPT UNPACKING pc=0x000002b34cc5a1af sp=0x000000eb02dfa598 mode 2
Event: 276.957 Thread 0x000002b366808800 Uncommon trap: trap_request=0xffffff4d fr.pc=0x000002b354e5d898 relative=0x00000000000008f8
Event: 276.957 Thread 0x000002b366808800 Uncommon trap: reason=unstable_if action=reinterpret pc=0x000002b354e5d898 method=com.google.common.collect.ImmutableMap.copyOf(Ljava/util/Map;)Lcom/google/common/collect/ImmutableMap; @ 4 c2
Event: 276.957 Thread 0x000002b366808800 DEOPT PACKING pc=0x000002b354e5d898 sp=0x000000eb02dfa420
Event: 276.957 Thread 0x000002b366808800 DEOPT UNPACKING pc=0x000002b34cc5a1af sp=0x000000eb02dfa3f8 mode 2
Event: 282.417 Thread 0x000002b367f40000 Uncommon trap: trap_request=0xffffff4d fr.pc=0x000002b354c5ffb0 relative=0x0000000000000090
Event: 282.419 Thread 0x000002b367f40000 Uncommon trap: reason=unstable_if action=reinterpret pc=0x000002b354c5ffb0 method=com.google.common.cache.LongAdder.add(J)V @ 24 c2
Event: 282.425 Thread 0x000002b367f40000 DEOPT PACKING pc=0x000002b354c5ffb0 sp=0x000000eb01afbc90
Event: 282.432 Thread 0x000002b367f40000 DEOPT UNPACKING pc=0x000002b34cc5a1af sp=0x000000eb01afbbd0 mode 2

Classes redefined (0 events):
No events

Internal exceptions (20 events):
Event: 161.536 Thread 0x000002b36565d000 Exception <a 'java/lang/NoSuchMethodError'{0x00000000862c15f8}: <clinit>> (0x00000000862c15f8) thrown at [./src/hotspot/share/prims/jni.cpp, line 1365]
Event: 161.539 Thread 0x000002b364e22800 Exception <a 'java/lang/NoSuchMethodError'{0x00000000862847c0}: 'java.lang.Object java.lang.invoke.DirectMethodHandle$Holder.invokeInterface(java.lang.Object, java.lang.Object, int)'> (0x00000000862847c0) thrown at [./src/hotspot/share/interpreter/linkResolver.cpp, line 773]
Event: 161.545 Thread 0x000002b364e22800 Exception <a 'java/lang/NoSuchMethodError'{0x00000000862c8e18}: 'void java.lang.invoke.DirectMethodHandle$Holder.invokeStatic(java.lang.Object, java.lang.Object, java.lang.Object, int)'> (0x00000000862c8e18) thrown at [./src/hotspot/share/interpreter/linkResolver.cpp, line 773]
Event: 161.709 Thread 0x000002b366808800 Implicit null exception at 0x000002b35493fef7 to 0x000002b35494008c
Event: 161.839 Thread 0x000002b366808800 Exception <a 'java/lang/IncompatibleClassChangeError'{0x00000000860c00a0}: Found class java.lang.Object, but interface was expected> (0x00000000860c00a0) thrown at [./src/hotspot/share/interpreter/linkResolver.cpp, line 839]
Event: 171.772 Thread 0x000002b366808800 Exception <a 'java/lang/NoSuchMethodError'{0x0000000085e770b0}: 'void java.lang.invoke.DirectMethodHandle$Holder.invokeStatic(java.lang.Object, java.lang.Object, java.lang.Object, java.lang.Object, int, java.lang.Object, java.lang.Object)'> (0x0000000085e770b0) thrown at [./src/hotspot/share/interpreter/linkResolver.cpp, line 773]
Event: 172.059 Thread 0x000002b367e14800 Exception <a 'java/lang/NoSuchMethodError'{0x0000000085ccf5a8}: 'java.lang.Object java.lang.invoke.DirectMethodHandle$Holder.invokeSpecialIFC(java.lang.Object, java.lang.Object, java.lang.Object)'> (0x0000000085ccf5a8) thrown at [./src/hotspot/share/interpreter/linkResolver.cpp, line 773]
Event: 172.643 Thread 0x000002b366808800 Exception <a 'java/lang/NoSuchMethodError'{0x00000000862d4180}: 'int java.lang.invoke.DirectMethodHandle$Holder.invokeStaticInit(java.lang.Object, java.lang.Object, java.lang.Object, java.lang.Object, java.lang.Object)'> (0x00000000862d4180) thrown at [./src/hotspot/share/interpreter/linkResolver.cpp, line 773]
Event: 191.563 Thread 0x000002b367f41800 Exception <a 'java/lang/NoSuchMethodError'{0x00000000872e33c0}: 'void java.lang.invoke.DirectMethodHandle$Holder.invokeVirtual(java.lang.Object, java.lang.Object)'> (0x00000000872e33c0) thrown at [./src/hotspot/share/interpreter/linkResolver.cpp, line 773]
Event: 205.453 Thread 0x000002b366808800 Implicit null exception at 0x000002b3549bf584 to 0x000002b3549bf77c
Event: 207.786 Thread 0x000002b366808800 Implicit null exception at 0x000002b354ce3042 to 0x000002b354ce3820
Event: 239.039 Thread 0x000002b366808800 Exception <a 'java/lang/NoSuchMethodError'{0x00000000874abc90}: <clinit>> (0x00000000874abc90) thrown at [./src/hotspot/share/prims/jni.cpp, line 1365]
Event: 239.181 Thread 0x000002b366808800 Exception <a 'java/lang/NoSuchMethodError'{0x000000008731e380}: <clinit>> (0x000000008731e380) thrown at [./src/hotspot/share/prims/jni.cpp, line 1365]
Event: 239.291 Thread 0x000002b366808800 Exception <a 'java/lang/NoSuchMethodError'{0x000000008735a568}: <clinit>> (0x000000008735a568) thrown at [./src/hotspot/share/prims/jni.cpp, line 1365]
Event: 244.282 Thread 0x000002b364e22800 Exception <a 'java/lang/NoSuchMethodError'{0x0000000087b75970}: 'java.lang.Object java.lang.invoke.DirectMethodHandle$Holder.newInvokeSpecial(java.lang.Object, java.lang.Object, java.lang.Object, java.lang.Object)'> (0x0000000087b75970) thrown at [./src/hotspot/share/interpreter/linkResolver.cpp, line 773]
Event: 281.174 Thread 0x000002b366808800 Exception <a 'java/lang/NoSuchMethodError'{0x00000000879228f8}: <clinit>> (0x00000000879228f8) thrown at [./src/hotspot/share/prims/jni.cpp, line 1365]
Event: 281.176 Thread 0x000002b366808800 Exception <a 'java/lang/NoSuchMethodError'{0x0000000087923ee8}: <clinit>> (0x0000000087923ee8) thrown at [./src/hotspot/share/prims/jni.cpp, line 1365]
Event: 281.177 Thread 0x000002b366808800 Exception <a 'java/lang/NoSuchMethodError'{0x0000000087926ae8}: <clinit>> (0x0000000087926ae8) thrown at [./src/hotspot/share/prims/jni.cpp, line 1365]
Event: 281.267 Thread 0x000002b366808800 Exception <a 'java/lang/NoSuchMethodError'{0x000000008793da38}: <clinit>> (0x000000008793da38) thrown at [./src/hotspot/share/prims/jni.cpp, line 1365]
Event: 281.272 Thread 0x000002b366808800 Exception <a 'java/lang/NoSuchMethodError'{0x000000008793ec70}: <clinit>> (0x000000008793ec70) thrown at [./src/hotspot/share/prims/jni.cpp, line 1365]

Events (20 events):
Event: 281.285 loading class org/gradle/internal/fingerprint/impl/IgnoredPathFingerprintingStrategy
Event: 281.285 loading class org/gradle/internal/fingerprint/impl/IgnoredPathFingerprintingStrategy done
Event: 281.291 loading class org/gradle/internal/fingerprint/impl/IgnoredPathFingerprintingStrategy$1
Event: 281.291 loading class org/gradle/internal/fingerprint/impl/IgnoredPathFingerprintingStrategy$1 done
Event: 281.313 Executing VM operation: RevokeBias
Event: 281.316 Executing VM operation: RevokeBias done
Event: 281.316 Executing VM operation: RevokeBias
Event: 281.319 Executing VM operation: RevokeBias done
Event: 281.472 Executing VM operation: CGC_Operation
Event: 281.486 Executing VM operation: CGC_Operation done
Event: 281.769 loading class org/gradle/api/internal/artifacts/ivyservice/clientmodule/ClientModuleResolver$ClientModuleComponentResolveMetadata
Event: 281.769 loading class org/gradle/api/internal/artifacts/ivyservice/clientmodule/ClientModuleResolver$ClientModuleComponentResolveMetadata done
Event: 281.801 loading class org/gradle/api/internal/artifacts/ivyservice/clientmodule/ClientModuleResolver$ClientModuleConfigurationMetadata
Event: 281.801 loading class org/gradle/api/internal/artifacts/ivyservice/clientmodule/ClientModuleResolver$ClientModuleConfigurationMetadata done
Event: 281.811 Executing VM operation: Deoptimize
Event: 281.816 Executing VM operation: Deoptimize done
Event: 282.963 Executing VM operation: RevokeBias
Event: 282.964 Executing VM operation: RevokeBias done
Event: 283.373 Executing VM operation: RevokeBias
Event: 283.377 Executing VM operation: RevokeBias done


Dynamic libraries:
0x00007ff61d590000 - 0x00007ff61d59a000 	C:\Users\Elena\AppData\Local\JetBrains\Toolbox\apps\AndroidStudio\ch-0\212.5712.43.2112.8815526\jre\bin\java.exe
0x00007fff141d0000 - 0x00007fff143c8000 	C:\WINDOWS\SYSTEM32\ntdll.dll
0x00007fff12d40000 - 0x00007fff12dff000 	C:\WINDOWS\System32\KERNEL32.DLL
0x00007fff11c30000 - 0x00007fff11f02000 	C:\WINDOWS\System32\KERNELBASE.dll
0x00007fff12110000 - 0x00007fff12210000 	C:\WINDOWS\System32\ucrtbase.dll
0x00007fff097c0000 - 0x00007fff097d9000 	C:\Users\Elena\AppData\Local\JetBrains\Toolbox\apps\AndroidStudio\ch-0\212.5712.43.2112.8815526\jre\bin\jli.dll
0x00007fff13ae0000 - 0x00007fff13c81000 	C:\WINDOWS\System32\USER32.dll
0x00007fff11f10000 - 0x00007fff11f32000 	C:\WINDOWS\System32\win32u.dll
0x00007fff12270000 - 0x00007fff1229b000 	C:\WINDOWS\System32\GDI32.dll
0x00007fff11b20000 - 0x00007fff11c2f000 	C:\WINDOWS\System32\gdi32full.dll
0x00007fff11a80000 - 0x00007fff11b1d000 	C:\WINDOWS\System32\msvcp_win.dll
0x00007fff00d20000 - 0x00007fff00d37000 	C:\Users\Elena\AppData\Local\JetBrains\Toolbox\apps\AndroidStudio\ch-0\212.5712.43.2112.8815526\jre\bin\VCRUNTIME140.dll
0x00007fff01740000 - 0x00007fff019da000 	C:\WINDOWS\WinSxS\amd64_microsoft.windows.common-controls_6595b64144ccf1df_6.0.19041.1110_none_60b5254171f9507e\COMCTL32.dll
0x00007fff136c0000 - 0x00007fff1375e000 	C:\WINDOWS\System32\msvcrt.dll
0x00007fff122a0000 - 0x00007fff122d2000 	C:\WINDOWS\System32\IMM32.DLL
0x00007ffef71d0000 - 0x00007ffef726d000 	C:\Users\Elena\AppData\Local\JetBrains\Toolbox\apps\AndroidStudio\ch-0\212.5712.43.2112.8815526\jre\bin\msvcp140.dll
0x00007ffedf750000 - 0x00007ffee0235000 	C:\Users\Elena\AppData\Local\JetBrains\Toolbox\apps\AndroidStudio\ch-0\212.5712.43.2112.8815526\jre\bin\server\jvm.dll
0x00007fff13910000 - 0x00007fff139be000 	C:\WINDOWS\System32\ADVAPI32.dll
0x00007fff12b10000 - 0x00007fff12bac000 	C:\WINDOWS\System32\sechost.dll
0x00007fff12bb0000 - 0x00007fff12cd5000 	C:\WINDOWS\System32\RPCRT4.dll
0x00007fff14180000 - 0x00007fff14188000 	C:\WINDOWS\System32\PSAPI.DLL
0x00007ffefe9b0000 - 0x00007ffefe9b9000 	C:\WINDOWS\SYSTEM32\WSOCK32.dll
0x00007fff128d0000 - 0x00007fff1293b000 	C:\WINDOWS\System32\WS2_32.dll
0x00007fff08880000 - 0x00007fff088a7000 	C:\WINDOWS\SYSTEM32\WINMM.dll
0x00007fff088b0000 - 0x00007fff088ba000 	C:\WINDOWS\SYSTEM32\VERSION.dll
0x00007fff10160000 - 0x00007fff10172000 	C:\WINDOWS\SYSTEM32\kernel.appcore.dll
0x00007fff05c80000 - 0x00007fff05c91000 	C:\Users\Elena\AppData\Local\JetBrains\Toolbox\apps\AndroidStudio\ch-0\212.5712.43.2112.8815526\jre\bin\verify.dll
0x00007fff0fef0000 - 0x00007fff100d4000 	C:\WINDOWS\SYSTEM32\DBGHELP.DLL
0x00007ffefcd90000 - 0x00007ffefcdc5000 	C:\WINDOWS\SYSTEM32\dbgcore.DLL
0x00007fff118c0000 - 0x00007fff11942000 	C:\WINDOWS\System32\bcryptPrimitives.dll
0x00007ffef0fc0000 - 0x00007ffef0fe9000 	C:\Users\Elena\AppData\Local\JetBrains\Toolbox\apps\AndroidStudio\ch-0\212.5712.43.2112.8815526\jre\bin\java.dll
0x00007fff0a5d0000 - 0x00007fff0a5db000 	C:\Users\Elena\AppData\Local\JetBrains\Toolbox\apps\AndroidStudio\ch-0\212.5712.43.2112.8815526\jre\bin\jimage.dll
0x00007fff04e40000 - 0x00007fff04e58000 	C:\Users\Elena\AppData\Local\JetBrains\Toolbox\apps\AndroidStudio\ch-0\212.5712.43.2112.8815526\jre\bin\zip.dll
0x00007fff12f60000 - 0x00007fff136a4000 	C:\WINDOWS\System32\SHELL32.dll
0x00007fff0f690000 - 0x00007fff0fe22000 	C:\WINDOWS\SYSTEM32\windows.storage.dll
0x00007fff13dc0000 - 0x00007fff14115000 	C:\WINDOWS\System32\combase.dll
0x00007fff112b0000 - 0x00007fff112e0000 	C:\WINDOWS\SYSTEM32\Wldp.dll
0x00007fff12eb0000 - 0x00007fff12f5d000 	C:\WINDOWS\System32\SHCORE.dll
0x00007fff14120000 - 0x00007fff14175000 	C:\WINDOWS\System32\shlwapi.dll
0x00007fff11800000 - 0x00007fff1181f000 	C:\WINDOWS\SYSTEM32\profapi.dll
0x00007fff04670000 - 0x00007fff0468a000 	C:\Users\Elena\AppData\Local\JetBrains\Toolbox\apps\AndroidStudio\ch-0\212.5712.43.2112.8815526\jre\bin\net.dll
0x00007fff04ee0000 - 0x00007fff04fec000 	C:\WINDOWS\SYSTEM32\WINHTTP.dll
0x00007fff11010000 - 0x00007fff1107a000 	C:\WINDOWS\system32\mswsock.dll
0x00007ffef0fa0000 - 0x00007ffef0fb4000 	C:\Users\Elena\AppData\Local\JetBrains\Toolbox\apps\AndroidStudio\ch-0\212.5712.43.2112.8815526\jre\bin\nio.dll
0x00007fff00e20000 - 0x00007fff00e47000 	C:\Users\Elena\.gradle\native\e1d6ef7f7dcc3fd88c89a11ec53ec762bb8ba0a96d01ffa2cd45eb1d1d8dd5c5\windows-amd64\native-platform.dll
0x00007ffee8a90000 - 0x00007ffee8bd4000 	C:\Users\Elena\.gradle\native\5664cfc778a61ccfe75a443a1ab52a65af34e5dc3c78e0209fed803814484fcb\windows-amd64\native-platform-file-events.dll
0x00007ffef0f90000 - 0x00007ffef0f9a000 	C:\Users\Elena\AppData\Local\JetBrains\Toolbox\apps\AndroidStudio\ch-0\212.5712.43.2112.8815526\jre\bin\management.dll
0x00007ffef0f80000 - 0x00007ffef0f8d000 	C:\Users\Elena\AppData\Local\JetBrains\Toolbox\apps\AndroidStudio\ch-0\212.5712.43.2112.8815526\jre\bin\management_ext.dll
0x00007fff11200000 - 0x00007fff11218000 	C:\WINDOWS\SYSTEM32\CRYPTSP.dll
0x00007fff108c0000 - 0x00007fff108f4000 	C:\WINDOWS\system32\rsaenh.dll
0x00007fff11a50000 - 0x00007fff11a77000 	C:\WINDOWS\System32\bcrypt.dll
0x00007fff117c0000 - 0x00007fff117ee000 	C:\WINDOWS\SYSTEM32\USERENV.dll
0x00007fff11220000 - 0x00007fff1122c000 	C:\WINDOWS\SYSTEM32\CRYPTBASE.dll
0x00007fff10c90000 - 0x00007fff10ccb000 	C:\WINDOWS\SYSTEM32\IPHLPAPI.DLL
0x00007fff136b0000 - 0x00007fff136b8000 	C:\WINDOWS\System32\NSI.dll
0x00007fff05170000 - 0x00007fff05187000 	C:\WINDOWS\SYSTEM32\dhcpcsvc6.DLL
0x00007fff059d0000 - 0x00007fff059ed000 	C:\WINDOWS\SYSTEM32\dhcpcsvc.DLL
0x00007fff10d40000 - 0x00007fff10e0a000 	C:\WINDOWS\SYSTEM32\DNSAPI.dll
0x00007fff109e0000 - 0x00007fff10a13000 	C:\WINDOWS\SYSTEM32\ntmarta.dll

dbghelp: loaded successfully - version: 4.0.5 - missing functions: none
symbol engine: initialized successfully - sym options: 0x614 - pdb path: .;C:\Users\Elena\AppData\Local\JetBrains\Toolbox\apps\AndroidStudio\ch-0\212.5712.43.2112.8815526\jre\bin;C:\WINDOWS\SYSTEM32;C:\WINDOWS\WinSxS\amd64_microsoft.windows.common-controls_6595b64144ccf1df_6.0.19041.1110_none_60b5254171f9507e;C:\Users\Elena\AppData\Local\JetBrains\Toolbox\apps\AndroidStudio\ch-0\212.5712.43.2112.8815526\jre\bin\server;C:\Users\Elena\.gradle\native\e1d6ef7f7dcc3fd88c89a11ec53ec762bb8ba0a96d01ffa2cd45eb1d1d8dd5c5\windows-amd64;C:\Users\Elena\.gradle\native\5664cfc778a61ccfe75a443a1ab52a65af34e5dc3c78e0209fed803814484fcb\windows-amd64

VM Arguments:
jvm_args: --add-opens=java.base/java.util=ALL-UNNAMED --add-opens=java.base/java.lang=ALL-UNNAMED --add-opens=java.base/java.lang.invoke=ALL-UNNAMED --add-opens=java.base/java.util=ALL-UNNAMED --add-opens=java.prefs/java.util.prefs=ALL-UNNAMED --add-opens=java.prefs/java.util.prefs=ALL-UNNAMED --add-opens=java.base/java.nio.charset=ALL-UNNAMED --add-opens=java.base/java.net=ALL-UNNAMED --add-opens=java.base/java.util.concurrent.atomic=ALL-UNNAMED -Xmx2048m -Dfile.encoding=UTF-8 -Duser.country=RU -Duser.language=ru -Duser.variant 
java_command: org.gradle.launcher.daemon.bootstrap.GradleDaemon 7.3.3
java_class_path (initial): C:\Users\Elena\.gradle\wrapper\dists\gradle-7.3.3-bin\6a41zxkdtcxs8rphpq6y0069z\gradle-7.3.3\lib\gradle-launcher-7.3.3.jar
Launcher Type: SUN_STANDARD

[Global flags]
     intx CICompilerCount                          = 3                                         {product} {ergonomic}
     uint ConcGCThreads                            = 1                                         {product} {ergonomic}
     uint G1ConcRefinementThreads                  = 4                                         {product} {ergonomic}
   size_t G1HeapRegionSize                         = 1048576                                   {product} {ergonomic}
    uintx GCDrainStackTargetSize                   = 64                                        {product} {ergonomic}
   size_t InitialHeapSize                          = 58720256                                  {product} {ergonomic}
   size_t MarkStackSize                            = 4194304                                   {product} {ergonomic}
   size_t MaxHeapSize                              = 2147483648                                {product} {command line}
   size_t MaxNewSize                               = 1287651328                                {product} {ergonomic}
   size_t MinHeapDeltaBytes                        = 1048576                                   {product} {ergonomic}
    uintx NonNMethodCodeHeapSize                   = 5830732                                {pd product} {ergonomic}
    uintx NonProfiledCodeHeapSize                  = 122913754                              {pd product} {ergonomic}
    uintx ProfiledCodeHeapSize                     = 122913754                              {pd product} {ergonomic}
    uintx ReservedCodeCacheSize                    = 251658240                              {pd product} {ergonomic}
     bool SegmentedCodeCache                       = true                                      {product} {ergonomic}
     bool UseCompressedClassPointers               = true                                 {lp64_product} {ergonomic}
     bool UseCompressedOops                        = true                                 {lp64_product} {ergonomic}
     bool UseG1GC                                  = true                                      {product} {ergonomic}
     bool UseLargePagesIndividualAllocation        = false                                  {pd product} {ergonomic}

Logging:
Log output configuration:
 #0: stdout all=warning uptime,level,tags
 #1: stderr all=off uptime,level,tags

Environment Variables:
PATH=C:\WINDOWS\system32;C:\WINDOWS;C:\WINDOWS\System32\Wbem;C:\WINDOWS\System32\WindowsPowerShell\v1.0\;C:\WINDOWS\System32\OpenSSH\;C:\Program Files\Git\cmd;C:\Users\Elena\AppData\Local\Microsoft\WindowsApps;;C:\Users\Elena\AppData\Local\JetBrains\Toolbox\scripts
USERNAME=Elena
OS=Windows_NT
PROCESSOR_IDENTIFIER=AMD64 Family 22 Model 48 Stepping 1, AuthenticAMD



---------------  S Y S T E M  ---------------

OS: Windows 10 , 64 bit Build 19041 (10.0.19041.2364)
OS uptime: 1 days 22:14 hours

CPU:total 4 (initial active 4) (4 cores per cpu, 1 threads per core) family 22 model 48 stepping 1 microcode 0x0, cmov, cx8, fxsr, mmx, sse, sse2, sse3, ssse3, sse4.1, sse4.2, popcnt, avx, aes, clmul, mmxext, 3dnowpref, lzcnt, sse4a, tsc, tscinvbit, tscinv, bmi1

Memory: 4k page, system-wide physical 3530M (53M free)
TotalPageFile size 14282M (AvailPageFile size 1M)
current process WorkingSet (physical memory assigned to process): 195M, peak: 239M
current process commit charge ("private bytes"): 404M, peak: 407M

vm_info: OpenJDK 64-Bit Server VM (11.0.12+7-b1504.28-7817840) for windows-amd64 JRE (11.0.12+7-b1504.28-7817840), built on Oct 13 2021 22:12:33 by "builder" with MS VC++ 14.0 (VS2015)

END.
