#
# There is insufficient memory for the Java Runtime Environment to continue.
# Native memory allocation (malloc) failed to allocate 1172816 bytes for Chunk::new
# Possible reasons:
#   The system is out of physical RAM or swap space
#   The process is running with CompressedOops enabled, and the Java Heap may be blocking the growth of the native heap
# Possible solutions:
#   Reduce memory load on the system
#   Increase physical memory or swap space
#   Check if swap backing store is full
#   Decrease Java heap size (-Xmx/-Xms)
#   Decrease number of Java threads
#   Decrease Java thread stack sizes (-Xss)
#   Set larger code cache with -XX:ReservedCodeCacheSize=
#   JVM is running with Unscaled Compressed Oops mode in which the Java heap is
#     placed in the first 4GB address space. The Java Heap base address is the
#     maximum limit for the native heap growth. Please use -XX:HeapBaseMinAddress
#     to set the Java Heap base and to place the Java Heap above 4GB virtual address.
# This output file may be truncated or incomplete.
#
#  Out of Memory Error (./src/hotspot/share/memory/arena.cpp:197), pid=16652, tid=9588
#
# JRE version: OpenJDK Runtime Environment (11.0.12+7) (build 11.0.12+7-b1504.28-7817840)
# Java VM: OpenJDK 64-Bit Server VM (11.0.12+7-b1504.28-7817840, mixed mode, tiered, compressed oops, g1 gc, windows-amd64)
# No core dump will be written. Minidumps are not enabled by default on client versions of Windows
#

---------------  S U M M A R Y ------------

Command Line: --add-opens=java.base/java.util=ALL-UNNAMED --add-opens=java.base/java.lang=ALL-UNNAMED --add-opens=java.base/java.lang.invoke=ALL-UNNAMED --add-opens=java.base/java.util=ALL-UNNAMED --add-opens=java.prefs/java.util.prefs=ALL-UNNAMED --add-opens=java.prefs/java.util.prefs=ALL-UNNAMED --add-opens=java.base/java.nio.charset=ALL-UNNAMED --add-opens=java.base/java.net=ALL-UNNAMED --add-opens=java.base/java.util.concurrent.atomic=ALL-UNNAMED -Xmx2048m -Dfile.encoding=UTF-8 -Duser.country=RU -Duser.language=ru -Duser.variant org.gradle.launcher.daemon.bootstrap.GradleDaemon 7.3.3

Host: AMD A8-7410 APU with AMD Radeon R5 Graphics    , 4 cores, 3G,  Windows 10 , 64 bit Build 19041 (10.0.19041.2364)
Time: Sun Jan 29 04:43:34 2023 RTZ 2 (зима) elapsed time: 172.193610 seconds (0d 0h 2m 52s)

---------------  T H R E A D  ---------------

Current thread (0x0000018e4194f800):  JavaThread "C2 CompilerThread0" daemon [_thread_in_native, id=9588, stack(0x0000005f88e00000,0x0000005f88f00000)]


Current CompileTask:
C2: 172194 10357       4       java.lang.reflect.AccessibleObject::checkCanSetAccessible (386 bytes)

Stack: [0x0000005f88e00000,0x0000005f88f00000]
Native frames: (J=compiled Java code, j=interpreted, Vv=VM code, C=native code)
V  [jvm.dll+0x5fbcea]
V  [jvm.dll+0x731905]
V  [jvm.dll+0x732f1d]
V  [jvm.dll+0x7335d3]
V  [jvm.dll+0x247bf8]
V  [jvm.dll+0xc018c]
V  [jvm.dll+0xc06cc]
V  [jvm.dll+0x35b31d]
V  [jvm.dll+0x328803]
V  [jvm.dll+0x327cfa]
V  [jvm.dll+0x200602]
V  [jvm.dll+0x1ff794]
V  [jvm.dll+0x18868c]
V  [jvm.dll+0x20e0d7]
V  [jvm.dll+0x20c901]
V  [jvm.dll+0x6f9b7f]
V  [jvm.dll+0x6f26a5]
V  [jvm.dll+0x5fabf6]
C  [ucrtbase.dll+0x21bb2]
C  [KERNEL32.DLL+0x17614]
C  [ntdll.dll+0x526a1]


---------------  P R O C E S S  ---------------

Threads class SMR info:
_java_thread_list=0x0000018e4a136fc0, length=82, elements={
0x0000018e26d79000, 0x0000018e418e4000, 0x0000018e418f0000, 0x0000018e41905000,
0x0000018e41907000, 0x0000018e41908000, 0x0000018e4194f800, 0x0000018e41954800,
0x0000018e41ae9000, 0x0000018e41bf5800, 0x0000018e429e1000, 0x0000018e4261d800,
0x0000018e43251000, 0x0000018e42ea9800, 0x0000018e43319800, 0x0000018e41d2c800,
0x0000018e41ab7800, 0x0000018e428a1800, 0x0000018e43b0a000, 0x0000018e43b0b000,
0x0000018e43b09800, 0x0000018e43b0c000, 0x0000018e43b0c800, 0x0000018e43b0d800,
0x0000018e43b08800, 0x0000018e43b0e000, 0x0000018e43b0f000, 0x0000018e4445b800,
0x0000018e4445a000, 0x0000018e4445f800, 0x0000018e4445c800, 0x0000018e4445d000,
0x0000018e4445b000, 0x0000018e4445f000, 0x0000018e44461800, 0x0000018e4445e000,
0x0000018e44467000, 0x0000018e44468000, 0x0000018e44462000, 0x0000018e44464800,
0x0000018e44463000, 0x0000018e44464000, 0x0000018e44465800, 0x0000018e44466000,
0x0000018e42606000, 0x0000018e42608000, 0x0000018e42608800, 0x0000018e42609800,
0x0000018e42607000, 0x0000018e4260b000, 0x0000018e4260c000, 0x0000018e4260e800,
0x0000018e4260d000, 0x0000018e4260d800, 0x0000018e4260a800, 0x0000018e42613800,
0x0000018e42614000, 0x0000018e42615000, 0x0000018e42610000, 0x0000018e42611000,
0x0000018e4260f000, 0x0000018e42611800, 0x0000018e42612800, 0x0000018e428a7800,
0x0000018e428a5000, 0x0000018e428a8000, 0x0000018e428a2800, 0x0000018e428a9000,
0x0000018e428a5800, 0x0000018e428a6800, 0x0000018e428a3800, 0x0000018e428aa000,
0x0000018e428a4000, 0x0000018e428ac000, 0x0000018e428ab800, 0x0000018e428b0800,
0x0000018e428ad000, 0x0000018e428ae000, 0x0000018e428af800, 0x0000018e428aa800,
0x0000018e428b1000, 0x0000018e4840c000
}

Java Threads: ( => current thread )
  0x0000018e26d79000 JavaThread "main" [_thread_blocked, id=8312, stack(0x0000005f88200000,0x0000005f88300000)]
  0x0000018e418e4000 JavaThread "Reference Handler" daemon [_thread_blocked, id=14940, stack(0x0000005f88900000,0x0000005f88a00000)]
  0x0000018e418f0000 JavaThread "Finalizer" daemon [_thread_blocked, id=16256, stack(0x0000005f88a00000,0x0000005f88b00000)]
  0x0000018e41905000 JavaThread "Signal Dispatcher" daemon [_thread_blocked, id=11060, stack(0x0000005f88b00000,0x0000005f88c00000)]
  0x0000018e41907000 JavaThread "Attach Listener" daemon [_thread_blocked, id=12328, stack(0x0000005f88c00000,0x0000005f88d00000)]
  0x0000018e41908000 JavaThread "Service Thread" daemon [_thread_blocked, id=10980, stack(0x0000005f88d00000,0x0000005f88e00000)]
=>0x0000018e4194f800 JavaThread "C2 CompilerThread0" daemon [_thread_in_native, id=9588, stack(0x0000005f88e00000,0x0000005f88f00000)]
  0x0000018e41954800 JavaThread "C1 CompilerThread0" daemon [_thread_blocked, id=6232, stack(0x0000005f88f00000,0x0000005f89000000)]
  0x0000018e41ae9000 JavaThread "Sweeper thread" daemon [_thread_blocked, id=12448, stack(0x0000005f89000000,0x0000005f89100000)]
  0x0000018e41bf5800 JavaThread "Common-Cleaner" daemon [_thread_blocked, id=13468, stack(0x0000005f89100000,0x0000005f89200000)]
  0x0000018e429e1000 JavaThread "Daemon health stats" [_thread_blocked, id=7052, stack(0x0000005f89400000,0x0000005f89500000)]
  0x0000018e4261d800 JavaThread "Incoming local TCP Connector on port 64001" [_thread_in_native, id=15604, stack(0x0000005f89500000,0x0000005f89600000)]
  0x0000018e43251000 JavaThread "Daemon periodic checks" [_thread_blocked, id=12160, stack(0x0000005f89600000,0x0000005f89700000)]
  0x0000018e42ea9800 JavaThread "Daemon" [_thread_blocked, id=6760, stack(0x0000005f89700000,0x0000005f89800000)]
  0x0000018e43319800 JavaThread "Handler for socket connection from /127.0.0.1:64001 to /127.0.0.1:64002" [_thread_in_native, id=16220, stack(0x0000005f89800000,0x0000005f89900000)]
  0x0000018e41d2c800 JavaThread "Cancel handler" [_thread_blocked, id=11232, stack(0x0000005f89b00000,0x0000005f89c00000)]
  0x0000018e41ab7800 JavaThread "Daemon worker" [_thread_blocked, id=3844, stack(0x0000005f89c00000,0x0000005f89d00000)]
  0x0000018e428a1800 JavaThread "Asynchronous log dispatcher for DefaultDaemonConnection: socket connection from /127.0.0.1:64001 to /127.0.0.1:64002" [_thread_blocked, id=13252, stack(0x0000005f89d00000,0x0000005f89e00000)]
  0x0000018e43b0a000 JavaThread "Daemon client event forwarder" [_thread_blocked, id=10336, stack(0x0000005f89f00000,0x0000005f8a000000)]
  0x0000018e43b0b000 JavaThread "Cache worker for journal cache (C:\Users\Elena\.gradle\caches\journal-1)" [_thread_blocked, id=3240, stack(0x0000005f8a000000,0x0000005f8a100000)]
  0x0000018e43b09800 JavaThread "File lock request listener" [_thread_in_native, id=12564, stack(0x0000005f8a100000,0x0000005f8a200000)]
  0x0000018e43b0c000 JavaThread "Cache worker for file hash cache (C:\Users\Elena\.gradle\caches\7.3.3\fileHashes)" [_thread_blocked, id=14636, stack(0x0000005f8a200000,0x0000005f8a300000)]
  0x0000018e43b0c800 JavaThread "Cache worker for file hash cache (C:\Users\Elena\AndroidStudioProjects\new\.gradle\7.3.3\fileHashes)" [_thread_blocked, id=10364, stack(0x0000005f8a300000,0x0000005f8a400000)]
  0x0000018e43b0d800 JavaThread "File watcher server" daemon [_thread_in_native, id=8844, stack(0x0000005f8a400000,0x0000005f8a500000)]
  0x0000018e43b08800 JavaThread "File watcher consumer" daemon [_thread_blocked, id=3056, stack(0x0000005f8a500000,0x0000005f8a600000)]
  0x0000018e43b0e000 JavaThread "Cache worker for checksums cache (C:\Users\Elena\AndroidStudioProjects\new\.gradle\7.3.3\checksums)" [_thread_blocked, id=14888, stack(0x0000005f8a600000,0x0000005f8a700000)]
  0x0000018e43b0f000 JavaThread "Cache worker for cache directory md-supplier (C:\Users\Elena\.gradle\caches\7.3.3\md-supplier)" [_thread_blocked, id=12152, stack(0x0000005f8a700000,0x0000005f8a800000)]
  0x0000018e4445b800 JavaThread "Cache worker for cache directory md-rule (C:\Users\Elena\.gradle\caches\7.3.3\md-rule)" [_thread_blocked, id=16964, stack(0x0000005f8a800000,0x0000005f8a900000)]
  0x0000018e4445a000 JavaThread "Cache worker for execution history cache (C:\Users\Elena\.gradle\caches\7.3.3\executionHistory)" [_thread_blocked, id=17164, stack(0x0000005f8a900000,0x0000005f8aa00000)]
  0x0000018e4445f800 JavaThread "jar transforms" [_thread_blocked, id=1604, stack(0x0000005f8aa00000,0x0000005f8ab00000)]
  0x0000018e4445c800 JavaThread "Cache worker for file content cache (C:\Users\Elena\.gradle\caches\7.3.3\fileContent)" [_thread_blocked, id=7804, stack(0x0000005f8ab00000,0x0000005f8ac00000)]
  0x0000018e4445d000 JavaThread "jar transforms Thread 2" [_thread_blocked, id=14340, stack(0x0000005f8ac00000,0x0000005f8ad00000)]
  0x0000018e4445b000 JavaThread "Cache worker for dependencies-accessors (C:\Users\Elena\AndroidStudioProjects\new\.gradle\7.3.3\dependencies-accessors)" [_thread_blocked, id=1808, stack(0x0000005f8ad00000,0x0000005f8ae00000)]
  0x0000018e4445f000 JavaThread "jar transforms Thread 3" [_thread_blocked, id=14520, stack(0x0000005f8ae00000,0x0000005f8af00000)]
  0x0000018e44461800 JavaThread "Cache worker for Build Output Cleanup Cache (C:\Users\Elena\AndroidStudioProjects\new\.gradle\buildOutputCleanup)" [_thread_blocked, id=16860, stack(0x0000005f8b100000,0x0000005f8b200000)]
  0x0000018e4445e000 JavaThread "Unconstrained build operations" [_thread_blocked, id=13284, stack(0x0000005f8b200000,0x0000005f8b300000)]
  0x0000018e44467000 JavaThread "Unconstrained build operations Thread 2" [_thread_blocked, id=10188, stack(0x0000005f8b300000,0x0000005f8b400000)]
  0x0000018e44468000 JavaThread "Unconstrained build operations Thread 3" [_thread_blocked, id=13832, stack(0x0000005f8b400000,0x0000005f8b500000)]
  0x0000018e44462000 JavaThread "Unconstrained build operations Thread 4" [_thread_blocked, id=16940, stack(0x0000005f8b500000,0x0000005f8b600000)]
  0x0000018e44464800 JavaThread "Unconstrained build operations Thread 5" [_thread_blocked, id=16496, stack(0x0000005f8b600000,0x0000005f8b700000)]
  0x0000018e44463000 JavaThread "Unconstrained build operations Thread 6" [_thread_blocked, id=4596, stack(0x0000005f8b700000,0x0000005f8b800000)]
  0x0000018e44464000 JavaThread "Unconstrained build operations Thread 7" [_thread_blocked, id=9500, stack(0x0000005f8b800000,0x0000005f8b900000)]
  0x0000018e44465800 JavaThread "Unconstrained build operations Thread 8" [_thread_blocked, id=10480, stack(0x0000005f8b900000,0x0000005f8ba00000)]
  0x0000018e44466000 JavaThread "Unconstrained build operations Thread 9" [_thread_blocked, id=4264, stack(0x0000005f8ba00000,0x0000005f8bb00000)]
  0x0000018e42606000 JavaThread "Unconstrained build operations Thread 10" [_thread_blocked, id=11172, stack(0x0000005f8bb00000,0x0000005f8bc00000)]
  0x0000018e42608000 JavaThread "Unconstrained build operations Thread 11" [_thread_blocked, id=380, stack(0x0000005f8bc00000,0x0000005f8bd00000)]
  0x0000018e42608800 JavaThread "Unconstrained build operations Thread 12" [_thread_blocked, id=3400, stack(0x0000005f8bd00000,0x0000005f8be00000)]
  0x0000018e42609800 JavaThread "Unconstrained build operations Thread 13" [_thread_blocked, id=10972, stack(0x0000005f8be00000,0x0000005f8bf00000)]
  0x0000018e42607000 JavaThread "Unconstrained build operations Thread 14" [_thread_blocked, id=6132, stack(0x0000005f8bf00000,0x0000005f8c000000)]
  0x0000018e4260b000 JavaThread "Unconstrained build operations Thread 15" [_thread_blocked, id=1732, stack(0x0000005f8c000000,0x0000005f8c100000)]
  0x0000018e4260c000 JavaThread "Unconstrained build operations Thread 16" [_thread_blocked, id=10628, stack(0x0000005f8c100000,0x0000005f8c200000)]
  0x0000018e4260e800 JavaThread "Unconstrained build operations Thread 17" [_thread_blocked, id=14936, stack(0x0000005f8c200000,0x0000005f8c300000)]
  0x0000018e4260d000 JavaThread "Unconstrained build operations Thread 18" [_thread_blocked, id=11516, stack(0x0000005f8c300000,0x0000005f8c400000)]
  0x0000018e4260d800 JavaThread "Unconstrained build operations Thread 19" [_thread_blocked, id=8316, stack(0x0000005f8c400000,0x0000005f8c500000)]
  0x0000018e4260a800 JavaThread "Unconstrained build operations Thread 20" [_thread_blocked, id=17356, stack(0x0000005f8c500000,0x0000005f8c600000)]
  0x0000018e42613800 JavaThread "Unconstrained build operations Thread 21" [_thread_blocked, id=16436, stack(0x0000005f8c600000,0x0000005f8c700000)]
  0x0000018e42614000 JavaThread "Unconstrained build operations Thread 22" [_thread_blocked, id=4540, stack(0x0000005f8c700000,0x0000005f8c800000)]
  0x0000018e42615000 JavaThread "Unconstrained build operations Thread 23" [_thread_blocked, id=1288, stack(0x0000005f8c800000,0x0000005f8c900000)]
  0x0000018e42610000 JavaThread "Unconstrained build operations Thread 24" [_thread_blocked, id=1020, stack(0x0000005f8c900000,0x0000005f8ca00000)]
  0x0000018e42611000 JavaThread "Unconstrained build operations Thread 25" [_thread_blocked, id=5328, stack(0x0000005f8ca00000,0x0000005f8cb00000)]
  0x0000018e4260f000 JavaThread "Unconstrained build operations Thread 26" [_thread_blocked, id=16364, stack(0x0000005f8cb00000,0x0000005f8cc00000)]
  0x0000018e42611800 JavaThread "Unconstrained build operations Thread 27" [_thread_blocked, id=17068, stack(0x0000005f8cc00000,0x0000005f8cd00000)]
  0x0000018e42612800 JavaThread "Unconstrained build operations Thread 28" [_thread_blocked, id=14172, stack(0x0000005f8cd00000,0x0000005f8ce00000)]
  0x0000018e428a7800 JavaThread "Unconstrained build operations Thread 29" [_thread_blocked, id=12552, stack(0x0000005f8ce00000,0x0000005f8cf00000)]
  0x0000018e428a5000 JavaThread "Unconstrained build operations Thread 30" [_thread_blocked, id=7064, stack(0x0000005f8cf00000,0x0000005f8d000000)]
  0x0000018e428a8000 JavaThread "Unconstrained build operations Thread 31" [_thread_blocked, id=9108, stack(0x0000005f8d000000,0x0000005f8d100000)]
  0x0000018e428a2800 JavaThread "Unconstrained build operations Thread 32" [_thread_blocked, id=5968, stack(0x0000005f8d100000,0x0000005f8d200000)]
  0x0000018e428a9000 JavaThread "Unconstrained build operations Thread 33" [_thread_blocked, id=13028, stack(0x0000005f8d200000,0x0000005f8d300000)]
  0x0000018e428a5800 JavaThread "Unconstrained build operations Thread 34" [_thread_blocked, id=17084, stack(0x0000005f8d300000,0x0000005f8d400000)]
  0x0000018e428a6800 JavaThread "Unconstrained build operations Thread 35" [_thread_blocked, id=15704, stack(0x0000005f8d400000,0x0000005f8d500000)]
  0x0000018e428a3800 JavaThread "Unconstrained build operations Thread 36" [_thread_blocked, id=2540, stack(0x0000005f8d500000,0x0000005f8d600000)]
  0x0000018e428aa000 JavaThread "Unconstrained build operations Thread 37" [_thread_blocked, id=1236, stack(0x0000005f8d600000,0x0000005f8d700000)]
  0x0000018e428a4000 JavaThread "Unconstrained build operations Thread 38" [_thread_blocked, id=12476, stack(0x0000005f8d700000,0x0000005f8d800000)]
  0x0000018e428ac000 JavaThread "Unconstrained build operations Thread 39" [_thread_blocked, id=16112, stack(0x0000005f8d800000,0x0000005f8d900000)]
  0x0000018e428ab800 JavaThread "Unconstrained build operations Thread 40" [_thread_blocked, id=14036, stack(0x0000005f8d900000,0x0000005f8da00000)]
  0x0000018e428b0800 JavaThread "jar transforms Thread 4" [_thread_blocked, id=16348, stack(0x0000005f88000000,0x0000005f88100000)]
  0x0000018e428ad000 JavaThread "Memory manager" [_thread_blocked, id=3796, stack(0x0000005f88100000,0x0000005f88200000)]
  0x0000018e428ae000 JavaThread "build event listener" [_thread_blocked, id=908, stack(0x0000005f89e00000,0x0000005f89f00000)]
  0x0000018e428af800 JavaThread "Execution worker for ':'" [_thread_blocked, id=16760, stack(0x0000005f8af00000,0x0000005f8b000000)]
  0x0000018e428aa800 JavaThread "Execution worker for ':' Thread 2" [_thread_blocked, id=9852, stack(0x0000005f8da00000,0x0000005f8db00000)]
  0x0000018e428b1000 JavaThread "Execution worker for ':' Thread 3" [_thread_blocked, id=11100, stack(0x0000005f8db00000,0x0000005f8dc00000)]
  0x0000018e4840c000 JavaThread "Cache worker for execution history cache (C:\Users\Elena\AndroidStudioProjects\new\.gradle\7.3.3\executionHistory)" [_thread_in_Java, id=17380, stack(0x0000005f8dc00000,0x0000005f8dd00000)]

Other Threads:
  0x0000018e418df000 VMThread "VM Thread" [stack: 0x0000005f88800000,0x0000005f88900000] [id=12832]
  0x0000018e41c10800 WatcherThread [stack: 0x0000005f89200000,0x0000005f89300000] [id=2584]
  0x0000018e26d92000 GCTaskThread "GC Thread#0" [stack: 0x0000005f88300000,0x0000005f88400000] [id=17352]
  0x0000018e4217a800 GCTaskThread "GC Thread#1" [stack: 0x0000005f89300000,0x0000005f89400000] [id=16604]
  0x0000018e4288c000 GCTaskThread "GC Thread#2" [stack: 0x0000005f89900000,0x0000005f89a00000] [id=7504]
  0x0000018e4288d000 GCTaskThread "GC Thread#3" [stack: 0x0000005f89a00000,0x0000005f89b00000] [id=16416]
  0x0000018e26dc5800 ConcurrentGCThread "G1 Main Marker" [stack: 0x0000005f88400000,0x0000005f88500000] [id=12020]
  0x0000018e26dc6800 ConcurrentGCThread "G1 Conc#0" [stack: 0x0000005f88500000,0x0000005f88600000] [id=15936]
  0x0000018e26e0d800 ConcurrentGCThread "G1 Refine#0" [stack: 0x0000005f88600000,0x0000005f88700000] [id=8104]
  0x0000018e26e0e800 ConcurrentGCThread "G1 Young RemSet Sampling" [stack: 0x0000005f88700000,0x0000005f88800000] [id=4700]

Threads with active compile tasks:
C2 CompilerThread0 172303 10357       4       java.lang.reflect.AccessibleObject::checkCanSetAccessible (386 bytes)

VM state:not at safepoint (normal execution)

VM Mutex/Monitor currently owned by a thread: None

Heap address: 0x0000000080000000, size: 2048 MB, Compressed Oops mode: 32-bit
Narrow klass base: 0x0000000000000000, Narrow klass shift: 3
Compressed class space size: 1073741824 Address: 0x0000000100000000

Heap:
 garbage-first heap   total 121856K, used 80413K [0x0000000080000000, 0x0000000100000000)
  region size 1024K, 4 young (4096K), 2 survivors (2048K)
 Metaspace       used 86357K, capacity 88409K, committed 88776K, reserved 1126400K
  class space    used 11233K, capacity 12031K, committed 12108K, reserved 1048576K
Heap Regions: E=young(eden), S=young(survivor), O=old, HS=humongous(starts), HC=humongous(continues), CS=collection set, F=free, A=archive, TAMS=top-at-mark-start (previous, next)
|   0|0x0000000080000000, 0x0000000080100000, 0x0000000080100000|100%| O|  |TAMS 0x0000000080100000, 0x0000000080100000| Untracked 
|   1|0x0000000080100000, 0x0000000080200000, 0x0000000080200000|100%| O|  |TAMS 0x0000000080200000, 0x0000000080200000| Untracked 
|   2|0x0000000080200000, 0x0000000080300000, 0x0000000080300000|100%| O|  |TAMS 0x0000000080300000, 0x0000000080300000| Untracked 
|   3|0x0000000080300000, 0x0000000080400000, 0x0000000080400000|100%|HS|  |TAMS 0x0000000080400000, 0x0000000080400000| Complete 
|   4|0x0000000080400000, 0x0000000080500000, 0x0000000080500000|100%|HC|  |TAMS 0x0000000080500000, 0x0000000080500000| Complete 
|   5|0x0000000080500000, 0x0000000080600000, 0x0000000080600000|100%|HC|  |TAMS 0x0000000080600000, 0x0000000080600000| Complete 
|   6|0x0000000080600000, 0x0000000080700000, 0x0000000080700000|100%| O|  |TAMS 0x0000000080700000, 0x0000000080700000| Untracked 
|   7|0x0000000080700000, 0x0000000080800000, 0x0000000080800000|100%| O|  |TAMS 0x0000000080800000, 0x0000000080800000| Untracked 
|   8|0x0000000080800000, 0x0000000080900000, 0x0000000080900000|100%| O|  |TAMS 0x0000000080900000, 0x0000000080900000| Untracked 
|   9|0x0000000080900000, 0x0000000080a00000, 0x0000000080a00000|100%| O|  |TAMS 0x0000000080a00000, 0x0000000080a00000| Untracked 
|  10|0x0000000080a00000, 0x0000000080b00000, 0x0000000080b00000|100%| O|  |TAMS 0x0000000080b00000, 0x0000000080b00000| Untracked 
|  11|0x0000000080b00000, 0x0000000080c00000, 0x0000000080c00000|100%| O|  |TAMS 0x0000000080c00000, 0x0000000080c00000| Untracked 
|  12|0x0000000080c00000, 0x0000000080d00000, 0x0000000080d00000|100%| O|  |TAMS 0x0000000080d00000, 0x0000000080d00000| Untracked 
|  13|0x0000000080d00000, 0x0000000080e00000, 0x0000000080e00000|100%| O|  |TAMS 0x0000000080e00000, 0x0000000080e00000| Untracked 
|  14|0x0000000080e00000, 0x0000000080f00000, 0x0000000080f00000|100%| O|  |TAMS 0x0000000080f00000, 0x0000000080f00000| Untracked 
|  15|0x0000000080f00000, 0x0000000081000000, 0x0000000081000000|100%| O|  |TAMS 0x0000000081000000, 0x0000000081000000| Untracked 
|  16|0x0000000081000000, 0x0000000081100000, 0x0000000081100000|100%| O|  |TAMS 0x0000000081100000, 0x0000000081100000| Untracked 
|  17|0x0000000081100000, 0x0000000081200000, 0x0000000081200000|100%| O|  |TAMS 0x0000000081200000, 0x0000000081200000| Untracked 
|  18|0x0000000081200000, 0x0000000081300000, 0x0000000081300000|100%| O|  |TAMS 0x0000000081300000, 0x0000000081300000| Untracked 
|  19|0x0000000081300000, 0x0000000081400000, 0x0000000081400000|100%| O|  |TAMS 0x0000000081400000, 0x0000000081400000| Untracked 
|  20|0x0000000081400000, 0x0000000081500000, 0x0000000081500000|100%| O|  |TAMS 0x0000000081500000, 0x0000000081500000| Untracked 
|  21|0x0000000081500000, 0x0000000081600000, 0x0000000081600000|100%| O|  |TAMS 0x0000000081600000, 0x0000000081600000| Untracked 
|  22|0x0000000081600000, 0x0000000081700000, 0x0000000081700000|100%| O|  |TAMS 0x0000000081700000, 0x0000000081700000| Untracked 
|  23|0x0000000081700000, 0x0000000081800000, 0x0000000081800000|100%| O|  |TAMS 0x0000000081800000, 0x0000000081800000| Untracked 
|  24|0x0000000081800000, 0x0000000081900000, 0x0000000081900000|100%| O|  |TAMS 0x0000000081900000, 0x0000000081900000| Untracked 
|  25|0x0000000081900000, 0x0000000081a00000, 0x0000000081a00000|100%| O|  |TAMS 0x0000000081a00000, 0x0000000081a00000| Untracked 
|  26|0x0000000081a00000, 0x0000000081b00000, 0x0000000081b00000|100%| O|  |TAMS 0x0000000081b00000, 0x0000000081b00000| Untracked 
|  27|0x0000000081b00000, 0x0000000081c00000, 0x0000000081c00000|100%| O|  |TAMS 0x0000000081c00000, 0x0000000081c00000| Untracked 
|  28|0x0000000081c00000, 0x0000000081d00000, 0x0000000081d00000|100%| O|  |TAMS 0x0000000081d00000, 0x0000000081d00000| Untracked 
|  29|0x0000000081d00000, 0x0000000081e00000, 0x0000000081e00000|100%| O|  |TAMS 0x0000000081e00000, 0x0000000081e00000| Untracked 
|  30|0x0000000081e00000, 0x0000000081f00000, 0x0000000081f00000|100%| O|  |TAMS 0x0000000081f00000, 0x0000000081f00000| Untracked 
|  31|0x0000000081f00000, 0x0000000082000000, 0x0000000082000000|100%| O|  |TAMS 0x0000000082000000, 0x0000000082000000| Untracked 
|  32|0x0000000082000000, 0x0000000082100000, 0x0000000082100000|100%| O|  |TAMS 0x0000000082100000, 0x0000000082100000| Untracked 
|  33|0x0000000082100000, 0x0000000082200000, 0x0000000082200000|100%| O|  |TAMS 0x0000000082200000, 0x0000000082200000| Untracked 
|  34|0x0000000082200000, 0x0000000082300000, 0x0000000082300000|100%|HS|  |TAMS 0x0000000082300000, 0x0000000082300000| Complete 
|  35|0x0000000082300000, 0x0000000082400000, 0x0000000082400000|100%|HS|  |TAMS 0x0000000082400000, 0x0000000082400000| Complete 
|  36|0x0000000082400000, 0x0000000082500000, 0x0000000082500000|100%|HS|  |TAMS 0x0000000082500000, 0x0000000082500000| Complete 
|  37|0x0000000082500000, 0x0000000082600000, 0x0000000082600000|100%| O|  |TAMS 0x0000000082600000, 0x0000000082600000| Untracked 
|  38|0x0000000082600000, 0x0000000082700000, 0x0000000082700000|100%| O|  |TAMS 0x0000000082700000, 0x0000000082700000| Untracked 
|  39|0x0000000082700000, 0x0000000082800000, 0x0000000082800000|100%| O|  |TAMS 0x0000000082800000, 0x0000000082800000| Untracked 
|  40|0x0000000082800000, 0x0000000082900000, 0x0000000082900000|100%|HS|  |TAMS 0x0000000082900000, 0x0000000082900000| Complete 
|  41|0x0000000082900000, 0x0000000082a00000, 0x0000000082a00000|100%|HC|  |TAMS 0x0000000082a00000, 0x0000000082a00000| Complete 
|  42|0x0000000082a00000, 0x0000000082b00000, 0x0000000082b00000|100%|HC|  |TAMS 0x0000000082b00000, 0x0000000082b00000| Complete 
|  43|0x0000000082b00000, 0x0000000082c00000, 0x0000000082c00000|100%| O|  |TAMS 0x0000000082c00000, 0x0000000082c00000| Untracked 
|  44|0x0000000082c00000, 0x0000000082d00000, 0x0000000082d00000|100%| O|  |TAMS 0x0000000082d00000, 0x0000000082d00000| Untracked 
|  45|0x0000000082d00000, 0x0000000082e00000, 0x0000000082e00000|100%|HS|  |TAMS 0x0000000082e00000, 0x0000000082e00000| Complete 
|  46|0x0000000082e00000, 0x0000000082f00000, 0x0000000082f00000|100%|HC|  |TAMS 0x0000000082f00000, 0x0000000082f00000| Complete 
|  47|0x0000000082f00000, 0x0000000083000000, 0x0000000083000000|100%| O|  |TAMS 0x0000000083000000, 0x0000000083000000| Untracked 
|  48|0x0000000083000000, 0x0000000083100000, 0x0000000083100000|100%| O|  |TAMS 0x0000000083100000, 0x0000000083100000| Untracked 
|  49|0x0000000083100000, 0x0000000083200000, 0x0000000083200000|100%| O|  |TAMS 0x0000000083200000, 0x0000000083200000| Untracked 
|  50|0x0000000083200000, 0x0000000083300000, 0x0000000083300000|100%| O|  |TAMS 0x0000000083300000, 0x0000000083300000| Untracked 
|  51|0x0000000083300000, 0x0000000083400000, 0x0000000083400000|100%| O|  |TAMS 0x0000000083400000, 0x0000000083400000| Untracked 
|  52|0x0000000083400000, 0x0000000083500000, 0x0000000083500000|100%| O|  |TAMS 0x0000000083500000, 0x0000000083500000| Untracked 
|  53|0x0000000083500000, 0x0000000083600000, 0x0000000083600000|100%| O|  |TAMS 0x0000000083600000, 0x0000000083600000| Untracked 
|  54|0x0000000083600000, 0x0000000083700000, 0x0000000083700000|100%| O|  |TAMS 0x0000000083700000, 0x0000000083700000| Untracked 
|  55|0x0000000083700000, 0x0000000083800000, 0x0000000083800000|100%| O|  |TAMS 0x0000000083800000, 0x0000000083800000| Untracked 
|  56|0x0000000083800000, 0x0000000083900000, 0x0000000083900000|100%| O|  |TAMS 0x0000000083900000, 0x0000000083900000| Untracked 
|  57|0x0000000083900000, 0x0000000083a00000, 0x0000000083a00000|100%| O|  |TAMS 0x0000000083a00000, 0x0000000083a00000| Untracked 
|  58|0x0000000083a00000, 0x0000000083b00000, 0x0000000083b00000|100%| O|  |TAMS 0x0000000083b00000, 0x0000000083b00000| Untracked 
|  59|0x0000000083b00000, 0x0000000083c00000, 0x0000000083c00000|100%| O|  |TAMS 0x0000000083c00000, 0x0000000083c00000| Untracked 
|  60|0x0000000083c00000, 0x0000000083d00000, 0x0000000083d00000|100%| O|  |TAMS 0x0000000083d00000, 0x0000000083d00000| Untracked 
|  61|0x0000000083d00000, 0x0000000083e00000, 0x0000000083e00000|100%| O|  |TAMS 0x0000000083e00000, 0x0000000083e00000| Untracked 
|  62|0x0000000083e00000, 0x0000000083f00000, 0x0000000083f00000|100%| O|  |TAMS 0x0000000083f00000, 0x0000000083f00000| Untracked 
|  63|0x0000000083f00000, 0x0000000084000000, 0x0000000084000000|100%| O|  |TAMS 0x0000000084000000, 0x0000000084000000| Untracked 
|  64|0x0000000084000000, 0x0000000084100000, 0x0000000084100000|100%| O|  |TAMS 0x0000000084100000, 0x0000000084100000| Untracked 
|  65|0x0000000084100000, 0x0000000084200000, 0x0000000084200000|100%| O|  |TAMS 0x0000000084200000, 0x0000000084200000| Untracked 
|  66|0x0000000084200000, 0x0000000084300000, 0x0000000084300000|100%| O|  |TAMS 0x0000000084300000, 0x0000000084300000| Untracked 
|  67|0x0000000084300000, 0x0000000084400000, 0x0000000084400000|100%| O|  |TAMS 0x0000000084400000, 0x0000000084400000| Untracked 
|  68|0x0000000084400000, 0x0000000084500000, 0x0000000084500000|100%| O|  |TAMS 0x0000000084500000, 0x0000000084500000| Untracked 
|  69|0x0000000084500000, 0x0000000084600000, 0x0000000084600000|100%| O|  |TAMS 0x0000000084600000, 0x0000000084600000| Untracked 
|  70|0x0000000084600000, 0x0000000084700000, 0x0000000084700000|100%| O|  |TAMS 0x0000000084700000, 0x0000000084700000| Untracked 
|  71|0x0000000084700000, 0x0000000084800000, 0x0000000084800000|100%| O|  |TAMS 0x0000000084800000, 0x0000000084800000| Untracked 
|  72|0x0000000084800000, 0x0000000084900000, 0x0000000084900000|100%| O|  |TAMS 0x0000000084900000, 0x0000000084900000| Untracked 
|  73|0x0000000084900000, 0x0000000084a00000, 0x0000000084a00000|100%| O|  |TAMS 0x0000000084a00000, 0x0000000084a00000| Untracked 
|  74|0x0000000084a00000, 0x0000000084b00000, 0x0000000084b00000|100%| O|  |TAMS 0x0000000084b00000, 0x0000000084b00000| Untracked 
|  75|0x0000000084b00000, 0x0000000084c00000, 0x0000000084c00000|100%| O|  |TAMS 0x0000000084bc8a00, 0x0000000084c00000| Untracked 
|  76|0x0000000084c00000, 0x0000000084c72800, 0x0000000084d00000| 44%| O|  |TAMS 0x0000000084c00000, 0x0000000084c72800| Untracked 
|  77|0x0000000084d00000, 0x0000000084d00000, 0x0000000084e00000|  0%| F|  |TAMS 0x0000000084d00000, 0x0000000084d00000| Untracked 
|  78|0x0000000084e00000, 0x0000000084e00000, 0x0000000084f00000|  0%| F|  |TAMS 0x0000000084e00000, 0x0000000084e00000| Untracked 
|  79|0x0000000084f00000, 0x0000000084f00000, 0x0000000085000000|  0%| F|  |TAMS 0x0000000084f00000, 0x0000000084f00000| Untracked 
|  80|0x0000000085000000, 0x0000000085000000, 0x0000000085100000|  0%| F|  |TAMS 0x0000000085000000, 0x0000000085000000| Untracked 
|  81|0x0000000085100000, 0x0000000085100000, 0x0000000085200000|  0%| F|  |TAMS 0x0000000085100000, 0x0000000085100000| Untracked 
|  82|0x0000000085200000, 0x0000000085200000, 0x0000000085300000|  0%| F|  |TAMS 0x0000000085200000, 0x0000000085200000| Untracked 
|  83|0x0000000085300000, 0x0000000085300000, 0x0000000085400000|  0%| F|  |TAMS 0x0000000085300000, 0x0000000085300000| Untracked 
|  84|0x0000000085400000, 0x0000000085400000, 0x0000000085500000|  0%| F|  |TAMS 0x0000000085400000, 0x0000000085400000| Untracked 
|  85|0x0000000085500000, 0x0000000085500000, 0x0000000085600000|  0%| F|  |TAMS 0x0000000085500000, 0x0000000085500000| Untracked 
|  86|0x0000000085600000, 0x0000000085600000, 0x0000000085700000|  0%| F|  |TAMS 0x0000000085600000, 0x0000000085600000| Untracked 
|  87|0x0000000085700000, 0x0000000085714de0, 0x0000000085800000|  8%| S|CS|TAMS 0x0000000085700000, 0x0000000085700000| Complete 
|  88|0x0000000085800000, 0x0000000085800000, 0x0000000085900000|  0%| F|  |TAMS 0x0000000085800000, 0x0000000085800000| Untracked 
|  89|0x0000000085900000, 0x0000000085a00000, 0x0000000085a00000|100%| S|CS|TAMS 0x0000000085900000, 0x0000000085900000| Complete 
|  90|0x0000000085a00000, 0x0000000085a00000, 0x0000000085b00000|  0%| F|  |TAMS 0x0000000085a00000, 0x0000000085a00000| Untracked 
|  91|0x0000000085b00000, 0x0000000085b00000, 0x0000000085c00000|  0%| F|  |TAMS 0x0000000085b00000, 0x0000000085b00000| Untracked 
|  92|0x0000000085c00000, 0x0000000085c00000, 0x0000000085d00000|  0%| F|  |TAMS 0x0000000085c00000, 0x0000000085c00000| Untracked 
|  93|0x0000000085d00000, 0x0000000085d00000, 0x0000000085e00000|  0%| F|  |TAMS 0x0000000085d00000, 0x0000000085d00000| Untracked 
|  94|0x0000000085e00000, 0x0000000085e00000, 0x0000000085f00000|  0%| F|  |TAMS 0x0000000085e00000, 0x0000000085e00000| Untracked 
|  95|0x0000000085f00000, 0x0000000085f00000, 0x0000000086000000|  0%| F|  |TAMS 0x0000000085f00000, 0x0000000085f00000| Untracked 
|  96|0x0000000086000000, 0x0000000086000000, 0x0000000086100000|  0%| F|  |TAMS 0x0000000086000000, 0x0000000086000000| Untracked 
|  97|0x0000000086100000, 0x0000000086100000, 0x0000000086200000|  0%| F|  |TAMS 0x0000000086100000, 0x0000000086100000| Untracked 
|  98|0x0000000086200000, 0x0000000086200000, 0x0000000086300000|  0%| F|  |TAMS 0x0000000086200000, 0x0000000086200000| Untracked 
|  99|0x0000000086300000, 0x0000000086300000, 0x0000000086400000|  0%| F|  |TAMS 0x0000000086300000, 0x0000000086300000| Untracked 
| 100|0x0000000086400000, 0x0000000086400000, 0x0000000086500000|  0%| F|  |TAMS 0x0000000086400000, 0x0000000086400000| Untracked 
| 101|0x0000000086500000, 0x0000000086500000, 0x0000000086600000|  0%| F|  |TAMS 0x0000000086500000, 0x0000000086500000| Untracked 
| 102|0x0000000086600000, 0x0000000086600000, 0x0000000086700000|  0%| F|  |TAMS 0x0000000086600000, 0x0000000086600000| Untracked 
| 103|0x0000000086700000, 0x0000000086700000, 0x0000000086800000|  0%| F|  |TAMS 0x0000000086700000, 0x0000000086700000| Untracked 
| 104|0x0000000086800000, 0x0000000086800000, 0x0000000086900000|  0%| F|  |TAMS 0x0000000086800000, 0x0000000086800000| Untracked 
| 105|0x0000000086900000, 0x0000000086900000, 0x0000000086a00000|  0%| F|  |TAMS 0x0000000086900000, 0x0000000086900000| Untracked 
| 106|0x0000000086a00000, 0x0000000086a00000, 0x0000000086b00000|  0%| F|  |TAMS 0x0000000086a00000, 0x0000000086a00000| Untracked 
| 107|0x0000000086b00000, 0x0000000086b00000, 0x0000000086c00000|  0%| F|  |TAMS 0x0000000086b00000, 0x0000000086b00000| Untracked 
| 108|0x0000000086c00000, 0x0000000086c00000, 0x0000000086d00000|  0%| F|  |TAMS 0x0000000086c00000, 0x0000000086c00000| Untracked 
| 109|0x0000000086d00000, 0x0000000086d00000, 0x0000000086e00000|  0%| F|  |TAMS 0x0000000086d00000, 0x0000000086d00000| Untracked 
| 110|0x0000000086e00000, 0x0000000086e00000, 0x0000000086f00000|  0%| F|  |TAMS 0x0000000086e00000, 0x0000000086e00000| Untracked 
| 111|0x0000000086f00000, 0x0000000086f00000, 0x0000000087000000|  0%| F|  |TAMS 0x0000000086f00000, 0x0000000086f00000| Untracked 
| 112|0x0000000087000000, 0x0000000087000000, 0x0000000087100000|  0%| F|  |TAMS 0x0000000087000000, 0x0000000087000000| Untracked 
| 113|0x0000000087100000, 0x0000000087100000, 0x0000000087200000|  0%| F|  |TAMS 0x0000000087100000, 0x0000000087100000| Untracked 
| 114|0x0000000087200000, 0x0000000087200000, 0x0000000087300000|  0%| F|  |TAMS 0x0000000087200000, 0x0000000087200000| Untracked 
| 115|0x0000000087300000, 0x0000000087300000, 0x0000000087400000|  0%| F|  |TAMS 0x0000000087300000, 0x0000000087300000| Untracked 
| 116|0x0000000087400000, 0x00000000874151b0, 0x0000000087500000|  8%| E|  |TAMS 0x0000000087400000, 0x0000000087400000| Complete 
| 117|0x0000000087500000, 0x0000000087600000, 0x0000000087600000|100%| E|CS|TAMS 0x0000000087500000, 0x0000000087500000| Complete 
| 118|0x0000000087600000, 0x0000000087700000, 0x0000000087700000|100%| E|CS|TAMS 0x0000000087600000, 0x0000000087600000| Complete 

Card table byte_map: [0x0000018e3a2f0000,0x0000018e3a6f0000] _byte_map_base: 0x0000018e39ef0000

Marking Bits (Prev, Next): (CMBitMap*) 0x0000018e26dbc8e0, (CMBitMap*) 0x0000018e26dbc8a8
 Prev Bits: [0x0000018e3caf0000, 0x0000018e3eaf0000)
 Next Bits: [0x0000018e3aaf0000, 0x0000018e3caf0000)

Polling page: 0x0000018e2a890000

Metaspace:

Usage:
  Non-class:     74.59 MB capacity,    73.36 MB ( 98%) used,  1013.70 KB (  1%) free+waste,   241.19 KB ( <1%) overhead. 
      Class:     11.75 MB capacity,    10.97 MB ( 93%) used,   688.29 KB (  6%) free+waste,   108.81 KB ( <1%) overhead. 
       Both:     86.34 MB capacity,    84.33 MB ( 98%) used,     1.66 MB (  2%) free+waste,   350.00 KB ( <1%) overhead. 

Virtual space:
  Non-class space:       76.00 MB reserved,      74.87 MB ( 99%) committed 
      Class space:        1.00 GB reserved,      11.82 MB (  1%) committed 
             Both:        1.07 GB reserved,      86.70 MB (  8%) committed 

Chunk freelists:
   Non-Class:  98.00 KB
       Class:  65.00 KB
        Both:  163.00 KB

MaxMetaspaceSize: 17179869184.00 GB
CompressedClassSpaceSize: 1.00 GB
Initial GC threshold: 20.80 MB
Current GC threshold: 144.08 MB
CDS: off

CodeHeap 'non-profiled nmethods': size=120064Kb used=6135Kb max_used=6135Kb free=113928Kb
 bounds [0x0000018e32370000, 0x0000018e32970000, 0x0000018e398b0000]
CodeHeap 'profiled nmethods': size=120000Kb used=22846Kb max_used=22846Kb free=97153Kb
 bounds [0x0000018e2ae40000, 0x0000018e2c490000, 0x0000018e32370000]
CodeHeap 'non-nmethods': size=5696Kb used=2368Kb max_used=2416Kb free=3327Kb
 bounds [0x0000018e2a8b0000, 0x0000018e2ab20000, 0x0000018e2ae40000]
 total_blobs=11166 nmethods=10285 adapters=794
 compilation: enabled
              stopped_count=0, restarted_count=0
 full_count=0

Compilation events (20 events):
Event: 171.810 Thread 0x0000018e4194f800 nmethod 10356 0x0000018e3296d310 code [0x0000018e3296d4c0, 0x0000018e3296d828]
Event: 171.810 Thread 0x0000018e4194f800 10369       4       com.google.common.collect.ImmutableCollection$Builder::<init> (5 bytes)
Event: 171.810 Thread 0x0000018e4194f800 nmethod 10369 0x0000018e3296d910 code [0x0000018e3296daa0, 0x0000018e3296daf8]
Event: 171.810 Thread 0x0000018e4194f800 10357       4       java.lang.reflect.AccessibleObject::checkCanSetAccessible (386 bytes)
Event: 171.847 Thread 0x0000018e41954800 10372       3       java.io.Bits::putLong (86 bytes)
Event: 171.848 Thread 0x0000018e41954800 nmethod 10372 0x0000018e2c488310 code [0x0000018e2c4884c0, 0x0000018e2c488738]
Event: 171.932 Thread 0x0000018e41954800 10374       3       java.io.ObjectStreamField::getTypeString (16 bytes)
Event: 171.934 Thread 0x0000018e41954800 nmethod 10374 0x0000018e2c488890 code [0x0000018e2c488ac0, 0x0000018e2c489138]
Event: 171.934 Thread 0x0000018e41954800 10375       3       java.io.ObjectOutputStream::writeTypeString (40 bytes)
Event: 171.935 Thread 0x0000018e41954800 nmethod 10375 0x0000018e2c489390 code [0x0000018e2c4895a0, 0x0000018e2c489988]
Event: 171.935 Thread 0x0000018e41954800 10376   !   3       java.io.ObjectOutputStream::writeOrdinaryObject (175 bytes)
Event: 171.938 Thread 0x0000018e41954800 nmethod 10376 0x0000018e2c489b90 code [0x0000018e2c489e80, 0x0000018e2c48ab28]
Event: 171.981 Thread 0x0000018e41954800 10377       3       java.io.ObjectStreamClass::getClassDataLayout (20 bytes)
Event: 171.982 Thread 0x0000018e41954800 nmethod 10377 0x0000018e2c48b390 code [0x0000018e2c48b540, 0x0000018e2c48b708]
Event: 172.090 Thread 0x0000018e41954800 10378       3       com.google.common.base.Preconditions::checkNotNull (26 bytes)
Event: 172.091 Thread 0x0000018e41954800 nmethod 10378 0x0000018e2c48b790 code [0x0000018e2c48b980, 0x0000018e2c48bd98]
Event: 172.091 Thread 0x0000018e41954800 10379       3       org.gradle.api.internal.tasks.properties.annotations.AbstractInputFilePropertyAnnotationHandler::visitPropertyValue (190 bytes)
Event: 172.098 Thread 0x0000018e41954800 nmethod 10379 0x0000018e2c48bf10 code [0x0000018e2c48c380, 0x0000018e2c48e718]
Event: 172.098 Thread 0x0000018e41954800 10380       3       org.gradle.api.internal.tasks.properties.DefaultTypeMetadataStore$DefaultPropertyMetadata::getAnnotationForCategory (17 bytes)
Event: 172.098 Thread 0x0000018e41954800 nmethod 10380 0x0000018e2c48f390 code [0x0000018e2c48f560, 0x0000018e2c48f888]

GC Heap History (20 events):
Event: 150.714 GC heap before
{Heap before GC invocations=102 (full 0):
 garbage-first heap   total 101376K, used 85056K [0x0000000080000000, 0x0000000100000000)
  region size 1024K, 15 young (15360K), 3 survivors (3072K)
 Metaspace       used 84427K, capacity 86291K, committed 86472K, reserved 1124352K
  class space    used 11052K, capacity 11783K, committed 11852K, reserved 1048576K
}
Event: 150.933 GC heap after
{Heap after GC invocations=103 (full 0):
 garbage-first heap   total 101376K, used 74706K [0x0000000080000000, 0x0000000100000000)
  region size 1024K, 2 young (2048K), 2 survivors (2048K)
 Metaspace       used 84427K, capacity 86291K, committed 86472K, reserved 1124352K
  class space    used 11052K, capacity 11783K, committed 11852K, reserved 1048576K
}
Event: 156.065 GC heap before
{Heap before GC invocations=103 (full 0):
 garbage-first heap   total 101376K, used 85970K [0x0000000080000000, 0x0000000100000000)
  region size 1024K, 13 young (13312K), 2 survivors (2048K)
 Metaspace       used 85033K, capacity 86993K, committed 87368K, reserved 1124352K
  class space    used 11105K, capacity 11857K, committed 11980K, reserved 1048576K
}
Event: 156.092 GC heap after
{Heap after GC invocations=104 (full 0):
 garbage-first heap   total 101376K, used 75475K [0x0000000080000000, 0x0000000100000000)
  region size 1024K, 2 young (2048K), 2 survivors (2048K)
 Metaspace       used 85033K, capacity 86993K, committed 87368K, reserved 1124352K
  class space    used 11105K, capacity 11857K, committed 11980K, reserved 1048576K
}
Event: 158.763 GC heap before
{Heap before GC invocations=105 (full 0):
 garbage-first heap   total 101376K, used 86739K [0x0000000080000000, 0x0000000100000000)
  region size 1024K, 13 young (13312K), 2 survivors (2048K)
 Metaspace       used 85766K, capacity 87890K, committed 88008K, reserved 1126400K
  class space    used 11254K, capacity 12076K, committed 12108K, reserved 1048576K
}
Event: 158.798 GC heap after
{Heap after GC invocations=106 (full 0):
 garbage-first heap   total 101376K, used 76227K [0x0000000080000000, 0x0000000100000000)
  region size 1024K, 1 young (1024K), 1 survivors (1024K)
 Metaspace       used 85766K, capacity 87890K, committed 88008K, reserved 1126400K
  class space    used 11254K, capacity 12076K, committed 12108K, reserved 1048576K
}
Event: 162.485 GC heap before
{Heap before GC invocations=106 (full 0):
 garbage-first heap   total 101376K, used 85443K [0x0000000080000000, 0x0000000100000000)
  region size 1024K, 11 young (11264K), 1 survivors (1024K)
 Metaspace       used 85949K, capacity 88059K, committed 88264K, reserved 1126400K
  class space    used 11257K, capacity 12081K, committed 12108K, reserved 1048576K
}
Event: 162.501 GC heap after
{Heap after GC invocations=107 (full 0):
 garbage-first heap   total 101376K, used 76624K [0x0000000080000000, 0x0000000100000000)
  region size 1024K, 2 young (2048K), 2 survivors (2048K)
 Metaspace       used 85949K, capacity 88059K, committed 88264K, reserved 1126400K
  class space    used 11257K, capacity 12081K, committed 12108K, reserved 1048576K
}
Event: 165.051 GC heap before
{Heap before GC invocations=108 (full 0):
 garbage-first heap   total 101376K, used 85840K [0x0000000080000000, 0x0000000100000000)
  region size 1024K, 12 young (12288K), 2 survivors (2048K)
 Metaspace       used 86027K, capacity 88069K, committed 88264K, reserved 1126400K
  class space    used 11246K, capacity 12061K, committed 12108K, reserved 1048576K
}
Event: 165.080 GC heap after
{Heap after GC invocations=109 (full 0):
 garbage-first heap   total 101376K, used 77119K [0x0000000080000000, 0x0000000100000000)
  region size 1024K, 2 young (2048K), 2 survivors (2048K)
 Metaspace       used 86027K, capacity 88069K, committed 88264K, reserved 1126400K
  class space    used 11246K, capacity 12061K, committed 12108K, reserved 1048576K
}
Event: 166.271 GC heap before
{Heap before GC invocations=109 (full 0):
 garbage-first heap   total 101376K, used 85311K [0x0000000080000000, 0x0000000100000000)
  region size 1024K, 11 young (11264K), 2 survivors (2048K)
 Metaspace       used 86084K, capacity 88200K, committed 88520K, reserved 1126400K
  class space    used 11246K, capacity 12061K, committed 12108K, reserved 1048576K
}
Event: 166.298 GC heap after
{Heap after GC invocations=110 (full 0):
 garbage-first heap   total 101376K, used 77670K [0x0000000080000000, 0x0000000100000000)
  region size 1024K, 2 young (2048K), 2 survivors (2048K)
 Metaspace       used 86084K, capacity 88200K, committed 88520K, reserved 1126400K
  class space    used 11246K, capacity 12061K, committed 12108K, reserved 1048576K
}
Event: 167.421 GC heap before
{Heap before GC invocations=111 (full 0):
 garbage-first heap   total 101376K, used 86886K [0x0000000080000000, 0x0000000100000000)
  region size 1024K, 11 young (11264K), 2 survivors (2048K)
 Metaspace       used 86022K, capacity 88087K, committed 88520K, reserved 1126400K
  class space    used 11223K, capacity 12020K, committed 12108K, reserved 1048576K
}
Event: 167.442 GC heap after
{Heap after GC invocations=112 (full 0):
 garbage-first heap   total 101376K, used 78238K [0x0000000080000000, 0x0000000100000000)
  region size 1024K, 2 young (2048K), 2 survivors (2048K)
 Metaspace       used 86022K, capacity 88087K, committed 88520K, reserved 1126400K
  class space    used 11223K, capacity 12020K, committed 12108K, reserved 1048576K
}
Event: 168.382 GC heap before
{Heap before GC invocations=112 (full 0):
 garbage-first heap   total 101376K, used 85406K [0x0000000080000000, 0x0000000100000000)
  region size 1024K, 10 young (10240K), 2 survivors (2048K)
 Metaspace       used 86077K, capacity 88167K, committed 88520K, reserved 1126400K
  class space    used 11225K, capacity 12022K, committed 12108K, reserved 1048576K
}
Event: 168.406 GC heap after
{Heap after GC invocations=113 (full 0):
 garbage-first heap   total 101376K, used 78759K [0x0000000080000000, 0x0000000100000000)
  region size 1024K, 2 young (2048K), 2 survivors (2048K)
 Metaspace       used 86077K, capacity 88167K, committed 88520K, reserved 1126400K
  class space    used 11225K, capacity 12022K, committed 12108K, reserved 1048576K
}
Event: 170.479 GC heap before
{Heap before GC invocations=114 (full 0):
 garbage-first heap   total 101376K, used 85927K [0x0000000080000000, 0x0000000100000000)
  region size 1024K, 10 young (10240K), 2 survivors (2048K)
 Metaspace       used 86230K, capacity 88271K, committed 88520K, reserved 1126400K
  class space    used 11231K, capacity 12030K, committed 12108K, reserved 1048576K
}
Event: 170.488 GC heap after
{Heap after GC invocations=115 (full 0):
 garbage-first heap   total 101376K, used 79153K [0x0000000080000000, 0x0000000100000000)
  region size 1024K, 1 young (1024K), 1 survivors (1024K)
 Metaspace       used 86230K, capacity 88271K, committed 88520K, reserved 1126400K
  class space    used 11231K, capacity 12030K, committed 12108K, reserved 1048576K
}
Event: 171.472 GC heap before
{Heap before GC invocations=115 (full 0):
 garbage-first heap   total 101376K, used 87345K [0x0000000080000000, 0x0000000100000000)
  region size 1024K, 10 young (10240K), 1 survivors (1024K)
 Metaspace       used 86311K, capacity 88338K, committed 88520K, reserved 1126400K
  class space    used 11231K, capacity 12030K, committed 12108K, reserved 1048576K
}
Event: 171.586 GC heap after
{Heap after GC invocations=116 (full 0):
 garbage-first heap   total 121856K, used 79389K [0x0000000080000000, 0x0000000100000000)
  region size 1024K, 2 young (2048K), 2 survivors (2048K)
 Metaspace       used 86311K, capacity 88338K, committed 88520K, reserved 1126400K
  class space    used 11231K, capacity 12030K, committed 12108K, reserved 1048576K
}

Deoptimization events (20 events):
Event: 162.892 Thread 0x0000018e44468000 DEOPT PACKING pc=0x0000018e2bf2dd44 sp=0x0000005f8b4fbbf0
Event: 162.892 Thread 0x0000018e44468000 DEOPT UNPACKING pc=0x0000018e2a8fa95e sp=0x0000005f8b4fb190 mode 0
Event: 164.412 Thread 0x0000018e42607000 DEOPT PACKING pc=0x0000018e2bf2dd44 sp=0x0000005f8bffd1f0
Event: 164.413 Thread 0x0000018e42607000 DEOPT UNPACKING pc=0x0000018e2a8fa95e sp=0x0000005f8bffc790 mode 0
Event: 164.554 Thread 0x0000018e42607000 Uncommon trap: trap_request=0xfffffff4 fr.pc=0x0000018e32909fd0 relative=0x0000000000000dd0
Event: 164.554 Thread 0x0000018e42607000 Uncommon trap: reason=null_check action=make_not_entrant pc=0x0000018e32909fd0 method=org.gradle.tooling.internal.provider.runner.ClientBuildEventGenerator$Enabled.accept(Lorg/gradle/internal/operations/BuildOperationDescriptor;)Lorg/gradle/tooling/intern
Event: 164.555 Thread 0x0000018e42607000 DEOPT PACKING pc=0x0000018e32909fd0 sp=0x0000005f8bffb2c0
Event: 164.555 Thread 0x0000018e42607000 DEOPT UNPACKING pc=0x0000018e2a8fa1af sp=0x0000005f8bffb1f8 mode 2
Event: 165.007 Thread 0x0000018e44465800 DEOPT PACKING pc=0x0000018e2bf2dd44 sp=0x0000005f8b9fd5d0
Event: 165.007 Thread 0x0000018e44465800 DEOPT UNPACKING pc=0x0000018e2a8fa95e sp=0x0000005f8b9fcb70 mode 0
Event: 165.430 Thread 0x0000018e428aa000 DEOPT PACKING pc=0x0000018e2bd549ba sp=0x0000005f8d6fb190
Event: 165.431 Thread 0x0000018e428aa000 DEOPT UNPACKING pc=0x0000018e2a8fa95e sp=0x0000005f8d6fa6d8 mode 0
Event: 167.373 Thread 0x0000018e42613800 DEOPT PACKING pc=0x0000018e2c263231 sp=0x0000005f8c6fb250
Event: 167.375 Thread 0x0000018e42613800 DEOPT UNPACKING pc=0x0000018e2a8fa95e sp=0x0000005f8c6fa718 mode 0
Event: 171.233 Thread 0x0000018e4260d800 Uncommon trap: trap_request=0xffffff4d fr.pc=0x0000018e32963364 relative=0x0000000000000a64
Event: 171.234 Thread 0x0000018e4260d800 Uncommon trap: reason=unstable_if action=reinterpret pc=0x0000018e32963364 method=java.util.concurrent.ConcurrentLinkedQueue.updateHead(Ljava/util/concurrent/ConcurrentLinkedQueue$Node;Ljava/util/concurrent/ConcurrentLinkedQueue$Node;)V @ 14 c2
Event: 171.234 Thread 0x0000018e4260d800 DEOPT PACKING pc=0x0000018e32963364 sp=0x0000005f8c4fcc30
Event: 171.234 Thread 0x0000018e4260d800 DEOPT UNPACKING pc=0x0000018e2a8fa1af sp=0x0000005f8c4fcb08 mode 2
Event: 171.417 Thread 0x0000018e43b0b000 DEOPT PACKING pc=0x0000018e2c34e9f0 sp=0x0000005f8a0fe2b0
Event: 171.418 Thread 0x0000018e43b0b000 DEOPT UNPACKING pc=0x0000018e2a8fa95e sp=0x0000005f8a0fd768 mode 0

Classes redefined (0 events):
No events

Internal exceptions (20 events):
Event: 142.699 Thread 0x0000018e428ae000 Exception <a 'java/lang/NoSuchMethodError'{0x0000000085d528e0}: <clinit>> (0x0000000085d528e0) thrown at [./src/hotspot/share/prims/jni.cpp, line 1365]
Event: 142.711 Thread 0x0000018e428ae000 Exception <a 'java/lang/NoSuchMethodError'{0x0000000085d5cda0}: 'void java.lang.invoke.DirectMethodHandle$Holder.invokeSpecial(java.lang.Object, java.lang.Object, java.lang.Object, int)'> (0x0000000085d5cda0) thrown at [./src/hotspot/share/interpreter/linkResolver.cpp, line 773]
Event: 142.796 Thread 0x0000018e41ab7800 Exception <a 'java/lang/IncompatibleClassChangeError'{0x0000000085c17a40}: Found class java.lang.Object, but interface was expected> (0x0000000085c17a40) thrown at [./src/hotspot/share/interpreter/linkResolver.cpp, line 839]
Event: 143.105 Thread 0x0000018e41ab7800 Exception <a 'java/lang/NoSuchMethodError'{0x0000000085b2c618}: 'java.lang.Object java.lang.invoke.DirectMethodHandle$Holder.invokeInterface(java.lang.Object, java.lang.Object, int)'> (0x0000000085b2c618) thrown at [./src/hotspot/share/interpreter/linkResolver.cpp, line 773]
Event: 143.157 Thread 0x0000018e41ab7800 Exception <a 'java/lang/NoSuchMethodError'{0x0000000085b5afc0}: 'void java.lang.invoke.DirectMethodHandle$Holder.invokeStatic(java.lang.Object, java.lang.Object, java.lang.Object, int)'> (0x0000000085b5afc0) thrown at [./src/hotspot/share/interpreter/linkResolver.cpp, line 773]
Event: 143.199 Thread 0x0000018e43b0a000 Exception <a 'java/lang/NoSuchMethodError'{0x0000000085b9cb90}: <clinit>> (0x0000000085b9cb90) thrown at [./src/hotspot/share/prims/jni.cpp, line 1365]
Event: 144.439 Thread 0x0000018e41ab7800 Implicit null exception at 0x0000018e3260cef7 to 0x0000018e3260d090
Event: 144.568 Thread 0x0000018e41ab7800 Exception <a 'java/lang/IncompatibleClassChangeError'{0x0000000085aea318}: Found class java.lang.Object, but interface was expected> (0x0000000085aea318) thrown at [./src/hotspot/share/interpreter/linkResolver.cpp, line 839]
Event: 155.804 Thread 0x0000018e41ab7800 Exception <a 'java/lang/NoSuchMethodError'{0x0000000085a26138}: 'void java.lang.invoke.DirectMethodHandle$Holder.invokeStatic(java.lang.Object, java.lang.Object, java.lang.Object, java.lang.Object, int, java.lang.Object, java.lang.Object)'> (0x0000000085a26138) thrown at [./src/hotspot/share/interpreter/linkResolver.cpp, line 773]
Event: 156.097 Thread 0x0000018e428a2800 Exception <a 'java/lang/NoSuchMethodError'{0x000000008623bdf0}: 'java.lang.Object java.lang.invoke.DirectMethodHandle$Holder.invokeSpecialIFC(java.lang.Object, java.lang.Object, java.lang.Object)'> (0x000000008623bdf0) thrown at [./src/hotspot/share/interpreter/linkResolver.cpp, line 773]
Event: 156.097 Thread 0x0000018e4445e000 Exception <a 'java/lang/NoSuchMethodError'{0x0000000086240828}: 'java.lang.Object java.lang.invoke.DirectMethodHandle$Holder.invokeSpecialIFC(java.lang.Object, java.lang.Object, java.lang.Object)'> (0x0000000086240828) thrown at [./src/hotspot/share/interpreter/linkResolver.cpp, line 773]
Event: 156.098 Thread 0x0000018e44468000 Exception <a 'java/lang/NoSuchMethodError'{0x0000000086234f40}: 'java.lang.Object java.lang.invoke.DirectMethodHandle$Holder.invokeSpecialIFC(java.lang.Object, java.lang.Object, java.lang.Object)'> (0x0000000086234f40) thrown at [./src/hotspot/share/interpreter/linkResolver.cpp, line 773]
Event: 157.149 Thread 0x0000018e428a2800 Exception <a 'java/lang/NoSuchMethodError'{0x00000000860c5c00}: 'int java.lang.invoke.DirectMethodHandle$Holder.invokeStaticInit(java.lang.Object, java.lang.Object, java.lang.Object, java.lang.Object, java.lang.Object)'> (0x00000000860c5c00) thrown at [./src/hotspot/share/interpreter/linkResolver.cpp, line 773]
Event: 158.043 Thread 0x0000018e44468000 Exception <a 'java/lang/NoSuchMethodError'{0x0000000085c6ea48}: 'void java.lang.invoke.DirectMethodHandle$Holder.invokeVirtual(java.lang.Object, java.lang.Object)'> (0x0000000085c6ea48) thrown at [./src/hotspot/share/interpreter/linkResolver.cpp, line 773]
Event: 158.052 Thread 0x0000018e41ab7800 Exception <a 'java/lang/NoSuchMethodError'{0x0000000085e997b0}: 'void java.lang.invoke.DirectMethodHandle$Holder.invokeVirtual(java.lang.Object, java.lang.Object)'> (0x0000000085e997b0) thrown at [./src/hotspot/share/interpreter/linkResolver.cpp, line 773]
Event: 158.259 Thread 0x0000018e44468000 Exception <a 'java/lang/NoSuchMethodError'{0x0000000085ad69e8}: 'java.lang.Object java.lang.invoke.DirectMethodHandle$Holder.newInvokeSpecial(java.lang.Object, java.lang.Object, java.lang.Object, java.lang.Object)'> (0x0000000085ad69e8) thrown at [./src/hotspot/share/interpreter/linkResolver.cpp, line 773]
Event: 158.260 Thread 0x0000018e428a2800 Exception <a 'java/lang/NoSuchMethodError'{0x0000000085ad4c20}: 'java.lang.Object java.lang.invoke.DirectMethodHandle$Holder.newInvokeSpecial(java.lang.Object, java.lang.Object, java.lang.Object, java.lang.Object)'> (0x0000000085ad4c20) thrown at [./src/hotspot/share/interpreter/linkResolver.cpp, line 773]
Event: 158.261 Thread 0x0000018e4445e000 Exception <a 'java/lang/NoSuchMethodError'{0x0000000085ab5da8}: 'java.lang.Object java.lang.invoke.DirectMethodHandle$Holder.newInvokeSpecial(java.lang.Object, java.lang.Object, java.lang.Object, java.lang.Object)'> (0x0000000085ab5da8) thrown at [./src/hotspot/share/interpreter/linkResolver.cpp, line 773]
Event: 158.306 Thread 0x0000018e41ab7800 Exception <a 'java/lang/NoSuchMethodError'{0x0000000085a9eb88}: 'java.lang.Object java.lang.invoke.DirectMethodHandle$Holder.newInvokeSpecial(java.lang.Object, java.lang.Object, java.lang.Object, java.lang.Object)'> (0x0000000085a9eb88) thrown at [./src/hotspot/share/interpreter/linkResolver.cpp, line 773]
Event: 164.554 Thread 0x0000018e42607000 Implicit null exception at 0x0000018e329097d9 to 0x0000018e32909fc4

Events (20 events):
Event: 171.832 loading class org/gradle/api/internal/tasks/properties/InputPropertySpec done
Event: 171.833 loading class org/gradle/api/internal/tasks/execution/TaskExecution
Event: 171.833 loading class org/gradle/api/internal/tasks/execution/TaskExecution done
Event: 171.837 loading class org/gradle/api/internal/provider/DefaultMapProperty$FixedSuppler
Event: 171.837 loading class org/gradle/api/internal/provider/DefaultMapProperty$FixedSuppler done
Event: 172.091 Executing VM operation: RevokeBias
Event: 172.092 Executing VM operation: RevokeBias done
Event: 172.093 Executing VM operation: RevokeBias
Event: 172.093 Executing VM operation: RevokeBias done
Event: 172.099 Executing VM operation: RevokeBias
Event: 172.100 Executing VM operation: RevokeBias done
Event: 172.101 Executing VM operation: RevokeBias
Event: 172.105 Executing VM operation: RevokeBias done
Event: 172.106 Executing VM operation: RevokeBias
Event: 172.107 Executing VM operation: RevokeBias done
Event: 172.108 Executing VM operation: RevokeBias
Event: 172.109 Executing VM operation: RevokeBias done
Event: 172.136 Executing VM operation: RevokeBias
Event: 172.150 Executing VM operation: RevokeBias done
Event: 172.170 Executing VM operation: RevokeBias


Dynamic libraries:
0x00007ff6606b0000 - 0x00007ff6606ba000 	C:\Users\Elena\AppData\Local\JetBrains\Toolbox\apps\AndroidStudio\ch-0\212.5712.43.2112.8815526\jre\bin\java.exe
0x00007ffc65510000 - 0x00007ffc65708000 	C:\WINDOWS\SYSTEM32\ntdll.dll
0x00007ffc65020000 - 0x00007ffc650df000 	C:\WINDOWS\System32\KERNEL32.DLL
0x00007ffc62d50000 - 0x00007ffc63022000 	C:\WINDOWS\System32\KERNELBASE.dll
0x00007ffc63450000 - 0x00007ffc63550000 	C:\WINDOWS\System32\ucrtbase.dll
0x00007ffc468d0000 - 0x00007ffc468e9000 	C:\Users\Elena\AppData\Local\JetBrains\Toolbox\apps\AndroidStudio\ch-0\212.5712.43.2112.8815526\jre\bin\jli.dll
0x00007ffc63550000 - 0x00007ffc636f1000 	C:\WINDOWS\System32\USER32.dll
0x00007ffc63030000 - 0x00007ffc63052000 	C:\WINDOWS\System32\win32u.dll
0x00007ffc64ff0000 - 0x00007ffc6501b000 	C:\WINDOWS\System32\GDI32.dll
0x00007ffc632a0000 - 0x00007ffc633af000 	C:\WINDOWS\System32\gdi32full.dll
0x00007ffc633b0000 - 0x00007ffc6344d000 	C:\WINDOWS\System32\msvcp_win.dll
0x00007ffc4e670000 - 0x00007ffc4e90a000 	C:\WINDOWS\WinSxS\amd64_microsoft.windows.common-controls_6595b64144ccf1df_6.0.19041.1110_none_60b5254171f9507e\COMCTL32.dll
0x00007ffc637b0000 - 0x00007ffc6384e000 	C:\WINDOWS\System32\msvcrt.dll
0x00007ffc46770000 - 0x00007ffc46787000 	C:\Users\Elena\AppData\Local\JetBrains\Toolbox\apps\AndroidStudio\ch-0\212.5712.43.2112.8815526\jre\bin\VCRUNTIME140.dll
0x00007ffc64500000 - 0x00007ffc64532000 	C:\WINDOWS\System32\IMM32.DLL
0x00007ffc26b60000 - 0x00007ffc26bfd000 	C:\Users\Elena\AppData\Local\JetBrains\Toolbox\apps\AndroidStudio\ch-0\212.5712.43.2112.8815526\jre\bin\msvcp140.dll
0x00007ffc0f590000 - 0x00007ffc10075000 	C:\Users\Elena\AppData\Local\JetBrains\Toolbox\apps\AndroidStudio\ch-0\212.5712.43.2112.8815526\jre\bin\server\jvm.dll
0x00007ffc65420000 - 0x00007ffc654ce000 	C:\WINDOWS\System32\ADVAPI32.dll
0x00007ffc63700000 - 0x00007ffc6379c000 	C:\WINDOWS\System32\sechost.dll
0x00007ffc64010000 - 0x00007ffc64135000 	C:\WINDOWS\System32\RPCRT4.dll
0x00007ffc63850000 - 0x00007ffc63858000 	C:\WINDOWS\System32\PSAPI.DLL
0x00007ffc4bcd0000 - 0x00007ffc4bcd9000 	C:\WINDOWS\SYSTEM32\WSOCK32.dll
0x00007ffc64540000 - 0x00007ffc645ab000 	C:\WINDOWS\System32\WS2_32.dll
0x00007ffc546f0000 - 0x00007ffc54717000 	C:\WINDOWS\SYSTEM32\WINMM.dll
0x00007ffc5c890000 - 0x00007ffc5c89a000 	C:\WINDOWS\SYSTEM32\VERSION.dll
0x00007ffc61450000 - 0x00007ffc61462000 	C:\WINDOWS\SYSTEM32\kernel.appcore.dll
0x00007ffc5d490000 - 0x00007ffc5d4a1000 	C:\Users\Elena\AppData\Local\JetBrains\Toolbox\apps\AndroidStudio\ch-0\212.5712.43.2112.8815526\jre\bin\verify.dll
0x00007ffc61230000 - 0x00007ffc61414000 	C:\WINDOWS\SYSTEM32\DBGHELP.DLL
0x00007ffc59c60000 - 0x00007ffc59c95000 	C:\WINDOWS\SYSTEM32\dbgcore.DLL
0x00007ffc62c50000 - 0x00007ffc62cd2000 	C:\WINDOWS\System32\bcryptPrimitives.dll
0x00007ffc5d410000 - 0x00007ffc5d439000 	C:\Users\Elena\AppData\Local\JetBrains\Toolbox\apps\AndroidStudio\ch-0\212.5712.43.2112.8815526\jre\bin\java.dll
0x00007ffc5d400000 - 0x00007ffc5d40b000 	C:\Users\Elena\AppData\Local\JetBrains\Toolbox\apps\AndroidStudio\ch-0\212.5712.43.2112.8815526\jre\bin\jimage.dll
0x00007ffc5d3e0000 - 0x00007ffc5d3f8000 	C:\Users\Elena\AppData\Local\JetBrains\Toolbox\apps\AndroidStudio\ch-0\212.5712.43.2112.8815526\jre\bin\zip.dll
0x00007ffc64840000 - 0x00007ffc64f84000 	C:\WINDOWS\System32\SHELL32.dll
0x00007ffc609d0000 - 0x00007ffc61162000 	C:\WINDOWS\SYSTEM32\windows.storage.dll
0x00007ffc641a0000 - 0x00007ffc644f5000 	C:\WINDOWS\System32\combase.dll
0x00007ffc62660000 - 0x00007ffc62690000 	C:\WINDOWS\SYSTEM32\Wldp.dll
0x00007ffc65310000 - 0x00007ffc653bd000 	C:\WINDOWS\System32\SHCORE.dll
0x00007ffc64f90000 - 0x00007ffc64fe5000 	C:\WINDOWS\System32\shlwapi.dll
0x00007ffc62b40000 - 0x00007ffc62b5f000 	C:\WINDOWS\SYSTEM32\profapi.dll
0x00007ffc59490000 - 0x00007ffc594aa000 	C:\Users\Elena\AppData\Local\JetBrains\Toolbox\apps\AndroidStudio\ch-0\212.5712.43.2112.8815526\jre\bin\net.dll
0x00007ffc59f00000 - 0x00007ffc5a00c000 	C:\WINDOWS\SYSTEM32\WINHTTP.dll
0x00007ffc62350000 - 0x00007ffc623ba000 	C:\WINDOWS\system32\mswsock.dll
0x00007ffc59450000 - 0x00007ffc59464000 	C:\Users\Elena\AppData\Local\JetBrains\Toolbox\apps\AndroidStudio\ch-0\212.5712.43.2112.8815526\jre\bin\nio.dll
0x00007ffc59330000 - 0x00007ffc59357000 	C:\Users\Elena\.gradle\native\e1d6ef7f7dcc3fd88c89a11ec53ec762bb8ba0a96d01ffa2cd45eb1d1d8dd5c5\windows-amd64\native-platform.dll
0x00007ffc25640000 - 0x00007ffc25784000 	C:\Users\Elena\.gradle\native\5664cfc778a61ccfe75a443a1ab52a65af34e5dc3c78e0209fed803814484fcb\windows-amd64\native-platform-file-events.dll
0x00007ffc5b7f0000 - 0x00007ffc5b7fa000 	C:\Users\Elena\AppData\Local\JetBrains\Toolbox\apps\AndroidStudio\ch-0\212.5712.43.2112.8815526\jre\bin\management.dll
0x00007ffc5a200000 - 0x00007ffc5a20d000 	C:\Users\Elena\AppData\Local\JetBrains\Toolbox\apps\AndroidStudio\ch-0\212.5712.43.2112.8815526\jre\bin\management_ext.dll
0x00007ffc62540000 - 0x00007ffc62558000 	C:\WINDOWS\SYSTEM32\CRYPTSP.dll
0x00007ffc61c00000 - 0x00007ffc61c34000 	C:\WINDOWS\system32\rsaenh.dll
0x00007ffc63060000 - 0x00007ffc63087000 	C:\WINDOWS\System32\bcrypt.dll
0x00007ffc62b00000 - 0x00007ffc62b2e000 	C:\WINDOWS\SYSTEM32\USERENV.dll
0x00007ffc62560000 - 0x00007ffc6256c000 	C:\WINDOWS\SYSTEM32\CRYPTBASE.dll
0x00007ffc62040000 - 0x00007ffc6207b000 	C:\WINDOWS\SYSTEM32\IPHLPAPI.DLL
0x00007ffc63980000 - 0x00007ffc63988000 	C:\WINDOWS\System32\NSI.dll
0x00007ffc5a1a0000 - 0x00007ffc5a1b7000 	C:\WINDOWS\SYSTEM32\dhcpcsvc6.DLL
0x00007ffc5a540000 - 0x00007ffc5a55d000 	C:\WINDOWS\SYSTEM32\dhcpcsvc.DLL
0x00007ffc62080000 - 0x00007ffc6214a000 	C:\WINDOWS\SYSTEM32\DNSAPI.dll

dbghelp: loaded successfully - version: 4.0.5 - missing functions: none
symbol engine: initialized successfully - sym options: 0x614 - pdb path: .;C:\Users\Elena\AppData\Local\JetBrains\Toolbox\apps\AndroidStudio\ch-0\212.5712.43.2112.8815526\jre\bin;C:\WINDOWS\SYSTEM32;C:\WINDOWS\WinSxS\amd64_microsoft.windows.common-controls_6595b64144ccf1df_6.0.19041.1110_none_60b5254171f9507e;C:\Users\Elena\AppData\Local\JetBrains\Toolbox\apps\AndroidStudio\ch-0\212.5712.43.2112.8815526\jre\bin\server;C:\Users\Elena\.gradle\native\e1d6ef7f7dcc3fd88c89a11ec53ec762bb8ba0a96d01ffa2cd45eb1d1d8dd5c5\windows-amd64;C:\Users\Elena\.gradle\native\5664cfc778a61ccfe75a443a1ab52a65af34e5dc3c78e0209fed803814484fcb\windows-amd64

VM Arguments:
jvm_args: --add-opens=java.base/java.util=ALL-UNNAMED --add-opens=java.base/java.lang=ALL-UNNAMED --add-opens=java.base/java.lang.invoke=ALL-UNNAMED --add-opens=java.base/java.util=ALL-UNNAMED --add-opens=java.prefs/java.util.prefs=ALL-UNNAMED --add-opens=java.prefs/java.util.prefs=ALL-UNNAMED --add-opens=java.base/java.nio.charset=ALL-UNNAMED --add-opens=java.base/java.net=ALL-UNNAMED --add-opens=java.base/java.util.concurrent.atomic=ALL-UNNAMED -Xmx2048m -Dfile.encoding=UTF-8 -Duser.country=RU -Duser.language=ru -Duser.variant 
java_command: org.gradle.launcher.daemon.bootstrap.GradleDaemon 7.3.3
java_class_path (initial): C:\Users\Elena\.gradle\wrapper\dists\gradle-7.3.3-bin\6a41zxkdtcxs8rphpq6y0069z\gradle-7.3.3\lib\gradle-launcher-7.3.3.jar
Launcher Type: SUN_STANDARD

[Global flags]
     intx CICompilerCount                          = 3                                         {product} {ergonomic}
     uint ConcGCThreads                            = 1                                         {product} {ergonomic}
     uint G1ConcRefinementThreads                  = 4                                         {product} {ergonomic}
   size_t G1HeapRegionSize                         = 1048576                                   {product} {ergonomic}
    uintx GCDrainStackTargetSize                   = 64                                        {product} {ergonomic}
   size_t InitialHeapSize                          = 58720256                                  {product} {ergonomic}
   size_t MarkStackSize                            = 4194304                                   {product} {ergonomic}
   size_t MaxHeapSize                              = 2147483648                                {product} {command line}
   size_t MaxNewSize                               = 1287651328                                {product} {ergonomic}
   size_t MinHeapDeltaBytes                        = 1048576                                   {product} {ergonomic}
    uintx NonNMethodCodeHeapSize                   = 5830732                                {pd product} {ergonomic}
    uintx NonProfiledCodeHeapSize                  = 122913754                              {pd product} {ergonomic}
    uintx ProfiledCodeHeapSize                     = 122913754                              {pd product} {ergonomic}
    uintx ReservedCodeCacheSize                    = 251658240                              {pd product} {ergonomic}
     bool SegmentedCodeCache                       = true                                      {product} {ergonomic}
     bool UseCompressedClassPointers               = true                                 {lp64_product} {ergonomic}
     bool UseCompressedOops                        = true                                 {lp64_product} {ergonomic}
     bool UseG1GC                                  = true                                      {product} {ergonomic}
     bool UseLargePagesIndividualAllocation        = false                                  {pd product} {ergonomic}

Logging:
Log output configuration:
 #0: stdout all=warning uptime,level,tags
 #1: stderr all=off uptime,level,tags

Environment Variables:
PATH=C:\WINDOWS\system32;C:\WINDOWS;C:\WINDOWS\System32\Wbem;C:\WINDOWS\System32\WindowsPowerShell\v1.0\;C:\WINDOWS\System32\OpenSSH\;C:\Program Files\Git\cmd;C:\Users\Elena\AppData\Local\Microsoft\WindowsApps;;C:\Users\Elena\AppData\Local\JetBrains\Toolbox\scripts
USERNAME=Elena
OS=Windows_NT
PROCESSOR_IDENTIFIER=AMD64 Family 22 Model 48 Stepping 1, AuthenticAMD



---------------  S Y S T E M  ---------------

OS: Windows 10 , 64 bit Build 19041 (10.0.19041.2364)
OS uptime: 12 days 8:25 hours

CPU:total 4 (initial active 4) (4 cores per cpu, 1 threads per core) family 22 model 48 stepping 1 microcode 0x0, cmov, cx8, fxsr, mmx, sse, sse2, sse3, ssse3, sse4.1, sse4.2, popcnt, avx, aes, clmul, mmxext, 3dnowpref, lzcnt, sse4a, tsc, tscinvbit, tscinv, bmi1

Memory: 4k page, system-wide physical 3530M (62M free)
TotalPageFile size 14282M (AvailPageFile size 5M)
current process WorkingSet (physical memory assigned to process): 174M, peak: 234M
current process commit charge ("private bytes"): 385M, peak: 386M

vm_info: OpenJDK 64-Bit Server VM (11.0.12+7-b1504.28-7817840) for windows-amd64 JRE (11.0.12+7-b1504.28-7817840), built on Oct 13 2021 22:12:33 by "builder" with MS VC++ 14.0 (VS2015)

END.
