#
# There is insufficient memory for the Java Runtime Environment to continue.
# Native memory allocation (malloc) failed to allocate 1404016 bytes for Chunk::new
# Possible reasons:
#   The system is out of physical RAM or swap space
#   The process is running with CompressedOops enabled, and the Java Heap may be blocking the growth of the native heap
# Possible solutions:
#   Reduce memory load on the system
#   Increase physical memory or swap space
#   Check if swap backing store is full
#   Decrease Java heap size (-Xmx/-Xms)
#   Decrease number of Java threads
#   Decrease Java thread stack sizes (-Xss)
#   Set larger code cache with -XX:ReservedCodeCacheSize=
#   JVM is running with Unscaled Compressed Oops mode in which the Java heap is
#     placed in the first 4GB address space. The Java Heap base address is the
#     maximum limit for the native heap growth. Please use -XX:HeapBaseMinAddress
#     to set the Java Heap base and to place the Java Heap above 4GB virtual address.
# This output file may be truncated or incomplete.
#
#  Out of Memory Error (./src/hotspot/share/memory/arena.cpp:197), pid=14032, tid=928
#
# JRE version: OpenJDK Runtime Environment (11.0.12+7) (build 11.0.12+7-b1504.28-7817840)
# Java VM: OpenJDK 64-Bit Server VM (11.0.12+7-b1504.28-7817840, mixed mode, tiered, compressed oops, g1 gc, windows-amd64)
# No core dump will be written. Minidumps are not enabled by default on client versions of Windows
#

---------------  S U M M A R Y ------------

Command Line: --add-opens=java.base/java.util=ALL-UNNAMED --add-opens=java.base/java.lang=ALL-UNNAMED --add-opens=java.base/java.lang.invoke=ALL-UNNAMED --add-opens=java.base/java.util=ALL-UNNAMED --add-opens=java.prefs/java.util.prefs=ALL-UNNAMED --add-opens=java.prefs/java.util.prefs=ALL-UNNAMED --add-opens=java.base/java.nio.charset=ALL-UNNAMED --add-opens=java.base/java.net=ALL-UNNAMED --add-opens=java.base/java.util.concurrent.atomic=ALL-UNNAMED -Xmx2048m -Dfile.encoding=UTF-8 -Duser.country=RU -Duser.language=ru -Duser.variant org.gradle.launcher.daemon.bootstrap.GradleDaemon 7.3.3

Host: AMD A8-7410 APU with AMD Radeon R5 Graphics    , 4 cores, 3G,  Windows 10 , 64 bit Build 19041 (10.0.19041.2364)
Time: Sun Jan 29 05:14:21 2023 RTZ 2 (зима) elapsed time: 31.264054 seconds (0d 0h 0m 31s)

---------------  T H R E A D  ---------------

Current thread (0x000001d351188800):  JavaThread "C2 CompilerThread0" daemon [_thread_in_native, id=928, stack(0x0000009897400000,0x0000009897500000)]


Current CompileTask:
C2:  31264 5954       4       java.net.URLClassLoader$1::run (5 bytes)

Stack: [0x0000009897400000,0x0000009897500000]
Native frames: (J=compiled Java code, j=interpreted, Vv=VM code, C=native code)
V  [jvm.dll+0x5fbcea]
V  [jvm.dll+0x731905]
V  [jvm.dll+0x732f1d]
V  [jvm.dll+0x7335d3]
V  [jvm.dll+0x247bf8]
V  [jvm.dll+0xc018c]
V  [jvm.dll+0xc06cc]
V  [jvm.dll+0x35b31d]
V  [jvm.dll+0x19d0bc]
V  [jvm.dll+0x20070e]
V  [jvm.dll+0x1ff794]
V  [jvm.dll+0x18868c]
V  [jvm.dll+0x20e0d7]
V  [jvm.dll+0x20c901]
V  [jvm.dll+0x6f9b7f]
V  [jvm.dll+0x6f26a5]
V  [jvm.dll+0x5fabf6]
C  [ucrtbase.dll+0x21bb2]
C  [KERNEL32.DLL+0x17614]
C  [ntdll.dll+0x526a1]


---------------  P R O C E S S  ---------------

Threads class SMR info:
_java_thread_list=0x000001d357701cb0, length=77, elements={
0x000001d3365be000, 0x000001d351118800, 0x000001d351124800, 0x000001d35113d800,
0x000001d35113f000, 0x000001d351183800, 0x000001d351188800, 0x000001d351189800,
0x000001d351195000, 0x000001d35140c800, 0x000001d352c19000, 0x000001d35282d800,
0x000001d35210f800, 0x000001d3533c2800, 0x000001d3533c3000, 0x000001d352852000,
0x000001d352d21800, 0x000001d352438800, 0x000001d351da4800, 0x000001d35362b800,
0x000001d353632000, 0x000001d353631000, 0x000001d35362d000, 0x000001d35362c000,
0x000001d35362d800, 0x000001d35362e800, 0x000001d35362f800, 0x000001d353630000,
0x000001d351de0000, 0x000001d351de2800, 0x000001d351de1000, 0x000001d351de4000,
0x000001d351de1800, 0x000001d351de3000, 0x000001d351de5000, 0x000001d351de9000,
0x000001d351dea800, 0x000001d351de9800, 0x000001d351de5800, 0x000001d351de6800,
0x000001d351deb800, 0x000001d351de7800, 0x000001d351dec000, 0x000001d351ded000,
0x000001d351de8000, 0x000001d353a79000, 0x000001d353a7b800, 0x000001d353a7c000,
0x000001d353a79800, 0x000001d353a76800, 0x000001d353a7d000, 0x000001d353a78000,
0x000001d353a7a800, 0x000001d353a77800, 0x000001d353a7e800, 0x000001d353a7f800,
0x000001d353a82000, 0x000001d353a7e000, 0x000001d353a81000, 0x000001d353a82800,
0x000001d353a85000, 0x000001d353a83800, 0x000001d353a84800, 0x000001d353a80800,
0x000001d355931800, 0x000001d355933800, 0x000001d35592d800, 0x000001d355934000,
0x000001d35592f800, 0x000001d355930000, 0x000001d355931000, 0x000001d355932800,
0x000001d35592e800, 0x000001d3522dc800, 0x000001d3522dd000, 0x000001d3522de000,
0x000001d3522db000
}

Java Threads: ( => current thread )
  0x000001d3365be000 JavaThread "main" [_thread_blocked, id=14396, stack(0x0000009896800000,0x0000009896900000)]
  0x000001d351118800 JavaThread "Reference Handler" daemon [_thread_blocked, id=3244, stack(0x0000009896f00000,0x0000009897000000)]
  0x000001d351124800 JavaThread "Finalizer" daemon [_thread_blocked, id=16572, stack(0x0000009897000000,0x0000009897100000)]
  0x000001d35113d800 JavaThread "Signal Dispatcher" daemon [_thread_blocked, id=12540, stack(0x0000009897100000,0x0000009897200000)]
  0x000001d35113f000 JavaThread "Attach Listener" daemon [_thread_blocked, id=15212, stack(0x0000009897200000,0x0000009897300000)]
  0x000001d351183800 JavaThread "Service Thread" daemon [_thread_blocked, id=16736, stack(0x0000009897300000,0x0000009897400000)]
=>0x000001d351188800 JavaThread "C2 CompilerThread0" daemon [_thread_in_native, id=928, stack(0x0000009897400000,0x0000009897500000)]
  0x000001d351189800 JavaThread "C1 CompilerThread0" daemon [_thread_blocked, id=16428, stack(0x0000009897500000,0x0000009897600000)]
  0x000001d351195000 JavaThread "Sweeper thread" daemon [_thread_blocked, id=13040, stack(0x0000009897600000,0x0000009897700000)]
  0x000001d35140c800 JavaThread "Common-Cleaner" daemon [_thread_blocked, id=9544, stack(0x0000009897700000,0x0000009897800000)]
  0x000001d352c19000 JavaThread "Daemon health stats" [_thread_blocked, id=8712, stack(0x0000009897a00000,0x0000009897b00000)]
  0x000001d35282d800 JavaThread "Incoming local TCP Connector on port 64764" [_thread_in_native, id=14724, stack(0x0000009897b00000,0x0000009897c00000)]
  0x000001d35210f800 JavaThread "Daemon periodic checks" [_thread_blocked, id=12152, stack(0x0000009897c00000,0x0000009897d00000)]
  0x000001d3533c2800 JavaThread "Daemon" [_thread_blocked, id=8188, stack(0x0000009897d00000,0x0000009897e00000)]
  0x000001d3533c3000 JavaThread "Handler for socket connection from /127.0.0.1:64764 to /127.0.0.1:64765" [_thread_in_native, id=17076, stack(0x0000009897e00000,0x0000009897f00000)]
  0x000001d352852000 JavaThread "Cancel handler" [_thread_blocked, id=5916, stack(0x0000009898100000,0x0000009898200000)]
  0x000001d352d21800 JavaThread "Daemon worker" [_thread_blocked, id=12992, stack(0x0000009898200000,0x0000009898300000)]
  0x000001d352438800 JavaThread "Asynchronous log dispatcher for DefaultDaemonConnection: socket connection from /127.0.0.1:64764 to /127.0.0.1:64765" [_thread_blocked, id=6760, stack(0x0000009898300000,0x0000009898400000)]
  0x000001d351da4800 JavaThread "Stdin handler" [_thread_blocked, id=14120, stack(0x0000009898400000,0x0000009898500000)]
  0x000001d35362b800 JavaThread "Daemon client event forwarder" [_thread_blocked, id=6028, stack(0x0000009898500000,0x0000009898600000)]
  0x000001d353632000 JavaThread "Cache worker for journal cache (C:\Users\Elena\.gradle\caches\journal-1)" [_thread_blocked, id=9244, stack(0x0000009898600000,0x0000009898700000)]
  0x000001d353631000 JavaThread "File lock request listener" [_thread_in_native, id=14584, stack(0x0000009898700000,0x0000009898800000)]
  0x000001d35362d000 JavaThread "Cache worker for file hash cache (C:\Users\Elena\.gradle\caches\7.3.3\fileHashes)" [_thread_blocked, id=5684, stack(0x0000009898800000,0x0000009898900000)]
  0x000001d35362c000 JavaThread "Cache worker for file hash cache (C:\Users\Elena\AndroidStudioProjects\new\.gradle\7.3.3\fileHashes)" [_thread_blocked, id=17048, stack(0x0000009898900000,0x0000009898a00000)]
  0x000001d35362d800 JavaThread "File watcher server" daemon [_thread_in_native, id=1516, stack(0x0000009898a00000,0x0000009898b00000)]
  0x000001d35362e800 JavaThread "File watcher consumer" daemon [_thread_blocked, id=16944, stack(0x0000009898b00000,0x0000009898c00000)]
  0x000001d35362f800 JavaThread "jar transforms" [_thread_blocked, id=13556, stack(0x0000009898c00000,0x0000009898d00000)]
  0x000001d353630000 JavaThread "jar transforms Thread 2" [_thread_blocked, id=3796, stack(0x0000009898d00000,0x0000009898e00000)]
  0x000001d351de0000 JavaThread "jar transforms Thread 3" [_thread_blocked, id=15028, stack(0x0000009898e00000,0x0000009898f00000)]
  0x000001d351de2800 JavaThread "jar transforms Thread 4" [_thread_blocked, id=2744, stack(0x0000009898f00000,0x0000009899000000)]
  0x000001d351de1000 JavaThread "Cache worker for checksums cache (C:\Users\Elena\AndroidStudioProjects\new\.gradle\7.3.3\checksums)" [_thread_blocked, id=4596, stack(0x0000009899000000,0x0000009899100000)]
  0x000001d351de4000 JavaThread "Cache worker for cache directory md-supplier (C:\Users\Elena\.gradle\caches\7.3.3\md-supplier)" [_thread_blocked, id=16200, stack(0x0000009899100000,0x0000009899200000)]
  0x000001d351de1800 JavaThread "Cache worker for cache directory md-rule (C:\Users\Elena\.gradle\caches\7.3.3\md-rule)" [_thread_blocked, id=16092, stack(0x0000009899200000,0x0000009899300000)]
  0x000001d351de3000 JavaThread "Cache worker for execution history cache (C:\Users\Elena\.gradle\caches\7.3.3\executionHistory)" [_thread_blocked, id=2160, stack(0x0000009899300000,0x0000009899400000)]
  0x000001d351de5000 JavaThread "Cache worker for file content cache (C:\Users\Elena\.gradle\caches\7.3.3\fileContent)" [_thread_blocked, id=4264, stack(0x0000009899400000,0x0000009899500000)]
  0x000001d351de9000 JavaThread "Cache worker for dependencies-accessors (C:\Users\Elena\AndroidStudioProjects\new\.gradle\7.3.3\dependencies-accessors)" [_thread_blocked, id=204, stack(0x0000009899500000,0x0000009899600000)]
  0x000001d351dea800 JavaThread "Cache worker for Build Output Cleanup Cache (C:\Users\Elena\AndroidStudioProjects\new\.gradle\buildOutputCleanup)" [_thread_blocked, id=17400, stack(0x0000009899600000,0x0000009899700000)]
  0x000001d351de9800 JavaThread "Unconstrained build operations" [_thread_blocked, id=17192, stack(0x0000009899700000,0x0000009899800000)]
  0x000001d351de5800 JavaThread "Unconstrained build operations Thread 2" [_thread_blocked, id=7688, stack(0x0000009899800000,0x0000009899900000)]
  0x000001d351de6800 JavaThread "Unconstrained build operations Thread 3" [_thread_blocked, id=15536, stack(0x0000009899900000,0x0000009899a00000)]
  0x000001d351deb800 JavaThread "Unconstrained build operations Thread 4" [_thread_blocked, id=16984, stack(0x0000009899a00000,0x0000009899b00000)]
  0x000001d351de7800 JavaThread "Unconstrained build operations Thread 5" [_thread_blocked, id=8400, stack(0x0000009899b00000,0x0000009899c00000)]
  0x000001d351dec000 JavaThread "Unconstrained build operations Thread 6" [_thread_blocked, id=11304, stack(0x0000009899c00000,0x0000009899d00000)]
  0x000001d351ded000 JavaThread "Unconstrained build operations Thread 7" [_thread_blocked, id=8440, stack(0x0000009899d00000,0x0000009899e00000)]
  0x000001d351de8000 JavaThread "Unconstrained build operations Thread 8" [_thread_blocked, id=10432, stack(0x0000009899e00000,0x0000009899f00000)]
  0x000001d353a79000 JavaThread "Unconstrained build operations Thread 9" [_thread_blocked, id=5972, stack(0x0000009899f00000,0x000000989a000000)]
  0x000001d353a7b800 JavaThread "Unconstrained build operations Thread 10" [_thread_blocked, id=11452, stack(0x000000989a000000,0x000000989a100000)]
  0x000001d353a7c000 JavaThread "Unconstrained build operations Thread 11" [_thread_blocked, id=14548, stack(0x000000989a100000,0x000000989a200000)]
  0x000001d353a79800 JavaThread "Unconstrained build operations Thread 12" [_thread_blocked, id=2592, stack(0x000000989a200000,0x000000989a300000)]
  0x000001d353a76800 JavaThread "Unconstrained build operations Thread 13" [_thread_blocked, id=17332, stack(0x000000989a300000,0x000000989a400000)]
  0x000001d353a7d000 JavaThread "Unconstrained build operations Thread 14" [_thread_blocked, id=12424, stack(0x000000989a400000,0x000000989a500000)]
  0x000001d353a78000 JavaThread "Unconstrained build operations Thread 15" [_thread_blocked, id=10596, stack(0x000000989a500000,0x000000989a600000)]
  0x000001d353a7a800 JavaThread "Unconstrained build operations Thread 16" [_thread_blocked, id=17260, stack(0x000000989a600000,0x000000989a700000)]
  0x000001d353a77800 JavaThread "Unconstrained build operations Thread 17" [_thread_blocked, id=6400, stack(0x000000989a700000,0x000000989a800000)]
  0x000001d353a7e800 JavaThread "Unconstrained build operations Thread 18" [_thread_blocked, id=8404, stack(0x000000989a800000,0x000000989a900000)]
  0x000001d353a7f800 JavaThread "Unconstrained build operations Thread 19" [_thread_blocked, id=15756, stack(0x000000989a900000,0x000000989aa00000)]
  0x000001d353a82000 JavaThread "Unconstrained build operations Thread 20" [_thread_blocked, id=1524, stack(0x000000989aa00000,0x000000989ab00000)]
  0x000001d353a7e000 JavaThread "Unconstrained build operations Thread 21" [_thread_blocked, id=9016, stack(0x000000989ab00000,0x000000989ac00000)]
  0x000001d353a81000 JavaThread "Unconstrained build operations Thread 22" [_thread_blocked, id=14820, stack(0x000000989ac00000,0x000000989ad00000)]
  0x000001d353a82800 JavaThread "Unconstrained build operations Thread 23" [_thread_blocked, id=13704, stack(0x000000989ad00000,0x000000989ae00000)]
  0x000001d353a85000 JavaThread "Unconstrained build operations Thread 24" [_thread_blocked, id=4300, stack(0x000000989ae00000,0x000000989af00000)]
  0x000001d353a83800 JavaThread "Unconstrained build operations Thread 25" [_thread_blocked, id=6852, stack(0x000000989af00000,0x000000989b000000)]
  0x000001d353a84800 JavaThread "Unconstrained build operations Thread 26" [_thread_blocked, id=12956, stack(0x000000989b000000,0x000000989b100000)]
  0x000001d353a80800 JavaThread "Unconstrained build operations Thread 27" [_thread_blocked, id=10740, stack(0x000000989b100000,0x000000989b200000)]
  0x000001d355931800 JavaThread "Unconstrained build operations Thread 28" [_thread_blocked, id=16284, stack(0x000000989b200000,0x000000989b300000)]
  0x000001d355933800 JavaThread "Unconstrained build operations Thread 29" [_thread_blocked, id=6716, stack(0x000000989b300000,0x000000989b400000)]
  0x000001d35592d800 JavaThread "Unconstrained build operations Thread 30" [_thread_blocked, id=4720, stack(0x000000989b400000,0x000000989b500000)]
  0x000001d355934000 JavaThread "Unconstrained build operations Thread 31" [_thread_blocked, id=16600, stack(0x000000989b500000,0x000000989b600000)]
  0x000001d35592f800 JavaThread "Unconstrained build operations Thread 32" [_thread_blocked, id=12188, stack(0x000000989b600000,0x000000989b700000)]
  0x000001d355930000 JavaThread "Unconstrained build operations Thread 33" [_thread_blocked, id=1456, stack(0x000000989b700000,0x000000989b800000)]
  0x000001d355931000 JavaThread "Unconstrained build operations Thread 34" [_thread_blocked, id=17208, stack(0x000000989b800000,0x000000989b900000)]
  0x000001d355932800 JavaThread "Unconstrained build operations Thread 35" [_thread_blocked, id=3980, stack(0x000000989b900000,0x000000989ba00000)]
  0x000001d35592e800 JavaThread "Unconstrained build operations Thread 36" [_thread_blocked, id=14636, stack(0x000000989ba00000,0x000000989bb00000)]
  0x000001d3522dc800 JavaThread "Unconstrained build operations Thread 37" [_thread_blocked, id=3400, stack(0x000000989bb00000,0x000000989bc00000)]
  0x000001d3522dd000 JavaThread "Unconstrained build operations Thread 38" [_thread_blocked, id=15980, stack(0x000000989bc00000,0x000000989bd00000)]
  0x000001d3522de000 JavaThread "Unconstrained build operations Thread 39" [_thread_blocked, id=9724, stack(0x000000989bd00000,0x000000989be00000)]
  0x000001d3522db000 JavaThread "Unconstrained build operations Thread 40" [_thread_blocked, id=9296, stack(0x000000989be00000,0x000000989bf00000)]

Other Threads:
  0x000001d351114800 VMThread "VM Thread" [stack: 0x0000009896e00000,0x0000009896f00000] [id=17072]
  0x000001d351451000 WatcherThread [stack: 0x0000009897800000,0x0000009897900000] [id=12124]
  0x000001d3365d5800 GCTaskThread "GC Thread#0" [stack: 0x0000009896900000,0x0000009896a00000] [id=15664]
  0x000001d35182e800 GCTaskThread "GC Thread#1" [stack: 0x0000009897900000,0x0000009897a00000] [id=2240]
  0x000001d352a2e800 GCTaskThread "GC Thread#2" [stack: 0x0000009897f00000,0x0000009898000000] [id=11528]
  0x000001d352a2f000 GCTaskThread "GC Thread#3" [stack: 0x0000009898000000,0x0000009898100000] [id=15004]
  0x000001d336608000 ConcurrentGCThread "G1 Main Marker" [stack: 0x0000009896a00000,0x0000009896b00000] [id=11384]
  0x000001d33660a000 ConcurrentGCThread "G1 Conc#0" [stack: 0x0000009896b00000,0x0000009896c00000] [id=15260]
  0x000001d33664f000 ConcurrentGCThread "G1 Refine#0" [stack: 0x0000009896c00000,0x0000009896d00000] [id=13844]
  0x000001d336650000 ConcurrentGCThread "G1 Young RemSet Sampling" [stack: 0x0000009896d00000,0x0000009896e00000] [id=13684]

Threads with active compile tasks:
C2 CompilerThread0  31370 5954       4       java.net.URLClassLoader$1::run (5 bytes)

VM state:at safepoint (normal execution)

VM Mutex/Monitor currently owned by a thread:  ([mutex/lock_event])
[0x000001d3365b89d0] Threads_lock - owner thread: 0x000001d351114800
[0x000001d3365b8f70] Heap_lock - owner thread: 0x000001d336608000

Heap address: 0x0000000080000000, size: 2048 MB, Compressed Oops mode: 32-bit
Narrow klass base: 0x0000000000000000, Narrow klass shift: 3
Compressed class space size: 1073741824 Address: 0x0000000100000000

Heap:
 garbage-first heap   total 146432K, used 84028K [0x0000000080000000, 0x0000000100000000)
  region size 1024K, 7 young (7168K), 1 survivors (1024K)
 Metaspace       used 54812K, capacity 56345K, committed 56704K, reserved 1097728K
  class space    used 7148K, capacity 7698K, committed 7808K, reserved 1048576K
Heap Regions: E=young(eden), S=young(survivor), O=old, HS=humongous(starts), HC=humongous(continues), CS=collection set, F=free, A=archive, TAMS=top-at-mark-start (previous, next)
|   0|0x0000000080000000, 0x0000000080100000, 0x0000000080100000|100%| O|  |TAMS 0x0000000080100000, 0x0000000080100000| Untracked 
|   1|0x0000000080100000, 0x0000000080200000, 0x0000000080200000|100%| O|  |TAMS 0x0000000080200000, 0x0000000080200000| Untracked 
|   2|0x0000000080200000, 0x0000000080300000, 0x0000000080300000|100%| O|  |TAMS 0x0000000080300000, 0x0000000080300000| Untracked 
|   3|0x0000000080300000, 0x0000000080400000, 0x0000000080400000|100%|HS|  |TAMS 0x0000000080400000, 0x0000000080400000| Complete 
|   4|0x0000000080400000, 0x0000000080500000, 0x0000000080500000|100%|HC|  |TAMS 0x0000000080500000, 0x0000000080500000| Complete 
|   5|0x0000000080500000, 0x0000000080600000, 0x0000000080600000|100%|HC|  |TAMS 0x0000000080600000, 0x0000000080600000| Complete 
|   6|0x0000000080600000, 0x0000000080700000, 0x0000000080700000|100%| O|  |TAMS 0x0000000080700000, 0x0000000080700000| Untracked 
|   7|0x0000000080700000, 0x0000000080800000, 0x0000000080800000|100%| O|  |TAMS 0x0000000080800000, 0x0000000080800000| Untracked 
|   8|0x0000000080800000, 0x0000000080900000, 0x0000000080900000|100%| O|  |TAMS 0x0000000080900000, 0x0000000080900000| Untracked 
|   9|0x0000000080900000, 0x0000000080a00000, 0x0000000080a00000|100%| O|  |TAMS 0x0000000080a00000, 0x0000000080a00000| Untracked 
|  10|0x0000000080a00000, 0x0000000080b00000, 0x0000000080b00000|100%| O|  |TAMS 0x0000000080b00000, 0x0000000080b00000| Untracked 
|  11|0x0000000080b00000, 0x0000000080c00000, 0x0000000080c00000|100%| O|  |TAMS 0x0000000080c00000, 0x0000000080c00000| Untracked 
|  12|0x0000000080c00000, 0x0000000080d00000, 0x0000000080d00000|100%| O|  |TAMS 0x0000000080d00000, 0x0000000080d00000| Untracked 
|  13|0x0000000080d00000, 0x0000000080e00000, 0x0000000080e00000|100%| O|  |TAMS 0x0000000080e00000, 0x0000000080e00000| Untracked 
|  14|0x0000000080e00000, 0x0000000080f00000, 0x0000000080f00000|100%| O|  |TAMS 0x0000000080f00000, 0x0000000080f00000| Untracked 
|  15|0x0000000080f00000, 0x0000000081000000, 0x0000000081000000|100%| O|  |TAMS 0x0000000081000000, 0x0000000081000000| Untracked 
|  16|0x0000000081000000, 0x0000000081100000, 0x0000000081100000|100%| O|  |TAMS 0x0000000081100000, 0x0000000081100000| Untracked 
|  17|0x0000000081100000, 0x0000000081200000, 0x0000000081200000|100%|HS|  |TAMS 0x0000000081200000, 0x0000000081200000| Complete 
|  18|0x0000000081200000, 0x0000000081300000, 0x0000000081300000|100%|HC|  |TAMS 0x0000000081300000, 0x0000000081300000| Complete 
|  19|0x0000000081300000, 0x0000000081400000, 0x0000000081400000|100%|HS|  |TAMS 0x0000000081400000, 0x0000000081400000| Complete 
|  20|0x0000000081400000, 0x0000000081500000, 0x0000000081500000|100%|HC|  |TAMS 0x0000000081500000, 0x0000000081500000| Complete 
|  21|0x0000000081500000, 0x0000000081600000, 0x0000000081600000|100%|HC|  |TAMS 0x0000000081600000, 0x0000000081600000| Complete 
|  22|0x0000000081600000, 0x0000000081700000, 0x0000000081700000|100%|HS|  |TAMS 0x0000000081700000, 0x0000000081700000| Complete 
|  23|0x0000000081700000, 0x0000000081800000, 0x0000000081800000|100%| O|  |TAMS 0x0000000081800000, 0x0000000081800000| Untracked 
|  24|0x0000000081800000, 0x0000000081900000, 0x0000000081900000|100%|HS|  |TAMS 0x0000000081900000, 0x0000000081900000| Complete 
|  25|0x0000000081900000, 0x0000000081a00000, 0x0000000081a00000|100%|HC|  |TAMS 0x0000000081a00000, 0x0000000081a00000| Complete 
|  26|0x0000000081a00000, 0x0000000081b00000, 0x0000000081b00000|100%|HC|  |TAMS 0x0000000081b00000, 0x0000000081b00000| Complete 
|  27|0x0000000081b00000, 0x0000000081c00000, 0x0000000081c00000|100%|HC|  |TAMS 0x0000000081c00000, 0x0000000081c00000| Complete 
|  28|0x0000000081c00000, 0x0000000081d00000, 0x0000000081d00000|100%| O|  |TAMS 0x0000000081d00000, 0x0000000081d00000| Untracked 
|  29|0x0000000081d00000, 0x0000000081e00000, 0x0000000081e00000|100%| O|  |TAMS 0x0000000081e00000, 0x0000000081e00000| Untracked 
|  30|0x0000000081e00000, 0x0000000081f00000, 0x0000000081f00000|100%| O|  |TAMS 0x0000000081f00000, 0x0000000081f00000| Untracked 
|  31|0x0000000081f00000, 0x0000000082000000, 0x0000000082000000|100%| O|  |TAMS 0x0000000082000000, 0x0000000082000000| Untracked 
|  32|0x0000000082000000, 0x0000000082100000, 0x0000000082100000|100%| O|  |TAMS 0x0000000082100000, 0x0000000082100000| Untracked 
|  33|0x0000000082100000, 0x0000000082200000, 0x0000000082200000|100%| O|  |TAMS 0x0000000082200000, 0x0000000082200000| Untracked 
|  34|0x0000000082200000, 0x0000000082300000, 0x0000000082300000|100%| O|  |TAMS 0x0000000082300000, 0x0000000082300000| Untracked 
|  35|0x0000000082300000, 0x0000000082400000, 0x0000000082400000|100%| O|  |TAMS 0x0000000082400000, 0x0000000082400000| Untracked 
|  36|0x0000000082400000, 0x0000000082500000, 0x0000000082500000|100%| O|  |TAMS 0x0000000082500000, 0x0000000082500000| Untracked 
|  37|0x0000000082500000, 0x0000000082600000, 0x0000000082600000|100%| O|  |TAMS 0x0000000082600000, 0x0000000082600000| Untracked 
|  38|0x0000000082600000, 0x0000000082700000, 0x0000000082700000|100%| O|  |TAMS 0x0000000082700000, 0x0000000082700000| Untracked 
|  39|0x0000000082700000, 0x0000000082800000, 0x0000000082800000|100%| O|  |TAMS 0x0000000082800000, 0x0000000082800000| Untracked 
|  40|0x0000000082800000, 0x0000000082900000, 0x0000000082900000|100%| O|  |TAMS 0x0000000082900000, 0x0000000082900000| Untracked 
|  41|0x0000000082900000, 0x0000000082a00000, 0x0000000082a00000|100%| O|  |TAMS 0x0000000082a00000, 0x0000000082a00000| Untracked 
|  42|0x0000000082a00000, 0x0000000082b00000, 0x0000000082b00000|100%|HS|  |TAMS 0x0000000082b00000, 0x0000000082b00000| Complete 
|  43|0x0000000082b00000, 0x0000000082c00000, 0x0000000082c00000|100%|HC|  |TAMS 0x0000000082c00000, 0x0000000082c00000| Complete 
|  44|0x0000000082c00000, 0x0000000082d00000, 0x0000000082d00000|100%|HC|  |TAMS 0x0000000082d00000, 0x0000000082d00000| Complete 
|  45|0x0000000082d00000, 0x0000000082e00000, 0x0000000082e00000|100%|HS|  |TAMS 0x0000000082e00000, 0x0000000082e00000| Complete 
|  46|0x0000000082e00000, 0x0000000082f00000, 0x0000000082f00000|100%| O|  |TAMS 0x0000000082f00000, 0x0000000082f00000| Untracked 
|  47|0x0000000082f00000, 0x0000000083000000, 0x0000000083000000|100%| O|  |TAMS 0x0000000083000000, 0x0000000083000000| Untracked 
|  48|0x0000000083000000, 0x0000000083100000, 0x0000000083100000|100%| O|  |TAMS 0x0000000083100000, 0x0000000083100000| Untracked 
|  49|0x0000000083100000, 0x0000000083200000, 0x0000000083200000|100%| O|  |TAMS 0x0000000083200000, 0x0000000083200000| Untracked 
|  50|0x0000000083200000, 0x0000000083300000, 0x0000000083300000|100%| O|  |TAMS 0x0000000083300000, 0x0000000083300000| Untracked 
|  51|0x0000000083300000, 0x0000000083400000, 0x0000000083400000|100%|HS|  |TAMS 0x0000000083400000, 0x0000000083400000| Complete 
|  52|0x0000000083400000, 0x0000000083500000, 0x0000000083500000|100%|HC|  |TAMS 0x0000000083500000, 0x0000000083500000| Complete 
|  53|0x0000000083500000, 0x0000000083600000, 0x0000000083600000|100%|HC|  |TAMS 0x0000000083600000, 0x0000000083600000| Complete 
|  54|0x0000000083600000, 0x0000000083700000, 0x0000000083700000|100%|HC|  |TAMS 0x0000000083700000, 0x0000000083700000| Complete 
|  55|0x0000000083700000, 0x0000000083800000, 0x0000000083800000|100%| O|  |TAMS 0x0000000083800000, 0x0000000083800000| Untracked 
|  56|0x0000000083800000, 0x0000000083900000, 0x0000000083900000|100%| O|  |TAMS 0x0000000083900000, 0x0000000083900000| Untracked 
|  57|0x0000000083900000, 0x0000000083a00000, 0x0000000083a00000|100%| O|  |TAMS 0x0000000083a00000, 0x0000000083a00000| Untracked 
|  58|0x0000000083a00000, 0x0000000083b00000, 0x0000000083b00000|100%|HS|  |TAMS 0x0000000083b00000, 0x0000000083b00000| Complete 
|  59|0x0000000083b00000, 0x0000000083c00000, 0x0000000083c00000|100%|HS|  |TAMS 0x0000000083c00000, 0x0000000083c00000| Complete 
|  60|0x0000000083c00000, 0x0000000083d00000, 0x0000000083d00000|100%|HS|  |TAMS 0x0000000083d00000, 0x0000000083d00000| Complete 
|  61|0x0000000083d00000, 0x0000000083e00000, 0x0000000083e00000|100%| O|  |TAMS 0x0000000083e00000, 0x0000000083e00000| Untracked 
|  62|0x0000000083e00000, 0x0000000083f00000, 0x0000000083f00000|100%| O|  |TAMS 0x0000000083e92600, 0x0000000083f00000| Untracked 
|  63|0x0000000083f00000, 0x0000000084000000, 0x0000000084000000|100%|HS|  |TAMS 0x0000000083f00000, 0x0000000084000000| Complete 
|  64|0x0000000084000000, 0x0000000084100000, 0x0000000084100000|100%|HC|  |TAMS 0x0000000084000000, 0x0000000084100000| Complete 
|  65|0x0000000084100000, 0x0000000084200000, 0x0000000084200000|100%|HC|  |TAMS 0x0000000084100000, 0x0000000084200000| Complete 
|  66|0x0000000084200000, 0x0000000084300000, 0x0000000084300000|100%|HS|  |TAMS 0x0000000084200000, 0x0000000084300000| Complete 
|  67|0x0000000084300000, 0x0000000084400000, 0x0000000084400000|100%|HC|  |TAMS 0x0000000084300000, 0x0000000084400000| Complete 
|  68|0x0000000084400000, 0x0000000084500000, 0x0000000084500000|100%| O|  |TAMS 0x0000000084400000, 0x0000000084500000| Untracked 
|  69|0x0000000084500000, 0x0000000084600000, 0x0000000084600000|100%| O|  |TAMS 0x0000000084500000, 0x0000000084600000| Untracked 
|  70|0x0000000084600000, 0x0000000084700000, 0x0000000084700000|100%| O|  |TAMS 0x0000000084600000, 0x0000000084700000| Untracked 
|  71|0x0000000084700000, 0x0000000084800000, 0x0000000084800000|100%| O|  |TAMS 0x0000000084700000, 0x0000000084800000| Untracked 
|  72|0x0000000084800000, 0x0000000084900000, 0x0000000084900000|100%| O|  |TAMS 0x0000000084800000, 0x0000000084900000| Untracked 
|  73|0x0000000084900000, 0x0000000084a00000, 0x0000000084a00000|100%| O|  |TAMS 0x0000000084900000, 0x0000000084a00000| Untracked 
|  74|0x0000000084a00000, 0x0000000084b00000, 0x0000000084b00000|100%| O|  |TAMS 0x0000000084a00000, 0x0000000084b00000| Untracked 
|  75|0x0000000084b00000, 0x0000000084c00000, 0x0000000084c00000|100%| O|  |TAMS 0x0000000084b00000, 0x0000000084c00000| Untracked 
|  76|0x0000000084c00000, 0x0000000084c4b400, 0x0000000084d00000| 29%| O|  |TAMS 0x0000000084c00000, 0x0000000084c4b400| Untracked 
|  77|0x0000000084d00000, 0x0000000084d00000, 0x0000000084e00000|  0%| F|  |TAMS 0x0000000084d00000, 0x0000000084d00000| Untracked 
|  78|0x0000000084e00000, 0x0000000084e00000, 0x0000000084f00000|  0%| F|  |TAMS 0x0000000084e00000, 0x0000000084e00000| Untracked 
|  79|0x0000000084f00000, 0x0000000084f00000, 0x0000000085000000|  0%| F|  |TAMS 0x0000000084f00000, 0x0000000084f00000| Untracked 
|  80|0x0000000085000000, 0x0000000085000000, 0x0000000085100000|  0%| F|  |TAMS 0x0000000085000000, 0x0000000085000000| Untracked 
|  81|0x0000000085100000, 0x0000000085100000, 0x0000000085200000|  0%| F|  |TAMS 0x0000000085100000, 0x0000000085100000| Untracked 
|  82|0x0000000085200000, 0x0000000085200000, 0x0000000085300000|  0%| F|  |TAMS 0x0000000085200000, 0x0000000085200000| Untracked 
|  83|0x0000000085300000, 0x0000000085300000, 0x0000000085400000|  0%| F|  |TAMS 0x0000000085300000, 0x0000000085300000| Untracked 
|  84|0x0000000085400000, 0x0000000085400000, 0x0000000085500000|  0%| F|  |TAMS 0x0000000085400000, 0x0000000085400000| Untracked 
|  85|0x0000000085500000, 0x0000000085500000, 0x0000000085600000|  0%| F|  |TAMS 0x0000000085500000, 0x0000000085500000| Untracked 
|  86|0x0000000085600000, 0x0000000085600000, 0x0000000085700000|  0%| F|  |TAMS 0x0000000085600000, 0x0000000085600000| Untracked 
|  87|0x0000000085700000, 0x0000000085700000, 0x0000000085800000|  0%| F|  |TAMS 0x0000000085700000, 0x0000000085700000| Untracked 
|  88|0x0000000085800000, 0x0000000085800000, 0x0000000085900000|  0%| F|  |TAMS 0x0000000085800000, 0x0000000085800000| Untracked 
|  89|0x0000000085900000, 0x0000000085900000, 0x0000000085a00000|  0%| F|  |TAMS 0x0000000085900000, 0x0000000085900000| Untracked 
|  90|0x0000000085a00000, 0x0000000085a00000, 0x0000000085b00000|  0%| F|  |TAMS 0x0000000085a00000, 0x0000000085a00000| Untracked 
|  91|0x0000000085b00000, 0x0000000085b00000, 0x0000000085c00000|  0%| F|  |TAMS 0x0000000085b00000, 0x0000000085b00000| Untracked 
|  92|0x0000000085c00000, 0x0000000085c00000, 0x0000000085d00000|  0%| F|  |TAMS 0x0000000085c00000, 0x0000000085c00000| Untracked 
|  93|0x0000000085d00000, 0x0000000085d00000, 0x0000000085e00000|  0%| F|  |TAMS 0x0000000085d00000, 0x0000000085d00000| Untracked 
|  94|0x0000000085e00000, 0x0000000085e00000, 0x0000000085f00000|  0%| F|  |TAMS 0x0000000085e00000, 0x0000000085e00000| Untracked 
|  95|0x0000000085f00000, 0x0000000085f00000, 0x0000000086000000|  0%| F|  |TAMS 0x0000000085f00000, 0x0000000085f00000| Untracked 
|  96|0x0000000086000000, 0x0000000086000000, 0x0000000086100000|  0%| F|  |TAMS 0x0000000086000000, 0x0000000086000000| Untracked 
|  97|0x0000000086100000, 0x0000000086100000, 0x0000000086200000|  0%| F|  |TAMS 0x0000000086100000, 0x0000000086100000| Untracked 
|  98|0x0000000086200000, 0x0000000086200000, 0x0000000086300000|  0%| F|  |TAMS 0x0000000086200000, 0x0000000086200000| Untracked 
|  99|0x0000000086300000, 0x0000000086300000, 0x0000000086400000|  0%| F|  |TAMS 0x0000000086300000, 0x0000000086300000| Untracked 
| 100|0x0000000086400000, 0x0000000086400000, 0x0000000086500000|  0%| F|  |TAMS 0x0000000086400000, 0x0000000086400000| Untracked 
| 101|0x0000000086500000, 0x00000000865c3e88, 0x0000000086600000| 76%| S|CS|TAMS 0x0000000086500000, 0x0000000086500000| Complete 
| 102|0x0000000086600000, 0x0000000086600000, 0x0000000086700000|  0%| F|  |TAMS 0x0000000086600000, 0x0000000086600000| Untracked 
| 103|0x0000000086700000, 0x0000000086700000, 0x0000000086800000|  0%| F|  |TAMS 0x0000000086700000, 0x0000000086700000| Untracked 
| 104|0x0000000086800000, 0x0000000086800000, 0x0000000086900000|  0%| F|  |TAMS 0x0000000086800000, 0x0000000086800000| Untracked 
| 105|0x0000000086900000, 0x0000000086900000, 0x0000000086a00000|  0%| F|  |TAMS 0x0000000086900000, 0x0000000086900000| Untracked 
| 106|0x0000000086a00000, 0x0000000086a00000, 0x0000000086b00000|  0%| F|  |TAMS 0x0000000086a00000, 0x0000000086a00000| Untracked 
| 107|0x0000000086b00000, 0x0000000086b00000, 0x0000000086c00000|  0%| F|  |TAMS 0x0000000086b00000, 0x0000000086b00000| Untracked 
| 108|0x0000000086c00000, 0x0000000086c00000, 0x0000000086d00000|  0%| F|  |TAMS 0x0000000086c00000, 0x0000000086c00000| Untracked 
| 109|0x0000000086d00000, 0x0000000086d00000, 0x0000000086e00000|  0%| F|  |TAMS 0x0000000086d00000, 0x0000000086d00000| Untracked 
| 110|0x0000000086e00000, 0x0000000086e00000, 0x0000000086f00000|  0%| F|  |TAMS 0x0000000086e00000, 0x0000000086e00000| Untracked 
| 111|0x0000000086f00000, 0x0000000086f00000, 0x0000000087000000|  0%| F|  |TAMS 0x0000000086f00000, 0x0000000086f00000| Untracked 
| 112|0x0000000087000000, 0x0000000087000000, 0x0000000087100000|  0%| F|  |TAMS 0x0000000087000000, 0x0000000087000000| Untracked 
| 113|0x0000000087100000, 0x0000000087100000, 0x0000000087200000|  0%| F|  |TAMS 0x0000000087100000, 0x0000000087100000| Untracked 
| 114|0x0000000087200000, 0x0000000087200000, 0x0000000087300000|  0%| F|  |TAMS 0x0000000087200000, 0x0000000087200000| Untracked 
| 115|0x0000000087300000, 0x0000000087300000, 0x0000000087400000|  0%| F|  |TAMS 0x0000000087300000, 0x0000000087300000| Untracked 
| 116|0x0000000087400000, 0x0000000087400000, 0x0000000087500000|  0%| F|  |TAMS 0x0000000087400000, 0x0000000087400000| Untracked 
| 117|0x0000000087500000, 0x0000000087500000, 0x0000000087600000|  0%| F|  |TAMS 0x0000000087500000, 0x0000000087500000| Untracked 
| 118|0x0000000087600000, 0x0000000087600000, 0x0000000087700000|  0%| F|  |TAMS 0x0000000087600000, 0x0000000087600000| Untracked 
| 119|0x0000000087700000, 0x0000000087700000, 0x0000000087800000|  0%| F|  |TAMS 0x0000000087700000, 0x0000000087700000| Untracked 
| 120|0x0000000087800000, 0x0000000087800000, 0x0000000087900000|  0%| F|  |TAMS 0x0000000087800000, 0x0000000087800000| Untracked 
| 121|0x0000000087900000, 0x0000000087900000, 0x0000000087a00000|  0%| F|  |TAMS 0x0000000087900000, 0x0000000087900000| Untracked 
| 122|0x0000000087a00000, 0x0000000087a00000, 0x0000000087b00000|  0%| F|  |TAMS 0x0000000087a00000, 0x0000000087a00000| Untracked 
| 123|0x0000000087b00000, 0x0000000087b00000, 0x0000000087c00000|  0%| F|  |TAMS 0x0000000087b00000, 0x0000000087b00000| Untracked 
| 124|0x0000000087c00000, 0x0000000087c00000, 0x0000000087d00000|  0%| F|  |TAMS 0x0000000087c00000, 0x0000000087c00000| Untracked 
| 125|0x0000000087d00000, 0x0000000087d00000, 0x0000000087e00000|  0%| F|  |TAMS 0x0000000087d00000, 0x0000000087d00000| Untracked 
| 126|0x0000000087e00000, 0x0000000087e00000, 0x0000000087f00000|  0%| F|  |TAMS 0x0000000087e00000, 0x0000000087e00000| Untracked 
| 127|0x0000000087f00000, 0x0000000087f00000, 0x0000000088000000|  0%| F|  |TAMS 0x0000000087f00000, 0x0000000087f00000| Untracked 
| 128|0x0000000088000000, 0x0000000088000000, 0x0000000088100000|  0%| F|  |TAMS 0x0000000088000000, 0x0000000088000000| Untracked 
| 129|0x0000000088100000, 0x0000000088100000, 0x0000000088200000|  0%| F|  |TAMS 0x0000000088100000, 0x0000000088100000| Untracked 
| 130|0x0000000088200000, 0x0000000088200000, 0x0000000088300000|  0%| F|  |TAMS 0x0000000088200000, 0x0000000088200000| Untracked 
| 131|0x0000000088300000, 0x0000000088300000, 0x0000000088400000|  0%| F|  |TAMS 0x0000000088300000, 0x0000000088300000| Untracked 
| 132|0x0000000088400000, 0x0000000088400000, 0x0000000088500000|  0%| F|  |TAMS 0x0000000088400000, 0x0000000088400000| Untracked 
| 133|0x0000000088500000, 0x0000000088500000, 0x0000000088600000|  0%| F|  |TAMS 0x0000000088500000, 0x0000000088500000| Untracked 
| 134|0x0000000088600000, 0x0000000088600000, 0x0000000088700000|  0%| F|  |TAMS 0x0000000088600000, 0x0000000088600000| Untracked 
| 135|0x0000000088700000, 0x0000000088700000, 0x0000000088800000|  0%| F|  |TAMS 0x0000000088700000, 0x0000000088700000| Untracked 
| 136|0x0000000088800000, 0x0000000088800000, 0x0000000088900000|  0%| F|  |TAMS 0x0000000088800000, 0x0000000088800000| Untracked 
| 137|0x0000000088900000, 0x0000000088971040, 0x0000000088a00000| 44%| E|  |TAMS 0x0000000088900000, 0x0000000088900000| Complete 
| 138|0x0000000088a00000, 0x0000000088b00000, 0x0000000088b00000|100%| E|CS|TAMS 0x0000000088a00000, 0x0000000088a00000| Complete 
| 139|0x0000000088b00000, 0x0000000088c00000, 0x0000000088c00000|100%| E|CS|TAMS 0x0000000088b00000, 0x0000000088b00000| Complete 
| 140|0x0000000088c00000, 0x0000000088d00000, 0x0000000088d00000|100%| E|CS|TAMS 0x0000000088c00000, 0x0000000088c00000| Complete 
| 141|0x0000000088d00000, 0x0000000088e00000, 0x0000000088e00000|100%| E|CS|TAMS 0x0000000088d00000, 0x0000000088d00000| Complete 
| 142|0x0000000088e00000, 0x0000000088f00000, 0x0000000088f00000|100%| E|CS|TAMS 0x0000000088e00000, 0x0000000088e00000| Complete 

Card table byte_map: [0x000001d349b20000,0x000001d349f20000] _byte_map_base: 0x000001d349720000

Marking Bits (Prev, Next): (CMBitMap*) 0x000001d3365ff0f0, (CMBitMap*) 0x000001d3365ff0b8
 Prev Bits: [0x000001d34c320000, 0x000001d34e320000)
 Next Bits: [0x000001d34a320000, 0x000001d34c320000)

Polling page: 0x000001d33a0d0000

Metaspace:

Usage:
  Non-class:     47.51 MB capacity,    46.55 MB ( 98%) used,   835.43 KB (  2%) free+waste,   148.06 KB ( <1%) overhead. 
      Class:      7.52 MB capacity,     6.98 MB ( 93%) used,   478.55 KB (  6%) free+waste,    70.94 KB ( <1%) overhead. 
       Both:     55.02 MB capacity,    53.53 MB ( 97%) used,     1.28 MB (  2%) free+waste,   219.00 KB ( <1%) overhead. 

Virtual space:
  Non-class space:       48.00 MB reserved,      47.75 MB (>99%) committed 
      Class space:        1.00 GB reserved,       7.63 MB ( <1%) committed 
             Both:        1.05 GB reserved,      55.38 MB (  5%) committed 

Chunk freelists:
   Non-Class:  57.00 KB
       Class:  14.00 KB
        Both:  71.00 KB

MaxMetaspaceSize: 17179869184.00 GB
CompressedClassSpaceSize: 1.00 GB
Initial GC threshold: 20.80 MB
Current GC threshold: 87.29 MB
CDS: off

CodeHeap 'non-profiled nmethods': size=120064Kb used=2783Kb max_used=2783Kb free=117280Kb
 bounds [0x000001d341bb0000, 0x000001d341e70000, 0x000001d3490f0000]
CodeHeap 'profiled nmethods': size=120000Kb used=12682Kb max_used=12682Kb free=107317Kb
 bounds [0x000001d33a680000, 0x000001d33b2f0000, 0x000001d341bb0000]
CodeHeap 'non-nmethods': size=5696Kb used=2312Kb max_used=2335Kb free=3383Kb
 bounds [0x000001d33a0f0000, 0x000001d33a360000, 0x000001d33a680000]
 total_blobs=6993 nmethods=6185 adapters=719
 compilation: enabled
              stopped_count=0, restarted_count=0
 full_count=0

Compilation events (20 events):
Event: 31.203 Thread 0x000001d351189800 nmethod 6250 0x000001d33b2ce590 code [0x000001d33b2ce800, 0x000001d33b2cf0c8]
Event: 31.203 Thread 0x000001d351189800 6251   !   2       java.util.ArrayList::clone (40 bytes)
Event: 31.204 Thread 0x000001d351189800 nmethod 6251 0x000001d33b2cf510 code [0x000001d33b2cf700, 0x000001d33b2cf9e8]
Event: 31.215 Thread 0x000001d351189800 6252       2       groovyjarjarantlr4.v4.runtime.CommonTokenStream::LB (69 bytes)
Event: 31.216 Thread 0x000001d351189800 nmethod 6252 0x000001d33b2cfc10 code [0x000001d33b2cfde0, 0x000001d33b2d0078]
Event: 31.216 Thread 0x000001d351189800 6253       2       groovyjarjarantlr4.v4.runtime.atn.ParserATNSimulator::addDFAState (226 bytes)
Event: 31.219 Thread 0x000001d351189800 nmethod 6253 0x000001d33b2d0190 code [0x000001d33b2d0440, 0x000001d33b2d1098]
Event: 31.224 Thread 0x000001d351189800 6254       2       groovyjarjarantlr4.v4.runtime.atn.ParserATNSimulator::addDFAEdge (220 bytes)
Event: 31.226 Thread 0x000001d351189800 nmethod 6254 0x000001d33b2d1710 code [0x000001d33b2d1940, 0x000001d33b2d2138]
Event: 31.227 Thread 0x000001d351189800 6255       2       groovyjarjarantlr4.v4.runtime.atn.ParserATNSimulator::addDFAEdge (11 bytes)
Event: 31.227 Thread 0x000001d351189800 nmethod 6255 0x000001d33b2d2610 code [0x000001d33b2d27c0, 0x000001d33b2d2968]
Event: 31.228 Thread 0x000001d351189800 6256 %     3       java.util.HashMap::putVal @ 134 (300 bytes)
Event: 31.231 Thread 0x000001d351189800 nmethod 6256% 0x000001d33b2d2a90 code [0x000001d33b2d2d60, 0x000001d33b2d4158]
Event: 31.240 Thread 0x000001d351189800 6257       2       groovyjarjarantlr4.v4.runtime.Parser::exitRule (81 bytes)
Event: 31.241 Thread 0x000001d351189800 nmethod 6257 0x000001d33b2d4690 code [0x000001d33b2d4880, 0x000001d33b2d4ba8]
Event: 31.241 Thread 0x000001d351189800 6258       2       groovyjarjarantlr4.v4.runtime.atn.ParserATNSimulator::adaptivePredict (9 bytes)
Event: 31.241 Thread 0x000001d351189800 nmethod 6258 0x000001d33b2d4d10 code [0x000001d33b2d4ec0, 0x000001d33b2d4fc8]
Event: 31.241 Thread 0x000001d351189800 6260       3       java.util.HashMap::putVal (300 bytes)
Event: 31.244 Thread 0x000001d351189800 nmethod 6260 0x000001d33b2d5090 code [0x000001d33b2d5360, 0x000001d33b2d6498]
Event: 31.244 Thread 0x000001d351189800 6259   !   2       groovyjarjarantlr4.v4.runtime.atn.ParserATNSimulator::adaptivePredict (341 bytes)

GC Heap History (20 events):
Event: 23.732 GC heap before
{Heap before GC invocations=37 (full 0):
 garbage-first heap   total 83968K, used 62739K [0x0000000080000000, 0x0000000100000000)
  region size 1024K, 13 young (13312K), 2 survivors (2048K)
 Metaspace       used 46713K, capacity 47921K, committed 48128K, reserved 1091584K
  class space    used 5934K, capacity 6372K, committed 6400K, reserved 1048576K
}
Event: 23.741 GC heap after
{Heap after GC invocations=38 (full 0):
 garbage-first heap   total 83968K, used 52352K [0x0000000080000000, 0x0000000100000000)
  region size 1024K, 2 young (2048K), 2 survivors (2048K)
 Metaspace       used 46713K, capacity 47921K, committed 48128K, reserved 1091584K
  class space    used 5934K, capacity 6372K, committed 6400K, reserved 1048576K
}
Event: 24.328 GC heap before
{Heap before GC invocations=39 (full 0):
 garbage-first heap   total 83968K, used 64640K [0x0000000080000000, 0x0000000100000000)
  region size 1024K, 14 young (14336K), 2 survivors (2048K)
 Metaspace       used 47621K, capacity 48907K, committed 49152K, reserved 1091584K
  class space    used 6085K, capacity 6552K, committed 6656K, reserved 1048576K
}
Event: 24.336 GC heap after
{Heap after GC invocations=40 (full 0):
 garbage-first heap   total 101376K, used 53117K [0x0000000080000000, 0x0000000100000000)
  region size 1024K, 2 young (2048K), 2 survivors (2048K)
 Metaspace       used 47621K, capacity 48907K, committed 49152K, reserved 1091584K
  class space    used 6085K, capacity 6552K, committed 6656K, reserved 1048576K
}
Event: 24.430 GC heap before
{Heap before GC invocations=40 (full 0):
 garbage-first heap   total 101376K, used 55165K [0x0000000080000000, 0x0000000100000000)
  region size 1024K, 5 young (5120K), 2 survivors (2048K)
 Metaspace       used 47822K, capacity 49081K, committed 49152K, reserved 1091584K
  class space    used 6118K, capacity 6589K, committed 6656K, reserved 1048576K
}
Event: 24.438 GC heap after
{Heap after GC invocations=41 (full 0):
 garbage-first heap   total 101376K, used 53246K [0x0000000080000000, 0x0000000100000000)
  region size 1024K, 2 young (2048K), 2 survivors (2048K)
 Metaspace       used 47822K, capacity 49081K, committed 49152K, reserved 1091584K
  class space    used 6118K, capacity 6589K, committed 6656K, reserved 1048576K
}
Event: 25.519 GC heap before
{Heap before GC invocations=42 (full 0):
 garbage-first heap   total 101376K, used 76798K [0x0000000080000000, 0x0000000100000000)
  region size 1024K, 21 young (21504K), 2 survivors (2048K)
 Metaspace       used 49220K, capacity 50578K, committed 50688K, reserved 1093632K
  class space    used 6356K, capacity 6832K, committed 6912K, reserved 1048576K
}
Event: 25.528 GC heap after
{Heap after GC invocations=43 (full 0):
 garbage-first heap   total 101376K, used 58648K [0x0000000080000000, 0x0000000100000000)
  region size 1024K, 3 young (3072K), 3 survivors (3072K)
 Metaspace       used 49220K, capacity 50578K, committed 50688K, reserved 1093632K
  class space    used 6356K, capacity 6832K, committed 6912K, reserved 1048576K
}
Event: 26.116 GC heap before
{Heap before GC invocations=43 (full 0):
 garbage-first heap   total 101376K, used 76056K [0x0000000080000000, 0x0000000100000000)
  region size 1024K, 20 young (20480K), 3 survivors (3072K)
 Metaspace       used 50424K, capacity 51864K, committed 52096K, reserved 1093632K
  class space    used 6532K, capacity 7025K, committed 7040K, reserved 1048576K
}
Event: 26.128 GC heap after
{Heap after GC invocations=44 (full 0):
 garbage-first heap   total 101376K, used 59380K [0x0000000080000000, 0x0000000100000000)
  region size 1024K, 3 young (3072K), 3 survivors (3072K)
 Metaspace       used 50424K, capacity 51864K, committed 52096K, reserved 1093632K
  class space    used 6532K, capacity 7025K, committed 7040K, reserved 1048576K
}
Event: 27.496 GC heap before
{Heap before GC invocations=45 (full 0):
 garbage-first heap   total 101376K, used 77812K [0x0000000080000000, 0x0000000100000000)
  region size 1024K, 22 young (22528K), 3 survivors (3072K)
 Metaspace       used 51324K, capacity 52817K, committed 52992K, reserved 1095680K
  class space    used 6622K, capacity 7146K, committed 7168K, reserved 1048576K
}
Event: 27.509 GC heap after
{Heap after GC invocations=46 (full 0):
 garbage-first heap   total 121856K, used 61098K [0x0000000080000000, 0x0000000100000000)
  region size 1024K, 2 young (2048K), 2 survivors (2048K)
 Metaspace       used 51324K, capacity 52817K, committed 52992K, reserved 1095680K
  class space    used 6622K, capacity 7146K, committed 7168K, reserved 1048576K
}
Event: 28.816 GC heap before
{Heap before GC invocations=46 (full 0):
 garbage-first heap   total 121856K, used 77482K [0x0000000080000000, 0x0000000100000000)
  region size 1024K, 20 young (20480K), 2 survivors (2048K)
 Metaspace       used 51783K, capacity 53280K, committed 53632K, reserved 1095680K
  class space    used 6658K, capacity 7187K, committed 7296K, reserved 1048576K
}
Event: 28.828 GC heap after
{Heap after GC invocations=47 (full 0):
 garbage-first heap   total 121856K, used 61923K [0x0000000080000000, 0x0000000100000000)
  region size 1024K, 3 young (3072K), 3 survivors (3072K)
 Metaspace       used 51783K, capacity 53280K, committed 53632K, reserved 1095680K
  class space    used 6658K, capacity 7187K, committed 7296K, reserved 1048576K
}
Event: 29.267 GC heap before
{Heap before GC invocations=48 (full 0):
 garbage-first heap   total 121856K, used 68067K [0x0000000080000000, 0x0000000100000000)
  region size 1024K, 8 young (8192K), 3 survivors (3072K)
 Metaspace       used 51788K, capacity 53280K, committed 53632K, reserved 1095680K
  class space    used 6658K, capacity 7187K, committed 7296K, reserved 1048576K
}
Event: 29.284 GC heap after
{Heap after GC invocations=49 (full 0):
 garbage-first heap   total 121856K, used 68169K [0x0000000080000000, 0x0000000100000000)
  region size 1024K, 4 young (4096K), 4 survivors (4096K)
 Metaspace       used 51788K, capacity 53280K, committed 53632K, reserved 1095680K
  class space    used 6658K, capacity 7187K, committed 7296K, reserved 1048576K
}
Event: 30.539 GC heap before
{Heap before GC invocations=50 (full 0):
 garbage-first heap   total 121856K, used 93769K [0x0000000080000000, 0x0000000100000000)
  region size 1024K, 25 young (25600K), 4 survivors (4096K)
 Metaspace       used 54145K, capacity 55624K, committed 55808K, reserved 1097728K
  class space    used 7085K, capacity 7628K, committed 7680K, reserved 1048576K
}
Event: 30.549 GC heap after
{Heap after GC invocations=51 (full 0):
 garbage-first heap   total 121856K, used 77824K [0x0000000080000000, 0x0000000100000000)
  region size 1024K, 4 young (4096K), 4 survivors (4096K)
 Metaspace       used 54145K, capacity 55624K, committed 55808K, reserved 1097728K
  class space    used 7085K, capacity 7628K, committed 7680K, reserved 1048576K
}
Event: 31.174 GC heap before
{Heap before GC invocations=51 (full 0):
 garbage-first heap   total 121856K, used 95232K [0x0000000080000000, 0x0000000100000000)
  region size 1024K, 21 young (21504K), 4 survivors (4096K)
 Metaspace       used 54705K, capacity 56211K, committed 56448K, reserved 1097728K
  class space    used 7137K, capacity 7696K, committed 7808K, reserved 1048576K
}
Event: 31.188 GC heap after
{Heap after GC invocations=52 (full 0):
 garbage-first heap   total 146432K, used 78908K [0x0000000080000000, 0x0000000100000000)
  region size 1024K, 1 young (1024K), 1 survivors (1024K)
 Metaspace       used 54705K, capacity 56211K, committed 56448K, reserved 1097728K
  class space    used 7137K, capacity 7696K, committed 7808K, reserved 1048576K
}

Deoptimization events (20 events):
Event: 30.734 Thread 0x000001d352d21800 Uncommon trap: trap_request=0xffffff4d fr.pc=0x000001d341e32674 relative=0x00000000000006f4
Event: 30.734 Thread 0x000001d352d21800 Uncommon trap: reason=unstable_if action=reinterpret pc=0x000001d341e32674 method=java.util.HashMap.putVal(ILjava/lang/Object;Ljava/lang/Object;ZZ)Ljava/lang/Object; @ 109 c2
Event: 30.734 Thread 0x000001d352d21800 DEOPT PACKING pc=0x000001d341e32674 sp=0x00000098982f7370
Event: 30.734 Thread 0x000001d352d21800 DEOPT UNPACKING pc=0x000001d33a13a1af sp=0x00000098982f7288 mode 2
Event: 30.734 Thread 0x000001d352d21800 Uncommon trap: trap_request=0xffffff4d fr.pc=0x000001d341e2f674 relative=0x00000000000001b4
Event: 30.734 Thread 0x000001d352d21800 Uncommon trap: reason=unstable_if action=reinterpret pc=0x000001d341e2f674 method=java.util.HashMap.getNode(ILjava/lang/Object;)Ljava/util/HashMap$Node; @ 84 c2
Event: 30.734 Thread 0x000001d352d21800 DEOPT PACKING pc=0x000001d341e2f674 sp=0x00000098982f7310
Event: 30.734 Thread 0x000001d352d21800 DEOPT UNPACKING pc=0x000001d33a13a1af sp=0x00000098982f7298 mode 2
Event: 30.734 Thread 0x000001d352d21800 Uncommon trap: trap_request=0xffffff4d fr.pc=0x000001d341dc7f78 relative=0x0000000000000678
Event: 30.734 Thread 0x000001d352d21800 Uncommon trap: reason=unstable_if action=reinterpret pc=0x000001d341dc7f78 method=java.util.HashMap.putVal(ILjava/lang/Object;Ljava/lang/Object;ZZ)Ljava/lang/Object; @ 109 c2
Event: 30.734 Thread 0x000001d352d21800 DEOPT PACKING pc=0x000001d341dc7f78 sp=0x00000098982f72c0
Event: 30.735 Thread 0x000001d352d21800 DEOPT UNPACKING pc=0x000001d33a13a1af sp=0x00000098982f7278 mode 2
Event: 30.810 Thread 0x000001d352d21800 Uncommon trap: trap_request=0xffffff4d fr.pc=0x000001d341ce7a1c relative=0x000000000000007c
Event: 30.810 Thread 0x000001d352d21800 Uncommon trap: reason=unstable_if action=reinterpret pc=0x000001d341ce7a1c method=java.lang.String.codePointAt(I)I @ 4 c2
Event: 30.810 Thread 0x000001d352d21800 DEOPT PACKING pc=0x000001d341ce7a1c sp=0x00000098982f6a80
Event: 30.810 Thread 0x000001d352d21800 DEOPT UNPACKING pc=0x000001d33a13a1af sp=0x00000098982f6a28 mode 2
Event: 30.810 Thread 0x000001d352d21800 Uncommon trap: trap_request=0xffffff4d fr.pc=0x000001d341d776f0 relative=0x0000000000000050
Event: 30.810 Thread 0x000001d352d21800 Uncommon trap: reason=unstable_if action=reinterpret pc=0x000001d341d776f0 method=java.lang.Character.isSurrogate(C)Z @ 3 c2
Event: 30.810 Thread 0x000001d352d21800 DEOPT PACKING pc=0x000001d341d776f0 sp=0x00000098982f6aa0
Event: 30.810 Thread 0x000001d352d21800 DEOPT UNPACKING pc=0x000001d33a13a1af sp=0x00000098982f69d8 mode 2

Classes redefined (0 events):
No events

Internal exceptions (20 events):
Event: 29.141 Thread 0x000001d352d21800 Exception <a 'java/security/PrivilegedActionException'{0x000000008749b890}> (0x000000008749b890) thrown at [./src/hotspot/share/prims/jvm.cpp, line 1306]
Event: 29.141 Thread 0x000001d352d21800 Exception <a 'java/security/PrivilegedActionException'{0x000000008749eac0}> (0x000000008749eac0) thrown at [./src/hotspot/share/prims/jvm.cpp, line 1306]
Event: 29.141 Thread 0x000001d352d21800 Exception <a 'java/security/PrivilegedActionException'{0x00000000874a0028}> (0x00000000874a0028) thrown at [./src/hotspot/share/prims/jvm.cpp, line 1306]
Event: 29.144 Thread 0x000001d352d21800 Exception <a 'java/security/PrivilegedActionException'{0x00000000874a31a8}> (0x00000000874a31a8) thrown at [./src/hotspot/share/prims/jvm.cpp, line 1306]
Event: 29.144 Thread 0x000001d352d21800 Exception <a 'java/security/PrivilegedActionException'{0x00000000874a4710}> (0x00000000874a4710) thrown at [./src/hotspot/share/prims/jvm.cpp, line 1306]
Event: 29.144 Thread 0x000001d352d21800 Exception <a 'java/security/PrivilegedActionException'{0x00000000874a78e0}> (0x00000000874a78e0) thrown at [./src/hotspot/share/prims/jvm.cpp, line 1306]
Event: 29.145 Thread 0x000001d352d21800 Exception <a 'java/security/PrivilegedActionException'{0x00000000874a8e48}> (0x00000000874a8e48) thrown at [./src/hotspot/share/prims/jvm.cpp, line 1306]
Event: 29.145 Thread 0x000001d352d21800 Exception <a 'java/security/PrivilegedActionException'{0x00000000874ac078}> (0x00000000874ac078) thrown at [./src/hotspot/share/prims/jvm.cpp, line 1306]
Event: 29.145 Thread 0x000001d352d21800 Exception <a 'java/security/PrivilegedActionException'{0x00000000874ad5e0}> (0x00000000874ad5e0) thrown at [./src/hotspot/share/prims/jvm.cpp, line 1306]
Event: 29.576 Thread 0x000001d352d21800 Exception <a 'java/lang/ClassNotFoundException'{0x00000000872997a8}: org/gradle/api/tasks/Delete_DecoratedBeanInfo> (0x00000000872997a8) thrown at [./src/hotspot/share/classfile/systemDictionary.cpp, line 231]
Event: 29.578 Thread 0x000001d352d21800 Exception <a 'java/lang/ClassNotFoundException'{0x00000000872c57d8}: org/gradle/api/tasks/DeleteBeanInfo> (0x00000000872c57d8) thrown at [./src/hotspot/share/classfile/systemDictionary.cpp, line 231]
Event: 29.581 Thread 0x000001d352d21800 Exception <a 'java/lang/ClassNotFoundException'{0x00000000872f4608}: org/gradle/api/internal/ConventionTaskBeanInfo> (0x00000000872f4608) thrown at [./src/hotspot/share/classfile/systemDictionary.cpp, line 231]
Event: 29.584 Thread 0x000001d352d21800 Exception <a 'java/lang/ClassNotFoundException'{0x0000000086d1f858}: org/gradle/api/DefaultTaskBeanInfo> (0x0000000086d1f858) thrown at [./src/hotspot/share/classfile/systemDictionary.cpp, line 231]
Event: 29.587 Thread 0x000001d352d21800 Exception <a 'java/lang/ClassNotFoundException'{0x0000000086d4e3d0}: org/gradle/api/internal/AbstractTaskBeanInfo> (0x0000000086d4e3d0) thrown at [./src/hotspot/share/classfile/systemDictionary.cpp, line 231]
Event: 29.589 Thread 0x000001d352d21800 Exception <a 'java/lang/ClassNotFoundException'{0x0000000086d7d1d8}: org/gradle/api/internal/AbstractTaskCustomizer> (0x0000000086d7d1d8) thrown at [./src/hotspot/share/classfile/systemDictionary.cpp, line 231]
Event: 29.597 Thread 0x000001d352d21800 Exception <a 'java/lang/ClassNotFoundException'{0x0000000086df30e0}: org/gradle/api/DefaultTaskCustomizer> (0x0000000086df30e0) thrown at [./src/hotspot/share/classfile/systemDictionary.cpp, line 231]
Event: 29.605 Thread 0x000001d352d21800 Exception <a 'java/lang/ClassNotFoundException'{0x0000000086c77990}: org/gradle/api/internal/ConventionTaskCustomizer> (0x0000000086c77990) thrown at [./src/hotspot/share/classfile/systemDictionary.cpp, line 231]
Event: 29.608 Thread 0x000001d352d21800 Exception <a 'java/lang/ClassNotFoundException'{0x0000000086cb30c8}: org/gradle/api/tasks/DeleteCustomizer> (0x0000000086cb30c8) thrown at [./src/hotspot/share/classfile/systemDictionary.cpp, line 231]
Event: 29.613 Thread 0x000001d352d21800 Exception <a 'java/lang/ClassNotFoundException'{0x0000000086cf5be8}: org/gradle/api/tasks/Delete_DecoratedCustomizer> (0x0000000086cf5be8) thrown at [./src/hotspot/share/classfile/systemDictionary.cpp, line 231]
Event: 29.748 Thread 0x000001d352d21800 Exception <a 'java/lang/NoSuchMethodError'{0x0000000086ad3478}: 'void java.lang.invoke.DirectMethodHandle$Holder.invokeVirtual(java.lang.Object, java.lang.Object)'> (0x0000000086ad3478) thrown at [./src/hotspot/share/interpreter/linkResolver.cpp, line 773]

Events (20 events):
Event: 30.822 loading class java/util/stream/SortedOps$OfInt
Event: 30.823 loading class java/util/stream/IntPipeline$StatefulOp
Event: 30.824 loading class java/util/stream/IntPipeline$StatefulOp done
Event: 30.824 loading class java/util/stream/SortedOps$OfInt done
Event: 30.824 Executing VM operation: Deoptimize
Event: 30.826 Executing VM operation: Deoptimize done
Event: 30.829 loading class java/util/stream/Nodes$IntFixedNodeBuilder
Event: 30.829 loading class java/util/stream/Node$Builder$OfInt
Event: 30.830 loading class java/util/stream/Node$Builder$OfInt done
Event: 30.830 loading class java/util/stream/Nodes$IntArrayNode
Event: 30.831 loading class java/util/stream/Nodes$IntArrayNode done
Event: 30.831 loading class java/util/stream/Nodes$IntFixedNodeBuilder done
Event: 30.831 loading class java/util/stream/SortedOps$SizedIntSortingSink
Event: 30.832 loading class java/util/stream/SortedOps$AbstractIntSortingSink
Event: 30.832 loading class java/util/stream/SortedOps$AbstractIntSortingSink done
Event: 30.832 loading class java/util/stream/SortedOps$SizedIntSortingSink done
Event: 30.832 loading class java/util/stream/ReferencePipeline$4$1
Event: 30.832 loading class java/util/stream/ReferencePipeline$4$1 done
Event: 31.174 Executing VM operation: G1CollectForAllocation
Event: 31.189 Executing VM operation: G1CollectForAllocation done


Dynamic libraries:
0x00007ff763480000 - 0x00007ff76348a000 	C:\Users\Elena\AppData\Local\JetBrains\Toolbox\apps\AndroidStudio\ch-0\212.5712.43.2112.8815526\jre\bin\java.exe
0x00007ffc65510000 - 0x00007ffc65708000 	C:\WINDOWS\SYSTEM32\ntdll.dll
0x00007ffc65020000 - 0x00007ffc650df000 	C:\WINDOWS\System32\KERNEL32.DLL
0x00007ffc62d50000 - 0x00007ffc63022000 	C:\WINDOWS\System32\KERNELBASE.dll
0x00007ffc63450000 - 0x00007ffc63550000 	C:\WINDOWS\System32\ucrtbase.dll
0x00007ffc5d3e0000 - 0x00007ffc5d3f7000 	C:\Users\Elena\AppData\Local\JetBrains\Toolbox\apps\AndroidStudio\ch-0\212.5712.43.2112.8815526\jre\bin\VCRUNTIME140.dll
0x00007ffc59450000 - 0x00007ffc59469000 	C:\Users\Elena\AppData\Local\JetBrains\Toolbox\apps\AndroidStudio\ch-0\212.5712.43.2112.8815526\jre\bin\jli.dll
0x00007ffc63550000 - 0x00007ffc636f1000 	C:\WINDOWS\System32\USER32.dll
0x00007ffc63030000 - 0x00007ffc63052000 	C:\WINDOWS\System32\win32u.dll
0x00007ffc64ff0000 - 0x00007ffc6501b000 	C:\WINDOWS\System32\GDI32.dll
0x00007ffc4e670000 - 0x00007ffc4e90a000 	C:\WINDOWS\WinSxS\amd64_microsoft.windows.common-controls_6595b64144ccf1df_6.0.19041.1110_none_60b5254171f9507e\COMCTL32.dll
0x00007ffc632a0000 - 0x00007ffc633af000 	C:\WINDOWS\System32\gdi32full.dll
0x00007ffc637b0000 - 0x00007ffc6384e000 	C:\WINDOWS\System32\msvcrt.dll
0x00007ffc633b0000 - 0x00007ffc6344d000 	C:\WINDOWS\System32\msvcp_win.dll
0x00007ffc64500000 - 0x00007ffc64532000 	C:\WINDOWS\System32\IMM32.DLL
0x00007ffc270f0000 - 0x00007ffc2718d000 	C:\Users\Elena\AppData\Local\JetBrains\Toolbox\apps\AndroidStudio\ch-0\212.5712.43.2112.8815526\jre\bin\msvcp140.dll
0x00007ffc0f590000 - 0x00007ffc10075000 	C:\Users\Elena\AppData\Local\JetBrains\Toolbox\apps\AndroidStudio\ch-0\212.5712.43.2112.8815526\jre\bin\server\jvm.dll
0x00007ffc65420000 - 0x00007ffc654ce000 	C:\WINDOWS\System32\ADVAPI32.dll
0x00007ffc63700000 - 0x00007ffc6379c000 	C:\WINDOWS\System32\sechost.dll
0x00007ffc64010000 - 0x00007ffc64135000 	C:\WINDOWS\System32\RPCRT4.dll
0x00007ffc63850000 - 0x00007ffc63858000 	C:\WINDOWS\System32\PSAPI.DLL
0x00007ffc4bcd0000 - 0x00007ffc4bcd9000 	C:\WINDOWS\SYSTEM32\WSOCK32.dll
0x00007ffc546f0000 - 0x00007ffc54717000 	C:\WINDOWS\SYSTEM32\WINMM.dll
0x00007ffc64540000 - 0x00007ffc645ab000 	C:\WINDOWS\System32\WS2_32.dll
0x00007ffc5c890000 - 0x00007ffc5c89a000 	C:\WINDOWS\SYSTEM32\VERSION.dll
0x00007ffc61450000 - 0x00007ffc61462000 	C:\WINDOWS\SYSTEM32\kernel.appcore.dll
0x00007ffc59490000 - 0x00007ffc594a1000 	C:\Users\Elena\AppData\Local\JetBrains\Toolbox\apps\AndroidStudio\ch-0\212.5712.43.2112.8815526\jre\bin\verify.dll
0x00007ffc61230000 - 0x00007ffc61414000 	C:\WINDOWS\SYSTEM32\DBGHELP.DLL
0x00007ffc59c60000 - 0x00007ffc59c95000 	C:\WINDOWS\SYSTEM32\dbgcore.DLL
0x00007ffc62c50000 - 0x00007ffc62cd2000 	C:\WINDOWS\System32\bcryptPrimitives.dll
0x00007ffc59330000 - 0x00007ffc59359000 	C:\Users\Elena\AppData\Local\JetBrains\Toolbox\apps\AndroidStudio\ch-0\212.5712.43.2112.8815526\jre\bin\java.dll
0x00007ffc5b7f0000 - 0x00007ffc5b7fb000 	C:\Users\Elena\AppData\Local\JetBrains\Toolbox\apps\AndroidStudio\ch-0\212.5712.43.2112.8815526\jre\bin\jimage.dll
0x00007ffc591b0000 - 0x00007ffc591c8000 	C:\Users\Elena\AppData\Local\JetBrains\Toolbox\apps\AndroidStudio\ch-0\212.5712.43.2112.8815526\jre\bin\zip.dll
0x00007ffc64840000 - 0x00007ffc64f84000 	C:\WINDOWS\System32\SHELL32.dll
0x00007ffc609d0000 - 0x00007ffc61162000 	C:\WINDOWS\SYSTEM32\windows.storage.dll
0x00007ffc641a0000 - 0x00007ffc644f5000 	C:\WINDOWS\System32\combase.dll
0x00007ffc62660000 - 0x00007ffc62690000 	C:\WINDOWS\SYSTEM32\Wldp.dll
0x00007ffc65310000 - 0x00007ffc653bd000 	C:\WINDOWS\System32\SHCORE.dll
0x00007ffc64f90000 - 0x00007ffc64fe5000 	C:\WINDOWS\System32\shlwapi.dll
0x00007ffc62b40000 - 0x00007ffc62b5f000 	C:\WINDOWS\SYSTEM32\profapi.dll
0x00007ffc57d10000 - 0x00007ffc57d2a000 	C:\Users\Elena\AppData\Local\JetBrains\Toolbox\apps\AndroidStudio\ch-0\212.5712.43.2112.8815526\jre\bin\net.dll
0x00007ffc59f00000 - 0x00007ffc5a00c000 	C:\WINDOWS\SYSTEM32\WINHTTP.dll
0x00007ffc62350000 - 0x00007ffc623ba000 	C:\WINDOWS\system32\mswsock.dll
0x00007ffc56fb0000 - 0x00007ffc56fc4000 	C:\Users\Elena\AppData\Local\JetBrains\Toolbox\apps\AndroidStudio\ch-0\212.5712.43.2112.8815526\jre\bin\nio.dll
0x00007ffc42e00000 - 0x00007ffc42e27000 	C:\Users\Elena\.gradle\native\e1d6ef7f7dcc3fd88c89a11ec53ec762bb8ba0a96d01ffa2cd45eb1d1d8dd5c5\windows-amd64\native-platform.dll
0x00007ffc26fa0000 - 0x00007ffc270e4000 	C:\Users\Elena\.gradle\native\5664cfc778a61ccfe75a443a1ab52a65af34e5dc3c78e0209fed803814484fcb\windows-amd64\native-platform-file-events.dll
0x00007ffc5a200000 - 0x00007ffc5a20a000 	C:\Users\Elena\AppData\Local\JetBrains\Toolbox\apps\AndroidStudio\ch-0\212.5712.43.2112.8815526\jre\bin\management.dll
0x00007ffc5a1e0000 - 0x00007ffc5a1ed000 	C:\Users\Elena\AppData\Local\JetBrains\Toolbox\apps\AndroidStudio\ch-0\212.5712.43.2112.8815526\jre\bin\management_ext.dll
0x00007ffc62540000 - 0x00007ffc62558000 	C:\WINDOWS\SYSTEM32\CRYPTSP.dll
0x00007ffc61c00000 - 0x00007ffc61c34000 	C:\WINDOWS\system32\rsaenh.dll
0x00007ffc63060000 - 0x00007ffc63087000 	C:\WINDOWS\System32\bcrypt.dll
0x00007ffc62b00000 - 0x00007ffc62b2e000 	C:\WINDOWS\SYSTEM32\USERENV.dll
0x00007ffc62560000 - 0x00007ffc6256c000 	C:\WINDOWS\SYSTEM32\CRYPTBASE.dll
0x00007ffc62040000 - 0x00007ffc6207b000 	C:\WINDOWS\SYSTEM32\IPHLPAPI.DLL
0x00007ffc63980000 - 0x00007ffc63988000 	C:\WINDOWS\System32\NSI.dll
0x00007ffc5a1a0000 - 0x00007ffc5a1b7000 	C:\WINDOWS\SYSTEM32\dhcpcsvc6.DLL
0x00007ffc5a540000 - 0x00007ffc5a55d000 	C:\WINDOWS\SYSTEM32\dhcpcsvc.DLL
0x00007ffc62080000 - 0x00007ffc6214a000 	C:\WINDOWS\SYSTEM32\DNSAPI.dll

dbghelp: loaded successfully - version: 4.0.5 - missing functions: none
symbol engine: initialized successfully - sym options: 0x614 - pdb path: .;C:\Users\Elena\AppData\Local\JetBrains\Toolbox\apps\AndroidStudio\ch-0\212.5712.43.2112.8815526\jre\bin;C:\WINDOWS\SYSTEM32;C:\WINDOWS\WinSxS\amd64_microsoft.windows.common-controls_6595b64144ccf1df_6.0.19041.1110_none_60b5254171f9507e;C:\Users\Elena\AppData\Local\JetBrains\Toolbox\apps\AndroidStudio\ch-0\212.5712.43.2112.8815526\jre\bin\server;C:\Users\Elena\.gradle\native\e1d6ef7f7dcc3fd88c89a11ec53ec762bb8ba0a96d01ffa2cd45eb1d1d8dd5c5\windows-amd64;C:\Users\Elena\.gradle\native\5664cfc778a61ccfe75a443a1ab52a65af34e5dc3c78e0209fed803814484fcb\windows-amd64

VM Arguments:
jvm_args: --add-opens=java.base/java.util=ALL-UNNAMED --add-opens=java.base/java.lang=ALL-UNNAMED --add-opens=java.base/java.lang.invoke=ALL-UNNAMED --add-opens=java.base/java.util=ALL-UNNAMED --add-opens=java.prefs/java.util.prefs=ALL-UNNAMED --add-opens=java.prefs/java.util.prefs=ALL-UNNAMED --add-opens=java.base/java.nio.charset=ALL-UNNAMED --add-opens=java.base/java.net=ALL-UNNAMED --add-opens=java.base/java.util.concurrent.atomic=ALL-UNNAMED -Xmx2048m -Dfile.encoding=UTF-8 -Duser.country=RU -Duser.language=ru -Duser.variant 
java_command: org.gradle.launcher.daemon.bootstrap.GradleDaemon 7.3.3
java_class_path (initial): C:\Users\Elena\.gradle\wrapper\dists\gradle-7.3.3-bin\6a41zxkdtcxs8rphpq6y0069z\gradle-7.3.3\lib\gradle-launcher-7.3.3.jar
Launcher Type: SUN_STANDARD

[Global flags]
     intx CICompilerCount                          = 3                                         {product} {ergonomic}
     uint ConcGCThreads                            = 1                                         {product} {ergonomic}
     uint G1ConcRefinementThreads                  = 4                                         {product} {ergonomic}
   size_t G1HeapRegionSize                         = 1048576                                   {product} {ergonomic}
    uintx GCDrainStackTargetSize                   = 64                                        {product} {ergonomic}
   size_t InitialHeapSize                          = 58720256                                  {product} {ergonomic}
   size_t MarkStackSize                            = 4194304                                   {product} {ergonomic}
   size_t MaxHeapSize                              = 2147483648                                {product} {command line}
   size_t MaxNewSize                               = 1287651328                                {product} {ergonomic}
   size_t MinHeapDeltaBytes                        = 1048576                                   {product} {ergonomic}
    uintx NonNMethodCodeHeapSize                   = 5830732                                {pd product} {ergonomic}
    uintx NonProfiledCodeHeapSize                  = 122913754                              {pd product} {ergonomic}
    uintx ProfiledCodeHeapSize                     = 122913754                              {pd product} {ergonomic}
    uintx ReservedCodeCacheSize                    = 251658240                              {pd product} {ergonomic}
     bool SegmentedCodeCache                       = true                                      {product} {ergonomic}
     bool UseCompressedClassPointers               = true                                 {lp64_product} {ergonomic}
     bool UseCompressedOops                        = true                                 {lp64_product} {ergonomic}
     bool UseG1GC                                  = true                                      {product} {ergonomic}
     bool UseLargePagesIndividualAllocation        = false                                  {pd product} {ergonomic}

Logging:
Log output configuration:
 #0: stdout all=warning uptime,level,tags
 #1: stderr all=off uptime,level,tags

Environment Variables:
PATH=C:\WINDOWS\system32;C:\WINDOWS;C:\WINDOWS\System32\Wbem;C:\WINDOWS\System32\WindowsPowerShell\v1.0\;C:\WINDOWS\System32\OpenSSH\;C:\Program Files\Git\cmd;C:\Users\Elena\AppData\Local\Microsoft\WindowsApps;;C:\Users\Elena\AppData\Local\JetBrains\Toolbox\scripts
USERNAME=Elena
OS=Windows_NT
PROCESSOR_IDENTIFIER=AMD64 Family 22 Model 48 Stepping 1, AuthenticAMD



---------------  S Y S T E M  ---------------

OS: Windows 10 , 64 bit Build 19041 (10.0.19041.2364)
OS uptime: 12 days 8:56 hours

CPU:total 4 (initial active 4) (4 cores per cpu, 1 threads per core) family 22 model 48 stepping 1 microcode 0x0, cmov, cx8, fxsr, mmx, sse, sse2, sse3, ssse3, sse4.1, sse4.2, popcnt, avx, aes, clmul, mmxext, 3dnowpref, lzcnt, sse4a, tsc, tscinvbit, tscinv, bmi1

Memory: 4k page, system-wide physical 3530M (291M free)
TotalPageFile size 14282M (AvailPageFile size 6M)
current process WorkingSet (physical memory assigned to process): 240M, peak: 240M
current process commit charge ("private bytes"): 350M, peak: 351M

vm_info: OpenJDK 64-Bit Server VM (11.0.12+7-b1504.28-7817840) for windows-amd64 JRE (11.0.12+7-b1504.28-7817840), built on Oct 13 2021 22:12:33 by "builder" with MS VC++ 14.0 (VS2015)

END.
